

================================================================
== Vitis HLS Report for 'workload'
================================================================
* Date:           Tue May 18 19:50:54 2021

* Version:        2020.1 (Build 2902540 on Wed May 27 20:16:15 MDT 2020)
* Project:        hotspot_5_kernel
* Solution:       solution (Vitis Kernel Flow Target)
* Product family: virtexuplus
* Target device:  xcu200-fsgd2104-2-e


================================================================
== Performance Estimates
================================================================
+ Timing: 
    * Summary: 
    +--------+---------+----------+------------+
    |  Clock |  Target | Estimated| Uncertainty|
    +--------+---------+----------+------------+
    |ap_clk  | 3.33 ns | 2.881 ns |   0.90 ns  |
    +--------+---------+----------+------------+

+ Latency: 
    * Summary: 
    +---------+---------+-----------+-----------+------+---------+---------+
    |  Latency (cycles) |   Latency (absolute)  |    Interval    | Pipeline|
    |   min   |   max   |    min    |    max    |  min |   max   |   Type  |
    +---------+---------+-----------+-----------+------+---------+---------+
    |     4577|  5504737| 15.255 us | 18.347 ms |  4578|  5504738|   none  |
    +---------+---------+-----------+-----------+------+---------+---------+

    + Detail: 
        * Instance: 
        +---------------------------+----------------+---------+---------+----------+-----------+------+------+---------+
        |                           |                |  Latency (cycles) |  Latency (absolute)  |   Interval  | Pipeline|
        |          Instance         |     Module     |   min   |   max   |    min   |    max    |  min |  max |   Type  |
        +---------------------------+----------------+---------+---------+----------+-----------+------+------+---------+
        |grp_hotspot_fu_767         |hotspot         |     2170|     2170| 7.233 us |  7.233 us |  2170|  2170|   none  |
        |grp_buffer_load_1_fu_820   |buffer_load_1   |        1|     4307| 3.333 ns | 14.355 us |     1|  4307|   none  |
        |grp_buffer_store_1_fu_867  |buffer_store_1  |        1|     2119| 3.333 ns |  7.063 us |     1|  2119|   none  |
        +---------------------------+----------------+---------+---------+----------+-----------+------+------+---------+

        * Loop: 
        +---------------------+---------+---------+--------------+-----------+-----------+------+----------+
        |                     |  Latency (cycles) |   Iteration  |  Initiation Interval  | Trip |          |
        |      Loop Name      |   min   |   max   |    Latency   |  achieved |   target  | Count| Pipelined|
        +---------------------+---------+---------+--------------+-----------+-----------+------+----------+
        |- VITIS_LOOP_133_1   |     4576|  5504736| 143 ~ 172023 |          -|          -|    32|    no    |
        | + VITIS_LOOP_134_2  |       70|    86010|   7 ~ 8601   |          -|          -|    10|    no    |
        | + VITIS_LOOP_154_3  |       70|    86010|   7 ~ 8601   |          -|          -|    10|    no    |
        +---------------------+---------+---------+--------------+-----------+-----------+------+----------+



================================================================
== Utilization Estimates
================================================================
* Summary: 
+---------------------+---------+------+---------+---------+-----+
|         Name        | BRAM_18K|  DSP |    FF   |   LUT   | URAM|
+---------------------+---------+------+---------+---------+-----+
|DSP                  |        -|     -|        -|        -|    -|
|Expression           |        -|     -|        0|      418|    -|
|FIFO                 |        -|     -|        -|        -|    -|
|Instance             |       90|   512|   183081|    56419|    -|
|Memory               |      720|     -|        0|        0|    -|
|Multiplexer          |        -|     -|        -|     7256|    -|
|Register             |        -|     -|      309|        -|    -|
+---------------------+---------+------+---------+---------+-----+
|Total                |      810|   512|   183390|    64093|    0|
+---------------------+---------+------+---------+---------+-----+
|Available SLR        |     1440|  2280|   788160|   394080|  320|
+---------------------+---------+------+---------+---------+-----+
|Utilization SLR (%)  |       56|    22|       23|       16|    0|
+---------------------+---------+------+---------+---------+-----+
|Available            |     4320|  6840|  2364480|  1182240|  960|
+---------------------+---------+------+---------+---------+-----+
|Utilization (%)      |       18|     7|        7|        5|    0|
+---------------------+---------+------+---------+---------+-----+

+ Detail: 
    * Instance: 
    +---------------------------+----------------+---------+-----+--------+-------+-----+
    |          Instance         |     Module     | BRAM_18K| DSP |   FF   |  LUT  | URAM|
    +---------------------------+----------------+---------+-----+--------+-------+-----+
    |grp_buffer_load_1_fu_820   |buffer_load_1   |        0|    0|    1377|   1102|    0|
    |grp_buffer_store_1_fu_867  |buffer_store_1  |        0|    0|     658|    488|    0|
    |control_s_axi_U            |control_s_axi   |        0|    0|     246|    424|    0|
    |grp_hotspot_fu_767         |hotspot         |        0|  512|  176555|  49650|    0|
    |power1_m_axi_U             |power1_m_axi    |       30|    0|    1415|   1585|    0|
    |result1_m_axi_U            |result1_m_axi   |       30|    0|    1415|   1585|    0|
    |temp1_m_axi_U              |temp1_m_axi     |       30|    0|    1415|   1585|    0|
    +---------------------------+----------------+---------+-----+--------+-------+-----+
    |Total                      |                |       90|  512|  183081|  56419|    0|
    +---------------------------+----------------+---------+-----+--------+-------+-----+

    * DSP: 
    N/A

    * Memory: 
    +---------------------+------------------+---------+---+----+-----+------+-----+------+-------------+
    |        Memory       |      Module      | BRAM_18K| FF| LUT| URAM| Words| Bits| Banks| W*Bits*Banks|
    +---------------------+------------------+---------+---+----+-----+------+-----+------+-------------+
    |result_inner_0_0_U   |result_inner_0_0  |        4|  0|   0|    0|  2048|   32|     1|        65536|
    |result_inner_0_1_U   |result_inner_0_0  |        4|  0|   0|    0|  2048|   32|     1|        65536|
    |result_inner_0_2_U   |result_inner_0_0  |        4|  0|   0|    0|  2048|   32|     1|        65536|
    |result_inner_0_3_U   |result_inner_0_0  |        4|  0|   0|    0|  2048|   32|     1|        65536|
    |result_inner_0_4_U   |result_inner_0_0  |        4|  0|   0|    0|  2048|   32|     1|        65536|
    |result_inner_0_5_U   |result_inner_0_0  |        4|  0|   0|    0|  2048|   32|     1|        65536|
    |result_inner_0_6_U   |result_inner_0_0  |        4|  0|   0|    0|  2048|   32|     1|        65536|
    |result_inner_0_7_U   |result_inner_0_0  |        4|  0|   0|    0|  2048|   32|     1|        65536|
    |result_inner_0_8_U   |result_inner_0_0  |        4|  0|   0|    0|  2048|   32|     1|        65536|
    |result_inner_0_9_U   |result_inner_0_0  |        4|  0|   0|    0|  2048|   32|     1|        65536|
    |result_inner_0_10_U  |result_inner_0_0  |        4|  0|   0|    0|  2048|   32|     1|        65536|
    |result_inner_0_11_U  |result_inner_0_0  |        4|  0|   0|    0|  2048|   32|     1|        65536|
    |result_inner_0_12_U  |result_inner_0_0  |        4|  0|   0|    0|  2048|   32|     1|        65536|
    |result_inner_0_13_U  |result_inner_0_0  |        4|  0|   0|    0|  2048|   32|     1|        65536|
    |result_inner_0_14_U  |result_inner_0_0  |        4|  0|   0|    0|  2048|   32|     1|        65536|
    |result_inner_0_15_U  |result_inner_0_0  |        4|  0|   0|    0|  2048|   32|     1|        65536|
    |power_inner_0_0_U    |result_inner_0_0  |        4|  0|   0|    0|  2048|   32|     1|        65536|
    |power_inner_0_1_U    |result_inner_0_0  |        4|  0|   0|    0|  2048|   32|     1|        65536|
    |power_inner_0_2_U    |result_inner_0_0  |        4|  0|   0|    0|  2048|   32|     1|        65536|
    |power_inner_0_3_U    |result_inner_0_0  |        4|  0|   0|    0|  2048|   32|     1|        65536|
    |power_inner_0_4_U    |result_inner_0_0  |        4|  0|   0|    0|  2048|   32|     1|        65536|
    |power_inner_0_5_U    |result_inner_0_0  |        4|  0|   0|    0|  2048|   32|     1|        65536|
    |power_inner_0_6_U    |result_inner_0_0  |        4|  0|   0|    0|  2048|   32|     1|        65536|
    |power_inner_0_7_U    |result_inner_0_0  |        4|  0|   0|    0|  2048|   32|     1|        65536|
    |power_inner_0_8_U    |result_inner_0_0  |        4|  0|   0|    0|  2048|   32|     1|        65536|
    |power_inner_0_9_U    |result_inner_0_0  |        4|  0|   0|    0|  2048|   32|     1|        65536|
    |power_inner_0_10_U   |result_inner_0_0  |        4|  0|   0|    0|  2048|   32|     1|        65536|
    |power_inner_0_11_U   |result_inner_0_0  |        4|  0|   0|    0|  2048|   32|     1|        65536|
    |power_inner_0_12_U   |result_inner_0_0  |        4|  0|   0|    0|  2048|   32|     1|        65536|
    |power_inner_0_13_U   |result_inner_0_0  |        4|  0|   0|    0|  2048|   32|     1|        65536|
    |power_inner_0_14_U   |result_inner_0_0  |        4|  0|   0|    0|  2048|   32|     1|        65536|
    |power_inner_0_15_U   |result_inner_0_0  |        4|  0|   0|    0|  2048|   32|     1|        65536|
    |result_inner_1_0_U   |result_inner_0_0  |        4|  0|   0|    0|  2048|   32|     1|        65536|
    |result_inner_1_1_U   |result_inner_0_0  |        4|  0|   0|    0|  2048|   32|     1|        65536|
    |result_inner_1_2_U   |result_inner_0_0  |        4|  0|   0|    0|  2048|   32|     1|        65536|
    |result_inner_1_3_U   |result_inner_0_0  |        4|  0|   0|    0|  2048|   32|     1|        65536|
    |result_inner_1_4_U   |result_inner_0_0  |        4|  0|   0|    0|  2048|   32|     1|        65536|
    |result_inner_1_5_U   |result_inner_0_0  |        4|  0|   0|    0|  2048|   32|     1|        65536|
    |result_inner_1_6_U   |result_inner_0_0  |        4|  0|   0|    0|  2048|   32|     1|        65536|
    |result_inner_1_7_U   |result_inner_0_0  |        4|  0|   0|    0|  2048|   32|     1|        65536|
    |result_inner_1_8_U   |result_inner_0_0  |        4|  0|   0|    0|  2048|   32|     1|        65536|
    |result_inner_1_9_U   |result_inner_0_0  |        4|  0|   0|    0|  2048|   32|     1|        65536|
    |result_inner_1_10_U  |result_inner_0_0  |        4|  0|   0|    0|  2048|   32|     1|        65536|
    |result_inner_1_11_U  |result_inner_0_0  |        4|  0|   0|    0|  2048|   32|     1|        65536|
    |result_inner_1_12_U  |result_inner_0_0  |        4|  0|   0|    0|  2048|   32|     1|        65536|
    |result_inner_1_13_U  |result_inner_0_0  |        4|  0|   0|    0|  2048|   32|     1|        65536|
    |result_inner_1_14_U  |result_inner_0_0  |        4|  0|   0|    0|  2048|   32|     1|        65536|
    |result_inner_1_15_U  |result_inner_0_0  |        4|  0|   0|    0|  2048|   32|     1|        65536|
    |power_inner_1_0_U    |result_inner_0_0  |        4|  0|   0|    0|  2048|   32|     1|        65536|
    |power_inner_1_1_U    |result_inner_0_0  |        4|  0|   0|    0|  2048|   32|     1|        65536|
    |power_inner_1_2_U    |result_inner_0_0  |        4|  0|   0|    0|  2048|   32|     1|        65536|
    |power_inner_1_3_U    |result_inner_0_0  |        4|  0|   0|    0|  2048|   32|     1|        65536|
    |power_inner_1_4_U    |result_inner_0_0  |        4|  0|   0|    0|  2048|   32|     1|        65536|
    |power_inner_1_5_U    |result_inner_0_0  |        4|  0|   0|    0|  2048|   32|     1|        65536|
    |power_inner_1_6_U    |result_inner_0_0  |        4|  0|   0|    0|  2048|   32|     1|        65536|
    |power_inner_1_7_U    |result_inner_0_0  |        4|  0|   0|    0|  2048|   32|     1|        65536|
    |power_inner_1_8_U    |result_inner_0_0  |        4|  0|   0|    0|  2048|   32|     1|        65536|
    |power_inner_1_9_U    |result_inner_0_0  |        4|  0|   0|    0|  2048|   32|     1|        65536|
    |power_inner_1_10_U   |result_inner_0_0  |        4|  0|   0|    0|  2048|   32|     1|        65536|
    |power_inner_1_11_U   |result_inner_0_0  |        4|  0|   0|    0|  2048|   32|     1|        65536|
    |power_inner_1_12_U   |result_inner_0_0  |        4|  0|   0|    0|  2048|   32|     1|        65536|
    |power_inner_1_13_U   |result_inner_0_0  |        4|  0|   0|    0|  2048|   32|     1|        65536|
    |power_inner_1_14_U   |result_inner_0_0  |        4|  0|   0|    0|  2048|   32|     1|        65536|
    |power_inner_1_15_U   |result_inner_0_0  |        4|  0|   0|    0|  2048|   32|     1|        65536|
    |result_inner_2_0_U   |result_inner_0_0  |        4|  0|   0|    0|  2048|   32|     1|        65536|
    |result_inner_2_1_U   |result_inner_0_0  |        4|  0|   0|    0|  2048|   32|     1|        65536|
    |result_inner_2_2_U   |result_inner_0_0  |        4|  0|   0|    0|  2048|   32|     1|        65536|
    |result_inner_2_3_U   |result_inner_0_0  |        4|  0|   0|    0|  2048|   32|     1|        65536|
    |result_inner_2_4_U   |result_inner_0_0  |        4|  0|   0|    0|  2048|   32|     1|        65536|
    |result_inner_2_5_U   |result_inner_0_0  |        4|  0|   0|    0|  2048|   32|     1|        65536|
    |result_inner_2_6_U   |result_inner_0_0  |        4|  0|   0|    0|  2048|   32|     1|        65536|
    |result_inner_2_7_U   |result_inner_0_0  |        4|  0|   0|    0|  2048|   32|     1|        65536|
    |result_inner_2_8_U   |result_inner_0_0  |        4|  0|   0|    0|  2048|   32|     1|        65536|
    |result_inner_2_9_U   |result_inner_0_0  |        4|  0|   0|    0|  2048|   32|     1|        65536|
    |result_inner_2_10_U  |result_inner_0_0  |        4|  0|   0|    0|  2048|   32|     1|        65536|
    |result_inner_2_11_U  |result_inner_0_0  |        4|  0|   0|    0|  2048|   32|     1|        65536|
    |result_inner_2_12_U  |result_inner_0_0  |        4|  0|   0|    0|  2048|   32|     1|        65536|
    |result_inner_2_13_U  |result_inner_0_0  |        4|  0|   0|    0|  2048|   32|     1|        65536|
    |result_inner_2_14_U  |result_inner_0_0  |        4|  0|   0|    0|  2048|   32|     1|        65536|
    |result_inner_2_15_U  |result_inner_0_0  |        4|  0|   0|    0|  2048|   32|     1|        65536|
    |power_inner_2_0_U    |result_inner_0_0  |        4|  0|   0|    0|  2048|   32|     1|        65536|
    |power_inner_2_1_U    |result_inner_0_0  |        4|  0|   0|    0|  2048|   32|     1|        65536|
    |power_inner_2_2_U    |result_inner_0_0  |        4|  0|   0|    0|  2048|   32|     1|        65536|
    |power_inner_2_3_U    |result_inner_0_0  |        4|  0|   0|    0|  2048|   32|     1|        65536|
    |power_inner_2_4_U    |result_inner_0_0  |        4|  0|   0|    0|  2048|   32|     1|        65536|
    |power_inner_2_5_U    |result_inner_0_0  |        4|  0|   0|    0|  2048|   32|     1|        65536|
    |power_inner_2_6_U    |result_inner_0_0  |        4|  0|   0|    0|  2048|   32|     1|        65536|
    |power_inner_2_7_U    |result_inner_0_0  |        4|  0|   0|    0|  2048|   32|     1|        65536|
    |power_inner_2_8_U    |result_inner_0_0  |        4|  0|   0|    0|  2048|   32|     1|        65536|
    |power_inner_2_9_U    |result_inner_0_0  |        4|  0|   0|    0|  2048|   32|     1|        65536|
    |power_inner_2_10_U   |result_inner_0_0  |        4|  0|   0|    0|  2048|   32|     1|        65536|
    |power_inner_2_11_U   |result_inner_0_0  |        4|  0|   0|    0|  2048|   32|     1|        65536|
    |power_inner_2_12_U   |result_inner_0_0  |        4|  0|   0|    0|  2048|   32|     1|        65536|
    |power_inner_2_13_U   |result_inner_0_0  |        4|  0|   0|    0|  2048|   32|     1|        65536|
    |power_inner_2_14_U   |result_inner_0_0  |        4|  0|   0|    0|  2048|   32|     1|        65536|
    |power_inner_2_15_U   |result_inner_0_0  |        4|  0|   0|    0|  2048|   32|     1|        65536|
    |temp_inner_0_0_U     |temp_inner_0_0    |        7|  0|   0|    0|  2112|   32|     1|        67584|
    |temp_inner_0_1_U     |temp_inner_0_0    |        7|  0|   0|    0|  2112|   32|     1|        67584|
    |temp_inner_0_2_U     |temp_inner_0_0    |        7|  0|   0|    0|  2112|   32|     1|        67584|
    |temp_inner_0_3_U     |temp_inner_0_0    |        7|  0|   0|    0|  2112|   32|     1|        67584|
    |temp_inner_0_4_U     |temp_inner_0_0    |        7|  0|   0|    0|  2112|   32|     1|        67584|
    |temp_inner_0_5_U     |temp_inner_0_0    |        7|  0|   0|    0|  2112|   32|     1|        67584|
    |temp_inner_0_6_U     |temp_inner_0_0    |        7|  0|   0|    0|  2112|   32|     1|        67584|
    |temp_inner_0_7_U     |temp_inner_0_0    |        7|  0|   0|    0|  2112|   32|     1|        67584|
    |temp_inner_0_8_U     |temp_inner_0_0    |        7|  0|   0|    0|  2112|   32|     1|        67584|
    |temp_inner_0_9_U     |temp_inner_0_0    |        7|  0|   0|    0|  2112|   32|     1|        67584|
    |temp_inner_0_10_U    |temp_inner_0_0    |        7|  0|   0|    0|  2112|   32|     1|        67584|
    |temp_inner_0_11_U    |temp_inner_0_0    |        7|  0|   0|    0|  2112|   32|     1|        67584|
    |temp_inner_0_12_U    |temp_inner_0_0    |        7|  0|   0|    0|  2112|   32|     1|        67584|
    |temp_inner_0_13_U    |temp_inner_0_0    |        7|  0|   0|    0|  2112|   32|     1|        67584|
    |temp_inner_0_14_U    |temp_inner_0_0    |        7|  0|   0|    0|  2112|   32|     1|        67584|
    |temp_inner_0_15_U    |temp_inner_0_0    |        7|  0|   0|    0|  2112|   32|     1|        67584|
    |temp_inner_1_0_U     |temp_inner_0_0    |        7|  0|   0|    0|  2112|   32|     1|        67584|
    |temp_inner_1_1_U     |temp_inner_0_0    |        7|  0|   0|    0|  2112|   32|     1|        67584|
    |temp_inner_1_2_U     |temp_inner_0_0    |        7|  0|   0|    0|  2112|   32|     1|        67584|
    |temp_inner_1_3_U     |temp_inner_0_0    |        7|  0|   0|    0|  2112|   32|     1|        67584|
    |temp_inner_1_4_U     |temp_inner_0_0    |        7|  0|   0|    0|  2112|   32|     1|        67584|
    |temp_inner_1_5_U     |temp_inner_0_0    |        7|  0|   0|    0|  2112|   32|     1|        67584|
    |temp_inner_1_6_U     |temp_inner_0_0    |        7|  0|   0|    0|  2112|   32|     1|        67584|
    |temp_inner_1_7_U     |temp_inner_0_0    |        7|  0|   0|    0|  2112|   32|     1|        67584|
    |temp_inner_1_8_U     |temp_inner_0_0    |        7|  0|   0|    0|  2112|   32|     1|        67584|
    |temp_inner_1_9_U     |temp_inner_0_0    |        7|  0|   0|    0|  2112|   32|     1|        67584|
    |temp_inner_1_10_U    |temp_inner_0_0    |        7|  0|   0|    0|  2112|   32|     1|        67584|
    |temp_inner_1_11_U    |temp_inner_0_0    |        7|  0|   0|    0|  2112|   32|     1|        67584|
    |temp_inner_1_12_U    |temp_inner_0_0    |        7|  0|   0|    0|  2112|   32|     1|        67584|
    |temp_inner_1_13_U    |temp_inner_0_0    |        7|  0|   0|    0|  2112|   32|     1|        67584|
    |temp_inner_1_14_U    |temp_inner_0_0    |        7|  0|   0|    0|  2112|   32|     1|        67584|
    |temp_inner_1_15_U    |temp_inner_0_0    |        7|  0|   0|    0|  2112|   32|     1|        67584|
    |temp_inner_2_0_U     |temp_inner_0_0    |        7|  0|   0|    0|  2112|   32|     1|        67584|
    |temp_inner_2_1_U     |temp_inner_0_0    |        7|  0|   0|    0|  2112|   32|     1|        67584|
    |temp_inner_2_2_U     |temp_inner_0_0    |        7|  0|   0|    0|  2112|   32|     1|        67584|
    |temp_inner_2_3_U     |temp_inner_0_0    |        7|  0|   0|    0|  2112|   32|     1|        67584|
    |temp_inner_2_4_U     |temp_inner_0_0    |        7|  0|   0|    0|  2112|   32|     1|        67584|
    |temp_inner_2_5_U     |temp_inner_0_0    |        7|  0|   0|    0|  2112|   32|     1|        67584|
    |temp_inner_2_6_U     |temp_inner_0_0    |        7|  0|   0|    0|  2112|   32|     1|        67584|
    |temp_inner_2_7_U     |temp_inner_0_0    |        7|  0|   0|    0|  2112|   32|     1|        67584|
    |temp_inner_2_8_U     |temp_inner_0_0    |        7|  0|   0|    0|  2112|   32|     1|        67584|
    |temp_inner_2_9_U     |temp_inner_0_0    |        7|  0|   0|    0|  2112|   32|     1|        67584|
    |temp_inner_2_10_U    |temp_inner_0_0    |        7|  0|   0|    0|  2112|   32|     1|        67584|
    |temp_inner_2_11_U    |temp_inner_0_0    |        7|  0|   0|    0|  2112|   32|     1|        67584|
    |temp_inner_2_12_U    |temp_inner_0_0    |        7|  0|   0|    0|  2112|   32|     1|        67584|
    |temp_inner_2_13_U    |temp_inner_0_0    |        7|  0|   0|    0|  2112|   32|     1|        67584|
    |temp_inner_2_14_U    |temp_inner_0_0    |        7|  0|   0|    0|  2112|   32|     1|        67584|
    |temp_inner_2_15_U    |temp_inner_0_0    |        7|  0|   0|    0|  2112|   32|     1|        67584|
    +---------------------+------------------+---------+---+----+-----+------+-----+------+-------------+
    |Total                |                  |      720|  0|   0|    0|297984| 4608|   144|      9535488|
    +---------------------+------------------+---------+---+----+-----+------+-----+------+-------------+

    * FIFO: 
    N/A

    * Expression: 
    +----------------------------------+----------+----+---+----+------------+------------+
    |           Variable Name          | Operation| DSP| FF| LUT| Bitwidth P0| Bitwidth P1|
    +----------------------------------+----------+----+---+----+------------+------------+
    |add_ln131_1_fu_1315_p2            |     +    |   0|  0|  12|           4|           1|
    |add_ln131_fu_1124_p2              |     +    |   0|  0|  12|           4|           1|
    |grp_fu_1009_p2                    |     +    |   0|  0|  12|           4|           3|
    |grp_fu_900_p2                     |     +    |   0|  0|  11|           3|           2|
    |grp_fu_948_p2                     |     +    |   0|  0|  12|           4|           3|
    |grp_fu_961_p2                     |     +    |   0|  0|  11|           3|           2|
    |i_1_fu_1031_p2                    |     +    |   0|  0|  15|           6|           1|
    |k_2_fu_1041_p2                    |     +    |   0|  0|  12|           1|           4|
    |k_3_fu_1232_p2                    |     +    |   0|  0|  12|           1|           4|
    |ap_block_state12_on_subcall_done  |    and   |   0|  0|   2|           1|           1|
    |ap_block_state16_on_subcall_done  |    and   |   0|  0|   2|           1|           1|
    |ap_block_state20_on_subcall_done  |    and   |   0|  0|   2|           1|           1|
    |ap_block_state23_on_subcall_done  |    and   |   0|  0|   2|           1|           1|
    |ap_block_state5_on_subcall_done   |    and   |   0|  0|   2|           1|           1|
    |ap_block_state9_on_subcall_done   |    and   |   0|  0|   2|           1|           1|
    |ap_predicate_op241_call_state7    |    and   |   0|  0|   2|           1|           1|
    |ap_predicate_op338_call_state18   |    and   |   0|  0|   2|           1|           1|
    |grp_fu_1003_p2                    |   icmp   |   0|  0|   9|           4|           1|
    |grp_fu_893_p2                     |   icmp   |   0|  0|   9|           4|           4|
    |grp_fu_906_p2                     |   icmp   |   0|  0|   9|           4|           2|
    |grp_fu_912_p2                     |   icmp   |   0|  0|   9|           4|           3|
    |grp_fu_918_p2                     |   icmp   |   0|  0|   9|           4|           3|
    |grp_fu_924_p2                     |   icmp   |   0|  0|   9|           4|           4|
    |grp_fu_930_p2                     |   icmp   |   0|  0|   9|           4|           4|
    |grp_fu_936_p2                     |   icmp   |   0|  0|   9|           4|           4|
    |grp_fu_942_p2                     |   icmp   |   0|  0|   9|           4|           1|
    |grp_fu_954_p2                     |   icmp   |   0|  0|   9|           4|           4|
    |grp_fu_967_p2                     |   icmp   |   0|  0|   9|           4|           2|
    |grp_fu_973_p2                     |   icmp   |   0|  0|   9|           4|           3|
    |grp_fu_979_p2                     |   icmp   |   0|  0|   9|           4|           3|
    |grp_fu_985_p2                     |   icmp   |   0|  0|   9|           4|           4|
    |grp_fu_991_p2                     |   icmp   |   0|  0|   9|           4|           4|
    |grp_fu_997_p2                     |   icmp   |   0|  0|   9|           4|           4|
    |icmp_ln131_1_fu_1321_p2           |   icmp   |   0|  0|   9|           4|           2|
    |icmp_ln131_fu_1130_p2             |   icmp   |   0|  0|   9|           4|           2|
    |icmp_ln133_fu_1025_p2             |   icmp   |   0|  0|  11|           6|           7|
    |store_flag_1_fu_1263_p2           |   icmp   |   0|  0|   9|           3|           1|
    |store_flag_fu_1072_p2             |   icmp   |   0|  0|   9|           3|           1|
    |ap_block_state1                   |    or    |   0|  0|   2|           1|           1|
    |ap_block_state18_on_subcall_done  |    or    |   0|  0|   2|           1|           1|
    |ap_block_state7_on_subcall_done   |    or    |   0|  0|   2|           1|           1|
    |empty_100_fu_1285_p2              |    or    |   0|  0|   2|           1|           1|
    |empty_102_fu_1291_p2              |    or    |   0|  0|   2|           1|           1|
    |empty_104_fu_1297_p2              |    or    |   0|  0|   2|           1|           1|
    |empty_106_fu_1303_p2              |    or    |   0|  0|   2|           1|           1|
    |empty_108_fu_1309_p2              |    or    |   0|  0|   2|           1|           1|
    |empty_111_fu_1377_p2              |    or    |   0|  0|   2|           1|           1|
    |empty_113_fu_1383_p2              |    or    |   0|  0|   2|           1|           1|
    |empty_115_fu_1389_p2              |    or    |   0|  0|   2|           1|           1|
    |empty_117_fu_1395_p2              |    or    |   0|  0|   2|           1|           1|
    |empty_119_fu_1401_p2              |    or    |   0|  0|   2|           1|           1|
    |empty_121_fu_1407_p2              |    or    |   0|  0|   2|           1|           1|
    |empty_123_fu_1413_p2              |    or    |   0|  0|   2|           1|           1|
    |empty_35_fu_1144_p2               |    or    |   0|  0|   2|           1|           1|
    |empty_37_fu_1150_p2               |    or    |   0|  0|   2|           1|           1|
    |empty_39_fu_1156_p2               |    or    |   0|  0|   2|           1|           1|
    |empty_41_fu_1162_p2               |    or    |   0|  0|   2|           1|           1|
    |empty_43_fu_1168_p2               |    or    |   0|  0|   2|           1|           1|
    |empty_45_fu_1174_p2               |    or    |   0|  0|   2|           1|           1|
    |empty_47_fu_1180_p2               |    or    |   0|  0|   2|           1|           1|
    |empty_50_fu_1082_p2               |    or    |   0|  0|   2|           1|           1|
    |empty_52_fu_1088_p2               |    or    |   0|  0|   2|           1|           1|
    |empty_54_fu_1094_p2               |    or    |   0|  0|   2|           1|           1|
    |empty_56_fu_1100_p2               |    or    |   0|  0|   2|           1|           1|
    |empty_58_fu_1106_p2               |    or    |   0|  0|   2|           1|           1|
    |empty_60_fu_1112_p2               |    or    |   0|  0|   2|           1|           1|
    |empty_62_fu_1118_p2               |    or    |   0|  0|   2|           1|           1|
    |empty_65_fu_1186_p2               |    or    |   0|  0|   2|           1|           1|
    |empty_67_fu_1192_p2               |    or    |   0|  0|   2|           1|           1|
    |empty_69_fu_1198_p2               |    or    |   0|  0|   2|           1|           1|
    |empty_71_fu_1204_p2               |    or    |   0|  0|   2|           1|           1|
    |empty_73_fu_1210_p2               |    or    |   0|  0|   2|           1|           1|
    |empty_75_fu_1216_p2               |    or    |   0|  0|   2|           1|           1|
    |empty_77_fu_1222_p2               |    or    |   0|  0|   2|           1|           1|
    |empty_81_fu_1335_p2               |    or    |   0|  0|   2|           1|           1|
    |empty_83_fu_1341_p2               |    or    |   0|  0|   2|           1|           1|
    |empty_85_fu_1347_p2               |    or    |   0|  0|   2|           1|           1|
    |empty_87_fu_1353_p2               |    or    |   0|  0|   2|           1|           1|
    |empty_89_fu_1359_p2               |    or    |   0|  0|   2|           1|           1|
    |empty_91_fu_1365_p2               |    or    |   0|  0|   2|           1|           1|
    |empty_93_fu_1371_p2               |    or    |   0|  0|   2|           1|           1|
    |empty_96_fu_1273_p2               |    or    |   0|  0|   2|           1|           1|
    |empty_98_fu_1279_p2               |    or    |   0|  0|   2|           1|           1|
    |select_ln131_1_fu_1327_p3         |  select  |   0|  0|   4|           1|           4|
    |select_ln131_fu_1136_p3           |  select  |   0|  0|   4|           1|           4|
    |load_flag_1_fu_1246_p2            |    xor   |   0|  0|   2|           1|           2|
    |load_flag_fu_1055_p2              |    xor   |   0|  0|   2|           1|           2|
    +----------------------------------+----------+----+---+----+------------+------------+
    |Total                             |          |   0|  0| 418|         171|         149|
    +----------------------------------+----------+----+---+----+------------+------------+

    * Multiplexer: 
    +-------------------------------------------------+-----+-----------+-----+-----------+
    |                       Name                      | LUT | Input Size| Bits| Total Bits|
    +-------------------------------------------------+-----+-----------+-----+-----------+
    |ap_NS_fsm                                        |  117|         25|    1|         25|
    |ap_done                                          |    9|          2|    1|          2|
    |grp_buffer_load_1_fu_820_flag                    |   15|          3|    1|          3|
    |grp_buffer_load_1_fu_820_k                       |   15|          3|    4|         12|
    |grp_buffer_load_1_fu_820_m_axi_temp1_ARREADY     |   15|          3|    1|          3|
    |grp_buffer_load_1_fu_820_m_axi_temp1_RDATA       |   15|          3|  512|       1536|
    |grp_buffer_load_1_fu_820_m_axi_temp1_RID         |   15|          3|    1|          3|
    |grp_buffer_load_1_fu_820_m_axi_temp1_RLAST       |   15|          3|    1|          3|
    |grp_buffer_load_1_fu_820_m_axi_temp1_RRESP       |   15|          3|    2|          6|
    |grp_buffer_load_1_fu_820_m_axi_temp1_RUSER       |   15|          3|    1|          3|
    |grp_buffer_load_1_fu_820_m_axi_temp1_RVALID      |   15|          3|    1|          3|
    |grp_buffer_load_1_fu_820_temp_src                |   15|          3|   64|        192|
    |grp_buffer_store_1_fu_867_flag                   |   15|          3|    1|          3|
    |grp_buffer_store_1_fu_867_k                      |   38|          7|    4|         28|
    |grp_buffer_store_1_fu_867_m_axi_result1_AWREADY  |   15|          3|    1|          3|
    |grp_buffer_store_1_fu_867_m_axi_result1_BID      |   15|          3|    1|          3|
    |grp_buffer_store_1_fu_867_m_axi_result1_BRESP    |   15|          3|    2|          6|
    |grp_buffer_store_1_fu_867_m_axi_result1_BUSER    |   15|          3|    1|          3|
    |grp_buffer_store_1_fu_867_m_axi_result1_BVALID   |   15|          3|    1|          3|
    |grp_buffer_store_1_fu_867_m_axi_result1_WREADY   |   15|          3|    1|          3|
    |grp_buffer_store_1_fu_867_result_dest            |   15|          3|   64|        192|
    |grp_buffer_store_1_fu_867_result_src_0_q0        |   21|          4|   32|        128|
    |grp_buffer_store_1_fu_867_result_src_10_q0       |   21|          4|   32|        128|
    |grp_buffer_store_1_fu_867_result_src_11_q0       |   21|          4|   32|        128|
    |grp_buffer_store_1_fu_867_result_src_12_q0       |   21|          4|   32|        128|
    |grp_buffer_store_1_fu_867_result_src_13_q0       |   21|          4|   32|        128|
    |grp_buffer_store_1_fu_867_result_src_14_q0       |   21|          4|   32|        128|
    |grp_buffer_store_1_fu_867_result_src_15_q0       |   21|          4|   32|        128|
    |grp_buffer_store_1_fu_867_result_src_1_q0        |   21|          4|   32|        128|
    |grp_buffer_store_1_fu_867_result_src_2_q0        |   21|          4|   32|        128|
    |grp_buffer_store_1_fu_867_result_src_3_q0        |   21|          4|   32|        128|
    |grp_buffer_store_1_fu_867_result_src_4_q0        |   21|          4|   32|        128|
    |grp_buffer_store_1_fu_867_result_src_5_q0        |   21|          4|   32|        128|
    |grp_buffer_store_1_fu_867_result_src_6_q0        |   21|          4|   32|        128|
    |grp_buffer_store_1_fu_867_result_src_7_q0        |   21|          4|   32|        128|
    |grp_buffer_store_1_fu_867_result_src_8_q0        |   21|          4|   32|        128|
    |grp_buffer_store_1_fu_867_result_src_9_q0        |   21|          4|   32|        128|
    |grp_fu_893_p0                                    |   15|          3|    4|         12|
    |grp_fu_954_p0                                    |   15|          3|    4|         12|
    |grp_hotspot_fu_767_power31_q0                    |   21|          4|   32|        128|
    |grp_hotspot_fu_767_power32_q0                    |   21|          4|   32|        128|
    |grp_hotspot_fu_767_power33_q0                    |   21|          4|   32|        128|
    |grp_hotspot_fu_767_power34_q0                    |   21|          4|   32|        128|
    |grp_hotspot_fu_767_power35_q0                    |   21|          4|   32|        128|
    |grp_hotspot_fu_767_power36_q0                    |   21|          4|   32|        128|
    |grp_hotspot_fu_767_power37_q0                    |   21|          4|   32|        128|
    |grp_hotspot_fu_767_power38_q0                    |   21|          4|   32|        128|
    |grp_hotspot_fu_767_power39_q0                    |   21|          4|   32|        128|
    |grp_hotspot_fu_767_power40_q0                    |   21|          4|   32|        128|
    |grp_hotspot_fu_767_power41_q0                    |   21|          4|   32|        128|
    |grp_hotspot_fu_767_power42_q0                    |   21|          4|   32|        128|
    |grp_hotspot_fu_767_power43_q0                    |   21|          4|   32|        128|
    |grp_hotspot_fu_767_power44_q0                    |   21|          4|   32|        128|
    |grp_hotspot_fu_767_power45_q0                    |   21|          4|   32|        128|
    |grp_hotspot_fu_767_power_q0                      |   21|          4|   32|        128|
    |grp_hotspot_fu_767_temp16_q0                     |   21|          4|   32|        128|
    |grp_hotspot_fu_767_temp17_q0                     |   21|          4|   32|        128|
    |grp_hotspot_fu_767_temp18_q0                     |   21|          4|   32|        128|
    |grp_hotspot_fu_767_temp19_q0                     |   21|          4|   32|        128|
    |grp_hotspot_fu_767_temp20_q0                     |   21|          4|   32|        128|
    |grp_hotspot_fu_767_temp21_q0                     |   21|          4|   32|        128|
    |grp_hotspot_fu_767_temp22_q0                     |   21|          4|   32|        128|
    |grp_hotspot_fu_767_temp23_q0                     |   21|          4|   32|        128|
    |grp_hotspot_fu_767_temp24_q0                     |   21|          4|   32|        128|
    |grp_hotspot_fu_767_temp25_q0                     |   21|          4|   32|        128|
    |grp_hotspot_fu_767_temp26_q0                     |   21|          4|   32|        128|
    |grp_hotspot_fu_767_temp27_q0                     |   21|          4|   32|        128|
    |grp_hotspot_fu_767_temp28_q0                     |   21|          4|   32|        128|
    |grp_hotspot_fu_767_temp29_q0                     |   21|          4|   32|        128|
    |grp_hotspot_fu_767_temp30_q0                     |   21|          4|   32|        128|
    |grp_hotspot_fu_767_temp_q0                       |   21|          4|   32|        128|
    |grp_hotspot_fu_767_which_boundary                |   15|          3|    3|          9|
    |i_reg_708                                        |    9|          2|    6|         12|
    |k_1_reg_743                                      |    9|          2|    4|          8|
    |k_reg_719                                        |    9|          2|    4|          8|
    |phi_urem1_reg_755                                |    9|          2|    4|          8|
    |phi_urem_reg_731                                 |    9|          2|    4|          8|
    |power1_ARVALID                                   |    9|          2|    1|          2|
    |power1_RREADY                                    |    9|          2|    1|          2|
    |power_inner_0_0_address0                         |   15|          3|   11|         33|
    |power_inner_0_0_ce0                              |   15|          3|    1|          3|
    |power_inner_0_0_we0                              |    9|          2|    1|          2|
    |power_inner_0_10_address0                        |   15|          3|   11|         33|
    |power_inner_0_10_ce0                             |   15|          3|    1|          3|
    |power_inner_0_10_we0                             |    9|          2|    1|          2|
    |power_inner_0_11_address0                        |   15|          3|   11|         33|
    |power_inner_0_11_ce0                             |   15|          3|    1|          3|
    |power_inner_0_11_we0                             |    9|          2|    1|          2|
    |power_inner_0_12_address0                        |   15|          3|   11|         33|
    |power_inner_0_12_ce0                             |   15|          3|    1|          3|
    |power_inner_0_12_we0                             |    9|          2|    1|          2|
    |power_inner_0_13_address0                        |   15|          3|   11|         33|
    |power_inner_0_13_ce0                             |   15|          3|    1|          3|
    |power_inner_0_13_we0                             |    9|          2|    1|          2|
    |power_inner_0_14_address0                        |   15|          3|   11|         33|
    |power_inner_0_14_ce0                             |   15|          3|    1|          3|
    |power_inner_0_14_we0                             |    9|          2|    1|          2|
    |power_inner_0_15_address0                        |   15|          3|   11|         33|
    |power_inner_0_15_ce0                             |   15|          3|    1|          3|
    |power_inner_0_15_we0                             |    9|          2|    1|          2|
    |power_inner_0_1_address0                         |   15|          3|   11|         33|
    |power_inner_0_1_ce0                              |   15|          3|    1|          3|
    |power_inner_0_1_we0                              |    9|          2|    1|          2|
    |power_inner_0_2_address0                         |   15|          3|   11|         33|
    |power_inner_0_2_ce0                              |   15|          3|    1|          3|
    |power_inner_0_2_we0                              |    9|          2|    1|          2|
    |power_inner_0_3_address0                         |   15|          3|   11|         33|
    |power_inner_0_3_ce0                              |   15|          3|    1|          3|
    |power_inner_0_3_we0                              |    9|          2|    1|          2|
    |power_inner_0_4_address0                         |   15|          3|   11|         33|
    |power_inner_0_4_ce0                              |   15|          3|    1|          3|
    |power_inner_0_4_we0                              |    9|          2|    1|          2|
    |power_inner_0_5_address0                         |   15|          3|   11|         33|
    |power_inner_0_5_ce0                              |   15|          3|    1|          3|
    |power_inner_0_5_we0                              |    9|          2|    1|          2|
    |power_inner_0_6_address0                         |   15|          3|   11|         33|
    |power_inner_0_6_ce0                              |   15|          3|    1|          3|
    |power_inner_0_6_we0                              |    9|          2|    1|          2|
    |power_inner_0_7_address0                         |   15|          3|   11|         33|
    |power_inner_0_7_ce0                              |   15|          3|    1|          3|
    |power_inner_0_7_we0                              |    9|          2|    1|          2|
    |power_inner_0_8_address0                         |   15|          3|   11|         33|
    |power_inner_0_8_ce0                              |   15|          3|    1|          3|
    |power_inner_0_8_we0                              |    9|          2|    1|          2|
    |power_inner_0_9_address0                         |   15|          3|   11|         33|
    |power_inner_0_9_ce0                              |   15|          3|    1|          3|
    |power_inner_0_9_we0                              |    9|          2|    1|          2|
    |power_inner_1_0_address0                         |   15|          3|   11|         33|
    |power_inner_1_0_ce0                              |   15|          3|    1|          3|
    |power_inner_1_0_we0                              |    9|          2|    1|          2|
    |power_inner_1_10_address0                        |   15|          3|   11|         33|
    |power_inner_1_10_ce0                             |   15|          3|    1|          3|
    |power_inner_1_10_we0                             |    9|          2|    1|          2|
    |power_inner_1_11_address0                        |   15|          3|   11|         33|
    |power_inner_1_11_ce0                             |   15|          3|    1|          3|
    |power_inner_1_11_we0                             |    9|          2|    1|          2|
    |power_inner_1_12_address0                        |   15|          3|   11|         33|
    |power_inner_1_12_ce0                             |   15|          3|    1|          3|
    |power_inner_1_12_we0                             |    9|          2|    1|          2|
    |power_inner_1_13_address0                        |   15|          3|   11|         33|
    |power_inner_1_13_ce0                             |   15|          3|    1|          3|
    |power_inner_1_13_we0                             |    9|          2|    1|          2|
    |power_inner_1_14_address0                        |   15|          3|   11|         33|
    |power_inner_1_14_ce0                             |   15|          3|    1|          3|
    |power_inner_1_14_we0                             |    9|          2|    1|          2|
    |power_inner_1_15_address0                        |   15|          3|   11|         33|
    |power_inner_1_15_ce0                             |   15|          3|    1|          3|
    |power_inner_1_15_we0                             |    9|          2|    1|          2|
    |power_inner_1_1_address0                         |   15|          3|   11|         33|
    |power_inner_1_1_ce0                              |   15|          3|    1|          3|
    |power_inner_1_1_we0                              |    9|          2|    1|          2|
    |power_inner_1_2_address0                         |   15|          3|   11|         33|
    |power_inner_1_2_ce0                              |   15|          3|    1|          3|
    |power_inner_1_2_we0                              |    9|          2|    1|          2|
    |power_inner_1_3_address0                         |   15|          3|   11|         33|
    |power_inner_1_3_ce0                              |   15|          3|    1|          3|
    |power_inner_1_3_we0                              |    9|          2|    1|          2|
    |power_inner_1_4_address0                         |   15|          3|   11|         33|
    |power_inner_1_4_ce0                              |   15|          3|    1|          3|
    |power_inner_1_4_we0                              |    9|          2|    1|          2|
    |power_inner_1_5_address0                         |   15|          3|   11|         33|
    |power_inner_1_5_ce0                              |   15|          3|    1|          3|
    |power_inner_1_5_we0                              |    9|          2|    1|          2|
    |power_inner_1_6_address0                         |   15|          3|   11|         33|
    |power_inner_1_6_ce0                              |   15|          3|    1|          3|
    |power_inner_1_6_we0                              |    9|          2|    1|          2|
    |power_inner_1_7_address0                         |   15|          3|   11|         33|
    |power_inner_1_7_ce0                              |   15|          3|    1|          3|
    |power_inner_1_7_we0                              |    9|          2|    1|          2|
    |power_inner_1_8_address0                         |   15|          3|   11|         33|
    |power_inner_1_8_ce0                              |   15|          3|    1|          3|
    |power_inner_1_8_we0                              |    9|          2|    1|          2|
    |power_inner_1_9_address0                         |   15|          3|   11|         33|
    |power_inner_1_9_ce0                              |   15|          3|    1|          3|
    |power_inner_1_9_we0                              |    9|          2|    1|          2|
    |power_inner_2_0_address0                         |   15|          3|   11|         33|
    |power_inner_2_0_ce0                              |   15|          3|    1|          3|
    |power_inner_2_0_we0                              |    9|          2|    1|          2|
    |power_inner_2_10_address0                        |   15|          3|   11|         33|
    |power_inner_2_10_ce0                             |   15|          3|    1|          3|
    |power_inner_2_10_we0                             |    9|          2|    1|          2|
    |power_inner_2_11_address0                        |   15|          3|   11|         33|
    |power_inner_2_11_ce0                             |   15|          3|    1|          3|
    |power_inner_2_11_we0                             |    9|          2|    1|          2|
    |power_inner_2_12_address0                        |   15|          3|   11|         33|
    |power_inner_2_12_ce0                             |   15|          3|    1|          3|
    |power_inner_2_12_we0                             |    9|          2|    1|          2|
    |power_inner_2_13_address0                        |   15|          3|   11|         33|
    |power_inner_2_13_ce0                             |   15|          3|    1|          3|
    |power_inner_2_13_we0                             |    9|          2|    1|          2|
    |power_inner_2_14_address0                        |   15|          3|   11|         33|
    |power_inner_2_14_ce0                             |   15|          3|    1|          3|
    |power_inner_2_14_we0                             |    9|          2|    1|          2|
    |power_inner_2_15_address0                        |   15|          3|   11|         33|
    |power_inner_2_15_ce0                             |   15|          3|    1|          3|
    |power_inner_2_15_we0                             |    9|          2|    1|          2|
    |power_inner_2_1_address0                         |   15|          3|   11|         33|
    |power_inner_2_1_ce0                              |   15|          3|    1|          3|
    |power_inner_2_1_we0                              |    9|          2|    1|          2|
    |power_inner_2_2_address0                         |   15|          3|   11|         33|
    |power_inner_2_2_ce0                              |   15|          3|    1|          3|
    |power_inner_2_2_we0                              |    9|          2|    1|          2|
    |power_inner_2_3_address0                         |   15|          3|   11|         33|
    |power_inner_2_3_ce0                              |   15|          3|    1|          3|
    |power_inner_2_3_we0                              |    9|          2|    1|          2|
    |power_inner_2_4_address0                         |   15|          3|   11|         33|
    |power_inner_2_4_ce0                              |   15|          3|    1|          3|
    |power_inner_2_4_we0                              |    9|          2|    1|          2|
    |power_inner_2_5_address0                         |   15|          3|   11|         33|
    |power_inner_2_5_ce0                              |   15|          3|    1|          3|
    |power_inner_2_5_we0                              |    9|          2|    1|          2|
    |power_inner_2_6_address0                         |   15|          3|   11|         33|
    |power_inner_2_6_ce0                              |   15|          3|    1|          3|
    |power_inner_2_6_we0                              |    9|          2|    1|          2|
    |power_inner_2_7_address0                         |   15|          3|   11|         33|
    |power_inner_2_7_ce0                              |   15|          3|    1|          3|
    |power_inner_2_7_we0                              |    9|          2|    1|          2|
    |power_inner_2_8_address0                         |   15|          3|   11|         33|
    |power_inner_2_8_ce0                              |   15|          3|    1|          3|
    |power_inner_2_8_we0                              |    9|          2|    1|          2|
    |power_inner_2_9_address0                         |   15|          3|   11|         33|
    |power_inner_2_9_ce0                              |   15|          3|    1|          3|
    |power_inner_2_9_we0                              |    9|          2|    1|          2|
    |result1_ARVALID                                  |    9|          2|    1|          2|
    |result1_AWVALID                                  |    9|          2|    1|          2|
    |result1_BREADY                                   |    9|          2|    1|          2|
    |result1_RREADY                                   |    9|          2|    1|          2|
    |result1_WVALID                                   |    9|          2|    1|          2|
    |result_inner_0_0_address0                        |   15|          3|   11|         33|
    |result_inner_0_0_ce0                             |   15|          3|    1|          3|
    |result_inner_0_0_we0                             |    9|          2|    1|          2|
    |result_inner_0_10_address0                       |   15|          3|   11|         33|
    |result_inner_0_10_ce0                            |   15|          3|    1|          3|
    |result_inner_0_10_we0                            |    9|          2|    1|          2|
    |result_inner_0_11_address0                       |   15|          3|   11|         33|
    |result_inner_0_11_ce0                            |   15|          3|    1|          3|
    |result_inner_0_11_we0                            |    9|          2|    1|          2|
    |result_inner_0_12_address0                       |   15|          3|   11|         33|
    |result_inner_0_12_ce0                            |   15|          3|    1|          3|
    |result_inner_0_12_we0                            |    9|          2|    1|          2|
    |result_inner_0_13_address0                       |   15|          3|   11|         33|
    |result_inner_0_13_ce0                            |   15|          3|    1|          3|
    |result_inner_0_13_we0                            |    9|          2|    1|          2|
    |result_inner_0_14_address0                       |   15|          3|   11|         33|
    |result_inner_0_14_ce0                            |   15|          3|    1|          3|
    |result_inner_0_14_we0                            |    9|          2|    1|          2|
    |result_inner_0_15_address0                       |   15|          3|   11|         33|
    |result_inner_0_15_ce0                            |   15|          3|    1|          3|
    |result_inner_0_15_we0                            |    9|          2|    1|          2|
    |result_inner_0_1_address0                        |   15|          3|   11|         33|
    |result_inner_0_1_ce0                             |   15|          3|    1|          3|
    |result_inner_0_1_we0                             |    9|          2|    1|          2|
    |result_inner_0_2_address0                        |   15|          3|   11|         33|
    |result_inner_0_2_ce0                             |   15|          3|    1|          3|
    |result_inner_0_2_we0                             |    9|          2|    1|          2|
    |result_inner_0_3_address0                        |   15|          3|   11|         33|
    |result_inner_0_3_ce0                             |   15|          3|    1|          3|
    |result_inner_0_3_we0                             |    9|          2|    1|          2|
    |result_inner_0_4_address0                        |   15|          3|   11|         33|
    |result_inner_0_4_ce0                             |   15|          3|    1|          3|
    |result_inner_0_4_we0                             |    9|          2|    1|          2|
    |result_inner_0_5_address0                        |   15|          3|   11|         33|
    |result_inner_0_5_ce0                             |   15|          3|    1|          3|
    |result_inner_0_5_we0                             |    9|          2|    1|          2|
    |result_inner_0_6_address0                        |   15|          3|   11|         33|
    |result_inner_0_6_ce0                             |   15|          3|    1|          3|
    |result_inner_0_6_we0                             |    9|          2|    1|          2|
    |result_inner_0_7_address0                        |   15|          3|   11|         33|
    |result_inner_0_7_ce0                             |   15|          3|    1|          3|
    |result_inner_0_7_we0                             |    9|          2|    1|          2|
    |result_inner_0_8_address0                        |   15|          3|   11|         33|
    |result_inner_0_8_ce0                             |   15|          3|    1|          3|
    |result_inner_0_8_we0                             |    9|          2|    1|          2|
    |result_inner_0_9_address0                        |   15|          3|   11|         33|
    |result_inner_0_9_ce0                             |   15|          3|    1|          3|
    |result_inner_0_9_we0                             |    9|          2|    1|          2|
    |result_inner_1_0_address0                        |   15|          3|   11|         33|
    |result_inner_1_0_ce0                             |   15|          3|    1|          3|
    |result_inner_1_0_we0                             |    9|          2|    1|          2|
    |result_inner_1_10_address0                       |   15|          3|   11|         33|
    |result_inner_1_10_ce0                            |   15|          3|    1|          3|
    |result_inner_1_10_we0                            |    9|          2|    1|          2|
    |result_inner_1_11_address0                       |   15|          3|   11|         33|
    |result_inner_1_11_ce0                            |   15|          3|    1|          3|
    |result_inner_1_11_we0                            |    9|          2|    1|          2|
    |result_inner_1_12_address0                       |   15|          3|   11|         33|
    |result_inner_1_12_ce0                            |   15|          3|    1|          3|
    |result_inner_1_12_we0                            |    9|          2|    1|          2|
    |result_inner_1_13_address0                       |   15|          3|   11|         33|
    |result_inner_1_13_ce0                            |   15|          3|    1|          3|
    |result_inner_1_13_we0                            |    9|          2|    1|          2|
    |result_inner_1_14_address0                       |   15|          3|   11|         33|
    |result_inner_1_14_ce0                            |   15|          3|    1|          3|
    |result_inner_1_14_we0                            |    9|          2|    1|          2|
    |result_inner_1_15_address0                       |   15|          3|   11|         33|
    |result_inner_1_15_ce0                            |   15|          3|    1|          3|
    |result_inner_1_15_we0                            |    9|          2|    1|          2|
    |result_inner_1_1_address0                        |   15|          3|   11|         33|
    |result_inner_1_1_ce0                             |   15|          3|    1|          3|
    |result_inner_1_1_we0                             |    9|          2|    1|          2|
    |result_inner_1_2_address0                        |   15|          3|   11|         33|
    |result_inner_1_2_ce0                             |   15|          3|    1|          3|
    |result_inner_1_2_we0                             |    9|          2|    1|          2|
    |result_inner_1_3_address0                        |   15|          3|   11|         33|
    |result_inner_1_3_ce0                             |   15|          3|    1|          3|
    |result_inner_1_3_we0                             |    9|          2|    1|          2|
    |result_inner_1_4_address0                        |   15|          3|   11|         33|
    |result_inner_1_4_ce0                             |   15|          3|    1|          3|
    |result_inner_1_4_we0                             |    9|          2|    1|          2|
    |result_inner_1_5_address0                        |   15|          3|   11|         33|
    |result_inner_1_5_ce0                             |   15|          3|    1|          3|
    |result_inner_1_5_we0                             |    9|          2|    1|          2|
    |result_inner_1_6_address0                        |   15|          3|   11|         33|
    |result_inner_1_6_ce0                             |   15|          3|    1|          3|
    |result_inner_1_6_we0                             |    9|          2|    1|          2|
    |result_inner_1_7_address0                        |   15|          3|   11|         33|
    |result_inner_1_7_ce0                             |   15|          3|    1|          3|
    |result_inner_1_7_we0                             |    9|          2|    1|          2|
    |result_inner_1_8_address0                        |   15|          3|   11|         33|
    |result_inner_1_8_ce0                             |   15|          3|    1|          3|
    |result_inner_1_8_we0                             |    9|          2|    1|          2|
    |result_inner_1_9_address0                        |   15|          3|   11|         33|
    |result_inner_1_9_ce0                             |   15|          3|    1|          3|
    |result_inner_1_9_we0                             |    9|          2|    1|          2|
    |result_inner_2_0_address0                        |   15|          3|   11|         33|
    |result_inner_2_0_ce0                             |   15|          3|    1|          3|
    |result_inner_2_0_we0                             |    9|          2|    1|          2|
    |result_inner_2_10_address0                       |   15|          3|   11|         33|
    |result_inner_2_10_ce0                            |   15|          3|    1|          3|
    |result_inner_2_10_we0                            |    9|          2|    1|          2|
    |result_inner_2_11_address0                       |   15|          3|   11|         33|
    |result_inner_2_11_ce0                            |   15|          3|    1|          3|
    |result_inner_2_11_we0                            |    9|          2|    1|          2|
    |result_inner_2_12_address0                       |   15|          3|   11|         33|
    |result_inner_2_12_ce0                            |   15|          3|    1|          3|
    |result_inner_2_12_we0                            |    9|          2|    1|          2|
    |result_inner_2_13_address0                       |   15|          3|   11|         33|
    |result_inner_2_13_ce0                            |   15|          3|    1|          3|
    |result_inner_2_13_we0                            |    9|          2|    1|          2|
    |result_inner_2_14_address0                       |   15|          3|   11|         33|
    |result_inner_2_14_ce0                            |   15|          3|    1|          3|
    |result_inner_2_14_we0                            |    9|          2|    1|          2|
    |result_inner_2_15_address0                       |   15|          3|   11|         33|
    |result_inner_2_15_ce0                            |   15|          3|    1|          3|
    |result_inner_2_15_we0                            |    9|          2|    1|          2|
    |result_inner_2_1_address0                        |   15|          3|   11|         33|
    |result_inner_2_1_ce0                             |   15|          3|    1|          3|
    |result_inner_2_1_we0                             |    9|          2|    1|          2|
    |result_inner_2_2_address0                        |   15|          3|   11|         33|
    |result_inner_2_2_ce0                             |   15|          3|    1|          3|
    |result_inner_2_2_we0                             |    9|          2|    1|          2|
    |result_inner_2_3_address0                        |   15|          3|   11|         33|
    |result_inner_2_3_ce0                             |   15|          3|    1|          3|
    |result_inner_2_3_we0                             |    9|          2|    1|          2|
    |result_inner_2_4_address0                        |   15|          3|   11|         33|
    |result_inner_2_4_ce0                             |   15|          3|    1|          3|
    |result_inner_2_4_we0                             |    9|          2|    1|          2|
    |result_inner_2_5_address0                        |   15|          3|   11|         33|
    |result_inner_2_5_ce0                             |   15|          3|    1|          3|
    |result_inner_2_5_we0                             |    9|          2|    1|          2|
    |result_inner_2_6_address0                        |   15|          3|   11|         33|
    |result_inner_2_6_ce0                             |   15|          3|    1|          3|
    |result_inner_2_6_we0                             |    9|          2|    1|          2|
    |result_inner_2_7_address0                        |   15|          3|   11|         33|
    |result_inner_2_7_ce0                             |   15|          3|    1|          3|
    |result_inner_2_7_we0                             |    9|          2|    1|          2|
    |result_inner_2_8_address0                        |   15|          3|   11|         33|
    |result_inner_2_8_ce0                             |   15|          3|    1|          3|
    |result_inner_2_8_we0                             |    9|          2|    1|          2|
    |result_inner_2_9_address0                        |   15|          3|   11|         33|
    |result_inner_2_9_ce0                             |   15|          3|    1|          3|
    |result_inner_2_9_we0                             |    9|          2|    1|          2|
    |temp1_ARVALID                                    |    9|          2|    1|          2|
    |temp1_AWVALID                                    |    9|          2|    1|          2|
    |temp1_BREADY                                     |    9|          2|    1|          2|
    |temp1_RREADY                                     |    9|          2|    1|          2|
    |temp1_WVALID                                     |    9|          2|    1|          2|
    |temp_inner_0_0_address0                          |   15|          3|   12|         36|
    |temp_inner_0_0_ce0                               |   15|          3|    1|          3|
    |temp_inner_0_0_we0                               |    9|          2|    1|          2|
    |temp_inner_0_10_address0                         |   15|          3|   12|         36|
    |temp_inner_0_10_ce0                              |   15|          3|    1|          3|
    |temp_inner_0_10_we0                              |    9|          2|    1|          2|
    |temp_inner_0_11_address0                         |   15|          3|   12|         36|
    |temp_inner_0_11_ce0                              |   15|          3|    1|          3|
    |temp_inner_0_11_we0                              |    9|          2|    1|          2|
    |temp_inner_0_12_address0                         |   15|          3|   12|         36|
    |temp_inner_0_12_ce0                              |   15|          3|    1|          3|
    |temp_inner_0_12_we0                              |    9|          2|    1|          2|
    |temp_inner_0_13_address0                         |   15|          3|   12|         36|
    |temp_inner_0_13_ce0                              |   15|          3|    1|          3|
    |temp_inner_0_13_we0                              |    9|          2|    1|          2|
    |temp_inner_0_14_address0                         |   15|          3|   12|         36|
    |temp_inner_0_14_ce0                              |   15|          3|    1|          3|
    |temp_inner_0_14_we0                              |    9|          2|    1|          2|
    |temp_inner_0_15_address0                         |   15|          3|   12|         36|
    |temp_inner_0_15_ce0                              |   15|          3|    1|          3|
    |temp_inner_0_15_we0                              |    9|          2|    1|          2|
    |temp_inner_0_1_address0                          |   15|          3|   12|         36|
    |temp_inner_0_1_ce0                               |   15|          3|    1|          3|
    |temp_inner_0_1_we0                               |    9|          2|    1|          2|
    |temp_inner_0_2_address0                          |   15|          3|   12|         36|
    |temp_inner_0_2_ce0                               |   15|          3|    1|          3|
    |temp_inner_0_2_we0                               |    9|          2|    1|          2|
    |temp_inner_0_3_address0                          |   15|          3|   12|         36|
    |temp_inner_0_3_ce0                               |   15|          3|    1|          3|
    |temp_inner_0_3_we0                               |    9|          2|    1|          2|
    |temp_inner_0_4_address0                          |   15|          3|   12|         36|
    |temp_inner_0_4_ce0                               |   15|          3|    1|          3|
    |temp_inner_0_4_we0                               |    9|          2|    1|          2|
    |temp_inner_0_5_address0                          |   15|          3|   12|         36|
    |temp_inner_0_5_ce0                               |   15|          3|    1|          3|
    |temp_inner_0_5_we0                               |    9|          2|    1|          2|
    |temp_inner_0_6_address0                          |   15|          3|   12|         36|
    |temp_inner_0_6_ce0                               |   15|          3|    1|          3|
    |temp_inner_0_6_we0                               |    9|          2|    1|          2|
    |temp_inner_0_7_address0                          |   15|          3|   12|         36|
    |temp_inner_0_7_ce0                               |   15|          3|    1|          3|
    |temp_inner_0_7_we0                               |    9|          2|    1|          2|
    |temp_inner_0_8_address0                          |   15|          3|   12|         36|
    |temp_inner_0_8_ce0                               |   15|          3|    1|          3|
    |temp_inner_0_8_we0                               |    9|          2|    1|          2|
    |temp_inner_0_9_address0                          |   15|          3|   12|         36|
    |temp_inner_0_9_ce0                               |   15|          3|    1|          3|
    |temp_inner_0_9_we0                               |    9|          2|    1|          2|
    |temp_inner_1_0_address0                          |   15|          3|   12|         36|
    |temp_inner_1_0_ce0                               |   15|          3|    1|          3|
    |temp_inner_1_0_we0                               |    9|          2|    1|          2|
    |temp_inner_1_10_address0                         |   15|          3|   12|         36|
    |temp_inner_1_10_ce0                              |   15|          3|    1|          3|
    |temp_inner_1_10_we0                              |    9|          2|    1|          2|
    |temp_inner_1_11_address0                         |   15|          3|   12|         36|
    |temp_inner_1_11_ce0                              |   15|          3|    1|          3|
    |temp_inner_1_11_we0                              |    9|          2|    1|          2|
    |temp_inner_1_12_address0                         |   15|          3|   12|         36|
    |temp_inner_1_12_ce0                              |   15|          3|    1|          3|
    |temp_inner_1_12_we0                              |    9|          2|    1|          2|
    |temp_inner_1_13_address0                         |   15|          3|   12|         36|
    |temp_inner_1_13_ce0                              |   15|          3|    1|          3|
    |temp_inner_1_13_we0                              |    9|          2|    1|          2|
    |temp_inner_1_14_address0                         |   15|          3|   12|         36|
    |temp_inner_1_14_ce0                              |   15|          3|    1|          3|
    |temp_inner_1_14_we0                              |    9|          2|    1|          2|
    |temp_inner_1_15_address0                         |   15|          3|   12|         36|
    |temp_inner_1_15_ce0                              |   15|          3|    1|          3|
    |temp_inner_1_15_we0                              |    9|          2|    1|          2|
    |temp_inner_1_1_address0                          |   15|          3|   12|         36|
    |temp_inner_1_1_ce0                               |   15|          3|    1|          3|
    |temp_inner_1_1_we0                               |    9|          2|    1|          2|
    |temp_inner_1_2_address0                          |   15|          3|   12|         36|
    |temp_inner_1_2_ce0                               |   15|          3|    1|          3|
    |temp_inner_1_2_we0                               |    9|          2|    1|          2|
    |temp_inner_1_3_address0                          |   15|          3|   12|         36|
    |temp_inner_1_3_ce0                               |   15|          3|    1|          3|
    |temp_inner_1_3_we0                               |    9|          2|    1|          2|
    |temp_inner_1_4_address0                          |   15|          3|   12|         36|
    |temp_inner_1_4_ce0                               |   15|          3|    1|          3|
    |temp_inner_1_4_we0                               |    9|          2|    1|          2|
    |temp_inner_1_5_address0                          |   15|          3|   12|         36|
    |temp_inner_1_5_ce0                               |   15|          3|    1|          3|
    |temp_inner_1_5_we0                               |    9|          2|    1|          2|
    |temp_inner_1_6_address0                          |   15|          3|   12|         36|
    |temp_inner_1_6_ce0                               |   15|          3|    1|          3|
    |temp_inner_1_6_we0                               |    9|          2|    1|          2|
    |temp_inner_1_7_address0                          |   15|          3|   12|         36|
    |temp_inner_1_7_ce0                               |   15|          3|    1|          3|
    |temp_inner_1_7_we0                               |    9|          2|    1|          2|
    |temp_inner_1_8_address0                          |   15|          3|   12|         36|
    |temp_inner_1_8_ce0                               |   15|          3|    1|          3|
    |temp_inner_1_8_we0                               |    9|          2|    1|          2|
    |temp_inner_1_9_address0                          |   15|          3|   12|         36|
    |temp_inner_1_9_ce0                               |   15|          3|    1|          3|
    |temp_inner_1_9_we0                               |    9|          2|    1|          2|
    |temp_inner_2_0_address0                          |   15|          3|   12|         36|
    |temp_inner_2_0_ce0                               |   15|          3|    1|          3|
    |temp_inner_2_0_we0                               |    9|          2|    1|          2|
    |temp_inner_2_10_address0                         |   15|          3|   12|         36|
    |temp_inner_2_10_ce0                              |   15|          3|    1|          3|
    |temp_inner_2_10_we0                              |    9|          2|    1|          2|
    |temp_inner_2_11_address0                         |   15|          3|   12|         36|
    |temp_inner_2_11_ce0                              |   15|          3|    1|          3|
    |temp_inner_2_11_we0                              |    9|          2|    1|          2|
    |temp_inner_2_12_address0                         |   15|          3|   12|         36|
    |temp_inner_2_12_ce0                              |   15|          3|    1|          3|
    |temp_inner_2_12_we0                              |    9|          2|    1|          2|
    |temp_inner_2_13_address0                         |   15|          3|   12|         36|
    |temp_inner_2_13_ce0                              |   15|          3|    1|          3|
    |temp_inner_2_13_we0                              |    9|          2|    1|          2|
    |temp_inner_2_14_address0                         |   15|          3|   12|         36|
    |temp_inner_2_14_ce0                              |   15|          3|    1|          3|
    |temp_inner_2_14_we0                              |    9|          2|    1|          2|
    |temp_inner_2_15_address0                         |   15|          3|   12|         36|
    |temp_inner_2_15_ce0                              |   15|          3|    1|          3|
    |temp_inner_2_15_we0                              |    9|          2|    1|          2|
    |temp_inner_2_1_address0                          |   15|          3|   12|         36|
    |temp_inner_2_1_ce0                               |   15|          3|    1|          3|
    |temp_inner_2_1_we0                               |    9|          2|    1|          2|
    |temp_inner_2_2_address0                          |   15|          3|   12|         36|
    |temp_inner_2_2_ce0                               |   15|          3|    1|          3|
    |temp_inner_2_2_we0                               |    9|          2|    1|          2|
    |temp_inner_2_3_address0                          |   15|          3|   12|         36|
    |temp_inner_2_3_ce0                               |   15|          3|    1|          3|
    |temp_inner_2_3_we0                               |    9|          2|    1|          2|
    |temp_inner_2_4_address0                          |   15|          3|   12|         36|
    |temp_inner_2_4_ce0                               |   15|          3|    1|          3|
    |temp_inner_2_4_we0                               |    9|          2|    1|          2|
    |temp_inner_2_5_address0                          |   15|          3|   12|         36|
    |temp_inner_2_5_ce0                               |   15|          3|    1|          3|
    |temp_inner_2_5_we0                               |    9|          2|    1|          2|
    |temp_inner_2_6_address0                          |   15|          3|   12|         36|
    |temp_inner_2_6_ce0                               |   15|          3|    1|          3|
    |temp_inner_2_6_we0                               |    9|          2|    1|          2|
    |temp_inner_2_7_address0                          |   15|          3|   12|         36|
    |temp_inner_2_7_ce0                               |   15|          3|    1|          3|
    |temp_inner_2_7_we0                               |    9|          2|    1|          2|
    |temp_inner_2_8_address0                          |   15|          3|   12|         36|
    |temp_inner_2_8_ce0                               |   15|          3|    1|          3|
    |temp_inner_2_8_we0                               |    9|          2|    1|          2|
    |temp_inner_2_9_address0                          |   15|          3|   12|         36|
    |temp_inner_2_9_ce0                               |   15|          3|    1|          3|
    |temp_inner_2_9_we0                               |    9|          2|    1|          2|
    +-------------------------------------------------+-----+-----------+-----+-----------+
    |Total                                            | 7256|       1475| 4167|      13896|
    +-------------------------------------------------+-----+-----------+-----+-----------+

    * Register: 
    +----------------------------------------+----+----+-----+-----------+
    |                  Name                  | FF | LUT| Bits| Const Bits|
    +----------------------------------------+----+----+-----+-----------+
    |add_ln142_reg_1489                      |   4|   0|    4|          0|
    |add_ln146_reg_1475                      |   4|   0|    4|          0|
    |add_ln150_reg_1498                      |   4|   0|    4|          0|
    |add_ln162_reg_1548                      |   4|   0|    4|          0|
    |add_ln166_reg_1534                      |   4|   0|    4|          0|
    |add_ln170_reg_1557                      |   4|   0|    4|          0|
    |ap_CS_fsm                               |  24|   0|   24|          0|
    |ap_done_reg                             |   1|   0|    1|          0|
    |ap_rst_n_inv                            |   1|   0|    1|          0|
    |ap_rst_reg_1                            |   1|   0|    1|          0|
    |ap_rst_reg_2                            |   1|   0|    1|          0|
    |empty_108_reg_1530                      |   1|   0|    1|          0|
    |empty_123_reg_1553                      |   1|   0|    1|          0|
    |empty_47_reg_1485                       |   1|   0|    1|          0|
    |empty_62_reg_1471                       |   1|   0|    1|          0|
    |empty_77_reg_1494                       |   1|   0|    1|          0|
    |empty_93_reg_1544                       |   1|   0|    1|          0|
    |grp_buffer_load_1_fu_820_ap_start_reg   |   1|   0|    1|          0|
    |grp_buffer_store_1_fu_867_ap_start_reg  |   1|   0|    1|          0|
    |grp_hotspot_fu_767_ap_start_reg         |   1|   0|    1|          0|
    |i_1_reg_1439                            |   6|   0|    6|          0|
    |i_reg_708                               |   6|   0|    6|          0|
    |k_1_reg_743                             |   4|   0|    4|          0|
    |k_2_reg_1452                            |   4|   0|    4|          0|
    |k_3_reg_1511                            |   4|   0|    4|          0|
    |k_reg_719                               |   4|   0|    4|          0|
    |load_flag_1_reg_1516                    |   1|   0|    1|          0|
    |load_flag_reg_1457                      |   1|   0|    1|          0|
    |phi_urem1_reg_755                       |   4|   0|    4|          0|
    |phi_urem_reg_731                        |   4|   0|    4|          0|
    |power_read_reg_1419                     |  64|   0|   64|          0|
    |reg_1015                                |   3|   0|    3|          0|
    |reg_1020                                |   3|   0|    3|          0|
    |result_read_reg_1430                    |  64|   0|   64|          0|
    |store_flag_1_reg_1521                   |   1|   0|    1|          0|
    |store_flag_reg_1462                     |   1|   0|    1|          0|
    |temp_read_reg_1424                      |  64|   0|   64|          0|
    |trunc_ln134_reg_1444                    |   3|   0|    3|          0|
    |trunc_ln139_reg_1467                    |   2|   0|    2|          0|
    |trunc_ln154_reg_1503                    |   3|   0|    3|          0|
    |trunc_ln159_reg_1526                    |   2|   0|    2|          0|
    +----------------------------------------+----+----+-----+-----------+
    |Total                                   | 309|   0|  309|          0|
    +----------------------------------------+----+----+-----+-----------+



================================================================
== Interface
================================================================
* Summary: 
+------------------------+-----+-----+---------------+--------------+--------------+
|        RTL Ports       | Dir | Bits|    Protocol   | Source Object|    C Type    |
+------------------------+-----+-----+---------------+--------------+--------------+
|s_axi_control_AWVALID   |  in |    1|     s_axi     |    control   |  return void |
|s_axi_control_AWREADY   | out |    1|     s_axi     |    control   |  return void |
|s_axi_control_AWADDR    |  in |    6|     s_axi     |    control   |  return void |
|s_axi_control_WVALID    |  in |    1|     s_axi     |    control   |  return void |
|s_axi_control_WREADY    | out |    1|     s_axi     |    control   |  return void |
|s_axi_control_WDATA     |  in |   32|     s_axi     |    control   |  return void |
|s_axi_control_WSTRB     |  in |    4|     s_axi     |    control   |  return void |
|s_axi_control_ARVALID   |  in |    1|     s_axi     |    control   |  return void |
|s_axi_control_ARREADY   | out |    1|     s_axi     |    control   |  return void |
|s_axi_control_ARADDR    |  in |    6|     s_axi     |    control   |  return void |
|s_axi_control_RVALID    | out |    1|     s_axi     |    control   |  return void |
|s_axi_control_RREADY    |  in |    1|     s_axi     |    control   |  return void |
|s_axi_control_RDATA     | out |   32|     s_axi     |    control   |  return void |
|s_axi_control_RRESP     | out |    2|     s_axi     |    control   |  return void |
|s_axi_control_BVALID    | out |    1|     s_axi     |    control   |  return void |
|s_axi_control_BREADY    |  in |    1|     s_axi     |    control   |  return void |
|s_axi_control_BRESP     | out |    2|     s_axi     |    control   |  return void |
|ap_clk                  |  in |    1| ap_ctrl_chain |   workload   | return value |
|ap_rst_n                |  in |    1| ap_ctrl_chain |   workload   | return value |
|interrupt               | out |    1| ap_ctrl_chain |   workload   | return value |
|m_axi_result1_AWVALID   | out |    1|     m_axi     |    result1   |    pointer   |
|m_axi_result1_AWREADY   |  in |    1|     m_axi     |    result1   |    pointer   |
|m_axi_result1_AWADDR    | out |   64|     m_axi     |    result1   |    pointer   |
|m_axi_result1_AWID      | out |    1|     m_axi     |    result1   |    pointer   |
|m_axi_result1_AWLEN     | out |    8|     m_axi     |    result1   |    pointer   |
|m_axi_result1_AWSIZE    | out |    3|     m_axi     |    result1   |    pointer   |
|m_axi_result1_AWBURST   | out |    2|     m_axi     |    result1   |    pointer   |
|m_axi_result1_AWLOCK    | out |    2|     m_axi     |    result1   |    pointer   |
|m_axi_result1_AWCACHE   | out |    4|     m_axi     |    result1   |    pointer   |
|m_axi_result1_AWPROT    | out |    3|     m_axi     |    result1   |    pointer   |
|m_axi_result1_AWQOS     | out |    4|     m_axi     |    result1   |    pointer   |
|m_axi_result1_AWREGION  | out |    4|     m_axi     |    result1   |    pointer   |
|m_axi_result1_AWUSER    | out |    1|     m_axi     |    result1   |    pointer   |
|m_axi_result1_WVALID    | out |    1|     m_axi     |    result1   |    pointer   |
|m_axi_result1_WREADY    |  in |    1|     m_axi     |    result1   |    pointer   |
|m_axi_result1_WDATA     | out |  512|     m_axi     |    result1   |    pointer   |
|m_axi_result1_WSTRB     | out |   64|     m_axi     |    result1   |    pointer   |
|m_axi_result1_WLAST     | out |    1|     m_axi     |    result1   |    pointer   |
|m_axi_result1_WID       | out |    1|     m_axi     |    result1   |    pointer   |
|m_axi_result1_WUSER     | out |    1|     m_axi     |    result1   |    pointer   |
|m_axi_result1_ARVALID   | out |    1|     m_axi     |    result1   |    pointer   |
|m_axi_result1_ARREADY   |  in |    1|     m_axi     |    result1   |    pointer   |
|m_axi_result1_ARADDR    | out |   64|     m_axi     |    result1   |    pointer   |
|m_axi_result1_ARID      | out |    1|     m_axi     |    result1   |    pointer   |
|m_axi_result1_ARLEN     | out |    8|     m_axi     |    result1   |    pointer   |
|m_axi_result1_ARSIZE    | out |    3|     m_axi     |    result1   |    pointer   |
|m_axi_result1_ARBURST   | out |    2|     m_axi     |    result1   |    pointer   |
|m_axi_result1_ARLOCK    | out |    2|     m_axi     |    result1   |    pointer   |
|m_axi_result1_ARCACHE   | out |    4|     m_axi     |    result1   |    pointer   |
|m_axi_result1_ARPROT    | out |    3|     m_axi     |    result1   |    pointer   |
|m_axi_result1_ARQOS     | out |    4|     m_axi     |    result1   |    pointer   |
|m_axi_result1_ARREGION  | out |    4|     m_axi     |    result1   |    pointer   |
|m_axi_result1_ARUSER    | out |    1|     m_axi     |    result1   |    pointer   |
|m_axi_result1_RVALID    |  in |    1|     m_axi     |    result1   |    pointer   |
|m_axi_result1_RREADY    | out |    1|     m_axi     |    result1   |    pointer   |
|m_axi_result1_RDATA     |  in |  512|     m_axi     |    result1   |    pointer   |
|m_axi_result1_RLAST     |  in |    1|     m_axi     |    result1   |    pointer   |
|m_axi_result1_RID       |  in |    1|     m_axi     |    result1   |    pointer   |
|m_axi_result1_RUSER     |  in |    1|     m_axi     |    result1   |    pointer   |
|m_axi_result1_RRESP     |  in |    2|     m_axi     |    result1   |    pointer   |
|m_axi_result1_BVALID    |  in |    1|     m_axi     |    result1   |    pointer   |
|m_axi_result1_BREADY    | out |    1|     m_axi     |    result1   |    pointer   |
|m_axi_result1_BRESP     |  in |    2|     m_axi     |    result1   |    pointer   |
|m_axi_result1_BID       |  in |    1|     m_axi     |    result1   |    pointer   |
|m_axi_result1_BUSER     |  in |    1|     m_axi     |    result1   |    pointer   |
|m_axi_temp1_AWVALID     | out |    1|     m_axi     |     temp1    |    pointer   |
|m_axi_temp1_AWREADY     |  in |    1|     m_axi     |     temp1    |    pointer   |
|m_axi_temp1_AWADDR      | out |   64|     m_axi     |     temp1    |    pointer   |
|m_axi_temp1_AWID        | out |    1|     m_axi     |     temp1    |    pointer   |
|m_axi_temp1_AWLEN       | out |    8|     m_axi     |     temp1    |    pointer   |
|m_axi_temp1_AWSIZE      | out |    3|     m_axi     |     temp1    |    pointer   |
|m_axi_temp1_AWBURST     | out |    2|     m_axi     |     temp1    |    pointer   |
|m_axi_temp1_AWLOCK      | out |    2|     m_axi     |     temp1    |    pointer   |
|m_axi_temp1_AWCACHE     | out |    4|     m_axi     |     temp1    |    pointer   |
|m_axi_temp1_AWPROT      | out |    3|     m_axi     |     temp1    |    pointer   |
|m_axi_temp1_AWQOS       | out |    4|     m_axi     |     temp1    |    pointer   |
|m_axi_temp1_AWREGION    | out |    4|     m_axi     |     temp1    |    pointer   |
|m_axi_temp1_AWUSER      | out |    1|     m_axi     |     temp1    |    pointer   |
|m_axi_temp1_WVALID      | out |    1|     m_axi     |     temp1    |    pointer   |
|m_axi_temp1_WREADY      |  in |    1|     m_axi     |     temp1    |    pointer   |
|m_axi_temp1_WDATA       | out |  512|     m_axi     |     temp1    |    pointer   |
|m_axi_temp1_WSTRB       | out |   64|     m_axi     |     temp1    |    pointer   |
|m_axi_temp1_WLAST       | out |    1|     m_axi     |     temp1    |    pointer   |
|m_axi_temp1_WID         | out |    1|     m_axi     |     temp1    |    pointer   |
|m_axi_temp1_WUSER       | out |    1|     m_axi     |     temp1    |    pointer   |
|m_axi_temp1_ARVALID     | out |    1|     m_axi     |     temp1    |    pointer   |
|m_axi_temp1_ARREADY     |  in |    1|     m_axi     |     temp1    |    pointer   |
|m_axi_temp1_ARADDR      | out |   64|     m_axi     |     temp1    |    pointer   |
|m_axi_temp1_ARID        | out |    1|     m_axi     |     temp1    |    pointer   |
|m_axi_temp1_ARLEN       | out |    8|     m_axi     |     temp1    |    pointer   |
|m_axi_temp1_ARSIZE      | out |    3|     m_axi     |     temp1    |    pointer   |
|m_axi_temp1_ARBURST     | out |    2|     m_axi     |     temp1    |    pointer   |
|m_axi_temp1_ARLOCK      | out |    2|     m_axi     |     temp1    |    pointer   |
|m_axi_temp1_ARCACHE     | out |    4|     m_axi     |     temp1    |    pointer   |
|m_axi_temp1_ARPROT      | out |    3|     m_axi     |     temp1    |    pointer   |
|m_axi_temp1_ARQOS       | out |    4|     m_axi     |     temp1    |    pointer   |
|m_axi_temp1_ARREGION    | out |    4|     m_axi     |     temp1    |    pointer   |
|m_axi_temp1_ARUSER      | out |    1|     m_axi     |     temp1    |    pointer   |
|m_axi_temp1_RVALID      |  in |    1|     m_axi     |     temp1    |    pointer   |
|m_axi_temp1_RREADY      | out |    1|     m_axi     |     temp1    |    pointer   |
|m_axi_temp1_RDATA       |  in |  512|     m_axi     |     temp1    |    pointer   |
|m_axi_temp1_RLAST       |  in |    1|     m_axi     |     temp1    |    pointer   |
|m_axi_temp1_RID         |  in |    1|     m_axi     |     temp1    |    pointer   |
|m_axi_temp1_RUSER       |  in |    1|     m_axi     |     temp1    |    pointer   |
|m_axi_temp1_RRESP       |  in |    2|     m_axi     |     temp1    |    pointer   |
|m_axi_temp1_BVALID      |  in |    1|     m_axi     |     temp1    |    pointer   |
|m_axi_temp1_BREADY      | out |    1|     m_axi     |     temp1    |    pointer   |
|m_axi_temp1_BRESP       |  in |    2|     m_axi     |     temp1    |    pointer   |
|m_axi_temp1_BID         |  in |    1|     m_axi     |     temp1    |    pointer   |
|m_axi_temp1_BUSER       |  in |    1|     m_axi     |     temp1    |    pointer   |
|m_axi_power1_AWVALID    | out |    1|     m_axi     |    power1    |    pointer   |
|m_axi_power1_AWREADY    |  in |    1|     m_axi     |    power1    |    pointer   |
|m_axi_power1_AWADDR     | out |   64|     m_axi     |    power1    |    pointer   |
|m_axi_power1_AWID       | out |    1|     m_axi     |    power1    |    pointer   |
|m_axi_power1_AWLEN      | out |    8|     m_axi     |    power1    |    pointer   |
|m_axi_power1_AWSIZE     | out |    3|     m_axi     |    power1    |    pointer   |
|m_axi_power1_AWBURST    | out |    2|     m_axi     |    power1    |    pointer   |
|m_axi_power1_AWLOCK     | out |    2|     m_axi     |    power1    |    pointer   |
|m_axi_power1_AWCACHE    | out |    4|     m_axi     |    power1    |    pointer   |
|m_axi_power1_AWPROT     | out |    3|     m_axi     |    power1    |    pointer   |
|m_axi_power1_AWQOS      | out |    4|     m_axi     |    power1    |    pointer   |
|m_axi_power1_AWREGION   | out |    4|     m_axi     |    power1    |    pointer   |
|m_axi_power1_AWUSER     | out |    1|     m_axi     |    power1    |    pointer   |
|m_axi_power1_WVALID     | out |    1|     m_axi     |    power1    |    pointer   |
|m_axi_power1_WREADY     |  in |    1|     m_axi     |    power1    |    pointer   |
|m_axi_power1_WDATA      | out |  512|     m_axi     |    power1    |    pointer   |
|m_axi_power1_WSTRB      | out |   64|     m_axi     |    power1    |    pointer   |
|m_axi_power1_WLAST      | out |    1|     m_axi     |    power1    |    pointer   |
|m_axi_power1_WID        | out |    1|     m_axi     |    power1    |    pointer   |
|m_axi_power1_WUSER      | out |    1|     m_axi     |    power1    |    pointer   |
|m_axi_power1_ARVALID    | out |    1|     m_axi     |    power1    |    pointer   |
|m_axi_power1_ARREADY    |  in |    1|     m_axi     |    power1    |    pointer   |
|m_axi_power1_ARADDR     | out |   64|     m_axi     |    power1    |    pointer   |
|m_axi_power1_ARID       | out |    1|     m_axi     |    power1    |    pointer   |
|m_axi_power1_ARLEN      | out |    8|     m_axi     |    power1    |    pointer   |
|m_axi_power1_ARSIZE     | out |    3|     m_axi     |    power1    |    pointer   |
|m_axi_power1_ARBURST    | out |    2|     m_axi     |    power1    |    pointer   |
|m_axi_power1_ARLOCK     | out |    2|     m_axi     |    power1    |    pointer   |
|m_axi_power1_ARCACHE    | out |    4|     m_axi     |    power1    |    pointer   |
|m_axi_power1_ARPROT     | out |    3|     m_axi     |    power1    |    pointer   |
|m_axi_power1_ARQOS      | out |    4|     m_axi     |    power1    |    pointer   |
|m_axi_power1_ARREGION   | out |    4|     m_axi     |    power1    |    pointer   |
|m_axi_power1_ARUSER     | out |    1|     m_axi     |    power1    |    pointer   |
|m_axi_power1_RVALID     |  in |    1|     m_axi     |    power1    |    pointer   |
|m_axi_power1_RREADY     | out |    1|     m_axi     |    power1    |    pointer   |
|m_axi_power1_RDATA      |  in |  512|     m_axi     |    power1    |    pointer   |
|m_axi_power1_RLAST      |  in |    1|     m_axi     |    power1    |    pointer   |
|m_axi_power1_RID        |  in |    1|     m_axi     |    power1    |    pointer   |
|m_axi_power1_RUSER      |  in |    1|     m_axi     |    power1    |    pointer   |
|m_axi_power1_RRESP      |  in |    2|     m_axi     |    power1    |    pointer   |
|m_axi_power1_BVALID     |  in |    1|     m_axi     |    power1    |    pointer   |
|m_axi_power1_BREADY     | out |    1|     m_axi     |    power1    |    pointer   |
|m_axi_power1_BRESP      |  in |    2|     m_axi     |    power1    |    pointer   |
|m_axi_power1_BID        |  in |    1|     m_axi     |    power1    |    pointer   |
|m_axi_power1_BUSER      |  in |    1|     m_axi     |    power1    |    pointer   |
+------------------------+-----+-----+---------------+--------------+--------------+

