==============================================================
Vitis HLS - High-Level Synthesis from C, C++ and OpenCL v2020.1 (64-bit)
Copyright 1986-2020 Xilinx, Inc. All Rights Reserved.
==============================================================
INFO: [HLS 200-1505] Using default flow_target 'vivado'
INFO: [HLS 200-10] Setting target device to 'xcu200-fsgd2104-2-e'
INFO: [SYN 201-201] Setting up clock 'default' with a period of 3.333ns.
WARNING: [HLS 200-483] The 'config_flow -target' command is deprecated and will be removed in a future release. Use 'open_solution -flow_target' as its replacement.
INFO: [HLS 200-435] Setting 'config_flow -target' configuration: config_interface -m_axi_latency=64
INFO: [HLS 200-435] Setting 'config_flow -target' configuration: config_interface -m_axi_alignment_byte_size=64
INFO: [HLS 200-435] Setting 'config_flow -target' configuration: config_interface -m_axi_max_widen_bitwidth=512
INFO: [HLS 200-435] Setting 'config_flow -target' configuration: config_interface -default_slave_interface=s_axilite
INFO: [HLS 200-435] Setting 'config_flow -target' configuration: config_rtl -register_reset_num=3
INFO: [SYN 201-201] Setting up clock 'default' with an uncertainty of 0.9ns.
INFO: [HLS 200-10] Analyzing design file '/localhdd/zyx/rodinia-hls/Benchmarks/hotspot/hotspot_4_doublebuffer/src/hotspot.cpp' ... 
INFO: [HLS 200-777] Using interface defaults for 'Vitis' target.
INFO: [HLS 214-186] Unrolling loop 'VITIS_LOOP_36_4' (/localhdd/zyx/rodinia-hls/Benchmarks/hotspot/hotspot_4_doublebuffer/src/hotspot.cpp:36:19) in function 'hotspot' completely with a factor of 16 (/localhdd/zyx/rodinia-hls/Benchmarks/hotspot/hotspot_4_doublebuffer/src/hotspot.cpp:36:19)
INFO: [HLS 214-186] Unrolling loop 'VITIS_LOOP_48_5' (/localhdd/zyx/rodinia-hls/Benchmarks/hotspot/hotspot_4_doublebuffer/src/hotspot.cpp:48:26) in function 'hotspot' completely with a factor of 16 (/localhdd/zyx/rodinia-hls/Benchmarks/hotspot/hotspot_4_doublebuffer/src/hotspot.cpp:48:26)
INFO: [HLS 214-186] Unrolling loop 'VITIS_LOOP_50_6' (/localhdd/zyx/rodinia-hls/Benchmarks/hotspot/hotspot_4_doublebuffer/src/hotspot.cpp:50:19) in function 'hotspot' completely with a factor of 64 (/localhdd/zyx/rodinia-hls/Benchmarks/hotspot/hotspot_4_doublebuffer/src/hotspot.cpp:50:19)
INFO: [HLS 214-186] Unrolling loop 'VITIS_LOOP_50_6' (/localhdd/zyx/rodinia-hls/Benchmarks/hotspot/hotspot_4_doublebuffer/src/hotspot.cpp:50:19) in function 'hotspot' completely with a factor of 64 (/localhdd/zyx/rodinia-hls/Benchmarks/hotspot/hotspot_4_doublebuffer/src/hotspot.cpp:50:19)
INFO: [HLS 214-186] Unrolling loop 'VITIS_LOOP_50_6' (/localhdd/zyx/rodinia-hls/Benchmarks/hotspot/hotspot_4_doublebuffer/src/hotspot.cpp:50:19) in function 'hotspot' completely with a factor of 64 (/localhdd/zyx/rodinia-hls/Benchmarks/hotspot/hotspot_4_doublebuffer/src/hotspot.cpp:50:19)
INFO: [HLS 214-186] Unrolling loop 'VITIS_LOOP_50_6' (/localhdd/zyx/rodinia-hls/Benchmarks/hotspot/hotspot_4_doublebuffer/src/hotspot.cpp:50:19) in function 'hotspot' completely with a factor of 64 (/localhdd/zyx/rodinia-hls/Benchmarks/hotspot/hotspot_4_doublebuffer/src/hotspot.cpp:50:19)
INFO: [HLS 214-186] Unrolling loop 'VITIS_LOOP_50_6' (/localhdd/zyx/rodinia-hls/Benchmarks/hotspot/hotspot_4_doublebuffer/src/hotspot.cpp:50:19) in function 'hotspot' completely with a factor of 64 (/localhdd/zyx/rodinia-hls/Benchmarks/hotspot/hotspot_4_doublebuffer/src/hotspot.cpp:50:19)
INFO: [HLS 214-186] Unrolling loop 'VITIS_LOOP_50_6' (/localhdd/zyx/rodinia-hls/Benchmarks/hotspot/hotspot_4_doublebuffer/src/hotspot.cpp:50:19) in function 'hotspot' completely with a factor of 64 (/localhdd/zyx/rodinia-hls/Benchmarks/hotspot/hotspot_4_doublebuffer/src/hotspot.cpp:50:19)
INFO: [HLS 214-186] Unrolling loop 'VITIS_LOOP_50_6' (/localhdd/zyx/rodinia-hls/Benchmarks/hotspot/hotspot_4_doublebuffer/src/hotspot.cpp:50:19) in function 'hotspot' completely with a factor of 64 (/localhdd/zyx/rodinia-hls/Benchmarks/hotspot/hotspot_4_doublebuffer/src/hotspot.cpp:50:19)
INFO: [HLS 214-186] Unrolling loop 'VITIS_LOOP_50_6' (/localhdd/zyx/rodinia-hls/Benchmarks/hotspot/hotspot_4_doublebuffer/src/hotspot.cpp:50:19) in function 'hotspot' completely with a factor of 64 (/localhdd/zyx/rodinia-hls/Benchmarks/hotspot/hotspot_4_doublebuffer/src/hotspot.cpp:50:19)
INFO: [HLS 214-186] Unrolling loop 'VITIS_LOOP_50_6' (/localhdd/zyx/rodinia-hls/Benchmarks/hotspot/hotspot_4_doublebuffer/src/hotspot.cpp:50:19) in function 'hotspot' completely with a factor of 64 (/localhdd/zyx/rodinia-hls/Benchmarks/hotspot/hotspot_4_doublebuffer/src/hotspot.cpp:50:19)
INFO: [HLS 214-186] Unrolling loop 'VITIS_LOOP_50_6' (/localhdd/zyx/rodinia-hls/Benchmarks/hotspot/hotspot_4_doublebuffer/src/hotspot.cpp:50:19) in function 'hotspot' completely with a factor of 64 (/localhdd/zyx/rodinia-hls/Benchmarks/hotspot/hotspot_4_doublebuffer/src/hotspot.cpp:50:19)
INFO: [HLS 214-186] Unrolling loop 'VITIS_LOOP_50_6' (/localhdd/zyx/rodinia-hls/Benchmarks/hotspot/hotspot_4_doublebuffer/src/hotspot.cpp:50:19) in function 'hotspot' completely with a factor of 64 (/localhdd/zyx/rodinia-hls/Benchmarks/hotspot/hotspot_4_doublebuffer/src/hotspot.cpp:50:19)
INFO: [HLS 214-186] Unrolling loop 'VITIS_LOOP_50_6' (/localhdd/zyx/rodinia-hls/Benchmarks/hotspot/hotspot_4_doublebuffer/src/hotspot.cpp:50:19) in function 'hotspot' completely with a factor of 64 (/localhdd/zyx/rodinia-hls/Benchmarks/hotspot/hotspot_4_doublebuffer/src/hotspot.cpp:50:19)
INFO: [HLS 214-186] Unrolling loop 'VITIS_LOOP_50_6' (/localhdd/zyx/rodinia-hls/Benchmarks/hotspot/hotspot_4_doublebuffer/src/hotspot.cpp:50:19) in function 'hotspot' completely with a factor of 64 (/localhdd/zyx/rodinia-hls/Benchmarks/hotspot/hotspot_4_doublebuffer/src/hotspot.cpp:50:19)
INFO: [HLS 214-186] Unrolling loop 'VITIS_LOOP_50_6' (/localhdd/zyx/rodinia-hls/Benchmarks/hotspot/hotspot_4_doublebuffer/src/hotspot.cpp:50:19) in function 'hotspot' completely with a factor of 64 (/localhdd/zyx/rodinia-hls/Benchmarks/hotspot/hotspot_4_doublebuffer/src/hotspot.cpp:50:19)
INFO: [HLS 214-186] Unrolling loop 'VITIS_LOOP_50_6' (/localhdd/zyx/rodinia-hls/Benchmarks/hotspot/hotspot_4_doublebuffer/src/hotspot.cpp:50:19) in function 'hotspot' completely with a factor of 64 (/localhdd/zyx/rodinia-hls/Benchmarks/hotspot/hotspot_4_doublebuffer/src/hotspot.cpp:50:19)
INFO: [HLS 214-186] Unrolling loop 'VITIS_LOOP_50_6' (/localhdd/zyx/rodinia-hls/Benchmarks/hotspot/hotspot_4_doublebuffer/src/hotspot.cpp:50:19) in function 'hotspot' completely with a factor of 64 (/localhdd/zyx/rodinia-hls/Benchmarks/hotspot/hotspot_4_doublebuffer/src/hotspot.cpp:50:19)
INFO: [HLS 214-186] Unrolling loop 'VITIS_LOOP_28_2' (/localhdd/zyx/rodinia-hls/Benchmarks/hotspot/hotspot_4_doublebuffer/src/hotspot.cpp:28:19) in function 'hotspot' completely with a factor of 16 (/localhdd/zyx/rodinia-hls/Benchmarks/hotspot/hotspot_4_doublebuffer/src/hotspot.cpp:28:19)
INFO: [HLS 214-178] Inlining function 'buffer_load' into 'workload' (/localhdd/zyx/rodinia-hls/Benchmarks/hotspot/hotspot_4_doublebuffer/src/hotspot.cpp:83:0)
INFO: [HLS 214-178] Inlining function 'buffer_compute' into 'workload' (/localhdd/zyx/rodinia-hls/Benchmarks/hotspot/hotspot_4_doublebuffer/src/hotspot.cpp:83:0)
INFO: [HLS 214-178] Inlining function 'buffer_store' into 'workload' (/localhdd/zyx/rodinia-hls/Benchmarks/hotspot/hotspot_4_doublebuffer/src/hotspot.cpp:83:0)
INFO: [HLS 214-178] Inlining function 'buffer_load' into 'workload' (/localhdd/zyx/rodinia-hls/Benchmarks/hotspot/hotspot_4_doublebuffer/src/hotspot.cpp:83:0)
INFO: [HLS 214-178] Inlining function 'buffer_compute' into 'workload' (/localhdd/zyx/rodinia-hls/Benchmarks/hotspot/hotspot_4_doublebuffer/src/hotspot.cpp:83:0)
INFO: [HLS 214-178] Inlining function 'buffer_store' into 'workload' (/localhdd/zyx/rodinia-hls/Benchmarks/hotspot/hotspot_4_doublebuffer/src/hotspot.cpp:83:0)
INFO: [HLS 214-178] Inlining function 'buffer_load' into 'workload' (/localhdd/zyx/rodinia-hls/Benchmarks/hotspot/hotspot_4_doublebuffer/src/hotspot.cpp:83:0)
INFO: [HLS 214-178] Inlining function 'buffer_compute' into 'workload' (/localhdd/zyx/rodinia-hls/Benchmarks/hotspot/hotspot_4_doublebuffer/src/hotspot.cpp:83:0)
INFO: [HLS 214-178] Inlining function 'buffer_store' into 'workload' (/localhdd/zyx/rodinia-hls/Benchmarks/hotspot/hotspot_4_doublebuffer/src/hotspot.cpp:83:0)
INFO: [HLS 214-178] Inlining function 'buffer_load' into 'workload' (/localhdd/zyx/rodinia-hls/Benchmarks/hotspot/hotspot_4_doublebuffer/src/hotspot.cpp:83:0)
INFO: [HLS 214-178] Inlining function 'buffer_compute' into 'workload' (/localhdd/zyx/rodinia-hls/Benchmarks/hotspot/hotspot_4_doublebuffer/src/hotspot.cpp:83:0)
INFO: [HLS 214-178] Inlining function 'buffer_store' into 'workload' (/localhdd/zyx/rodinia-hls/Benchmarks/hotspot/hotspot_4_doublebuffer/src/hotspot.cpp:83:0)
INFO: [HLS 214-178] Inlining function 'buffer_load' into 'workload' (/localhdd/zyx/rodinia-hls/Benchmarks/hotspot/hotspot_4_doublebuffer/src/hotspot.cpp:83:0)
INFO: [HLS 214-178] Inlining function 'buffer_compute' into 'workload' (/localhdd/zyx/rodinia-hls/Benchmarks/hotspot/hotspot_4_doublebuffer/src/hotspot.cpp:83:0)
INFO: [HLS 214-178] Inlining function 'buffer_store' into 'workload' (/localhdd/zyx/rodinia-hls/Benchmarks/hotspot/hotspot_4_doublebuffer/src/hotspot.cpp:83:0)
INFO: [HLS 214-178] Inlining function 'buffer_load' into 'workload' (/localhdd/zyx/rodinia-hls/Benchmarks/hotspot/hotspot_4_doublebuffer/src/hotspot.cpp:83:0)
INFO: [HLS 214-178] Inlining function 'buffer_compute' into 'workload' (/localhdd/zyx/rodinia-hls/Benchmarks/hotspot/hotspot_4_doublebuffer/src/hotspot.cpp:83:0)
INFO: [HLS 214-178] Inlining function 'buffer_store' into 'workload' (/localhdd/zyx/rodinia-hls/Benchmarks/hotspot/hotspot_4_doublebuffer/src/hotspot.cpp:83:0)
WARNING: [HLS 214-167] The program may have out of bound array access (/localhdd/zyx/rodinia-hls/Benchmarks/hotspot/hotspot_4_doublebuffer/src/hotspot.cpp:54:40)
WARNING: [HLS 214-167] The program may have out of bound array access (/localhdd/zyx/rodinia-hls/Benchmarks/hotspot/hotspot_4_doublebuffer/src/hotspot.cpp:54:40)
WARNING: [HLS 214-167] The program may have out of bound array access (/localhdd/zyx/rodinia-hls/Benchmarks/hotspot/hotspot_4_doublebuffer/src/hotspot.cpp:54:40)
WARNING: [HLS 214-167] The program may have out of bound array access (/localhdd/zyx/rodinia-hls/Benchmarks/hotspot/hotspot_4_doublebuffer/src/hotspot.cpp:54:40)
WARNING: [HLS 214-167] The program may have out of bound array access (/localhdd/zyx/rodinia-hls/Benchmarks/hotspot/hotspot_4_doublebuffer/src/hotspot.cpp:54:40)
WARNING: [HLS 214-167] The program may have out of bound array access (/localhdd/zyx/rodinia-hls/Benchmarks/hotspot/hotspot_4_doublebuffer/src/hotspot.cpp:54:40)
WARNING: [HLS 214-167] The program may have out of bound array access (/localhdd/zyx/rodinia-hls/Benchmarks/hotspot/hotspot_4_doublebuffer/src/hotspot.cpp:54:40)
WARNING: [HLS 214-167] The program may have out of bound array access (/localhdd/zyx/rodinia-hls/Benchmarks/hotspot/hotspot_4_doublebuffer/src/hotspot.cpp:54:40)
WARNING: [HLS 214-167] The program may have out of bound array access (/localhdd/zyx/rodinia-hls/Benchmarks/hotspot/hotspot_4_doublebuffer/src/hotspot.cpp:54:40)
WARNING: [HLS 214-167] The program may have out of bound array access (/localhdd/zyx/rodinia-hls/Benchmarks/hotspot/hotspot_4_doublebuffer/src/hotspot.cpp:54:40)
WARNING: [HLS 214-167] The program may have out of bound array access (/localhdd/zyx/rodinia-hls/Benchmarks/hotspot/hotspot_4_doublebuffer/src/hotspot.cpp:54:40)
WARNING: [HLS 214-167] The program may have out of bound array access (/localhdd/zyx/rodinia-hls/Benchmarks/hotspot/hotspot_4_doublebuffer/src/hotspot.cpp:54:40)
WARNING: [HLS 214-167] The program may have out of bound array access (/localhdd/zyx/rodinia-hls/Benchmarks/hotspot/hotspot_4_doublebuffer/src/hotspot.cpp:54:40)
WARNING: [HLS 214-167] The program may have out of bound array access (/localhdd/zyx/rodinia-hls/Benchmarks/hotspot/hotspot_4_doublebuffer/src/hotspot.cpp:54:40)
WARNING: [HLS 214-167] The program may have out of bound array access (/localhdd/zyx/rodinia-hls/Benchmarks/hotspot/hotspot_4_doublebuffer/src/hotspot.cpp:54:40)
WARNING: [HLS 214-167] The program may have out of bound array access (/localhdd/zyx/rodinia-hls/Benchmarks/hotspot/hotspot_4_doublebuffer/src/hotspot.cpp:54:40)
INFO: [HLS 214-115] Burst read of length 2112 and bit width 512 has been inferred on port 'gmem1' (/localhdd/zyx/rodinia-hls/Benchmarks/hotspot/hotspot_4_doublebuffer/src/hotspot.cpp:63:3)
INFO: [HLS 214-115] Burst read of length 2048 and bit width 512 has been inferred on port 'gmem2' (/localhdd/zyx/rodinia-hls/Benchmarks/hotspot/hotspot_4_doublebuffer/src/hotspot.cpp:64:3)
INFO: [HLS 214-115] Burst write of length 2048 and bit width 512 has been inferred on port 'gmem' (/localhdd/zyx/rodinia-hls/Benchmarks/hotspot/hotspot_4_doublebuffer/src/hotspot.cpp:77:15)
INFO: [HLS 214-115] Burst read of length 2112 and bit width 512 has been inferred on port 'gmem1' (/localhdd/zyx/rodinia-hls/Benchmarks/hotspot/hotspot_4_doublebuffer/src/hotspot.cpp:63:3)
INFO: [HLS 214-115] Burst read of length 2048 and bit width 512 has been inferred on port 'gmem2' (/localhdd/zyx/rodinia-hls/Benchmarks/hotspot/hotspot_4_doublebuffer/src/hotspot.cpp:64:3)
INFO: [HLS 214-115] Burst write of length 2048 and bit width 512 has been inferred on port 'gmem' (/localhdd/zyx/rodinia-hls/Benchmarks/hotspot/hotspot_4_doublebuffer/src/hotspot.cpp:77:15)
INFO: [HLS 214-115] Burst read of length 2112 and bit width 512 has been inferred on port 'gmem1' (/localhdd/zyx/rodinia-hls/Benchmarks/hotspot/hotspot_4_doublebuffer/src/hotspot.cpp:63:3)
INFO: [HLS 214-115] Burst read of length 2048 and bit width 512 has been inferred on port 'gmem2' (/localhdd/zyx/rodinia-hls/Benchmarks/hotspot/hotspot_4_doublebuffer/src/hotspot.cpp:64:3)
INFO: [HLS 214-115] Burst write of length 2048 and bit width 512 has been inferred on port 'gmem' (/localhdd/zyx/rodinia-hls/Benchmarks/hotspot/hotspot_4_doublebuffer/src/hotspot.cpp:77:15)
INFO: [HLS 214-115] Burst read of length 2112 and bit width 512 has been inferred on port 'gmem' (/localhdd/zyx/rodinia-hls/Benchmarks/hotspot/hotspot_4_doublebuffer/src/hotspot.cpp:63:3)
INFO: [HLS 214-115] Burst read of length 2048 and bit width 512 has been inferred on port 'gmem2' (/localhdd/zyx/rodinia-hls/Benchmarks/hotspot/hotspot_4_doublebuffer/src/hotspot.cpp:64:3)
INFO: [HLS 214-115] Burst write of length 2048 and bit width 512 has been inferred on port 'gmem1' (/localhdd/zyx/rodinia-hls/Benchmarks/hotspot/hotspot_4_doublebuffer/src/hotspot.cpp:77:15)
INFO: [HLS 214-115] Burst read of length 2112 and bit width 512 has been inferred on port 'gmem' (/localhdd/zyx/rodinia-hls/Benchmarks/hotspot/hotspot_4_doublebuffer/src/hotspot.cpp:63:3)
INFO: [HLS 214-115] Burst read of length 2048 and bit width 512 has been inferred on port 'gmem2' (/localhdd/zyx/rodinia-hls/Benchmarks/hotspot/hotspot_4_doublebuffer/src/hotspot.cpp:64:3)
INFO: [HLS 214-115] Burst write of length 2048 and bit width 512 has been inferred on port 'gmem1' (/localhdd/zyx/rodinia-hls/Benchmarks/hotspot/hotspot_4_doublebuffer/src/hotspot.cpp:77:15)
INFO: [HLS 214-115] Burst read of length 2112 and bit width 512 has been inferred on port 'gmem' (/localhdd/zyx/rodinia-hls/Benchmarks/hotspot/hotspot_4_doublebuffer/src/hotspot.cpp:63:3)
INFO: [HLS 214-115] Burst read of length 2048 and bit width 512 has been inferred on port 'gmem2' (/localhdd/zyx/rodinia-hls/Benchmarks/hotspot/hotspot_4_doublebuffer/src/hotspot.cpp:64:3)
INFO: [HLS 214-115] Burst write of length 2048 and bit width 512 has been inferred on port 'gmem1' (/localhdd/zyx/rodinia-hls/Benchmarks/hotspot/hotspot_4_doublebuffer/src/hotspot.cpp:77:15)
INFO: [HLS 200-111] Finished Linking Time (s): cpu = 00:00:27 ; elapsed = 00:00:27 . Memory (MB): peak = 1684.457 ; gain = 1235.910 ; free physical = 38192 ; free virtual = 186846
INFO: [HLS 200-111] Finished Checking Pragmas Time (s): cpu = 00:00:27 ; elapsed = 00:00:27 . Memory (MB): peak = 1684.457 ; gain = 1235.910 ; free physical = 38192 ; free virtual = 186846
INFO: [HLS 200-10] Starting code transformations ...
INFO: [HLS 200-111] Finished Standard Transforms Time (s): cpu = 00:00:28 ; elapsed = 00:00:29 . Memory (MB): peak = 1684.457 ; gain = 1235.910 ; free physical = 38187 ; free virtual = 186842
INFO: [HLS 200-10] Checking synthesizability ...
INFO: [HLS 200-111] Finished Checking Synthesizability Time (s): cpu = 00:00:29 ; elapsed = 00:00:29 . Memory (MB): peak = 1684.457 ; gain = 1235.910 ; free physical = 38184 ; free virtual = 186839
INFO: [XFORM 203-510] Pipelining loop 'Loop-2.1.1' in function 'workload' automatically.
INFO: [XFORM 203-510] Pipelining loop 'Loop-2.1.2' in function 'workload' automatically.
INFO: [XFORM 203-510] Pipelining loop 'Loop-2.1.3' in function 'workload' automatically.
INFO: [XFORM 203-510] Pipelining loop 'Loop-2.1.4' in function 'workload' automatically.
INFO: [XFORM 203-510] Pipelining loop 'Loop-2.1.5' in function 'workload' automatically.
INFO: [XFORM 203-510] Pipelining loop 'Loop-2.1.6' in function 'workload' automatically.
INFO: [XFORM 203-510] Pipelining loop 'Loop-2.1.7' in function 'workload' automatically.
INFO: [XFORM 203-510] Pipelining loop 'Loop-2.1.8' in function 'workload' automatically.
INFO: [XFORM 203-510] Pipelining loop 'Loop-2.1.9' in function 'workload' automatically.
INFO: [XFORM 203-510] Pipelining loop 'Loop-2.2.1' in function 'workload' automatically.
INFO: [XFORM 203-510] Pipelining loop 'Loop-2.2.2' in function 'workload' automatically.
INFO: [XFORM 203-510] Pipelining loop 'Loop-2.2.3' in function 'workload' automatically.
INFO: [XFORM 203-510] Pipelining loop 'Loop-2.2.4' in function 'workload' automatically.
INFO: [XFORM 203-510] Pipelining loop 'Loop-2.2.5' in function 'workload' automatically.
INFO: [XFORM 203-510] Pipelining loop 'Loop-2.2.6' in function 'workload' automatically.
INFO: [XFORM 203-510] Pipelining loop 'Loop-2.2.7' in function 'workload' automatically.
INFO: [XFORM 203-510] Pipelining loop 'Loop-2.2.8' in function 'workload' automatically.
INFO: [XFORM 203-510] Pipelining loop 'Loop-2.2.9' in function 'workload' automatically.
INFO: [XFORM 203-101] Partitioning array 'result_inner_0' (/localhdd/zyx/rodinia-hls/Benchmarks/hotspot/hotspot_4_doublebuffer/src/hotspot.cpp:95) in dimension 1 with a cyclic factor 16.
INFO: [XFORM 203-101] Partitioning array 'temp_inner_0' (/localhdd/zyx/rodinia-hls/Benchmarks/hotspot/hotspot_4_doublebuffer/src/hotspot.cpp:97) in dimension 1 with a cyclic factor 16.
INFO: [XFORM 203-101] Partitioning array 'power_inner_0' (/localhdd/zyx/rodinia-hls/Benchmarks/hotspot/hotspot_4_doublebuffer/src/hotspot.cpp:99) in dimension 1 with a cyclic factor 16.
INFO: [XFORM 203-101] Partitioning array 'result_inner_1' (/localhdd/zyx/rodinia-hls/Benchmarks/hotspot/hotspot_4_doublebuffer/src/hotspot.cpp:103) in dimension 1 with a cyclic factor 16.
INFO: [XFORM 203-101] Partitioning array 'temp_inner_1' (/localhdd/zyx/rodinia-hls/Benchmarks/hotspot/hotspot_4_doublebuffer/src/hotspot.cpp:105) in dimension 1 with a cyclic factor 16.
INFO: [XFORM 203-101] Partitioning array 'power_inner_1' (/localhdd/zyx/rodinia-hls/Benchmarks/hotspot/hotspot_4_doublebuffer/src/hotspot.cpp:107) in dimension 1 with a cyclic factor 16.
INFO: [XFORM 203-101] Partitioning array 'result_inner_2' (/localhdd/zyx/rodinia-hls/Benchmarks/hotspot/hotspot_4_doublebuffer/src/hotspot.cpp:111) in dimension 1 with a cyclic factor 16.
INFO: [XFORM 203-101] Partitioning array 'temp_inner_2' (/localhdd/zyx/rodinia-hls/Benchmarks/hotspot/hotspot_4_doublebuffer/src/hotspot.cpp:113) in dimension 1 with a cyclic factor 16.
INFO: [XFORM 203-101] Partitioning array 'power_inner_2' (/localhdd/zyx/rodinia-hls/Benchmarks/hotspot/hotspot_4_doublebuffer/src/hotspot.cpp:115) in dimension 1 with a cyclic factor 16.
INFO: [XFORM 203-101] Partitioning array 'temp_rf' (/localhdd/zyx/rodinia-hls/Benchmarks/hotspot/hotspot_4_doublebuffer/src/hotspot.cpp:23) in dimension 1 completely.
WARNING: [HLS 200-914] Completely partitioning array 'temp_rf' (/localhdd/zyx/rodinia-hls/Benchmarks/hotspot/hotspot_4_doublebuffer/src/hotspot.cpp:23) accessed through non-constant indices on dimension 1 (/localhdd/zyx/rodinia-hls/Benchmarks/hotspot/hotspot_4_doublebuffer/src/hotspot.cpp:30:2), which may result in long runtime and suboptimal QoR due to large multiplexers. Please consider wrapping the array access into a function or using a register file core instead.
INFO: [XFORM 203-101] Partitioning array 'temp_rf' (/localhdd/zyx/rodinia-hls/Benchmarks/hotspot/hotspot_4_doublebuffer/src/hotspot.cpp:23) in dimension 2 completely.
INFO: [HLS 200-111] Finished Pre-synthesis Time (s): cpu = 00:00:35 ; elapsed = 00:00:35 . Memory (MB): peak = 1684.457 ; gain = 1235.910 ; free physical = 38113 ; free virtual = 186769
WARNING: [HLS 200-960] Cannot flatten loop 'VITIS_LOOP_139_2' (/localhdd/zyx/rodinia-hls/Benchmarks/hotspot/hotspot_4_doublebuffer/src/hotspot.cpp:135:9) in function 'workload' more than one sub loop.
WARNING: [HLS 200-960] Cannot flatten loop 'VITIS_LOOP_159_3' (/localhdd/zyx/rodinia-hls/Benchmarks/hotspot/hotspot_4_doublebuffer/src/hotspot.cpp:135:9) in function 'workload' more than one sub loop.
WARNING: [HLS 200-960] Cannot flatten loop 'VITIS_LOOP_137_1' (/localhdd/zyx/rodinia-hls/Benchmarks/hotspot/hotspot_4_doublebuffer/src/hotspot.cpp:134:9) in function 'workload' more than one sub loop.
INFO: [HLS 200-472] Inferring partial write operation for 'temp_inner_0[0]' 
INFO: [HLS 200-472] Inferring partial write operation for 'temp_inner_0[1]' 
INFO: [HLS 200-472] Inferring partial write operation for 'temp_inner_0[2]' 
INFO: [HLS 200-472] Inferring partial write operation for 'temp_inner_0[3]' 
INFO: [HLS 200-472] Inferring partial write operation for 'temp_inner_0[4]' 
INFO: [HLS 200-472] Inferring partial write operation for 'temp_inner_0[5]' 
INFO: [HLS 200-472] Inferring partial write operation for 'temp_inner_0[6]' 
INFO: [HLS 200-472] Inferring partial write operation for 'temp_inner_0[7]' 
INFO: [HLS 200-472] Inferring partial write operation for 'temp_inner_0[8]' 
INFO: [HLS 200-472] Inferring partial write operation for 'temp_inner_0[9]' 
INFO: [HLS 200-472] Inferring partial write operation for 'temp_inner_0[10]' 
INFO: [HLS 200-472] Inferring partial write operation for 'temp_inner_0[11]' 
INFO: [HLS 200-472] Inferring partial write operation for 'temp_inner_0[12]' 
INFO: [HLS 200-472] Inferring partial write operation for 'temp_inner_0[13]' 
INFO: [HLS 200-472] Inferring partial write operation for 'temp_inner_0[14]' 
INFO: [HLS 200-472] Inferring partial write operation for 'temp_inner_0[15]' 
INFO: [HLS 200-472] Inferring partial write operation for 'temp_inner_0[0]' 
INFO: [HLS 200-472] Inferring partial write operation for 'temp_inner_0[1]' 
INFO: [HLS 200-472] Inferring partial write operation for 'temp_inner_0[2]' 
INFO: [HLS 200-472] Inferring partial write operation for 'temp_inner_0[3]' 
INFO: [HLS 200-472] Inferring partial write operation for 'temp_inner_0[4]' 
INFO: [HLS 200-472] Inferring partial write operation for 'temp_inner_0[5]' 
INFO: [HLS 200-472] Inferring partial write operation for 'temp_inner_0[6]' 
INFO: [HLS 200-472] Inferring partial write operation for 'temp_inner_0[7]' 
INFO: [HLS 200-472] Inferring partial write operation for 'temp_inner_0[8]' 
INFO: [HLS 200-472] Inferring partial write operation for 'temp_inner_0[9]' 
INFO: [HLS 200-472] Inferring partial write operation for 'temp_inner_0[10]' 
INFO: [HLS 200-472] Inferring partial write operation for 'temp_inner_0[11]' 
INFO: [HLS 200-472] Inferring partial write operation for 'temp_inner_0[12]' 
INFO: [HLS 200-472] Inferring partial write operation for 'temp_inner_0[13]' 
INFO: [HLS 200-472] Inferring partial write operation for 'temp_inner_0[14]' 
INFO: [HLS 200-472] Inferring partial write operation for 'temp_inner_0[15]' 
INFO: [HLS 200-472] Inferring partial write operation for 'power_inner_0[0]' 
INFO: [HLS 200-472] Inferring partial write operation for 'power_inner_0[1]' 
INFO: [HLS 200-472] Inferring partial write operation for 'power_inner_0[2]' 
INFO: [HLS 200-472] Inferring partial write operation for 'power_inner_0[3]' 
INFO: [HLS 200-472] Inferring partial write operation for 'power_inner_0[4]' 
INFO: [HLS 200-472] Inferring partial write operation for 'power_inner_0[5]' 
INFO: [HLS 200-472] Inferring partial write operation for 'power_inner_0[6]' 
INFO: [HLS 200-472] Inferring partial write operation for 'power_inner_0[7]' 
INFO: [HLS 200-472] Inferring partial write operation for 'power_inner_0[8]' 
INFO: [HLS 200-472] Inferring partial write operation for 'power_inner_0[9]' 
INFO: [HLS 200-472] Inferring partial write operation for 'power_inner_0[10]' 
INFO: [HLS 200-472] Inferring partial write operation for 'power_inner_0[11]' 
INFO: [HLS 200-472] Inferring partial write operation for 'power_inner_0[12]' 
INFO: [HLS 200-472] Inferring partial write operation for 'power_inner_0[13]' 
INFO: [HLS 200-472] Inferring partial write operation for 'power_inner_0[14]' 
INFO: [HLS 200-472] Inferring partial write operation for 'power_inner_0[15]' 
INFO: [HLS 200-472] Inferring partial write operation for 'power_inner_0[0]' 
INFO: [HLS 200-472] Inferring partial write operation for 'power_inner_0[1]' 
INFO: [HLS 200-472] Inferring partial write operation for 'power_inner_0[2]' 
INFO: [HLS 200-472] Inferring partial write operation for 'power_inner_0[3]' 
INFO: [HLS 200-472] Inferring partial write operation for 'power_inner_0[4]' 
INFO: [HLS 200-472] Inferring partial write operation for 'power_inner_0[5]' 
INFO: [HLS 200-472] Inferring partial write operation for 'power_inner_0[6]' 
INFO: [HLS 200-472] Inferring partial write operation for 'power_inner_0[7]' 
INFO: [HLS 200-472] Inferring partial write operation for 'power_inner_0[8]' 
INFO: [HLS 200-472] Inferring partial write operation for 'power_inner_0[9]' 
INFO: [HLS 200-472] Inferring partial write operation for 'power_inner_0[10]' 
INFO: [HLS 200-472] Inferring partial write operation for 'power_inner_0[11]' 
INFO: [HLS 200-472] Inferring partial write operation for 'power_inner_0[12]' 
INFO: [HLS 200-472] Inferring partial write operation for 'power_inner_0[13]' 
INFO: [HLS 200-472] Inferring partial write operation for 'power_inner_0[14]' 
INFO: [HLS 200-472] Inferring partial write operation for 'power_inner_0[15]' 
INFO: [HLS 200-472] Inferring partial write operation for 'temp_inner_1[0]' 
INFO: [HLS 200-472] Inferring partial write operation for 'temp_inner_1[1]' 
INFO: [HLS 200-472] Inferring partial write operation for 'temp_inner_1[2]' 
INFO: [HLS 200-472] Inferring partial write operation for 'temp_inner_1[3]' 
INFO: [HLS 200-472] Inferring partial write operation for 'temp_inner_1[4]' 
INFO: [HLS 200-472] Inferring partial write operation for 'temp_inner_1[5]' 
INFO: [HLS 200-472] Inferring partial write operation for 'temp_inner_1[6]' 
INFO: [HLS 200-472] Inferring partial write operation for 'temp_inner_1[7]' 
INFO: [HLS 200-472] Inferring partial write operation for 'temp_inner_1[8]' 
INFO: [HLS 200-472] Inferring partial write operation for 'temp_inner_1[9]' 
INFO: [HLS 200-472] Inferring partial write operation for 'temp_inner_1[10]' 
INFO: [HLS 200-472] Inferring partial write operation for 'temp_inner_1[11]' 
INFO: [HLS 200-472] Inferring partial write operation for 'temp_inner_1[12]' 
INFO: [HLS 200-472] Inferring partial write operation for 'temp_inner_1[13]' 
INFO: [HLS 200-472] Inferring partial write operation for 'temp_inner_1[14]' 
INFO: [HLS 200-472] Inferring partial write operation for 'temp_inner_1[15]' 
INFO: [HLS 200-472] Inferring partial write operation for 'temp_inner_1[0]' 
INFO: [HLS 200-472] Inferring partial write operation for 'temp_inner_1[1]' 
INFO: [HLS 200-472] Inferring partial write operation for 'temp_inner_1[2]' 
INFO: [HLS 200-472] Inferring partial write operation for 'temp_inner_1[3]' 
INFO: [HLS 200-472] Inferring partial write operation for 'temp_inner_1[4]' 
INFO: [HLS 200-472] Inferring partial write operation for 'temp_inner_1[5]' 
INFO: [HLS 200-472] Inferring partial write operation for 'temp_inner_1[6]' 
INFO: [HLS 200-472] Inferring partial write operation for 'temp_inner_1[7]' 
INFO: [HLS 200-472] Inferring partial write operation for 'temp_inner_1[8]' 
INFO: [HLS 200-472] Inferring partial write operation for 'temp_inner_1[9]' 
INFO: [HLS 200-472] Inferring partial write operation for 'temp_inner_1[10]' 
INFO: [HLS 200-472] Inferring partial write operation for 'temp_inner_1[11]' 
INFO: [HLS 200-472] Inferring partial write operation for 'temp_inner_1[12]' 
INFO: [HLS 200-472] Inferring partial write operation for 'temp_inner_1[13]' 
INFO: [HLS 200-472] Inferring partial write operation for 'temp_inner_1[14]' 
INFO: [HLS 200-472] Inferring partial write operation for 'temp_inner_1[15]' 
INFO: [HLS 200-472] Inferring partial write operation for 'power_inner_1[0]' 
INFO: [HLS 200-472] Inferring partial write operation for 'power_inner_1[1]' 
INFO: [HLS 200-472] Inferring partial write operation for 'power_inner_1[2]' 
INFO: [HLS 200-472] Inferring partial write operation for 'power_inner_1[3]' 
INFO: [HLS 200-472] Inferring partial write operation for 'power_inner_1[4]' 
INFO: [HLS 200-472] Inferring partial write operation for 'power_inner_1[5]' 
INFO: [HLS 200-472] Inferring partial write operation for 'power_inner_1[6]' 
INFO: [HLS 200-472] Inferring partial write operation for 'power_inner_1[7]' 
INFO: [HLS 200-472] Inferring partial write operation for 'power_inner_1[8]' 
INFO: [HLS 200-472] Inferring partial write operation for 'power_inner_1[9]' 
INFO: [HLS 200-472] Inferring partial write operation for 'power_inner_1[10]' 
INFO: [HLS 200-472] Inferring partial write operation for 'power_inner_1[11]' 
INFO: [HLS 200-472] Inferring partial write operation for 'power_inner_1[12]' 
INFO: [HLS 200-472] Inferring partial write operation for 'power_inner_1[13]' 
INFO: [HLS 200-472] Inferring partial write operation for 'power_inner_1[14]' 
INFO: [HLS 200-472] Inferring partial write operation for 'power_inner_1[15]' 
INFO: [HLS 200-472] Inferring partial write operation for 'power_inner_1[0]' 
INFO: [HLS 200-472] Inferring partial write operation for 'power_inner_1[1]' 
INFO: [HLS 200-472] Inferring partial write operation for 'power_inner_1[2]' 
INFO: [HLS 200-472] Inferring partial write operation for 'power_inner_1[3]' 
INFO: [HLS 200-472] Inferring partial write operation for 'power_inner_1[4]' 
INFO: [HLS 200-472] Inferring partial write operation for 'power_inner_1[5]' 
INFO: [HLS 200-472] Inferring partial write operation for 'power_inner_1[6]' 
INFO: [HLS 200-472] Inferring partial write operation for 'power_inner_1[7]' 
INFO: [HLS 200-472] Inferring partial write operation for 'power_inner_1[8]' 
INFO: [HLS 200-472] Inferring partial write operation for 'power_inner_1[9]' 
INFO: [HLS 200-472] Inferring partial write operation for 'power_inner_1[10]' 
INFO: [HLS 200-472] Inferring partial write operation for 'power_inner_1[11]' 
INFO: [HLS 200-472] Inferring partial write operation for 'power_inner_1[12]' 
INFO: [HLS 200-472] Inferring partial write operation for 'power_inner_1[13]' 
INFO: [HLS 200-472] Inferring partial write operation for 'power_inner_1[14]' 
INFO: [HLS 200-472] Inferring partial write operation for 'power_inner_1[15]' 
INFO: [HLS 200-472] Inferring partial write operation for 'temp_inner_2[0]' 
INFO: [HLS 200-472] Inferring partial write operation for 'temp_inner_2[1]' 
INFO: [HLS 200-472] Inferring partial write operation for 'temp_inner_2[2]' 
INFO: [HLS 200-472] Inferring partial write operation for 'temp_inner_2[3]' 
INFO: [HLS 200-472] Inferring partial write operation for 'temp_inner_2[4]' 
INFO: [HLS 200-472] Inferring partial write operation for 'temp_inner_2[5]' 
INFO: [HLS 200-472] Inferring partial write operation for 'temp_inner_2[6]' 
INFO: [HLS 200-472] Inferring partial write operation for 'temp_inner_2[7]' 
INFO: [HLS 200-472] Inferring partial write operation for 'temp_inner_2[8]' 
INFO: [HLS 200-472] Inferring partial write operation for 'temp_inner_2[9]' 
INFO: [HLS 200-472] Inferring partial write operation for 'temp_inner_2[10]' 
INFO: [HLS 200-472] Inferring partial write operation for 'temp_inner_2[11]' 
INFO: [HLS 200-472] Inferring partial write operation for 'temp_inner_2[12]' 
INFO: [HLS 200-472] Inferring partial write operation for 'temp_inner_2[13]' 
INFO: [HLS 200-472] Inferring partial write operation for 'temp_inner_2[14]' 
INFO: [HLS 200-472] Inferring partial write operation for 'temp_inner_2[15]' 
INFO: [HLS 200-472] Inferring partial write operation for 'temp_inner_2[0]' 
INFO: [HLS 200-472] Inferring partial write operation for 'temp_inner_2[1]' 
INFO: [HLS 200-472] Inferring partial write operation for 'temp_inner_2[2]' 
INFO: [HLS 200-472] Inferring partial write operation for 'temp_inner_2[3]' 
INFO: [HLS 200-472] Inferring partial write operation for 'temp_inner_2[4]' 
INFO: [HLS 200-472] Inferring partial write operation for 'temp_inner_2[5]' 
INFO: [HLS 200-472] Inferring partial write operation for 'temp_inner_2[6]' 
INFO: [HLS 200-472] Inferring partial write operation for 'temp_inner_2[7]' 
INFO: [HLS 200-472] Inferring partial write operation for 'temp_inner_2[8]' 
INFO: [HLS 200-472] Inferring partial write operation for 'temp_inner_2[9]' 
INFO: [HLS 200-472] Inferring partial write operation for 'temp_inner_2[10]' 
INFO: [HLS 200-472] Inferring partial write operation for 'temp_inner_2[11]' 
INFO: [HLS 200-472] Inferring partial write operation for 'temp_inner_2[12]' 
INFO: [HLS 200-472] Inferring partial write operation for 'temp_inner_2[13]' 
INFO: [HLS 200-472] Inferring partial write operation for 'temp_inner_2[14]' 
INFO: [HLS 200-472] Inferring partial write operation for 'temp_inner_2[15]' 
INFO: [HLS 200-472] Inferring partial write operation for 'power_inner_2[0]' 
INFO: [HLS 200-472] Inferring partial write operation for 'power_inner_2[1]' 
INFO: [HLS 200-472] Inferring partial write operation for 'power_inner_2[2]' 
INFO: [HLS 200-472] Inferring partial write operation for 'power_inner_2[3]' 
INFO: [HLS 200-472] Inferring partial write operation for 'power_inner_2[4]' 
INFO: [HLS 200-472] Inferring partial write operation for 'power_inner_2[5]' 
INFO: [HLS 200-472] Inferring partial write operation for 'power_inner_2[6]' 
INFO: [HLS 200-472] Inferring partial write operation for 'power_inner_2[7]' 
INFO: [HLS 200-472] Inferring partial write operation for 'power_inner_2[8]' 
INFO: [HLS 200-472] Inferring partial write operation for 'power_inner_2[9]' 
INFO: [HLS 200-472] Inferring partial write operation for 'power_inner_2[10]' 
INFO: [HLS 200-472] Inferring partial write operation for 'power_inner_2[11]' 
INFO: [HLS 200-472] Inferring partial write operation for 'power_inner_2[12]' 
INFO: [HLS 200-472] Inferring partial write operation for 'power_inner_2[13]' 
INFO: [HLS 200-472] Inferring partial write operation for 'power_inner_2[14]' 
INFO: [HLS 200-472] Inferring partial write operation for 'power_inner_2[15]' 
INFO: [HLS 200-472] Inferring partial write operation for 'power_inner_2[0]' 
INFO: [HLS 200-472] Inferring partial write operation for 'power_inner_2[1]' 
INFO: [HLS 200-472] Inferring partial write operation for 'power_inner_2[2]' 
INFO: [HLS 200-472] Inferring partial write operation for 'power_inner_2[3]' 
INFO: [HLS 200-472] Inferring partial write operation for 'power_inner_2[4]' 
INFO: [HLS 200-472] Inferring partial write operation for 'power_inner_2[5]' 
INFO: [HLS 200-472] Inferring partial write operation for 'power_inner_2[6]' 
INFO: [HLS 200-472] Inferring partial write operation for 'power_inner_2[7]' 
INFO: [HLS 200-472] Inferring partial write operation for 'power_inner_2[8]' 
INFO: [HLS 200-472] Inferring partial write operation for 'power_inner_2[9]' 
INFO: [HLS 200-472] Inferring partial write operation for 'power_inner_2[10]' 
INFO: [HLS 200-472] Inferring partial write operation for 'power_inner_2[11]' 
INFO: [HLS 200-472] Inferring partial write operation for 'power_inner_2[12]' 
INFO: [HLS 200-472] Inferring partial write operation for 'power_inner_2[13]' 
INFO: [HLS 200-472] Inferring partial write operation for 'power_inner_2[14]' 
INFO: [HLS 200-472] Inferring partial write operation for 'power_inner_2[15]' 
INFO: [HLS 200-472] Inferring partial write operation for 'result' (/localhdd/zyx/rodinia-hls/Benchmarks/hotspot/hotspot_4_doublebuffer/src/hotspot.cpp:45:32)
INFO: [HLS 200-111] Finished Architecture Synthesis Time (s): cpu = 00:00:45 ; elapsed = 00:00:46 . Memory (MB): peak = 1684.457 ; gain = 1235.910 ; free physical = 38080 ; free virtual = 186737
INFO: [HLS 200-10] Starting hardware synthesis ...
INFO: [HLS 200-10] Synthesizing 'workload' ...
INFO: [HLS 200-10] ----------------------------------------------------------------
INFO: [HLS 200-42] -- Implementing module 'hotspot_stencil_core' 
INFO: [HLS 200-10] ----------------------------------------------------------------
INFO: [SCHED 204-11] Starting scheduling ...
INFO: [SCHED 204-61] Pipelining function 'hotspot_stencil_core'.
INFO: [HLS 200-1470] Pipelining result : Target II = 1, Final II = 1, Depth = 50.
INFO: [SCHED 204-11] Finished scheduling.
INFO: [HLS 200-111]  Elapsed time: 47.41 seconds; current allocated memory: 280.268 MB.
INFO: [BIND 205-100] Starting micro-architecture generation ...
INFO: [BIND 205-101] Performing variable lifetime analysis.
INFO: [BIND 205-101] Exploring resource sharing.
INFO: [BIND 205-101] Binding ...
INFO: [BIND 205-100] Finished micro-architecture generation.
INFO: [HLS 200-111]  Elapsed time: 0.12 seconds; current allocated memory: 280.644 MB.
INFO: [HLS 200-10] ----------------------------------------------------------------
INFO: [HLS 200-42] -- Implementing module 'hotspot' 
INFO: [HLS 200-10] ----------------------------------------------------------------
INFO: [SCHED 204-11] Starting scheduling ...
INFO: [SCHED 204-61] Pipelining loop 'VITIS_LOOP_26_1'.
INFO: [HLS 200-1470] Pipelining result : Target II = 1, Final II = 1, Depth = 2.
INFO: [SCHED 204-61] Pipelining loop 'VITIS_LOOP_34_3'.
INFO: [HLS 200-1470] Pipelining result : Target II = 1, Final II = 1, Depth = 54.
INFO: [SCHED 204-11] Finished scheduling.
INFO: [HLS 200-111]  Elapsed time: 35.03 seconds; current allocated memory: 295.564 MB.
INFO: [BIND 205-100] Starting micro-architecture generation ...
INFO: [BIND 205-101] Performing variable lifetime analysis.
INFO: [BIND 205-101] Exploring resource sharing.
INFO: [BIND 205-101] Binding ...
INFO: [BIND 205-100] Finished micro-architecture generation.
INFO: [HLS 200-111]  Elapsed time: 2.17 seconds; current allocated memory: 322.518 MB.
INFO: [HLS 200-10] ----------------------------------------------------------------
INFO: [HLS 200-42] -- Implementing module 'workload' 
INFO: [HLS 200-10] ----------------------------------------------------------------
INFO: [SCHED 204-11] Starting scheduling ...
INFO: [SCHED 204-61] Pipelining loop 'VITIS_LOOP_139_2.4'.
INFO: [HLS 200-1470] Pipelining result : Target II = 1, Final II = 1, Depth = 3.
INFO: [SCHED 204-61] Pipelining loop 'VITIS_LOOP_139_2.5'.
INFO: [HLS 200-1470] Pipelining result : Target II = 1, Final II = 1, Depth = 3.
INFO: [SCHED 204-61] Pipelining loop 'VITIS_LOOP_139_2.6'.
INFO: [HLS 200-1470] Pipelining result : Target II = 1, Final II = 1, Depth = 3.
INFO: [SCHED 204-61] Pipelining loop 'VITIS_LOOP_139_2.1'.
INFO: [HLS 200-1470] Pipelining result : Target II = 1, Final II = 1, Depth = 3.
INFO: [SCHED 204-61] Pipelining loop 'VITIS_LOOP_139_2.2'.
INFO: [HLS 200-1470] Pipelining result : Target II = 1, Final II = 1, Depth = 3.
INFO: [SCHED 204-61] Pipelining loop 'VITIS_LOOP_139_2.3'.
INFO: [HLS 200-1470] Pipelining result : Target II = 1, Final II = 1, Depth = 3.
INFO: [SCHED 204-61] Pipelining loop 'VITIS_LOOP_139_2.7'.
INFO: [HLS 200-1470] Pipelining result : Target II = 1, Final II = 1, Depth = 3.
INFO: [SCHED 204-61] Pipelining loop 'VITIS_LOOP_139_2.8'.
INFO: [HLS 200-1470] Pipelining result : Target II = 1, Final II = 1, Depth = 3.
INFO: [SCHED 204-61] Pipelining loop 'VITIS_LOOP_139_2.9'.
INFO: [HLS 200-1470] Pipelining result : Target II = 1, Final II = 1, Depth = 3.
INFO: [SCHED 204-61] Pipelining loop 'VITIS_LOOP_159_3.4'.
INFO: [HLS 200-1470] Pipelining result : Target II = 1, Final II = 1, Depth = 3.
INFO: [SCHED 204-61] Pipelining loop 'VITIS_LOOP_159_3.5'.
INFO: [HLS 200-1470] Pipelining result : Target II = 1, Final II = 1, Depth = 3.
INFO: [SCHED 204-61] Pipelining loop 'VITIS_LOOP_159_3.6'.
INFO: [HLS 200-1470] Pipelining result : Target II = 1, Final II = 1, Depth = 3.
INFO: [SCHED 204-61] Pipelining loop 'VITIS_LOOP_159_3.1'.
INFO: [HLS 200-1470] Pipelining result : Target II = 1, Final II = 1, Depth = 3.
INFO: [SCHED 204-61] Pipelining loop 'VITIS_LOOP_159_3.2'.
INFO: [HLS 200-1470] Pipelining result : Target II = 1, Final II = 1, Depth = 3.
INFO: [SCHED 204-61] Pipelining loop 'VITIS_LOOP_159_3.3'.
INFO: [HLS 200-1470] Pipelining result : Target II = 1, Final II = 1, Depth = 3.
INFO: [SCHED 204-61] Pipelining loop 'VITIS_LOOP_159_3.7'.
INFO: [HLS 200-1470] Pipelining result : Target II = 1, Final II = 1, Depth = 3.
