

================================================================
== Vitis HLS Report for 'hotspot'
================================================================
* Date:           Tue May 18 19:33:40 2021

* Version:        2020.1 (Build 2902540 on Wed May 27 20:16:15 MDT 2020)
* Project:        hotspot_1_kernel
* Solution:       solution (Vitis Kernel Flow Target)
* Product family: virtexuplus
* Target device:  xcu200-fsgd2104-2-e


================================================================
== Performance Estimates
================================================================
+ Timing: 
    * Summary: 
    +--------+---------+----------+------------+
    |  Clock |  Target | Estimated| Uncertainty|
    +--------+---------+----------+------------+
    |ap_clk  | 3.33 ns | 2.342 ns |   0.90 ns  |
    +--------+---------+----------+------------+

+ Latency: 
    * Summary: 
    +---------+---------+----------+----------+-------+-------+---------+
    |  Latency (cycles) |  Latency (absolute) |    Interval   | Pipeline|
    |   min   |   max   |    min   |    max   |  min  |  max  |   Type  |
    +---------+---------+----------+----------+-------+-------+---------+
    |    98357|    98357| 0.328 ms | 0.328 ms |  98357|  98357|   none  |
    +---------+---------+----------+----------+-------+-------+---------+

    + Detail: 
        * Instance: 
        N/A

        * Loop: 
        +----------------------------------+---------+---------+----------+-----------+-----------+-------+----------+
        |                                  |  Latency (cycles) | Iteration|  Initiation Interval  |  Trip |          |
        |             Loop Name            |   min   |   max   |  Latency |  achieved |   target  | Count | Pipelined|
        +----------------------------------+---------+---------+----------+-----------+-----------+-------+----------+
        |- VITIS_LOOP_9_1_VITIS_LOOP_10_2  |    98355|    98355|        55|          3|          1|  32768|    yes   |
        +----------------------------------+---------+---------+----------+-----------+-----------+-------+----------+

============================================================
+ Verbose Summary: Synthesis Manager
============================================================
InlineROM: 1
ExposeGlobal: 0
============================================================
+ Verbose Summary: CDFG Model
============================================================
IsTopModel: 0
ResetActiveHigh: 1
IsCombinational: 0
IsDatapathOnly: 0
HasWiredReturn: 1
HasMFsm: 0
HasVarLatency: 1
IsPipeline: 0
IsRtlPipelined: 0
IsInstanceOverlapped: 0
IsDontTouch: 0
HasImplIP: 0
IsGatedGlobalClock: 0

+ Individual pipeline summary: 
  * Pipeline-0: initiation interval (II) = 3, depth = 55


============================================================
+ Verbose Summary: Schedule
============================================================
* Number of FSM states : 57
* Pipeline : 1
  Pipeline-0 : II = 3, D = 55, States = { 2 3 4 5 6 7 8 9 10 11 12 13 14 15 16 17 18 19 20 21 22 23 24 25 26 27 28 29 30 31 32 33 34 35 36 37 38 39 40 41 42 43 44 45 46 47 48 49 50 51 52 53 54 55 56 }
* Dataflow Pipeline: 0

* FSM state transitions: 
1 --> 2 
2 --> 57 3 
3 --> 4 
4 --> 5 
5 --> 6 
6 --> 7 
7 --> 8 
8 --> 9 
9 --> 10 
10 --> 11 
11 --> 12 
12 --> 13 
13 --> 14 
14 --> 15 
15 --> 16 
16 --> 17 
17 --> 18 
18 --> 19 
19 --> 20 
20 --> 21 
21 --> 22 
22 --> 23 
23 --> 24 
24 --> 25 
25 --> 26 
26 --> 27 
27 --> 28 
28 --> 29 
29 --> 30 
30 --> 31 
31 --> 32 
32 --> 33 
33 --> 34 
34 --> 35 
35 --> 36 
36 --> 37 
37 --> 38 
38 --> 39 
39 --> 40 
40 --> 41 
41 --> 42 
42 --> 43 
43 --> 44 
44 --> 45 
45 --> 46 
46 --> 47 
47 --> 48 
48 --> 49 
49 --> 50 
50 --> 51 
51 --> 52 
52 --> 53 
53 --> 54 
54 --> 55 
55 --> 56 
56 --> 2 
57 --> 

* FSM state operations: 

State 1 <SV = 0> <Delay = 0.60>
ST_1 : Operation 58 [1/1] (0.00ns)   --->   "%which_boundary_read = read i3 @_ssdm_op_Read.ap_auto.i3, i3 %which_boundary"   --->   Operation 58 'read' 'which_boundary_read' <Predicate = true> <Delay = 0.00>
ST_1 : Operation 59 [1/1] (0.49ns)   --->   "%cmp3_not = icmp_ne  i3 %which_boundary_read, i3"   --->   Operation 59 'icmp' 'cmp3_not' <Predicate = true> <Delay = 0.49> <CoreInst = "Cmp">   --->   Core 10 'Cmp' <Latency = 0> <II = 1> <Delay = 0.49> <FuncUnit> <Opcode : 'icmp'> <InPorts = 2> <OutPorts = 1>
ST_1 : Operation 60 [1/1] (0.49ns)   --->   "%cmp18_not = icmp_ne  i3 %which_boundary_read, i3"   --->   Operation 60 'icmp' 'cmp18_not' <Predicate = true> <Delay = 0.49> <CoreInst = "Cmp">   --->   Core 10 'Cmp' <Latency = 0> <II = 1> <Delay = 0.49> <FuncUnit> <Opcode : 'icmp'> <InPorts = 2> <OutPorts = 1>
ST_1 : Operation 61 [1/1] (0.60ns)   --->   "%br_ln9 = br void %bb27" [/localhdd/zyx/rodinia-hls/Benchmarks/hotspot/hotspot_1_tiling/src/hotspot.cpp:9]   --->   Operation 61 'br' 'br_ln9' <Predicate = true> <Delay = 0.60>

State 2 <SV = 1> <Delay = 1.01>
ST_2 : Operation 62 [1/1] (0.00ns)   --->   "%indvar_flatten = phi i16, void, i16 %add_ln9, void %.split" [/localhdd/zyx/rodinia-hls/Benchmarks/hotspot/hotspot_1_tiling/src/hotspot.cpp:9]   --->   Operation 62 'phi' 'indvar_flatten' <Predicate = true> <Delay = 0.00>
ST_2 : Operation 63 [1/1] (0.00ns)   --->   "%r = phi i7, void, i7 %select_ln9_1, void %.split" [/localhdd/zyx/rodinia-hls/Benchmarks/hotspot/hotspot_1_tiling/src/hotspot.cpp:9]   --->   Operation 63 'phi' 'r' <Predicate = true> <Delay = 0.00>
ST_2 : Operation 64 [1/1] (0.00ns)   --->   "%c = phi i10, void, i10 %add_ln10, void %.split" [/localhdd/zyx/rodinia-hls/Benchmarks/hotspot/hotspot_1_tiling/src/hotspot.cpp:10]   --->   Operation 64 'phi' 'c' <Predicate = true> <Delay = 0.00>
ST_2 : Operation 65 [1/1] (0.00ns)   --->   "%specpipeline_ln0 = specpipeline void @_ssdm_op_SpecPipeline, i32, i32, i32, i32, void @p_str"   --->   Operation 65 'specpipeline' 'specpipeline_ln0' <Predicate = true> <Delay = 0.00>
ST_2 : Operation 66 [1/1] (0.67ns)   --->   "%icmp_ln9 = icmp_eq  i16 %indvar_flatten, i16" [/localhdd/zyx/rodinia-hls/Benchmarks/hotspot/hotspot_1_tiling/src/hotspot.cpp:9]   --->   Operation 66 'icmp' 'icmp_ln9' <Predicate = true> <Delay = 0.67> <CoreInst = "Cmp">   --->   Core 10 'Cmp' <Latency = 0> <II = 1> <Delay = 0.49> <FuncUnit> <Opcode : 'icmp'> <InPorts = 2> <OutPorts = 1>
ST_2 : Operation 67 [1/1] (0.78ns)   --->   "%add_ln9 = add i16 %indvar_flatten, i16" [/localhdd/zyx/rodinia-hls/Benchmarks/hotspot/hotspot_1_tiling/src/hotspot.cpp:9]   --->   Operation 67 'add' 'add_ln9' <Predicate = true> <Delay = 0.78> <CoreInst = "Adder">   --->   Core 1 'Adder' <Latency = 0> <II = 1> <Delay = 0.72> <FuncUnit> <Opcode : 'add' 'sub'> <InPorts = 2> <OutPorts = 1>
ST_2 : Operation 68 [1/1] (0.00ns)   --->   "%br_ln9 = br i1 %icmp_ln9, void %.split, void" [/localhdd/zyx/rodinia-hls/Benchmarks/hotspot/hotspot_1_tiling/src/hotspot.cpp:9]   --->   Operation 68 'br' 'br_ln9' <Predicate = true> <Delay = 0.00>
ST_2 : Operation 69 [1/1] (0.60ns)   --->   "%icmp_ln10 = icmp_eq  i10 %c, i10" [/localhdd/zyx/rodinia-hls/Benchmarks/hotspot/hotspot_1_tiling/src/hotspot.cpp:10]   --->   Operation 69 'icmp' 'icmp_ln10' <Predicate = (!icmp_ln9)> <Delay = 0.60> <CoreInst = "Cmp">   --->   Core 10 'Cmp' <Latency = 0> <II = 1> <Delay = 0.49> <FuncUnit> <Opcode : 'icmp'> <InPorts = 2> <OutPorts = 1>
ST_2 : Operation 70 [1/1] (0.30ns)   --->   "%select_ln9 = select i1 %icmp_ln10, i10, i10 %c" [/localhdd/zyx/rodinia-hls/Benchmarks/hotspot/hotspot_1_tiling/src/hotspot.cpp:9]   --->   Operation 70 'select' 'select_ln9' <Predicate = (!icmp_ln9)> <Delay = 0.30> <CoreInst = "Sel">   --->   Core 11 'Sel' <Latency = 0> <II = 1> <Delay = 0.24> <FuncUnit> <Opcode : 'select'> <InPorts = 3> <OutPorts = 1>
ST_2 : Operation 71 [1/1] (0.70ns)   --->   "%add_ln9_1 = add i7, i7 %r" [/localhdd/zyx/rodinia-hls/Benchmarks/hotspot/hotspot_1_tiling/src/hotspot.cpp:9]   --->   Operation 71 'add' 'add_ln9_1' <Predicate = (!icmp_ln9)> <Delay = 0.70> <CoreInst = "Adder">   --->   Core 1 'Adder' <Latency = 0> <II = 1> <Delay = 0.72> <FuncUnit> <Opcode : 'add' 'sub'> <InPorts = 2> <OutPorts = 1>
ST_2 : Operation 72 [1/1] (0.30ns)   --->   "%select_ln9_1 = select i1 %icmp_ln10, i7 %add_ln9_1, i7 %r" [/localhdd/zyx/rodinia-hls/Benchmarks/hotspot/hotspot_1_tiling/src/hotspot.cpp:9]   --->   Operation 72 'select' 'select_ln9_1' <Predicate = (!icmp_ln9)> <Delay = 0.30> <CoreInst = "Sel">   --->   Core 11 'Sel' <Latency = 0> <II = 1> <Delay = 0.24> <FuncUnit> <Opcode : 'select'> <InPorts = 3> <OutPorts = 1>
ST_2 : Operation 73 [1/1] (0.00ns)   --->   "%trunc_ln9 = trunc i7 %select_ln9_1" [/localhdd/zyx/rodinia-hls/Benchmarks/hotspot/hotspot_1_tiling/src/hotspot.cpp:9]   --->   Operation 73 'trunc' 'trunc_ln9' <Predicate = (!icmp_ln9)> <Delay = 0.00>
ST_2 : Operation 74 [1/1] (0.59ns)   --->   "%cmp4_not6 = icmp_ne  i7 %r, i7" [/localhdd/zyx/rodinia-hls/Benchmarks/hotspot/hotspot_1_tiling/src/hotspot.cpp:9]   --->   Operation 74 'icmp' 'cmp4_not6' <Predicate = (!icmp_ln9)> <Delay = 0.59> <CoreInst = "Cmp">   --->   Core 10 'Cmp' <Latency = 0> <II = 1> <Delay = 0.49> <FuncUnit> <Opcode : 'icmp'> <InPorts = 2> <OutPorts = 1>
ST_2 : Operation 75 [1/1] (0.59ns)   --->   "%cmp19_not5 = icmp_ne  i7 %r, i7" [/localhdd/zyx/rodinia-hls/Benchmarks/hotspot/hotspot_1_tiling/src/hotspot.cpp:9]   --->   Operation 75 'icmp' 'cmp19_not5' <Predicate = (!icmp_ln9)> <Delay = 0.59> <CoreInst = "Cmp">   --->   Core 10 'Cmp' <Latency = 0> <II = 1> <Delay = 0.49> <FuncUnit> <Opcode : 'icmp'> <InPorts = 2> <OutPorts = 1>

State 3 <SV = 2> <Delay = 2.21>
ST_3 : Operation 76 [1/1] (0.00ns)   --->   "%p_mid2 = bitconcatenate i15 @_ssdm_op_BitConcatenate.i15.i6.i9, i6 %trunc_ln9, i9" [/localhdd/zyx/rodinia-hls/Benchmarks/hotspot/hotspot_1_tiling/src/hotspot.cpp:9]   --->   Operation 76 'bitconcatenate' 'p_mid2' <Predicate = (!icmp_ln9)> <Delay = 0.00>
ST_3 : Operation 77 [1/1] (0.00ns)   --->   "%zext_ln9 = zext i15 %p_mid2" [/localhdd/zyx/rodinia-hls/Benchmarks/hotspot/hotspot_1_tiling/src/hotspot.cpp:9]   --->   Operation 77 'zext' 'zext_ln9' <Predicate = (!icmp_ln9)> <Delay = 0.00>
ST_3 : Operation 78 [1/1] (0.59ns)   --->   "%cmp4_not_mid1 = icmp_ne  i7 %add_ln9_1, i7" [/localhdd/zyx/rodinia-hls/Benchmarks/hotspot/hotspot_1_tiling/src/hotspot.cpp:9]   --->   Operation 78 'icmp' 'cmp4_not_mid1' <Predicate = (!icmp_ln9 & icmp_ln10)> <Delay = 0.59> <CoreInst = "Cmp">   --->   Core 10 'Cmp' <Latency = 0> <II = 1> <Delay = 0.49> <FuncUnit> <Opcode : 'icmp'> <InPorts = 2> <OutPorts = 1>
ST_3 : Operation 79 [1/1] (0.00ns) (grouped into LUT with out node top)   --->   "%select_ln9_2 = select i1 %icmp_ln10, i1 %cmp4_not_mid1, i1 %cmp4_not6" [/localhdd/zyx/rodinia-hls/Benchmarks/hotspot/hotspot_1_tiling/src/hotspot.cpp:9]   --->   Operation 79 'select' 'select_ln9_2' <Predicate = (!icmp_ln9)> <Delay = 0.00> <CoreInst = "Sel">   --->   Core 11 'Sel' <Latency = 0> <II = 1> <Delay = 0.24> <FuncUnit> <Opcode : 'select'> <InPorts = 3> <OutPorts = 1>
ST_3 : Operation 80 [1/1] (0.00ns) (grouped into LUT with out node top)   --->   "%or_ln9 = or i1 %cmp3_not, i1 %select_ln9_2" [/localhdd/zyx/rodinia-hls/Benchmarks/hotspot/hotspot_1_tiling/src/hotspot.cpp:9]   --->   Operation 80 'or' 'or_ln9' <Predicate = (!icmp_ln9)> <Delay = 0.00> <CoreInst = "LogicGate">   --->   Core 12 'LogicGate' <Latency = 0> <II = 1> <Delay = 0.19> <FuncUnit> <Opcode : 'and' 'or' 'xor'> <InPorts = 2> <OutPorts = 1>
ST_3 : Operation 81 [1/1] (0.59ns)   --->   "%cmp19_not_mid1 = icmp_ne  i7 %add_ln9_1, i7" [/localhdd/zyx/rodinia-hls/Benchmarks/hotspot/hotspot_1_tiling/src/hotspot.cpp:9]   --->   Operation 81 'icmp' 'cmp19_not_mid1' <Predicate = (!icmp_ln9 & icmp_ln10)> <Delay = 0.59> <CoreInst = "Cmp">   --->   Core 10 'Cmp' <Latency = 0> <II = 1> <Delay = 0.49> <FuncUnit> <Opcode : 'icmp'> <InPorts = 2> <OutPorts = 1>
ST_3 : Operation 82 [1/1] (0.00ns) (grouped into LUT with out node bottom)   --->   "%select_ln9_3 = select i1 %icmp_ln10, i1 %cmp19_not_mid1, i1 %cmp19_not5" [/localhdd/zyx/rodinia-hls/Benchmarks/hotspot/hotspot_1_tiling/src/hotspot.cpp:9]   --->   Operation 82 'select' 'select_ln9_3' <Predicate = (!icmp_ln9)> <Delay = 0.00> <CoreInst = "Sel">   --->   Core 11 'Sel' <Latency = 0> <II = 1> <Delay = 0.24> <FuncUnit> <Opcode : 'select'> <InPorts = 3> <OutPorts = 1>
ST_3 : Operation 83 [1/1] (0.00ns) (grouped into LUT with out node bottom)   --->   "%or_ln9_1 = or i1 %cmp18_not, i1 %select_ln9_3" [/localhdd/zyx/rodinia-hls/Benchmarks/hotspot/hotspot_1_tiling/src/hotspot.cpp:9]   --->   Operation 83 'or' 'or_ln9_1' <Predicate = (!icmp_ln9)> <Delay = 0.00> <CoreInst = "LogicGate">   --->   Core 12 'LogicGate' <Latency = 0> <II = 1> <Delay = 0.19> <FuncUnit> <Opcode : 'and' 'or' 'xor'> <InPorts = 2> <OutPorts = 1>
ST_3 : Operation 84 [1/1] (0.00ns)   --->   "%c_cast = zext i10 %select_ln9" [/localhdd/zyx/rodinia-hls/Benchmarks/hotspot/hotspot_1_tiling/src/hotspot.cpp:9]   --->   Operation 84 'zext' 'c_cast' <Predicate = (!icmp_ln9)> <Delay = 0.00>
ST_3 : Operation 85 [1/1] (0.00ns) (grouped into LUT with out node add_ln12)   --->   "%xor_ln12 = xor i10 %select_ln9, i10" [/localhdd/zyx/rodinia-hls/Benchmarks/hotspot/hotspot_1_tiling/src/hotspot.cpp:12]   --->   Operation 85 'xor' 'xor_ln12' <Predicate = (!icmp_ln9)> <Delay = 0.00> <CoreInst = "LogicGate">   --->   Core 12 'LogicGate' <Latency = 0> <II = 1> <Delay = 0.19> <FuncUnit> <Opcode : 'and' 'or' 'xor'> <InPorts = 2> <OutPorts = 1>
ST_3 : Operation 86 [1/1] (0.00ns) (grouped into LUT with out node add_ln12)   --->   "%zext_ln12 = zext i10 %xor_ln12" [/localhdd/zyx/rodinia-hls/Benchmarks/hotspot/hotspot_1_tiling/src/hotspot.cpp:12]   --->   Operation 86 'zext' 'zext_ln12' <Predicate = (!icmp_ln9)> <Delay = 0.00>
ST_3 : Operation 87 [1/1] (0.77ns) (out node of the LUT)   --->   "%add_ln12 = add i16 %zext_ln12, i16 %zext_ln9" [/localhdd/zyx/rodinia-hls/Benchmarks/hotspot/hotspot_1_tiling/src/hotspot.cpp:12]   --->   Operation 87 'add' 'add_ln12' <Predicate = (!icmp_ln9)> <Delay = 0.77> <CoreInst = "Adder">   --->   Core 1 'Adder' <Latency = 0> <II = 1> <Delay = 0.72> <FuncUnit> <Opcode : 'add' 'sub'> <InPorts = 2> <OutPorts = 1>
ST_3 : Operation 88 [1/1] (0.77ns)   --->   "%add_ln13 = add i15 %c_cast, i15 %p_mid2" [/localhdd/zyx/rodinia-hls/Benchmarks/hotspot/hotspot_1_tiling/src/hotspot.cpp:13]   --->   Operation 88 'add' 'add_ln13' <Predicate = (!icmp_ln9)> <Delay = 0.77> <CoreInst = "Adder">   --->   Core 1 'Adder' <Latency = 0> <II = 1> <Delay = 0.72> <FuncUnit> <Opcode : 'add' 'sub'> <InPorts = 2> <OutPorts = 1>
ST_3 : Operation 89 [1/1] (0.00ns) (grouped into LUT with out node top)   --->   "%add_ln13_cast = zext i15 %add_ln13" [/localhdd/zyx/rodinia-hls/Benchmarks/hotspot/hotspot_1_tiling/src/hotspot.cpp:13]   --->   Operation 89 'zext' 'add_ln13_cast' <Predicate = (!icmp_ln9)> <Delay = 0.00>
ST_3 : Operation 90 [1/1] (0.27ns) (out node of the LUT)   --->   "%top = select i1 %or_ln9, i16 %add_ln13_cast, i16 %add_ln12" [/localhdd/zyx/rodinia-hls/Benchmarks/hotspot/hotspot_1_tiling/src/hotspot.cpp:9]   --->   Operation 90 'select' 'top' <Predicate = (!icmp_ln9)> <Delay = 0.27> <CoreInst = "Sel">   --->   Core 11 'Sel' <Latency = 0> <II = 1> <Delay = 0.24> <FuncUnit> <Opcode : 'select'> <InPorts = 3> <OutPorts = 1>
ST_3 : Operation 91 [1/1] (0.00ns)   --->   "%zext_ln13_1 = zext i16 %top" [/localhdd/zyx/rodinia-hls/Benchmarks/hotspot/hotspot_1_tiling/src/hotspot.cpp:13]   --->   Operation 91 'zext' 'zext_ln13_1' <Predicate = (!icmp_ln9)> <Delay = 0.00>
ST_3 : Operation 92 [1/1] (0.00ns)   --->   "%temp_addr_1 = getelementptr i32 %temp, i64, i64 %zext_ln13_1" [/localhdd/zyx/rodinia-hls/Benchmarks/hotspot/hotspot_1_tiling/src/hotspot.cpp:13]   --->   Operation 92 'getelementptr' 'temp_addr_1' <Predicate = (!icmp_ln9)> <Delay = 0.00>
ST_3 : Operation 93 [2/2] (1.15ns)   --->   "%top_1 = load i16 %temp_addr_1" [/localhdd/zyx/rodinia-hls/Benchmarks/hotspot/hotspot_1_tiling/src/hotspot.cpp:13]   --->   Operation 93 'load' 'top_1' <Predicate = (!icmp_ln9)> <Delay = 1.15> <CoreInst = "RAM">   --->   Core 23 'RAM' <Latency = 1> <II = 1> <Delay = 1.15> <Storage> <Opcode : 'load' 'store'> <Ports = 2> <Width = 32> <Depth = 33792> <RAM>
ST_3 : Operation 94 [1/1] (0.00ns)   --->   "%or_ln = bitconcatenate i11 @_ssdm_op_BitConcatenate.i11.i1.i10, i1, i10 %select_ln9" [/localhdd/zyx/rodinia-hls/Benchmarks/hotspot/hotspot_1_tiling/src/hotspot.cpp:15]   --->   Operation 94 'bitconcatenate' 'or_ln' <Predicate = (!icmp_ln9)> <Delay = 0.00>
ST_3 : Operation 95 [1/1] (0.00ns)   --->   "%zext_ln15 = zext i11 %or_ln" [/localhdd/zyx/rodinia-hls/Benchmarks/hotspot/hotspot_1_tiling/src/hotspot.cpp:15]   --->   Operation 95 'zext' 'zext_ln15' <Predicate = (!icmp_ln9)> <Delay = 0.00>
ST_3 : Operation 96 [1/1] (0.77ns)   --->   "%add_ln15 = add i16 %zext_ln15, i16 %zext_ln9" [/localhdd/zyx/rodinia-hls/Benchmarks/hotspot/hotspot_1_tiling/src/hotspot.cpp:15]   --->   Operation 96 'add' 'add_ln15' <Predicate = (!icmp_ln9)> <Delay = 0.77> <CoreInst = "Adder">   --->   Core 1 'Adder' <Latency = 0> <II = 1> <Delay = 0.72> <FuncUnit> <Opcode : 'add' 'sub'> <InPorts = 2> <OutPorts = 1>
ST_3 : Operation 97 [1/1] (0.27ns) (out node of the LUT)   --->   "%bottom = select i1 %or_ln9_1, i16 %add_ln15, i16 %add_ln12" [/localhdd/zyx/rodinia-hls/Benchmarks/hotspot/hotspot_1_tiling/src/hotspot.cpp:9]   --->   Operation 97 'select' 'bottom' <Predicate = (!icmp_ln9)> <Delay = 0.27> <CoreInst = "Sel">   --->   Core 11 'Sel' <Latency = 0> <II = 1> <Delay = 0.24> <FuncUnit> <Opcode : 'select'> <InPorts = 3> <OutPorts = 1>
ST_3 : Operation 98 [1/1] (0.00ns)   --->   "%zext_ln15_1 = zext i16 %bottom" [/localhdd/zyx/rodinia-hls/Benchmarks/hotspot/hotspot_1_tiling/src/hotspot.cpp:15]   --->   Operation 98 'zext' 'zext_ln15_1' <Predicate = (!icmp_ln9)> <Delay = 0.00>
ST_3 : Operation 99 [1/1] (0.00ns)   --->   "%temp_addr_3 = getelementptr i32 %temp, i64, i64 %zext_ln15_1" [/localhdd/zyx/rodinia-hls/Benchmarks/hotspot/hotspot_1_tiling/src/hotspot.cpp:15]   --->   Operation 99 'getelementptr' 'temp_addr_3' <Predicate = (!icmp_ln9)> <Delay = 0.00>
ST_3 : Operation 100 [2/2] (1.15ns)   --->   "%bottom_1 = load i16 %temp_addr_3" [/localhdd/zyx/rodinia-hls/Benchmarks/hotspot/hotspot_1_tiling/src/hotspot.cpp:15]   --->   Operation 100 'load' 'bottom_1' <Predicate = (!icmp_ln9)> <Delay = 1.15> <CoreInst = "RAM">   --->   Core 23 'RAM' <Latency = 1> <II = 1> <Delay = 1.15> <Storage> <Opcode : 'load' 'store'> <Ports = 2> <Width = 32> <Depth = 33792> <RAM>

State 4 <SV = 3> <Delay = 2.18>
ST_4 : Operation 101 [1/1] (0.00ns)   --->   "%zext_ln12_1 = zext i16 %add_ln12" [/localhdd/zyx/rodinia-hls/Benchmarks/hotspot/hotspot_1_tiling/src/hotspot.cpp:12]   --->   Operation 101 'zext' 'zext_ln12_1' <Predicate = (!icmp_ln9)> <Delay = 0.00>
ST_4 : Operation 102 [1/1] (0.00ns)   --->   "%temp_addr = getelementptr i32 %temp, i64, i64 %zext_ln12_1" [/localhdd/zyx/rodinia-hls/Benchmarks/hotspot/hotspot_1_tiling/src/hotspot.cpp:12]   --->   Operation 102 'getelementptr' 'temp_addr' <Predicate = (!icmp_ln9)> <Delay = 0.00>
ST_4 : Operation 103 [2/2] (1.15ns)   --->   "%center = load i16 %temp_addr" [/localhdd/zyx/rodinia-hls/Benchmarks/hotspot/hotspot_1_tiling/src/hotspot.cpp:12]   --->   Operation 103 'load' 'center' <Predicate = (!icmp_ln9)> <Delay = 1.15> <CoreInst = "RAM">   --->   Core 23 'RAM' <Latency = 1> <II = 1> <Delay = 1.15> <Storage> <Opcode : 'load' 'store'> <Ports = 2> <Width = 32> <Depth = 33792> <RAM>
ST_4 : Operation 104 [1/2] (1.15ns)   --->   "%top_1 = load i16 %temp_addr_1" [/localhdd/zyx/rodinia-hls/Benchmarks/hotspot/hotspot_1_tiling/src/hotspot.cpp:13]   --->   Operation 104 'load' 'top_1' <Predicate = (!icmp_ln9)> <Delay = 1.15> <CoreInst = "RAM">   --->   Core 23 'RAM' <Latency = 1> <II = 1> <Delay = 1.15> <Storage> <Opcode : 'load' 'store'> <Ports = 2> <Width = 32> <Depth = 33792> <RAM>
ST_4 : Operation 105 [1/1] (0.60ns)   --->   "%icmp_ln14 = icmp_eq  i10 %select_ln9, i10" [/localhdd/zyx/rodinia-hls/Benchmarks/hotspot/hotspot_1_tiling/src/hotspot.cpp:14]   --->   Operation 105 'icmp' 'icmp_ln14' <Predicate = (!icmp_ln9)> <Delay = 0.60> <CoreInst = "Cmp">   --->   Core 10 'Cmp' <Latency = 0> <II = 1> <Delay = 0.49> <FuncUnit> <Opcode : 'icmp'> <InPorts = 2> <OutPorts = 1>
ST_4 : Operation 106 [1/1] (0.78ns)   --->   "%add_ln14 = add i16, i16 %add_ln12" [/localhdd/zyx/rodinia-hls/Benchmarks/hotspot/hotspot_1_tiling/src/hotspot.cpp:14]   --->   Operation 106 'add' 'add_ln14' <Predicate = (!icmp_ln9)> <Delay = 0.78> <CoreInst = "Adder">   --->   Core 1 'Adder' <Latency = 0> <II = 1> <Delay = 0.72> <FuncUnit> <Opcode : 'add' 'sub'> <InPorts = 2> <OutPorts = 1>
ST_4 : Operation 107 [1/1] (0.24ns)   --->   "%select_ln14 = select i1 %icmp_ln14, i16 %add_ln12, i16 %add_ln14" [/localhdd/zyx/rodinia-hls/Benchmarks/hotspot/hotspot_1_tiling/src/hotspot.cpp:14]   --->   Operation 107 'select' 'select_ln14' <Predicate = (!icmp_ln9)> <Delay = 0.24> <CoreInst = "Sel">   --->   Core 11 'Sel' <Latency = 0> <II = 1> <Delay = 0.24> <FuncUnit> <Opcode : 'select'> <InPorts = 3> <OutPorts = 1>
ST_4 : Operation 108 [1/1] (0.00ns)   --->   "%zext_ln12_2 = zext i16 %select_ln14" [/localhdd/zyx/rodinia-hls/Benchmarks/hotspot/hotspot_1_tiling/src/hotspot.cpp:12]   --->   Operation 108 'zext' 'zext_ln12_2' <Predicate = (!icmp_ln9)> <Delay = 0.00>
ST_4 : Operation 109 [1/1] (0.00ns)   --->   "%temp_addr_2 = getelementptr i32 %temp, i64, i64 %zext_ln12_2" [/localhdd/zyx/rodinia-hls/Benchmarks/hotspot/hotspot_1_tiling/src/hotspot.cpp:12]   --->   Operation 109 'getelementptr' 'temp_addr_2' <Predicate = (!icmp_ln9)> <Delay = 0.00>
ST_4 : Operation 110 [2/2] (1.15ns)   --->   "%right = load i16 %temp_addr_2" [/localhdd/zyx/rodinia-hls/Benchmarks/hotspot/hotspot_1_tiling/src/hotspot.cpp:14]   --->   Operation 110 'load' 'right' <Predicate = (!icmp_ln9)> <Delay = 1.15> <CoreInst = "RAM">   --->   Core 23 'RAM' <Latency = 1> <II = 1> <Delay = 1.15> <Storage> <Opcode : 'load' 'store'> <Ports = 2> <Width = 32> <Depth = 33792> <RAM>
ST_4 : Operation 111 [1/2] (1.15ns)   --->   "%bottom_1 = load i16 %temp_addr_3" [/localhdd/zyx/rodinia-hls/Benchmarks/hotspot/hotspot_1_tiling/src/hotspot.cpp:15]   --->   Operation 111 'load' 'bottom_1' <Predicate = (!icmp_ln9)> <Delay = 1.15> <CoreInst = "RAM">   --->   Core 23 'RAM' <Latency = 1> <II = 1> <Delay = 1.15> <Storage> <Opcode : 'load' 'store'> <Ports = 2> <Width = 32> <Depth = 33792> <RAM>
ST_4 : Operation 112 [1/1] (0.72ns)   --->   "%add_ln10 = add i10, i10 %select_ln9" [/localhdd/zyx/rodinia-hls/Benchmarks/hotspot/hotspot_1_tiling/src/hotspot.cpp:10]   --->   Operation 112 'add' 'add_ln10' <Predicate = (!icmp_ln9)> <Delay = 0.72> <CoreInst = "Adder">   --->   Core 1 'Adder' <Latency = 0> <II = 1> <Delay = 0.72> <FuncUnit> <Opcode : 'add' 'sub'> <InPorts = 2> <OutPorts = 1>

State 5 <SV = 4> <Delay = 2.34>
ST_5 : Operation 113 [1/2] (1.15ns)   --->   "%center = load i16 %temp_addr" [/localhdd/zyx/rodinia-hls/Benchmarks/hotspot/hotspot_1_tiling/src/hotspot.cpp:12]   --->   Operation 113 'load' 'center' <Predicate = (!icmp_ln9)> <Delay = 1.15> <CoreInst = "RAM">   --->   Core 23 'RAM' <Latency = 1> <II = 1> <Delay = 1.15> <Storage> <Opcode : 'load' 'store'> <Ports = 2> <Width = 32> <Depth = 33792> <RAM>
ST_5 : Operation 114 [1/2] (1.15ns)   --->   "%right = load i16 %temp_addr_2" [/localhdd/zyx/rodinia-hls/Benchmarks/hotspot/hotspot_1_tiling/src/hotspot.cpp:14]   --->   Operation 114 'load' 'right' <Predicate = (!icmp_ln9)> <Delay = 1.15> <CoreInst = "RAM">   --->   Core 23 'RAM' <Latency = 1> <II = 1> <Delay = 1.15> <Storage> <Opcode : 'load' 'store'> <Ports = 2> <Width = 32> <Depth = 33792> <RAM>
ST_5 : Operation 115 [1/1] (0.60ns)   --->   "%icmp_ln16 = icmp_eq  i10 %select_ln9, i10" [/localhdd/zyx/rodinia-hls/Benchmarks/hotspot/hotspot_1_tiling/src/hotspot.cpp:16]   --->   Operation 115 'icmp' 'icmp_ln16' <Predicate = (!icmp_ln9)> <Delay = 0.60> <CoreInst = "Cmp">   --->   Core 10 'Cmp' <Latency = 0> <II = 1> <Delay = 0.49> <FuncUnit> <Opcode : 'icmp'> <InPorts = 2> <OutPorts = 1>
ST_5 : Operation 116 [1/1] (0.78ns)   --->   "%add_ln16 = add i16, i16 %add_ln12" [/localhdd/zyx/rodinia-hls/Benchmarks/hotspot/hotspot_1_tiling/src/hotspot.cpp:16]   --->   Operation 116 'add' 'add_ln16' <Predicate = (!icmp_ln9)> <Delay = 0.78> <CoreInst = "Adder">   --->   Core 1 'Adder' <Latency = 0> <II = 1> <Delay = 0.72> <FuncUnit> <Opcode : 'add' 'sub'> <InPorts = 2> <OutPorts = 1>
ST_5 : Operation 117 [1/1] (0.24ns)   --->   "%select_ln16 = select i1 %icmp_ln16, i16 %add_ln12, i16 %add_ln16" [/localhdd/zyx/rodinia-hls/Benchmarks/hotspot/hotspot_1_tiling/src/hotspot.cpp:16]   --->   Operation 117 'select' 'select_ln16' <Predicate = (!icmp_ln9)> <Delay = 0.24> <CoreInst = "Sel">   --->   Core 11 'Sel' <Latency = 0> <II = 1> <Delay = 0.24> <FuncUnit> <Opcode : 'select'> <InPorts = 3> <OutPorts = 1>
ST_5 : Operation 118 [1/1] (0.00ns)   --->   "%zext_ln12_3 = zext i16 %select_ln16" [/localhdd/zyx/rodinia-hls/Benchmarks/hotspot/hotspot_1_tiling/src/hotspot.cpp:12]   --->   Operation 118 'zext' 'zext_ln12_3' <Predicate = (!icmp_ln9)> <Delay = 0.00>
ST_5 : Operation 119 [1/1] (0.00ns)   --->   "%temp_addr_4 = getelementptr i32 %temp, i64, i64 %zext_ln12_3" [/localhdd/zyx/rodinia-hls/Benchmarks/hotspot/hotspot_1_tiling/src/hotspot.cpp:12]   --->   Operation 119 'getelementptr' 'temp_addr_4' <Predicate = (!icmp_ln9)> <Delay = 0.00>
ST_5 : Operation 120 [2/2] (1.15ns)   --->   "%left = load i16 %temp_addr_4" [/localhdd/zyx/rodinia-hls/Benchmarks/hotspot/hotspot_1_tiling/src/hotspot.cpp:16]   --->   Operation 120 'load' 'left' <Predicate = (!icmp_ln9)> <Delay = 1.15> <CoreInst = "RAM">   --->   Core 23 'RAM' <Latency = 1> <II = 1> <Delay = 1.15> <Storage> <Opcode : 'load' 'store'> <Ports = 2> <Width = 32> <Depth = 33792> <RAM>
ST_5 : Operation 121 [7/7] (2.34ns)   --->   "%add = fadd i32 %top_1, i32 %bottom_1" [/localhdd/zyx/rodinia-hls/Benchmarks/hotspot/hotspot_1_tiling/src/hotspot.cpp:19]   --->   Operation 121 'fadd' 'add' <Predicate = (!icmp_ln9)> <Delay = 2.34> <CoreInst = "FAddSub_fulldsp">   --->   Core 74 'FAddSub_fulldsp' <Latency = 6> <II = 1> <Delay = 2.34> <FuncUnit> <Opcode : 'fadd' 'fsub'> <InPorts = 2> <OutPorts = 1>

State 6 <SV = 5> <Delay = 2.34>
ST_6 : Operation 122 [1/2] (1.15ns)   --->   "%left = load i16 %temp_addr_4" [/localhdd/zyx/rodinia-hls/Benchmarks/hotspot/hotspot_1_tiling/src/hotspot.cpp:16]   --->   Operation 122 'load' 'left' <Predicate = (!icmp_ln9)> <Delay = 1.15> <CoreInst = "RAM">   --->   Core 23 'RAM' <Latency = 1> <II = 1> <Delay = 1.15> <Storage> <Opcode : 'load' 'store'> <Ports = 2> <Width = 32> <Depth = 33792> <RAM>
ST_6 : Operation 123 [6/7] (2.34ns)   --->   "%add = fadd i32 %top_1, i32 %bottom_1" [/localhdd/zyx/rodinia-hls/Benchmarks/hotspot/hotspot_1_tiling/src/hotspot.cpp:19]   --->   Operation 123 'fadd' 'add' <Predicate = (!icmp_ln9)> <Delay = 2.34> <CoreInst = "FAddSub_fulldsp">   --->   Core 74 'FAddSub_fulldsp' <Latency = 6> <II = 1> <Delay = 2.34> <FuncUnit> <Opcode : 'fadd' 'fsub'> <InPorts = 2> <OutPorts = 1>
ST_6 : Operation 124 [4/4] (2.32ns)   --->   "%mul = fmul i32 %center, i32" [/localhdd/zyx/rodinia-hls/Benchmarks/hotspot/hotspot_1_tiling/src/hotspot.cpp:19]   --->   Operation 124 'fmul' 'mul' <Predicate = (!icmp_ln9)> <Delay = 2.32> <CoreInst = "FMul_maxdsp">   --->   Core 86 'FMul_maxdsp' <Latency = 3> <II = 1> <Delay = 2.32> <FuncUnit> <Opcode : 'fmul'> <InPorts = 2> <OutPorts = 1>
ST_6 : Operation 125 [7/7] (2.34ns)   --->   "%sub2 = fsub i32, i32 %center" [/localhdd/zyx/rodinia-hls/Benchmarks/hotspot/hotspot_1_tiling/src/hotspot.cpp:21]   --->   Operation 125 'fsub' 'sub2' <Predicate = (!icmp_ln9)> <Delay = 2.34> <CoreInst = "FAddSub_fulldsp">   --->   Core 74 'FAddSub_fulldsp' <Latency = 6> <II = 1> <Delay = 2.34> <FuncUnit> <Opcode : 'fadd' 'fsub'> <InPorts = 2> <OutPorts = 1>

State 7 <SV = 6> <Delay = 2.34>
ST_7 : Operation 126 [5/7] (2.34ns)   --->   "%add = fadd i32 %top_1, i32 %bottom_1" [/localhdd/zyx/rodinia-hls/Benchmarks/hotspot/hotspot_1_tiling/src/hotspot.cpp:19]   --->   Operation 126 'fadd' 'add' <Predicate = (!icmp_ln9)> <Delay = 2.34> <CoreInst = "FAddSub_fulldsp">   --->   Core 74 'FAddSub_fulldsp' <Latency = 6> <II = 1> <Delay = 2.34> <FuncUnit> <Opcode : 'fadd' 'fsub'> <InPorts = 2> <OutPorts = 1>
ST_7 : Operation 127 [3/4] (2.32ns)   --->   "%mul = fmul i32 %center, i32" [/localhdd/zyx/rodinia-hls/Benchmarks/hotspot/hotspot_1_tiling/src/hotspot.cpp:19]   --->   Operation 127 'fmul' 'mul' <Predicate = (!icmp_ln9)> <Delay = 2.32> <CoreInst = "FMul_maxdsp">   --->   Core 86 'FMul_maxdsp' <Latency = 3> <II = 1> <Delay = 2.32> <FuncUnit> <Opcode : 'fmul'> <InPorts = 2> <OutPorts = 1>
ST_7 : Operation 128 [7/7] (2.34ns)   --->   "%add2 = fadd i32 %right, i32 %left" [/localhdd/zyx/rodinia-hls/Benchmarks/hotspot/hotspot_1_tiling/src/hotspot.cpp:20]   --->   Operation 128 'fadd' 'add2' <Predicate = (!icmp_ln9)> <Delay = 2.34> <CoreInst = "FAddSub_fulldsp">   --->   Core 74 'FAddSub_fulldsp' <Latency = 6> <II = 1> <Delay = 2.34> <FuncUnit> <Opcode : 'fadd' 'fsub'> <InPorts = 2> <OutPorts = 1>
ST_7 : Operation 129 [6/7] (2.34ns)   --->   "%sub2 = fsub i32, i32 %center" [/localhdd/zyx/rodinia-hls/Benchmarks/hotspot/hotspot_1_tiling/src/hotspot.cpp:21]   --->   Operation 129 'fsub' 'sub2' <Predicate = (!icmp_ln9)> <Delay = 2.34> <CoreInst = "FAddSub_fulldsp">   --->   Core 74 'FAddSub_fulldsp' <Latency = 6> <II = 1> <Delay = 2.34> <FuncUnit> <Opcode : 'fadd' 'fsub'> <InPorts = 2> <OutPorts = 1>

State 8 <SV = 7> <Delay = 2.34>
ST_8 : Operation 130 [4/7] (2.34ns)   --->   "%add = fadd i32 %top_1, i32 %bottom_1" [/localhdd/zyx/rodinia-hls/Benchmarks/hotspot/hotspot_1_tiling/src/hotspot.cpp:19]   --->   Operation 130 'fadd' 'add' <Predicate = (!icmp_ln9)> <Delay = 2.34> <CoreInst = "FAddSub_fulldsp">   --->   Core 74 'FAddSub_fulldsp' <Latency = 6> <II = 1> <Delay = 2.34> <FuncUnit> <Opcode : 'fadd' 'fsub'> <InPorts = 2> <OutPorts = 1>
ST_8 : Operation 131 [2/4] (2.32ns)   --->   "%mul = fmul i32 %center, i32" [/localhdd/zyx/rodinia-hls/Benchmarks/hotspot/hotspot_1_tiling/src/hotspot.cpp:19]   --->   Operation 131 'fmul' 'mul' <Predicate = (!icmp_ln9)> <Delay = 2.32> <CoreInst = "FMul_maxdsp">   --->   Core 86 'FMul_maxdsp' <Latency = 3> <II = 1> <Delay = 2.32> <FuncUnit> <Opcode : 'fmul'> <InPorts = 2> <OutPorts = 1>
ST_8 : Operation 132 [6/7] (2.34ns)   --->   "%add2 = fadd i32 %right, i32 %left" [/localhdd/zyx/rodinia-hls/Benchmarks/hotspot/hotspot_1_tiling/src/hotspot.cpp:20]   --->   Operation 132 'fadd' 'add2' <Predicate = (!icmp_ln9)> <Delay = 2.34> <CoreInst = "FAddSub_fulldsp">   --->   Core 74 'FAddSub_fulldsp' <Latency = 6> <II = 1> <Delay = 2.34> <FuncUnit> <Opcode : 'fadd' 'fsub'> <InPorts = 2> <OutPorts = 1>
ST_8 : Operation 133 [5/7] (2.34ns)   --->   "%sub2 = fsub i32, i32 %center" [/localhdd/zyx/rodinia-hls/Benchmarks/hotspot/hotspot_1_tiling/src/hotspot.cpp:21]   --->   Operation 133 'fsub' 'sub2' <Predicate = (!icmp_ln9)> <Delay = 2.34> <CoreInst = "FAddSub_fulldsp">   --->   Core 74 'FAddSub_fulldsp' <Latency = 6> <II = 1> <Delay = 2.34> <FuncUnit> <Opcode : 'fadd' 'fsub'> <InPorts = 2> <OutPorts = 1>

State 9 <SV = 8> <Delay = 2.34>
ST_9 : Operation 134 [3/7] (2.34ns)   --->   "%add = fadd i32 %top_1, i32 %bottom_1" [/localhdd/zyx/rodinia-hls/Benchmarks/hotspot/hotspot_1_tiling/src/hotspot.cpp:19]   --->   Operation 134 'fadd' 'add' <Predicate = (!icmp_ln9)> <Delay = 2.34> <CoreInst = "FAddSub_fulldsp">   --->   Core 74 'FAddSub_fulldsp' <Latency = 6> <II = 1> <Delay = 2.34> <FuncUnit> <Opcode : 'fadd' 'fsub'> <InPorts = 2> <OutPorts = 1>
ST_9 : Operation 135 [1/4] (2.32ns)   --->   "%mul = fmul i32 %center, i32" [/localhdd/zyx/rodinia-hls/Benchmarks/hotspot/hotspot_1_tiling/src/hotspot.cpp:19]   --->   Operation 135 'fmul' 'mul' <Predicate = (!icmp_ln9)> <Delay = 2.32> <CoreInst = "FMul_maxdsp">   --->   Core 86 'FMul_maxdsp' <Latency = 3> <II = 1> <Delay = 2.32> <FuncUnit> <Opcode : 'fmul'> <InPorts = 2> <OutPorts = 1>
ST_9 : Operation 136 [5/7] (2.34ns)   --->   "%add2 = fadd i32 %right, i32 %left" [/localhdd/zyx/rodinia-hls/Benchmarks/hotspot/hotspot_1_tiling/src/hotspot.cpp:20]   --->   Operation 136 'fadd' 'add2' <Predicate = (!icmp_ln9)> <Delay = 2.34> <CoreInst = "FAddSub_fulldsp">   --->   Core 74 'FAddSub_fulldsp' <Latency = 6> <II = 1> <Delay = 2.34> <FuncUnit> <Opcode : 'fadd' 'fsub'> <InPorts = 2> <OutPorts = 1>
ST_9 : Operation 137 [4/7] (2.34ns)   --->   "%sub2 = fsub i32, i32 %center" [/localhdd/zyx/rodinia-hls/Benchmarks/hotspot/hotspot_1_tiling/src/hotspot.cpp:21]   --->   Operation 137 'fsub' 'sub2' <Predicate = (!icmp_ln9)> <Delay = 2.34> <CoreInst = "FAddSub_fulldsp">   --->   Core 74 'FAddSub_fulldsp' <Latency = 6> <II = 1> <Delay = 2.34> <FuncUnit> <Opcode : 'fadd' 'fsub'> <InPorts = 2> <OutPorts = 1>

State 10 <SV = 9> <Delay = 2.34>
ST_10 : Operation 138 [2/7] (2.34ns)   --->   "%add = fadd i32 %top_1, i32 %bottom_1" [/localhdd/zyx/rodinia-hls/Benchmarks/hotspot/hotspot_1_tiling/src/hotspot.cpp:19]   --->   Operation 138 'fadd' 'add' <Predicate = (!icmp_ln9)> <Delay = 2.34> <CoreInst = "FAddSub_fulldsp">   --->   Core 74 'FAddSub_fulldsp' <Latency = 6> <II = 1> <Delay = 2.34> <FuncUnit> <Opcode : 'fadd' 'fsub'> <InPorts = 2> <OutPorts = 1>
ST_10 : Operation 139 [4/7] (2.34ns)   --->   "%add2 = fadd i32 %right, i32 %left" [/localhdd/zyx/rodinia-hls/Benchmarks/hotspot/hotspot_1_tiling/src/hotspot.cpp:20]   --->   Operation 139 'fadd' 'add2' <Predicate = (!icmp_ln9)> <Delay = 2.34> <CoreInst = "FAddSub_fulldsp">   --->   Core 74 'FAddSub_fulldsp' <Latency = 6> <II = 1> <Delay = 2.34> <FuncUnit> <Opcode : 'fadd' 'fsub'> <InPorts = 2> <OutPorts = 1>
ST_10 : Operation 140 [3/7] (2.34ns)   --->   "%sub2 = fsub i32, i32 %center" [/localhdd/zyx/rodinia-hls/Benchmarks/hotspot/hotspot_1_tiling/src/hotspot.cpp:21]   --->   Operation 140 'fsub' 'sub2' <Predicate = (!icmp_ln9)> <Delay = 2.34> <CoreInst = "FAddSub_fulldsp">   --->   Core 74 'FAddSub_fulldsp' <Latency = 6> <II = 1> <Delay = 2.34> <FuncUnit> <Opcode : 'fadd' 'fsub'> <InPorts = 2> <OutPorts = 1>

State 11 <SV = 10> <Delay = 2.34>
ST_11 : Operation 141 [1/7] (2.34ns)   --->   "%add = fadd i32 %top_1, i32 %bottom_1" [/localhdd/zyx/rodinia-hls/Benchmarks/hotspot/hotspot_1_tiling/src/hotspot.cpp:19]   --->   Operation 141 'fadd' 'add' <Predicate = (!icmp_ln9)> <Delay = 2.34> <CoreInst = "FAddSub_fulldsp">   --->   Core 74 'FAddSub_fulldsp' <Latency = 6> <II = 1> <Delay = 2.34> <FuncUnit> <Opcode : 'fadd' 'fsub'> <InPorts = 2> <OutPorts = 1>
ST_11 : Operation 142 [3/7] (2.34ns)   --->   "%add2 = fadd i32 %right, i32 %left" [/localhdd/zyx/rodinia-hls/Benchmarks/hotspot/hotspot_1_tiling/src/hotspot.cpp:20]   --->   Operation 142 'fadd' 'add2' <Predicate = (!icmp_ln9)> <Delay = 2.34> <CoreInst = "FAddSub_fulldsp">   --->   Core 74 'FAddSub_fulldsp' <Latency = 6> <II = 1> <Delay = 2.34> <FuncUnit> <Opcode : 'fadd' 'fsub'> <InPorts = 2> <OutPorts = 1>
ST_11 : Operation 143 [2/7] (2.34ns)   --->   "%sub2 = fsub i32, i32 %center" [/localhdd/zyx/rodinia-hls/Benchmarks/hotspot/hotspot_1_tiling/src/hotspot.cpp:21]   --->   Operation 143 'fsub' 'sub2' <Predicate = (!icmp_ln9)> <Delay = 2.34> <CoreInst = "FAddSub_fulldsp">   --->   Core 74 'FAddSub_fulldsp' <Latency = 6> <II = 1> <Delay = 2.34> <FuncUnit> <Opcode : 'fadd' 'fsub'> <InPorts = 2> <OutPorts = 1>

State 12 <SV = 11> <Delay = 2.34>
ST_12 : Operation 144 [7/7] (2.34ns)   --->   "%sub = fsub i32 %add, i32 %mul" [/localhdd/zyx/rodinia-hls/Benchmarks/hotspot/hotspot_1_tiling/src/hotspot.cpp:19]   --->   Operation 144 'fsub' 'sub' <Predicate = (!icmp_ln9)> <Delay = 2.34> <CoreInst = "FAddSub_fulldsp">   --->   Core 74 'FAddSub_fulldsp' <Latency = 6> <II = 1> <Delay = 2.34> <FuncUnit> <Opcode : 'fadd' 'fsub'> <InPorts = 2> <OutPorts = 1>
ST_12 : Operation 145 [2/7] (2.34ns)   --->   "%add2 = fadd i32 %right, i32 %left" [/localhdd/zyx/rodinia-hls/Benchmarks/hotspot/hotspot_1_tiling/src/hotspot.cpp:20]   --->   Operation 145 'fadd' 'add2' <Predicate = (!icmp_ln9)> <Delay = 2.34> <CoreInst = "FAddSub_fulldsp">   --->   Core 74 'FAddSub_fulldsp' <Latency = 6> <II = 1> <Delay = 2.34> <FuncUnit> <Opcode : 'fadd' 'fsub'> <InPorts = 2> <OutPorts = 1>
ST_12 : Operation 146 [1/7] (2.34ns)   --->   "%sub2 = fsub i32, i32 %center" [/localhdd/zyx/rodinia-hls/Benchmarks/hotspot/hotspot_1_tiling/src/hotspot.cpp:21]   --->   Operation 146 'fsub' 'sub2' <Predicate = (!icmp_ln9)> <Delay = 2.34> <CoreInst = "FAddSub_fulldsp">   --->   Core 74 'FAddSub_fulldsp' <Latency = 6> <II = 1> <Delay = 2.34> <FuncUnit> <Opcode : 'fadd' 'fsub'> <InPorts = 2> <OutPorts = 1>

State 13 <SV = 12> <Delay = 2.34>
ST_13 : Operation 147 [6/7] (2.34ns)   --->   "%sub = fsub i32 %add, i32 %mul" [/localhdd/zyx/rodinia-hls/Benchmarks/hotspot/hotspot_1_tiling/src/hotspot.cpp:19]   --->   Operation 147 'fsub' 'sub' <Predicate = (!icmp_ln9)> <Delay = 2.34> <CoreInst = "FAddSub_fulldsp">   --->   Core 74 'FAddSub_fulldsp' <Latency = 6> <II = 1> <Delay = 2.34> <FuncUnit> <Opcode : 'fadd' 'fsub'> <InPorts = 2> <OutPorts = 1>
ST_13 : Operation 148 [1/7] (2.34ns)   --->   "%add2 = fadd i32 %right, i32 %left" [/localhdd/zyx/rodinia-hls/Benchmarks/hotspot/hotspot_1_tiling/src/hotspot.cpp:20]   --->   Operation 148 'fadd' 'add2' <Predicate = (!icmp_ln9)> <Delay = 2.34> <CoreInst = "FAddSub_fulldsp">   --->   Core 74 'FAddSub_fulldsp' <Latency = 6> <II = 1> <Delay = 2.34> <FuncUnit> <Opcode : 'fadd' 'fsub'> <InPorts = 2> <OutPorts = 1>
ST_13 : Operation 149 [4/4] (2.32ns)   --->   "%mul3 = fmul i32 %sub2, i32" [/localhdd/zyx/rodinia-hls/Benchmarks/hotspot/hotspot_1_tiling/src/hotspot.cpp:21]   --->   Operation 149 'fmul' 'mul3' <Predicate = (!icmp_ln9)> <Delay = 2.32> <CoreInst = "FMul_maxdsp">   --->   Core 86 'FMul_maxdsp' <Latency = 3> <II = 1> <Delay = 2.32> <FuncUnit> <Opcode : 'fmul'> <InPorts = 2> <OutPorts = 1>

State 14 <SV = 13> <Delay = 2.34>
ST_14 : Operation 150 [5/7] (2.34ns)   --->   "%sub = fsub i32 %add, i32 %mul" [/localhdd/zyx/rodinia-hls/Benchmarks/hotspot/hotspot_1_tiling/src/hotspot.cpp:19]   --->   Operation 150 'fsub' 'sub' <Predicate = (!icmp_ln9)> <Delay = 2.34> <CoreInst = "FAddSub_fulldsp">   --->   Core 74 'FAddSub_fulldsp' <Latency = 6> <II = 1> <Delay = 2.34> <FuncUnit> <Opcode : 'fadd' 'fsub'> <InPorts = 2> <OutPorts = 1>
ST_14 : Operation 151 [7/7] (2.34ns)   --->   "%sub1 = fsub i32 %add2, i32 %mul" [/localhdd/zyx/rodinia-hls/Benchmarks/hotspot/hotspot_1_tiling/src/hotspot.cpp:20]   --->   Operation 151 'fsub' 'sub1' <Predicate = (!icmp_ln9)> <Delay = 2.34> <CoreInst = "FAddSub_fulldsp">   --->   Core 74 'FAddSub_fulldsp' <Latency = 6> <II = 1> <Delay = 2.34> <FuncUnit> <Opcode : 'fadd' 'fsub'> <InPorts = 2> <OutPorts = 1>
ST_14 : Operation 152 [3/4] (2.32ns)   --->   "%mul3 = fmul i32 %sub2, i32" [/localhdd/zyx/rodinia-hls/Benchmarks/hotspot/hotspot_1_tiling/src/hotspot.cpp:21]   --->   Operation 152 'fmul' 'mul3' <Predicate = (!icmp_ln9)> <Delay = 2.32> <CoreInst = "FMul_maxdsp">   --->   Core 86 'FMul_maxdsp' <Latency = 3> <II = 1> <Delay = 2.32> <FuncUnit> <Opcode : 'fmul'> <InPorts = 2> <OutPorts = 1>

State 15 <SV = 14> <Delay = 2.34>
ST_15 : Operation 153 [4/7] (2.34ns)   --->   "%sub = fsub i32 %add, i32 %mul" [/localhdd/zyx/rodinia-hls/Benchmarks/hotspot/hotspot_1_tiling/src/hotspot.cpp:19]   --->   Operation 153 'fsub' 'sub' <Predicate = (!icmp_ln9)> <Delay = 2.34> <CoreInst = "FAddSub_fulldsp">   --->   Core 74 'FAddSub_fulldsp' <Latency = 6> <II = 1> <Delay = 2.34> <FuncUnit> <Opcode : 'fadd' 'fsub'> <InPorts = 2> <OutPorts = 1>
ST_15 : Operation 154 [6/7] (2.34ns)   --->   "%sub1 = fsub i32 %add2, i32 %mul" [/localhdd/zyx/rodinia-hls/Benchmarks/hotspot/hotspot_1_tiling/src/hotspot.cpp:20]   --->   Operation 154 'fsub' 'sub1' <Predicate = (!icmp_ln9)> <Delay = 2.34> <CoreInst = "FAddSub_fulldsp">   --->   Core 74 'FAddSub_fulldsp' <Latency = 6> <II = 1> <Delay = 2.34> <FuncUnit> <Opcode : 'fadd' 'fsub'> <InPorts = 2> <OutPorts = 1>
ST_15 : Operation 155 [2/4] (2.32ns)   --->   "%mul3 = fmul i32 %sub2, i32" [/localhdd/zyx/rodinia-hls/Benchmarks/hotspot/hotspot_1_tiling/src/hotspot.cpp:21]   --->   Operation 155 'fmul' 'mul3' <Predicate = (!icmp_ln9)> <Delay = 2.32> <CoreInst = "FMul_maxdsp">   --->   Core 86 'FMul_maxdsp' <Latency = 3> <II = 1> <Delay = 2.32> <FuncUnit> <Opcode : 'fmul'> <InPorts = 2> <OutPorts = 1>

State 16 <SV = 15> <Delay = 2.34>
ST_16 : Operation 156 [3/7] (2.34ns)   --->   "%sub = fsub i32 %add, i32 %mul" [/localhdd/zyx/rodinia-hls/Benchmarks/hotspot/hotspot_1_tiling/src/hotspot.cpp:19]   --->   Operation 156 'fsub' 'sub' <Predicate = (!icmp_ln9)> <Delay = 2.34> <CoreInst = "FAddSub_fulldsp">   --->   Core 74 'FAddSub_fulldsp' <Latency = 6> <II = 1> <Delay = 2.34> <FuncUnit> <Opcode : 'fadd' 'fsub'> <InPorts = 2> <OutPorts = 1>
ST_16 : Operation 157 [5/7] (2.34ns)   --->   "%sub1 = fsub i32 %add2, i32 %mul" [/localhdd/zyx/rodinia-hls/Benchmarks/hotspot/hotspot_1_tiling/src/hotspot.cpp:20]   --->   Operation 157 'fsub' 'sub1' <Predicate = (!icmp_ln9)> <Delay = 2.34> <CoreInst = "FAddSub_fulldsp">   --->   Core 74 'FAddSub_fulldsp' <Latency = 6> <II = 1> <Delay = 2.34> <FuncUnit> <Opcode : 'fadd' 'fsub'> <InPorts = 2> <OutPorts = 1>
ST_16 : Operation 158 [1/4] (2.32ns)   --->   "%mul3 = fmul i32 %sub2, i32" [/localhdd/zyx/rodinia-hls/Benchmarks/hotspot/hotspot_1_tiling/src/hotspot.cpp:21]   --->   Operation 158 'fmul' 'mul3' <Predicate = (!icmp_ln9)> <Delay = 2.32> <CoreInst = "FMul_maxdsp">   --->   Core 86 'FMul_maxdsp' <Latency = 3> <II = 1> <Delay = 2.32> <FuncUnit> <Opcode : 'fmul'> <InPorts = 2> <OutPorts = 1>

State 17 <SV = 16> <Delay = 2.34>
ST_17 : Operation 159 [2/7] (2.34ns)   --->   "%sub = fsub i32 %add, i32 %mul" [/localhdd/zyx/rodinia-hls/Benchmarks/hotspot/hotspot_1_tiling/src/hotspot.cpp:19]   --->   Operation 159 'fsub' 'sub' <Predicate = (!icmp_ln9)> <Delay = 2.34> <CoreInst = "FAddSub_fulldsp">   --->   Core 74 'FAddSub_fulldsp' <Latency = 6> <II = 1> <Delay = 2.34> <FuncUnit> <Opcode : 'fadd' 'fsub'> <InPorts = 2> <OutPorts = 1>
ST_17 : Operation 160 [4/7] (2.34ns)   --->   "%sub1 = fsub i32 %add2, i32 %mul" [/localhdd/zyx/rodinia-hls/Benchmarks/hotspot/hotspot_1_tiling/src/hotspot.cpp:20]   --->   Operation 160 'fsub' 'sub1' <Predicate = (!icmp_ln9)> <Delay = 2.34> <CoreInst = "FAddSub_fulldsp">   --->   Core 74 'FAddSub_fulldsp' <Latency = 6> <II = 1> <Delay = 2.34> <FuncUnit> <Opcode : 'fadd' 'fsub'> <InPorts = 2> <OutPorts = 1>

State 18 <SV = 17> <Delay = 2.34>
ST_18 : Operation 161 [1/7] (2.34ns)   --->   "%sub = fsub i32 %add, i32 %mul" [/localhdd/zyx/rodinia-hls/Benchmarks/hotspot/hotspot_1_tiling/src/hotspot.cpp:19]   --->   Operation 161 'fsub' 'sub' <Predicate = (!icmp_ln9)> <Delay = 2.34> <CoreInst = "FAddSub_fulldsp">   --->   Core 74 'FAddSub_fulldsp' <Latency = 6> <II = 1> <Delay = 2.34> <FuncUnit> <Opcode : 'fadd' 'fsub'> <InPorts = 2> <OutPorts = 1>
ST_18 : Operation 162 [3/7] (2.34ns)   --->   "%sub1 = fsub i32 %add2, i32 %mul" [/localhdd/zyx/rodinia-hls/Benchmarks/hotspot/hotspot_1_tiling/src/hotspot.cpp:20]   --->   Operation 162 'fsub' 'sub1' <Predicate = (!icmp_ln9)> <Delay = 2.34> <CoreInst = "FAddSub_fulldsp">   --->   Core 74 'FAddSub_fulldsp' <Latency = 6> <II = 1> <Delay = 2.34> <FuncUnit> <Opcode : 'fadd' 'fsub'> <InPorts = 2> <OutPorts = 1>

State 19 <SV = 18> <Delay = 2.34>
ST_19 : Operation 163 [4/4] (2.32ns)   --->   "%mul1 = fmul i32 %sub, i32" [/localhdd/zyx/rodinia-hls/Benchmarks/hotspot/hotspot_1_tiling/src/hotspot.cpp:19]   --->   Operation 163 'fmul' 'mul1' <Predicate = (!icmp_ln9)> <Delay = 2.32> <CoreInst = "FMul_maxdsp">   --->   Core 86 'FMul_maxdsp' <Latency = 3> <II = 1> <Delay = 2.32> <FuncUnit> <Opcode : 'fmul'> <InPorts = 2> <OutPorts = 1>
ST_19 : Operation 164 [2/7] (2.34ns)   --->   "%sub1 = fsub i32 %add2, i32 %mul" [/localhdd/zyx/rodinia-hls/Benchmarks/hotspot/hotspot_1_tiling/src/hotspot.cpp:20]   --->   Operation 164 'fsub' 'sub1' <Predicate = (!icmp_ln9)> <Delay = 2.34> <CoreInst = "FAddSub_fulldsp">   --->   Core 74 'FAddSub_fulldsp' <Latency = 6> <II = 1> <Delay = 2.34> <FuncUnit> <Opcode : 'fadd' 'fsub'> <InPorts = 2> <OutPorts = 1>

State 20 <SV = 19> <Delay = 2.34>
ST_20 : Operation 165 [3/4] (2.32ns)   --->   "%mul1 = fmul i32 %sub, i32" [/localhdd/zyx/rodinia-hls/Benchmarks/hotspot/hotspot_1_tiling/src/hotspot.cpp:19]   --->   Operation 165 'fmul' 'mul1' <Predicate = (!icmp_ln9)> <Delay = 2.32> <CoreInst = "FMul_maxdsp">   --->   Core 86 'FMul_maxdsp' <Latency = 3> <II = 1> <Delay = 2.32> <FuncUnit> <Opcode : 'fmul'> <InPorts = 2> <OutPorts = 1>
ST_20 : Operation 166 [1/7] (2.34ns)   --->   "%sub1 = fsub i32 %add2, i32 %mul" [/localhdd/zyx/rodinia-hls/Benchmarks/hotspot/hotspot_1_tiling/src/hotspot.cpp:20]   --->   Operation 166 'fsub' 'sub1' <Predicate = (!icmp_ln9)> <Delay = 2.34> <CoreInst = "FAddSub_fulldsp">   --->   Core 74 'FAddSub_fulldsp' <Latency = 6> <II = 1> <Delay = 2.34> <FuncUnit> <Opcode : 'fadd' 'fsub'> <InPorts = 2> <OutPorts = 1>

State 21 <SV = 20> <Delay = 2.32>
ST_21 : Operation 167 [1/1] (0.00ns)   --->   "%zext_ln13 = zext i15 %add_ln13" [/localhdd/zyx/rodinia-hls/Benchmarks/hotspot/hotspot_1_tiling/src/hotspot.cpp:13]   --->   Operation 167 'zext' 'zext_ln13' <Predicate = (!icmp_ln9)> <Delay = 0.00>
ST_21 : Operation 168 [1/1] (0.00ns)   --->   "%power_addr = getelementptr i32 %power, i64, i64 %zext_ln13" [/localhdd/zyx/rodinia-hls/Benchmarks/hotspot/hotspot_1_tiling/src/hotspot.cpp:18]   --->   Operation 168 'getelementptr' 'power_addr' <Predicate = (!icmp_ln9)> <Delay = 0.00>
ST_21 : Operation 169 [2/2] (1.15ns)   --->   "%power_load = load i15 %power_addr" [/localhdd/zyx/rodinia-hls/Benchmarks/hotspot/hotspot_1_tiling/src/hotspot.cpp:18]   --->   Operation 169 'load' 'power_load' <Predicate = (!icmp_ln9)> <Delay = 1.15> <CoreInst = "RAM">   --->   Core 23 'RAM' <Latency = 1> <II = 1> <Delay = 1.15> <Storage> <Opcode : 'load' 'store'> <Ports = 2> <Width = 32> <Depth = 32768> <RAM>
ST_21 : Operation 170 [2/4] (2.32ns)   --->   "%mul1 = fmul i32 %sub, i32" [/localhdd/zyx/rodinia-hls/Benchmarks/hotspot/hotspot_1_tiling/src/hotspot.cpp:19]   --->   Operation 170 'fmul' 'mul1' <Predicate = (!icmp_ln9)> <Delay = 2.32> <CoreInst = "FMul_maxdsp">   --->   Core 86 'FMul_maxdsp' <Latency = 3> <II = 1> <Delay = 2.32> <FuncUnit> <Opcode : 'fmul'> <InPorts = 2> <OutPorts = 1>
ST_21 : Operation 171 [4/4] (2.32ns)   --->   "%mul2 = fmul i32 %sub1, i32" [/localhdd/zyx/rodinia-hls/Benchmarks/hotspot/hotspot_1_tiling/src/hotspot.cpp:20]   --->   Operation 171 'fmul' 'mul2' <Predicate = (!icmp_ln9)> <Delay = 2.32> <CoreInst = "FMul_maxdsp">   --->   Core 86 'FMul_maxdsp' <Latency = 3> <II = 1> <Delay = 2.32> <FuncUnit> <Opcode : 'fmul'> <InPorts = 2> <OutPorts = 1>

State 22 <SV = 21> <Delay = 2.32>
ST_22 : Operation 172 [1/2] (1.15ns)   --->   "%power_load = load i15 %power_addr" [/localhdd/zyx/rodinia-hls/Benchmarks/hotspot/hotspot_1_tiling/src/hotspot.cpp:18]   --->   Operation 172 'load' 'power_load' <Predicate = (!icmp_ln9)> <Delay = 1.15> <CoreInst = "RAM">   --->   Core 23 'RAM' <Latency = 1> <II = 1> <Delay = 1.15> <Storage> <Opcode : 'load' 'store'> <Ports = 2> <Width = 32> <Depth = 32768> <RAM>
ST_22 : Operation 173 [1/4] (2.32ns)   --->   "%mul1 = fmul i32 %sub, i32" [/localhdd/zyx/rodinia-hls/Benchmarks/hotspot/hotspot_1_tiling/src/hotspot.cpp:19]   --->   Operation 173 'fmul' 'mul1' <Predicate = (!icmp_ln9)> <Delay = 2.32> <CoreInst = "FMul_maxdsp">   --->   Core 86 'FMul_maxdsp' <Latency = 3> <II = 1> <Delay = 2.32> <FuncUnit> <Opcode : 'fmul'> <InPorts = 2> <OutPorts = 1>
ST_22 : Operation 174 [3/4] (2.32ns)   --->   "%mul2 = fmul i32 %sub1, i32" [/localhdd/zyx/rodinia-hls/Benchmarks/hotspot/hotspot_1_tiling/src/hotspot.cpp:20]   --->   Operation 174 'fmul' 'mul2' <Predicate = (!icmp_ln9)> <Delay = 2.32> <CoreInst = "FMul_maxdsp">   --->   Core 86 'FMul_maxdsp' <Latency = 3> <II = 1> <Delay = 2.32> <FuncUnit> <Opcode : 'fmul'> <InPorts = 2> <OutPorts = 1>

State 23 <SV = 22> <Delay = 2.34>
ST_23 : Operation 175 [7/7] (2.34ns)   --->   "%add1 = fadd i32 %power_load, i32 %mul1" [/localhdd/zyx/rodinia-hls/Benchmarks/hotspot/hotspot_1_tiling/src/hotspot.cpp:18]   --->   Operation 175 'fadd' 'add1' <Predicate = (!icmp_ln9)> <Delay = 2.34> <CoreInst = "FAddSub_fulldsp">   --->   Core 74 'FAddSub_fulldsp' <Latency = 6> <II = 1> <Delay = 2.34> <FuncUnit> <Opcode : 'fadd' 'fsub'> <InPorts = 2> <OutPorts = 1>
ST_23 : Operation 176 [2/4] (2.32ns)   --->   "%mul2 = fmul i32 %sub1, i32" [/localhdd/zyx/rodinia-hls/Benchmarks/hotspot/hotspot_1_tiling/src/hotspot.cpp:20]   --->   Operation 176 'fmul' 'mul2' <Predicate = (!icmp_ln9)> <Delay = 2.32> <CoreInst = "FMul_maxdsp">   --->   Core 86 'FMul_maxdsp' <Latency = 3> <II = 1> <Delay = 2.32> <FuncUnit> <Opcode : 'fmul'> <InPorts = 2> <OutPorts = 1>

State 24 <SV = 23> <Delay = 2.34>
ST_24 : Operation 177 [6/7] (2.34ns)   --->   "%add1 = fadd i32 %power_load, i32 %mul1" [/localhdd/zyx/rodinia-hls/Benchmarks/hotspot/hotspot_1_tiling/src/hotspot.cpp:18]   --->   Operation 177 'fadd' 'add1' <Predicate = (!icmp_ln9)> <Delay = 2.34> <CoreInst = "FAddSub_fulldsp">   --->   Core 74 'FAddSub_fulldsp' <Latency = 6> <II = 1> <Delay = 2.34> <FuncUnit> <Opcode : 'fadd' 'fsub'> <InPorts = 2> <OutPorts = 1>
ST_24 : Operation 178 [1/4] (2.32ns)   --->   "%mul2 = fmul i32 %sub1, i32" [/localhdd/zyx/rodinia-hls/Benchmarks/hotspot/hotspot_1_tiling/src/hotspot.cpp:20]   --->   Operation 178 'fmul' 'mul2' <Predicate = (!icmp_ln9)> <Delay = 2.32> <CoreInst = "FMul_maxdsp">   --->   Core 86 'FMul_maxdsp' <Latency = 3> <II = 1> <Delay = 2.32> <FuncUnit> <Opcode : 'fmul'> <InPorts = 2> <OutPorts = 1>

State 25 <SV = 24> <Delay = 2.34>
ST_25 : Operation 179 [5/7] (2.34ns)   --->   "%add1 = fadd i32 %power_load, i32 %mul1" [/localhdd/zyx/rodinia-hls/Benchmarks/hotspot/hotspot_1_tiling/src/hotspot.cpp:18]   --->   Operation 179 'fadd' 'add1' <Predicate = (!icmp_ln9)> <Delay = 2.34> <CoreInst = "FAddSub_fulldsp">   --->   Core 74 'FAddSub_fulldsp' <Latency = 6> <II = 1> <Delay = 2.34> <FuncUnit> <Opcode : 'fadd' 'fsub'> <InPorts = 2> <OutPorts = 1>

State 26 <SV = 25> <Delay = 2.34>
ST_26 : Operation 180 [4/7] (2.34ns)   --->   "%add1 = fadd i32 %power_load, i32 %mul1" [/localhdd/zyx/rodinia-hls/Benchmarks/hotspot/hotspot_1_tiling/src/hotspot.cpp:18]   --->   Operation 180 'fadd' 'add1' <Predicate = (!icmp_ln9)> <Delay = 2.34> <CoreInst = "FAddSub_fulldsp">   --->   Core 74 'FAddSub_fulldsp' <Latency = 6> <II = 1> <Delay = 2.34> <FuncUnit> <Opcode : 'fadd' 'fsub'> <InPorts = 2> <OutPorts = 1>

State 27 <SV = 26> <Delay = 2.34>
ST_27 : Operation 181 [3/7] (2.34ns)   --->   "%add1 = fadd i32 %power_load, i32 %mul1" [/localhdd/zyx/rodinia-hls/Benchmarks/hotspot/hotspot_1_tiling/src/hotspot.cpp:18]   --->   Operation 181 'fadd' 'add1' <Predicate = (!icmp_ln9)> <Delay = 2.34> <CoreInst = "FAddSub_fulldsp">   --->   Core 74 'FAddSub_fulldsp' <Latency = 6> <II = 1> <Delay = 2.34> <FuncUnit> <Opcode : 'fadd' 'fsub'> <InPorts = 2> <OutPorts = 1>

State 28 <SV = 27> <Delay = 2.34>
ST_28 : Operation 182 [2/7] (2.34ns)   --->   "%add1 = fadd i32 %power_load, i32 %mul1" [/localhdd/zyx/rodinia-hls/Benchmarks/hotspot/hotspot_1_tiling/src/hotspot.cpp:18]   --->   Operation 182 'fadd' 'add1' <Predicate = (!icmp_ln9)> <Delay = 2.34> <CoreInst = "FAddSub_fulldsp">   --->   Core 74 'FAddSub_fulldsp' <Latency = 6> <II = 1> <Delay = 2.34> <FuncUnit> <Opcode : 'fadd' 'fsub'> <InPorts = 2> <OutPorts = 1>

State 29 <SV = 28> <Delay = 2.34>
ST_29 : Operation 183 [1/7] (2.34ns)   --->   "%add1 = fadd i32 %power_load, i32 %mul1" [/localhdd/zyx/rodinia-hls/Benchmarks/hotspot/hotspot_1_tiling/src/hotspot.cpp:18]   --->   Operation 183 'fadd' 'add1' <Predicate = (!icmp_ln9)> <Delay = 2.34> <CoreInst = "FAddSub_fulldsp">   --->   Core 74 'FAddSub_fulldsp' <Latency = 6> <II = 1> <Delay = 2.34> <FuncUnit> <Opcode : 'fadd' 'fsub'> <InPorts = 2> <OutPorts = 1>

State 30 <SV = 29> <Delay = 2.34>
ST_30 : Operation 184 [7/7] (2.34ns)   --->   "%add3 = fadd i32 %add1, i32 %mul2" [/localhdd/zyx/rodinia-hls/Benchmarks/hotspot/hotspot_1_tiling/src/hotspot.cpp:19]   --->   Operation 184 'fadd' 'add3' <Predicate = (!icmp_ln9)> <Delay = 2.34> <CoreInst = "FAddSub_fulldsp">   --->   Core 74 'FAddSub_fulldsp' <Latency = 6> <II = 1> <Delay = 2.34> <FuncUnit> <Opcode : 'fadd' 'fsub'> <InPorts = 2> <OutPorts = 1>

State 31 <SV = 30> <Delay = 2.34>
ST_31 : Operation 185 [6/7] (2.34ns)   --->   "%add3 = fadd i32 %add1, i32 %mul2" [/localhdd/zyx/rodinia-hls/Benchmarks/hotspot/hotspot_1_tiling/src/hotspot.cpp:19]   --->   Operation 185 'fadd' 'add3' <Predicate = (!icmp_ln9)> <Delay = 2.34> <CoreInst = "FAddSub_fulldsp">   --->   Core 74 'FAddSub_fulldsp' <Latency = 6> <II = 1> <Delay = 2.34> <FuncUnit> <Opcode : 'fadd' 'fsub'> <InPorts = 2> <OutPorts = 1>

State 32 <SV = 31> <Delay = 2.34>
ST_32 : Operation 186 [5/7] (2.34ns)   --->   "%add3 = fadd i32 %add1, i32 %mul2" [/localhdd/zyx/rodinia-hls/Benchmarks/hotspot/hotspot_1_tiling/src/hotspot.cpp:19]   --->   Operation 186 'fadd' 'add3' <Predicate = (!icmp_ln9)> <Delay = 2.34> <CoreInst = "FAddSub_fulldsp">   --->   Core 74 'FAddSub_fulldsp' <Latency = 6> <II = 1> <Delay = 2.34> <FuncUnit> <Opcode : 'fadd' 'fsub'> <InPorts = 2> <OutPorts = 1>

State 33 <SV = 32> <Delay = 2.34>
ST_33 : Operation 187 [4/7] (2.34ns)   --->   "%add3 = fadd i32 %add1, i32 %mul2" [/localhdd/zyx/rodinia-hls/Benchmarks/hotspot/hotspot_1_tiling/src/hotspot.cpp:19]   --->   Operation 187 'fadd' 'add3' <Predicate = (!icmp_ln9)> <Delay = 2.34> <CoreInst = "FAddSub_fulldsp">   --->   Core 74 'FAddSub_fulldsp' <Latency = 6> <II = 1> <Delay = 2.34> <FuncUnit> <Opcode : 'fadd' 'fsub'> <InPorts = 2> <OutPorts = 1>

State 34 <SV = 33> <Delay = 2.34>
ST_34 : Operation 188 [3/7] (2.34ns)   --->   "%add3 = fadd i32 %add1, i32 %mul2" [/localhdd/zyx/rodinia-hls/Benchmarks/hotspot/hotspot_1_tiling/src/hotspot.cpp:19]   --->   Operation 188 'fadd' 'add3' <Predicate = (!icmp_ln9)> <Delay = 2.34> <CoreInst = "FAddSub_fulldsp">   --->   Core 74 'FAddSub_fulldsp' <Latency = 6> <II = 1> <Delay = 2.34> <FuncUnit> <Opcode : 'fadd' 'fsub'> <InPorts = 2> <OutPorts = 1>

State 35 <SV = 34> <Delay = 2.34>
ST_35 : Operation 189 [2/7] (2.34ns)   --->   "%add3 = fadd i32 %add1, i32 %mul2" [/localhdd/zyx/rodinia-hls/Benchmarks/hotspot/hotspot_1_tiling/src/hotspot.cpp:19]   --->   Operation 189 'fadd' 'add3' <Predicate = (!icmp_ln9)> <Delay = 2.34> <CoreInst = "FAddSub_fulldsp">   --->   Core 74 'FAddSub_fulldsp' <Latency = 6> <II = 1> <Delay = 2.34> <FuncUnit> <Opcode : 'fadd' 'fsub'> <InPorts = 2> <OutPorts = 1>

State 36 <SV = 35> <Delay = 2.34>
ST_36 : Operation 190 [1/7] (2.34ns)   --->   "%add3 = fadd i32 %add1, i32 %mul2" [/localhdd/zyx/rodinia-hls/Benchmarks/hotspot/hotspot_1_tiling/src/hotspot.cpp:19]   --->   Operation 190 'fadd' 'add3' <Predicate = (!icmp_ln9)> <Delay = 2.34> <CoreInst = "FAddSub_fulldsp">   --->   Core 74 'FAddSub_fulldsp' <Latency = 6> <II = 1> <Delay = 2.34> <FuncUnit> <Opcode : 'fadd' 'fsub'> <InPorts = 2> <OutPorts = 1>

State 37 <SV = 36> <Delay = 2.34>
ST_37 : Operation 191 [7/7] (2.34ns)   --->   "%add4 = fadd i32 %add3, i32 %mul3" [/localhdd/zyx/rodinia-hls/Benchmarks/hotspot/hotspot_1_tiling/src/hotspot.cpp:20]   --->   Operation 191 'fadd' 'add4' <Predicate = (!icmp_ln9)> <Delay = 2.34> <CoreInst = "FAddSub_fulldsp">   --->   Core 74 'FAddSub_fulldsp' <Latency = 6> <II = 1> <Delay = 2.34> <FuncUnit> <Opcode : 'fadd' 'fsub'> <InPorts = 2> <OutPorts = 1>

State 38 <SV = 37> <Delay = 2.34>
ST_38 : Operation 192 [6/7] (2.34ns)   --->   "%add4 = fadd i32 %add3, i32 %mul3" [/localhdd/zyx/rodinia-hls/Benchmarks/hotspot/hotspot_1_tiling/src/hotspot.cpp:20]   --->   Operation 192 'fadd' 'add4' <Predicate = (!icmp_ln9)> <Delay = 2.34> <CoreInst = "FAddSub_fulldsp">   --->   Core 74 'FAddSub_fulldsp' <Latency = 6> <II = 1> <Delay = 2.34> <FuncUnit> <Opcode : 'fadd' 'fsub'> <InPorts = 2> <OutPorts = 1>

State 39 <SV = 38> <Delay = 2.34>
ST_39 : Operation 193 [5/7] (2.34ns)   --->   "%add4 = fadd i32 %add3, i32 %mul3" [/localhdd/zyx/rodinia-hls/Benchmarks/hotspot/hotspot_1_tiling/src/hotspot.cpp:20]   --->   Operation 193 'fadd' 'add4' <Predicate = (!icmp_ln9)> <Delay = 2.34> <CoreInst = "FAddSub_fulldsp">   --->   Core 74 'FAddSub_fulldsp' <Latency = 6> <II = 1> <Delay = 2.34> <FuncUnit> <Opcode : 'fadd' 'fsub'> <InPorts = 2> <OutPorts = 1>

State 40 <SV = 39> <Delay = 2.34>
ST_40 : Operation 194 [4/7] (2.34ns)   --->   "%add4 = fadd i32 %add3, i32 %mul3" [/localhdd/zyx/rodinia-hls/Benchmarks/hotspot/hotspot_1_tiling/src/hotspot.cpp:20]   --->   Operation 194 'fadd' 'add4' <Predicate = (!icmp_ln9)> <Delay = 2.34> <CoreInst = "FAddSub_fulldsp">   --->   Core 74 'FAddSub_fulldsp' <Latency = 6> <II = 1> <Delay = 2.34> <FuncUnit> <Opcode : 'fadd' 'fsub'> <InPorts = 2> <OutPorts = 1>

State 41 <SV = 40> <Delay = 2.34>
ST_41 : Operation 195 [3/7] (2.34ns)   --->   "%add4 = fadd i32 %add3, i32 %mul3" [/localhdd/zyx/rodinia-hls/Benchmarks/hotspot/hotspot_1_tiling/src/hotspot.cpp:20]   --->   Operation 195 'fadd' 'add4' <Predicate = (!icmp_ln9)> <Delay = 2.34> <CoreInst = "FAddSub_fulldsp">   --->   Core 74 'FAddSub_fulldsp' <Latency = 6> <II = 1> <Delay = 2.34> <FuncUnit> <Opcode : 'fadd' 'fsub'> <InPorts = 2> <OutPorts = 1>

State 42 <SV = 41> <Delay = 2.34>
ST_42 : Operation 196 [2/7] (2.34ns)   --->   "%add4 = fadd i32 %add3, i32 %mul3" [/localhdd/zyx/rodinia-hls/Benchmarks/hotspot/hotspot_1_tiling/src/hotspot.cpp:20]   --->   Operation 196 'fadd' 'add4' <Predicate = (!icmp_ln9)> <Delay = 2.34> <CoreInst = "FAddSub_fulldsp">   --->   Core 74 'FAddSub_fulldsp' <Latency = 6> <II = 1> <Delay = 2.34> <FuncUnit> <Opcode : 'fadd' 'fsub'> <InPorts = 2> <OutPorts = 1>

State 43 <SV = 42> <Delay = 2.34>
ST_43 : Operation 197 [1/7] (2.34ns)   --->   "%add4 = fadd i32 %add3, i32 %mul3" [/localhdd/zyx/rodinia-hls/Benchmarks/hotspot/hotspot_1_tiling/src/hotspot.cpp:20]   --->   Operation 197 'fadd' 'add4' <Predicate = (!icmp_ln9)> <Delay = 2.34> <CoreInst = "FAddSub_fulldsp">   --->   Core 74 'FAddSub_fulldsp' <Latency = 6> <II = 1> <Delay = 2.34> <FuncUnit> <Opcode : 'fadd' 'fsub'> <InPorts = 2> <OutPorts = 1>

State 44 <SV = 43> <Delay = 2.32>
ST_44 : Operation 198 [4/4] (2.32ns)   --->   "%delta = fmul i32 %add4, i32" [/localhdd/zyx/rodinia-hls/Benchmarks/hotspot/hotspot_1_tiling/src/hotspot.cpp:18]   --->   Operation 198 'fmul' 'delta' <Predicate = (!icmp_ln9)> <Delay = 2.32> <CoreInst = "FMul_maxdsp">   --->   Core 86 'FMul_maxdsp' <Latency = 3> <II = 1> <Delay = 2.32> <FuncUnit> <Opcode : 'fmul'> <InPorts = 2> <OutPorts = 1>

State 45 <SV = 44> <Delay = 2.32>
ST_45 : Operation 199 [3/4] (2.32ns)   --->   "%delta = fmul i32 %add4, i32" [/localhdd/zyx/rodinia-hls/Benchmarks/hotspot/hotspot_1_tiling/src/hotspot.cpp:18]   --->   Operation 199 'fmul' 'delta' <Predicate = (!icmp_ln9)> <Delay = 2.32> <CoreInst = "FMul_maxdsp">   --->   Core 86 'FMul_maxdsp' <Latency = 3> <II = 1> <Delay = 2.32> <FuncUnit> <Opcode : 'fmul'> <InPorts = 2> <OutPorts = 1>

State 46 <SV = 45> <Delay = 2.32>
ST_46 : Operation 200 [2/4] (2.32ns)   --->   "%delta = fmul i32 %add4, i32" [/localhdd/zyx/rodinia-hls/Benchmarks/hotspot/hotspot_1_tiling/src/hotspot.cpp:18]   --->   Operation 200 'fmul' 'delta' <Predicate = (!icmp_ln9)> <Delay = 2.32> <CoreInst = "FMul_maxdsp">   --->   Core 86 'FMul_maxdsp' <Latency = 3> <II = 1> <Delay = 2.32> <FuncUnit> <Opcode : 'fmul'> <InPorts = 2> <OutPorts = 1>

State 47 <SV = 46> <Delay = 2.32>
ST_47 : Operation 201 [1/4] (2.32ns)   --->   "%delta = fmul i32 %add4, i32" [/localhdd/zyx/rodinia-hls/Benchmarks/hotspot/hotspot_1_tiling/src/hotspot.cpp:18]   --->   Operation 201 'fmul' 'delta' <Predicate = (!icmp_ln9)> <Delay = 2.32> <CoreInst = "FMul_maxdsp">   --->   Core 86 'FMul_maxdsp' <Latency = 3> <II = 1> <Delay = 2.32> <FuncUnit> <Opcode : 'fmul'> <InPorts = 2> <OutPorts = 1>

State 48 <SV = 47> <Delay = 0.00>

State 49 <SV = 48> <Delay = 2.34>
ST_49 : Operation 202 [7/7] (2.34ns)   --->   "%add5 = fadd i32 %center, i32 %delta" [/localhdd/zyx/rodinia-hls/Benchmarks/hotspot/hotspot_1_tiling/src/hotspot.cpp:23]   --->   Operation 202 'fadd' 'add5' <Predicate = (!icmp_ln9)> <Delay = 2.34> <CoreInst = "FAddSub_fulldsp">   --->   Core 74 'FAddSub_fulldsp' <Latency = 6> <II = 1> <Delay = 2.34> <FuncUnit> <Opcode : 'fadd' 'fsub'> <InPorts = 2> <OutPorts = 1>

State 50 <SV = 49> <Delay = 2.34>
ST_50 : Operation 203 [6/7] (2.34ns)   --->   "%add5 = fadd i32 %center, i32 %delta" [/localhdd/zyx/rodinia-hls/Benchmarks/hotspot/hotspot_1_tiling/src/hotspot.cpp:23]   --->   Operation 203 'fadd' 'add5' <Predicate = (!icmp_ln9)> <Delay = 2.34> <CoreInst = "FAddSub_fulldsp">   --->   Core 74 'FAddSub_fulldsp' <Latency = 6> <II = 1> <Delay = 2.34> <FuncUnit> <Opcode : 'fadd' 'fsub'> <InPorts = 2> <OutPorts = 1>

State 51 <SV = 50> <Delay = 2.34>
ST_51 : Operation 204 [5/7] (2.34ns)   --->   "%add5 = fadd i32 %center, i32 %delta" [/localhdd/zyx/rodinia-hls/Benchmarks/hotspot/hotspot_1_tiling/src/hotspot.cpp:23]   --->   Operation 204 'fadd' 'add5' <Predicate = (!icmp_ln9)> <Delay = 2.34> <CoreInst = "FAddSub_fulldsp">   --->   Core 74 'FAddSub_fulldsp' <Latency = 6> <II = 1> <Delay = 2.34> <FuncUnit> <Opcode : 'fadd' 'fsub'> <InPorts = 2> <OutPorts = 1>

State 52 <SV = 51> <Delay = 2.34>
ST_52 : Operation 205 [4/7] (2.34ns)   --->   "%add5 = fadd i32 %center, i32 %delta" [/localhdd/zyx/rodinia-hls/Benchmarks/hotspot/hotspot_1_tiling/src/hotspot.cpp:23]   --->   Operation 205 'fadd' 'add5' <Predicate = (!icmp_ln9)> <Delay = 2.34> <CoreInst = "FAddSub_fulldsp">   --->   Core 74 'FAddSub_fulldsp' <Latency = 6> <II = 1> <Delay = 2.34> <FuncUnit> <Opcode : 'fadd' 'fsub'> <InPorts = 2> <OutPorts = 1>

State 53 <SV = 52> <Delay = 2.34>
ST_53 : Operation 206 [3/7] (2.34ns)   --->   "%add5 = fadd i32 %center, i32 %delta" [/localhdd/zyx/rodinia-hls/Benchmarks/hotspot/hotspot_1_tiling/src/hotspot.cpp:23]   --->   Operation 206 'fadd' 'add5' <Predicate = (!icmp_ln9)> <Delay = 2.34> <CoreInst = "FAddSub_fulldsp">   --->   Core 74 'FAddSub_fulldsp' <Latency = 6> <II = 1> <Delay = 2.34> <FuncUnit> <Opcode : 'fadd' 'fsub'> <InPorts = 2> <OutPorts = 1>

State 54 <SV = 53> <Delay = 2.34>
ST_54 : Operation 207 [2/7] (2.34ns)   --->   "%add5 = fadd i32 %center, i32 %delta" [/localhdd/zyx/rodinia-hls/Benchmarks/hotspot/hotspot_1_tiling/src/hotspot.cpp:23]   --->   Operation 207 'fadd' 'add5' <Predicate = (!icmp_ln9)> <Delay = 2.34> <CoreInst = "FAddSub_fulldsp">   --->   Core 74 'FAddSub_fulldsp' <Latency = 6> <II = 1> <Delay = 2.34> <FuncUnit> <Opcode : 'fadd' 'fsub'> <InPorts = 2> <OutPorts = 1>

State 55 <SV = 54> <Delay = 2.34>
ST_55 : Operation 208 [1/7] (2.34ns)   --->   "%add5 = fadd i32 %center, i32 %delta" [/localhdd/zyx/rodinia-hls/Benchmarks/hotspot/hotspot_1_tiling/src/hotspot.cpp:23]   --->   Operation 208 'fadd' 'add5' <Predicate = (!icmp_ln9)> <Delay = 2.34> <CoreInst = "FAddSub_fulldsp">   --->   Core 74 'FAddSub_fulldsp' <Latency = 6> <II = 1> <Delay = 2.34> <FuncUnit> <Opcode : 'fadd' 'fsub'> <InPorts = 2> <OutPorts = 1>

State 56 <SV = 55> <Delay = 1.15>
ST_56 : Operation 209 [1/1] (0.00ns)   --->   "%specloopname_ln0 = specloopname void @_ssdm_op_SpecLoopName, void @VITIS_LOOP_9_1_VITIS_LOOP_10_2_str"   --->   Operation 209 'specloopname' 'specloopname_ln0' <Predicate = (!icmp_ln9)> <Delay = 0.00>
ST_56 : Operation 210 [1/1] (0.00ns)   --->   "%empty = speclooptripcount i32 @_ssdm_op_SpecLoopTripCount, i64, i64, i64"   --->   Operation 210 'speclooptripcount' 'empty' <Predicate = (!icmp_ln9)> <Delay = 0.00>
ST_56 : Operation 211 [1/1] (0.00ns)   --->   "%specpipeline_ln0 = specpipeline void @_ssdm_op_SpecPipeline, i32, i32, i32, i32, void @p_str"   --->   Operation 211 'specpipeline' 'specpipeline_ln0' <Predicate = (!icmp_ln9)> <Delay = 0.00>
ST_56 : Operation 212 [1/1] (0.00ns)   --->   "%specloopname_ln10 = specloopname void @_ssdm_op_SpecLoopName, void @empty_11" [/localhdd/zyx/rodinia-hls/Benchmarks/hotspot/hotspot_1_tiling/src/hotspot.cpp:10]   --->   Operation 212 'specloopname' 'specloopname_ln10' <Predicate = (!icmp_ln9)> <Delay = 0.00>
ST_56 : Operation 213 [1/1] (0.00ns)   --->   "%result_addr = getelementptr i32 %result, i64, i64 %zext_ln13" [/localhdd/zyx/rodinia-hls/Benchmarks/hotspot/hotspot_1_tiling/src/hotspot.cpp:23]   --->   Operation 213 'getelementptr' 'result_addr' <Predicate = (!icmp_ln9)> <Delay = 0.00>
ST_56 : Operation 214 [1/1] (1.15ns)   --->   "%store_ln23 = store i32 %add5, i15 %result_addr" [/localhdd/zyx/rodinia-hls/Benchmarks/hotspot/hotspot_1_tiling/src/hotspot.cpp:23]   --->   Operation 214 'store' 'store_ln23' <Predicate = (!icmp_ln9)> <Delay = 1.15> <CoreInst = "RAM">   --->   Core 23 'RAM' <Latency = 1> <II = 1> <Delay = 1.15> <Storage> <Opcode : 'load' 'store'> <Ports = 2> <Width = 32> <Depth = 32768> <RAM>
ST_56 : Operation 215 [1/1] (0.00ns)   --->   "%br_ln0 = br void %bb27"   --->   Operation 215 'br' 'br_ln0' <Predicate = (!icmp_ln9)> <Delay = 0.00>

State 57 <SV = 2> <Delay = 0.00>
ST_57 : Operation 216 [1/1] (0.00ns)   --->   "%ret_ln26 = ret" [/localhdd/zyx/rodinia-hls/Benchmarks/hotspot/hotspot_1_tiling/src/hotspot.cpp:26]   --->   Operation 216 'ret' 'ret_ln26' <Predicate = true> <Delay = 0.00>


============================================================
+ Verbose Summary: Timing violations
============================================================
Target clock period: 3.33ns, clock uncertainty: 0.9ns.

 <State 1>: 0.603ns
The critical path consists of the following:
	multiplexor before 'phi' operation ('indvar_flatten', /localhdd/zyx/rodinia-hls/Benchmarks/hotspot/hotspot_1_tiling/src/hotspot.cpp:9) with incoming values : ('add_ln9', /localhdd/zyx/rodinia-hls/Benchmarks/hotspot/hotspot_1_tiling/src/hotspot.cpp:9) [10]  (0.603 ns)

 <State 2>: 1.01ns
The critical path consists of the following:
	'phi' operation ('r', /localhdd/zyx/rodinia-hls/Benchmarks/hotspot/hotspot_1_tiling/src/hotspot.cpp:9) with incoming values : ('select_ln9_1', /localhdd/zyx/rodinia-hls/Benchmarks/hotspot/hotspot_1_tiling/src/hotspot.cpp:9) [11]  (0 ns)
	'add' operation ('add_ln9_1', /localhdd/zyx/rodinia-hls/Benchmarks/hotspot/hotspot_1_tiling/src/hotspot.cpp:9) [22]  (0.706 ns)
	'select' operation ('select_ln9_1', /localhdd/zyx/rodinia-hls/Benchmarks/hotspot/hotspot_1_tiling/src/hotspot.cpp:9) [23]  (0.308 ns)

 <State 3>: 2.21ns
The critical path consists of the following:
	'add' operation ('add_ln13', /localhdd/zyx/rodinia-hls/Benchmarks/hotspot/hotspot_1_tiling/src/hotspot.cpp:13) [44]  (0.775 ns)
	'select' operation ('top', /localhdd/zyx/rodinia-hls/Benchmarks/hotspot/hotspot_1_tiling/src/hotspot.cpp:9) [47]  (0.278 ns)
	'getelementptr' operation ('temp_addr_1', /localhdd/zyx/rodinia-hls/Benchmarks/hotspot/hotspot_1_tiling/src/hotspot.cpp:13) [49]  (0 ns)
	'load' operation ('top', /localhdd/zyx/rodinia-hls/Benchmarks/hotspot/hotspot_1_tiling/src/hotspot.cpp:13) on array 'temp' [50]  (1.16 ns)

 <State 4>: 2.19ns
The critical path consists of the following:
	'add' operation ('add_ln14', /localhdd/zyx/rodinia-hls/Benchmarks/hotspot/hotspot_1_tiling/src/hotspot.cpp:14) [52]  (0.785 ns)
	'select' operation ('select_ln14', /localhdd/zyx/rodinia-hls/Benchmarks/hotspot/hotspot_1_tiling/src/hotspot.cpp:14) [53]  (0.243 ns)
	'getelementptr' operation ('temp_addr_2', /localhdd/zyx/rodinia-hls/Benchmarks/hotspot/hotspot_1_tiling/src/hotspot.cpp:12) [55]  (0 ns)
	'load' operation ('right', /localhdd/zyx/rodinia-hls/Benchmarks/hotspot/hotspot_1_tiling/src/hotspot.cpp:14) on array 'temp' [56]  (1.16 ns)

 <State 5>: 2.34ns
The critical path consists of the following:
	'fadd' operation ('add', /localhdd/zyx/rodinia-hls/Benchmarks/hotspot/hotspot_1_tiling/src/hotspot.cpp:19) [72]  (2.34 ns)

 <State 6>: 2.34ns
The critical path consists of the following:
	'fadd' operation ('add', /localhdd/zyx/rodinia-hls/Benchmarks/hotspot/hotspot_1_tiling/src/hotspot.cpp:19) [72]  (2.34 ns)

 <State 7>: 2.34ns
The critical path consists of the following:
	'fadd' operation ('add', /localhdd/zyx/rodinia-hls/Benchmarks/hotspot/hotspot_1_tiling/src/hotspot.cpp:19) [72]  (2.34 ns)

 <State 8>: 2.34ns
The critical path consists of the following:
	'fadd' operation ('add', /localhdd/zyx/rodinia-hls/Benchmarks/hotspot/hotspot_1_tiling/src/hotspot.cpp:19) [72]  (2.34 ns)

 <State 9>: 2.34ns
The critical path consists of the following:
	'fadd' operation ('add', /localhdd/zyx/rodinia-hls/Benchmarks/hotspot/hotspot_1_tiling/src/hotspot.cpp:19) [72]  (2.34 ns)

 <State 10>: 2.34ns
The critical path consists of the following:
	'fadd' operation ('add', /localhdd/zyx/rodinia-hls/Benchmarks/hotspot/hotspot_1_tiling/src/hotspot.cpp:19) [72]  (2.34 ns)

 <State 11>: 2.34ns
The critical path consists of the following:
	'fadd' operation ('add', /localhdd/zyx/rodinia-hls/Benchmarks/hotspot/hotspot_1_tiling/src/hotspot.cpp:19) [72]  (2.34 ns)

 <State 12>: 2.34ns
The critical path consists of the following:
	'fsub' operation ('sub', /localhdd/zyx/rodinia-hls/Benchmarks/hotspot/hotspot_1_tiling/src/hotspot.cpp:19) [74]  (2.34 ns)

 <State 13>: 2.34ns
The critical path consists of the following:
	'fsub' operation ('sub', /localhdd/zyx/rodinia-hls/Benchmarks/hotspot/hotspot_1_tiling/src/hotspot.cpp:19) [74]  (2.34 ns)

 <State 14>: 2.34ns
The critical path consists of the following:
	'fsub' operation ('sub', /localhdd/zyx/rodinia-hls/Benchmarks/hotspot/hotspot_1_tiling/src/hotspot.cpp:19) [74]  (2.34 ns)

 <State 15>: 2.34ns
The critical path consists of the following:
	'fsub' operation ('sub', /localhdd/zyx/rodinia-hls/Benchmarks/hotspot/hotspot_1_tiling/src/hotspot.cpp:19) [74]  (2.34 ns)

 <State 16>: 2.34ns
The critical path consists of the following:
	'fsub' operation ('sub', /localhdd/zyx/rodinia-hls/Benchmarks/hotspot/hotspot_1_tiling/src/hotspot.cpp:19) [74]  (2.34 ns)

 <State 17>: 2.34ns
The critical path consists of the following:
	'fsub' operation ('sub', /localhdd/zyx/rodinia-hls/Benchmarks/hotspot/hotspot_1_tiling/src/hotspot.cpp:19) [74]  (2.34 ns)

 <State 18>: 2.34ns
The critical path consists of the following:
	'fsub' operation ('sub', /localhdd/zyx/rodinia-hls/Benchmarks/hotspot/hotspot_1_tiling/src/hotspot.cpp:19) [74]  (2.34 ns)

 <State 19>: 2.34ns
The critical path consists of the following:
	'fsub' operation ('sub1', /localhdd/zyx/rodinia-hls/Benchmarks/hotspot/hotspot_1_tiling/src/hotspot.cpp:20) [78]  (2.34 ns)

 <State 20>: 2.34ns
The critical path consists of the following:
	'fsub' operation ('sub1', /localhdd/zyx/rodinia-hls/Benchmarks/hotspot/hotspot_1_tiling/src/hotspot.cpp:20) [78]  (2.34 ns)

 <State 21>: 2.32ns
The critical path consists of the following:
	'fmul' operation ('mul1', /localhdd/zyx/rodinia-hls/Benchmarks/hotspot/hotspot_1_tiling/src/hotspot.cpp:19) [75]  (2.32 ns)

 <State 22>: 2.32ns
The critical path consists of the following:
	'fmul' operation ('mul1', /localhdd/zyx/rodinia-hls/Benchmarks/hotspot/hotspot_1_tiling/src/hotspot.cpp:19) [75]  (2.32 ns)

 <State 23>: 2.34ns
The critical path consists of the following:
	'fadd' operation ('add1', /localhdd/zyx/rodinia-hls/Benchmarks/hotspot/hotspot_1_tiling/src/hotspot.cpp:18) [76]  (2.34 ns)

 <State 24>: 2.34ns
The critical path consists of the following:
	'fadd' operation ('add1', /localhdd/zyx/rodinia-hls/Benchmarks/hotspot/hotspot_1_tiling/src/hotspot.cpp:18) [76]  (2.34 ns)

 <State 25>: 2.34ns
The critical path consists of the following:
	'fadd' operation ('add1', /localhdd/zyx/rodinia-hls/Benchmarks/hotspot/hotspot_1_tiling/src/hotspot.cpp:18) [76]  (2.34 ns)

 <State 26>: 2.34ns
The critical path consists of the following:
	'fadd' operation ('add1', /localhdd/zyx/rodinia-hls/Benchmarks/hotspot/hotspot_1_tiling/src/hotspot.cpp:18) [76]  (2.34 ns)

 <State 27>: 2.34ns
The critical path consists of the following:
	'fadd' operation ('add1', /localhdd/zyx/rodinia-hls/Benchmarks/hotspot/hotspot_1_tiling/src/hotspot.cpp:18) [76]  (2.34 ns)

 <State 28>: 2.34ns
The critical path consists of the following:
	'fadd' operation ('add1', /localhdd/zyx/rodinia-hls/Benchmarks/hotspot/hotspot_1_tiling/src/hotspot.cpp:18) [76]  (2.34 ns)

 <State 29>: 2.34ns
The critical path consists of the following:
	'fadd' operation ('add1', /localhdd/zyx/rodinia-hls/Benchmarks/hotspot/hotspot_1_tiling/src/hotspot.cpp:18) [76]  (2.34 ns)

 <State 30>: 2.34ns
The critical path consists of the following:
	'fadd' operation ('add3', /localhdd/zyx/rodinia-hls/Benchmarks/hotspot/hotspot_1_tiling/src/hotspot.cpp:19) [80]  (2.34 ns)

 <State 31>: 2.34ns
The critical path consists of the following:
	'fadd' operation ('add3', /localhdd/zyx/rodinia-hls/Benchmarks/hotspot/hotspot_1_tiling/src/hotspot.cpp:19) [80]  (2.34 ns)

 <State 32>: 2.34ns
The critical path consists of the following:
	'fadd' operation ('add3', /localhdd/zyx/rodinia-hls/Benchmarks/hotspot/hotspot_1_tiling/src/hotspot.cpp:19) [80]  (2.34 ns)

 <State 33>: 2.34ns
The critical path consists of the following:
	'fadd' operation ('add3', /localhdd/zyx/rodinia-hls/Benchmarks/hotspot/hotspot_1_tiling/src/hotspot.cpp:19) [80]  (2.34 ns)

 <State 34>: 2.34ns
The critical path consists of the following:
	'fadd' operation ('add3', /localhdd/zyx/rodinia-hls/Benchmarks/hotspot/hotspot_1_tiling/src/hotspot.cpp:19) [80]  (2.34 ns)

 <State 35>: 2.34ns
The critical path consists of the following:
	'fadd' operation ('add3', /localhdd/zyx/rodinia-hls/Benchmarks/hotspot/hotspot_1_tiling/src/hotspot.cpp:19) [80]  (2.34 ns)

 <State 36>: 2.34ns
The critical path consists of the following:
	'fadd' operation ('add3', /localhdd/zyx/rodinia-hls/Benchmarks/hotspot/hotspot_1_tiling/src/hotspot.cpp:19) [80]  (2.34 ns)

 <State 37>: 2.34ns
The critical path consists of the following:
	'fadd' operation ('add4', /localhdd/zyx/rodinia-hls/Benchmarks/hotspot/hotspot_1_tiling/src/hotspot.cpp:20) [83]  (2.34 ns)

 <State 38>: 2.34ns
The critical path consists of the following:
	'fadd' operation ('add4', /localhdd/zyx/rodinia-hls/Benchmarks/hotspot/hotspot_1_tiling/src/hotspot.cpp:20) [83]  (2.34 ns)

 <State 39>: 2.34ns
The critical path consists of the following:
	'fadd' operation ('add4', /localhdd/zyx/rodinia-hls/Benchmarks/hotspot/hotspot_1_tiling/src/hotspot.cpp:20) [83]  (2.34 ns)

 <State 40>: 2.34ns
The critical path consists of the following:
	'fadd' operation ('add4', /localhdd/zyx/rodinia-hls/Benchmarks/hotspot/hotspot_1_tiling/src/hotspot.cpp:20) [83]  (2.34 ns)

 <State 41>: 2.34ns
The critical path consists of the following:
	'fadd' operation ('add4', /localhdd/zyx/rodinia-hls/Benchmarks/hotspot/hotspot_1_tiling/src/hotspot.cpp:20) [83]  (2.34 ns)

 <State 42>: 2.34ns
The critical path consists of the following:
	'fadd' operation ('add4', /localhdd/zyx/rodinia-hls/Benchmarks/hotspot/hotspot_1_tiling/src/hotspot.cpp:20) [83]  (2.34 ns)

 <State 43>: 2.34ns
The critical path consists of the following:
	'fadd' operation ('add4', /localhdd/zyx/rodinia-hls/Benchmarks/hotspot/hotspot_1_tiling/src/hotspot.cpp:20) [83]  (2.34 ns)

 <State 44>: 2.32ns
The critical path consists of the following:
	'fmul' operation ('delta', /localhdd/zyx/rodinia-hls/Benchmarks/hotspot/hotspot_1_tiling/src/hotspot.cpp:18) [84]  (2.32 ns)

 <State 45>: 2.32ns
The critical path consists of the following:
	'fmul' operation ('delta', /localhdd/zyx/rodinia-hls/Benchmarks/hotspot/hotspot_1_tiling/src/hotspot.cpp:18) [84]  (2.32 ns)

 <State 46>: 2.32ns
The critical path consists of the following:
	'fmul' operation ('delta', /localhdd/zyx/rodinia-hls/Benchmarks/hotspot/hotspot_1_tiling/src/hotspot.cpp:18) [84]  (2.32 ns)

 <State 47>: 2.32ns
The critical path consists of the following:
	'fmul' operation ('delta', /localhdd/zyx/rodinia-hls/Benchmarks/hotspot/hotspot_1_tiling/src/hotspot.cpp:18) [84]  (2.32 ns)

 <State 48>: 0ns
The critical path consists of the following:

 <State 49>: 2.34ns
The critical path consists of the following:
	'fadd' operation ('add5', /localhdd/zyx/rodinia-hls/Benchmarks/hotspot/hotspot_1_tiling/src/hotspot.cpp:23) [85]  (2.34 ns)

 <State 50>: 2.34ns
The critical path consists of the following:
	'fadd' operation ('add5', /localhdd/zyx/rodinia-hls/Benchmarks/hotspot/hotspot_1_tiling/src/hotspot.cpp:23) [85]  (2.34 ns)

 <State 51>: 2.34ns
The critical path consists of the following:
	'fadd' operation ('add5', /localhdd/zyx/rodinia-hls/Benchmarks/hotspot/hotspot_1_tiling/src/hotspot.cpp:23) [85]  (2.34 ns)

 <State 52>: 2.34ns
The critical path consists of the following:
	'fadd' operation ('add5', /localhdd/zyx/rodinia-hls/Benchmarks/hotspot/hotspot_1_tiling/src/hotspot.cpp:23) [85]  (2.34 ns)

 <State 53>: 2.34ns
The critical path consists of the following:
	'fadd' operation ('add5', /localhdd/zyx/rodinia-hls/Benchmarks/hotspot/hotspot_1_tiling/src/hotspot.cpp:23) [85]  (2.34 ns)

 <State 54>: 2.34ns
The critical path consists of the following:
	'fadd' operation ('add5', /localhdd/zyx/rodinia-hls/Benchmarks/hotspot/hotspot_1_tiling/src/hotspot.cpp:23) [85]  (2.34 ns)

 <State 55>: 2.34ns
The critical path consists of the following:
	'fadd' operation ('add5', /localhdd/zyx/rodinia-hls/Benchmarks/hotspot/hotspot_1_tiling/src/hotspot.cpp:23) [85]  (2.34 ns)

 <State 56>: 1.16ns
The critical path consists of the following:
	'getelementptr' operation ('result_addr', /localhdd/zyx/rodinia-hls/Benchmarks/hotspot/hotspot_1_tiling/src/hotspot.cpp:23) [86]  (0 ns)
	'store' operation ('store_ln23', /localhdd/zyx/rodinia-hls/Benchmarks/hotspot/hotspot_1_tiling/src/hotspot.cpp:23) of variable 'add5', /localhdd/zyx/rodinia-hls/Benchmarks/hotspot/hotspot_1_tiling/src/hotspot.cpp:23 on array 'result' [87]  (1.16 ns)

 <State 57>: 0ns
The critical path consists of the following:


============================================================
+ Verbose Summary: Binding
============================================================
N/A
* FSMD analyzer results:
  - Output states:
 - Input state : 
  - Chain level:
	State 1
	State 2
	State 3
	State 4
	State 5
	State 6
	State 7
	State 8
	State 9
	State 10
	State 11
	State 12
	State 13
	State 14
	State 15
	State 16
	State 17
	State 18
	State 19
	State 20
	State 21
	State 22
	State 23
	State 24
	State 25
	State 26
	State 27
	State 28
	State 29
	State 30
	State 31
	State 32
	State 33
	State 34
	State 35
	State 36
	State 37
	State 38
	State 39
	State 40
	State 41
	State 42
	State 43
	State 44
	State 45
	State 46
	State 47
	State 48
	State 49
	State 50
	State 51
	State 52
	State 53
	State 54
	State 55
	State 56
	State 57


============================================================
+ Verbose Summary: Datapath Resource usage 
============================================================
N/A
