INFO-FLOW: Workspace /localhdd/zyx/rodinia-hls/Benchmarks/hotspot/hotspot_0_baseline/hotspot_0_kernel/solution opened at Tue May 18 19:14:21 PDT 2021
Execute     send_msg_by_id INFO @200-1505@%s%s default  vivado 
INFO: [HLS 200-1505] Using default flow_target 'vivado'
Execute     get_config_interface -m_axi_latency 
Execute     get_config_interface -m_axi_alignment_byte_size 
Execute     get_config_interface -m_axi_max_widen_bitwidth 
Execute     get_config_interface -default_interface 
Execute     get_config_interface -default_slave_interface 
Execute     get_config_rtl -register_reset_num 
Execute   set_part xcu200-fsgd2104-2-e 
INFO-FLOW: DBG:set_part: XILINX_VIVADO=/local-scratch/Xilinx/Vivado/2020.1
INFO-FLOW: DBG:set_part: RDI_DATADIR=/local-scratch/Xilinx/Vivado/2020.1/data:/local-scratch/Xilinx/Vitis/2020.1/data
Execute     ap_part_info -name xcu200-fsgd2104-2-e -data single -quiet 
DBG:HLSDevice: Trying to load device library: /local-scratch/Xilinx/Vitis/2020.1/lib/lnx64.o/librdi_hlsvwrap.so
DBG:HLSDevice: first parts/arch.xml in RDI_DATADIR: /local-scratch/Xilinx/Vivado/2020.1/data/parts/arch.xml
Command     ap_part_info done; 1.23 sec.
Execute     ap_part_info -name xcu200-fsgd2104-2-e -data info 
Execute     ap_family_info -name virtexuplus -data info 
Execute     add_library xilinx/virtexuplus/virtexuplus:xcu200:-fsgd2104:-2-e 
Execute       get_default_platform 
Execute       open_platform DefaultPlatform 
Execute       import_lib /local-scratch/Xilinx/Vitis/2020.1/common/technology/xilinx/virtexuplus/virtexuplus 
Execute         source /local-scratch/Xilinx/Vitis/2020.1/common/technology/xilinx/common/xilinx.lib 
Execute           source /local-scratch/Xilinx/Vitis/2020.1/common/technology/xilinx/common/dsp48.lib 
Execute         source /local-scratch/Xilinx/Vitis/2020.1/common/technology/xilinx/common/xilinx.hlp 
Execute           source /local-scratch/Xilinx/Vitis/2020.1/common/technology/xilinx/interface/xilinx_interface.hlp 
Execute             source /local-scratch/Xilinx/Vitis/2020.1/common/technology/xilinx/interface/maxi.hlp 
Execute             source /local-scratch/Xilinx/Vitis/2020.1/common/technology/xilinx/interface/saxilite.hlp 
Execute           source /local-scratch/Xilinx/Vitis/2020.1/common/technology/xilinx/common/dsp48.hlp 
Execute         source /local-scratch/Xilinx/Vitis/2020.1/common/technology/xilinx/virtexuplus/dsp48e2.hlp 
Execute       source /local-scratch/Xilinx/Vitis/2020.1/common/technology/xilinx/virtexuplus/virtexuplus.gen 
Execute         source /local-scratch/Xilinx/Vitis/2020.1/common/technology/xilinx/common/xilinx.gen 
Execute           source /local-scratch/Xilinx/Vitis/2020.1/common/technology/xilinx/interface/plb46.gen 
Execute           source /local-scratch/Xilinx/Vitis/2020.1/common/technology/xilinx/interface/axi4.gen 
Execute           source /local-scratch/Xilinx/Vitis/2020.1/common/technology/xilinx/interface/nativeAXI4.gen 
Execute             source /local-scratch/Xilinx/Vitis/2020.1/common/technology/xilinx/interface/saxilite.gen 
Execute             source /local-scratch/Xilinx/Vitis/2020.1/common/technology/xilinx/interface/maxi.gen 
Execute           source /local-scratch/Xilinx/Vitis/2020.1/common/technology/xilinx/scripts/xilinxcoregen.gen 
Execute           source /local-scratch/Xilinx/Vitis/2020.1/common/technology/xilinx/interface/XilEDKCoreGen.gen 
Execute           source /local-scratch/Xilinx/Vitis/2020.1/common/technology/xilinx/ip/dds_compiler.gen 
Execute           source /local-scratch/Xilinx/Vitis/2020.1/common/technology/xilinx/ip/util.gen 
Execute           source /local-scratch/Xilinx/Vitis/2020.1/common/technology/xilinx/ip/xfft.gen 
Execute           source /local-scratch/Xilinx/Vitis/2020.1/common/technology/xilinx/ip/xfir.gen 
Execute           source /local-scratch/Xilinx/Vitis/2020.1/common/technology/xilinx/common/dsp48.gen 
Execute       ap_part_info -data single -name xcu200-fsgd2104-2-e 
Execute       ap_part_info -name xcu200-fsgd2104-2-e -data resources 
Execute       config_chip_info -resource {SLICE 147780} {LUT 1182240} {FF 2364480} {DSP 6840} {BRAM 4320} {URAM 960} {SLR 3} 
Execute       ap_part_info -name xcu200-fsgd2104-2-e -data info 
Execute       config_chip_info -speed medium 
Command     add_library done; 0.13 sec.
Execute     add_library xilinx/virtexuplus/virtexuplus_fpv7 
Execute       get_default_platform 
Execute       open_platform DefaultPlatform 
Execute       import_lib /local-scratch/Xilinx/Vitis/2020.1/common/technology/xilinx/virtexuplus/virtexuplus_fpv7 
Execute         source /local-scratch/Xilinx/Vitis/2020.1/common/technology/xilinx/common/xilinx_fp.lib 
Execute         source /local-scratch/Xilinx/Vitis/2020.1/common/technology/xilinx/common/xilinx_fp.hlp 
Execute           source /local-scratch/Xilinx/Vitis/2020.1/common/technology/xilinx/common/xilinx.hlp 
Execute             source /local-scratch/Xilinx/Vitis/2020.1/common/technology/xilinx/interface/xilinx_interface.hlp 
Execute               source /local-scratch/Xilinx/Vitis/2020.1/common/technology/xilinx/interface/maxi.hlp 
Execute               source /local-scratch/Xilinx/Vitis/2020.1/common/technology/xilinx/interface/saxilite.hlp 
Execute             source /local-scratch/Xilinx/Vitis/2020.1/common/technology/xilinx/common/dsp48.hlp 
Execute       source /local-scratch/Xilinx/Vitis/2020.1/common/technology/xilinx/virtexuplus/virtexuplus_fpv7.gen 
Execute         source /local-scratch/Xilinx/Vitis/2020.1/common/technology/xilinx/common/xilinx_fp.gen 
INFO: [HLS 200-10] Setting target device to 'xcu200-fsgd2104-2-e'
Execute     ap_part_info -name xcu200-fsgd2104-2-e -data info 
Execute     get_default_platform 
Command   set_part done; 1.42 sec.
Execute   create_clock -period 300MHz -name default 
Execute     ap_set_clock -name default -period 3.333 -unit ns -default=false 
INFO: [SYN 201-201] Setting up clock 'default' with a period of 3.333ns.
Execute   config_flow -target vitis 
WARNING: [HLS 200-483] The 'config_flow -target' command is deprecated and will be removed in a future release. Use 'open_solution -flow_target' as its replacement.
Execute     get_config_interface -m_axi_latency 
Execute     send_msg_by_id INFO @200-435@%s%s 'config_flow -target' config_interface -m_axi_latency=64 
INFO: [HLS 200-435] Setting 'config_flow -target' configuration: config_interface -m_axi_latency=64
Execute     config_interface -m_axi_latency=64 
Execute     get_config_interface -m_axi_alignment_byte_size 
Execute     send_msg_by_id INFO @200-435@%s%s 'config_flow -target' config_interface -m_axi_alignment_byte_size=64 
INFO: [HLS 200-435] Setting 'config_flow -target' configuration: config_interface -m_axi_alignment_byte_size=64
Execute     config_interface -m_axi_alignment_byte_size=64 
Execute     get_config_interface -m_axi_max_widen_bitwidth 
Execute     send_msg_by_id INFO @200-435@%s%s 'config_flow -target' config_interface -m_axi_max_widen_bitwidth=512 
INFO: [HLS 200-435] Setting 'config_flow -target' configuration: config_interface -m_axi_max_widen_bitwidth=512
Execute     config_interface -m_axi_max_widen_bitwidth=512 
Execute     get_config_interface -default_interface 
INFO-FLOW: Setting macro_cmd 'config_flow -target' configuration: config_interface -default_interface=kernel
Execute     config_interface -default_interface=kernel 
Execute     get_config_interface -default_slave_interface 
Execute     send_msg_by_id INFO @200-435@%s%s 'config_flow -target' config_interface -default_slave_interface=s_axilite 
INFO: [HLS 200-435] Setting 'config_flow -target' configuration: config_interface -default_slave_interface=s_axilite
Execute     config_interface -default_slave_interface=s_axilite 
Execute     get_config_rtl -register_reset_num 
Execute     send_msg_by_id INFO @200-435@%s%s 'config_flow -target' config_rtl -register_reset_num=3 
INFO: [HLS 200-435] Setting 'config_flow -target' configuration: config_rtl -register_reset_num=3
Execute     config_rtl -register_reset_num=3 
Execute   config_export -vivado_optimization_level 0 
Execute     get_config_export -vivado_impl_strategy 
Execute     get_config_export -vivado_phys_opt 
Execute   config_dataflow -strict_mode warning 
Execute   set_clock_uncertainty 27.000000% 
Execute     get_clock_period -default -name=default 
Execute     ap_set_clock -name default -uncertainty 0.9 -unit % 
INFO: [SYN 201-201] Setting up clock 'default' with an uncertainty of 0.9ns.
Execute   config_interface -m_axi_addr64 
Execute   config_export -format ip_catalog -ipname workload 
Execute     get_config_export -vivado_impl_strategy 
Execute     get_config_export -vivado_phys_opt 
Execute   csynth_design 
Execute     get_config_compile -dump_cfg 
Execute     get_config_compile -effort 
Execute     get_config_compile -enable_clang39 
Execute     get_config_compile -g 
Execute     get_config_compile -ng 
Execute     get_config_compile -opt_fp 
Execute     get_config_compile -skip_cdt 
Execute     get_config_compile -skip_syncheck 
Execute     get_config_compile -skip_transform 
Execute     get_config_compile -keep_printf 
Execute     elaborate -effort=medium -skip_syncheck=0 -keep_printf=0 -skip_cdt=0 -skip_transform=0 -ng=0 -g=0 -opt_fp=0 -from_csynth_design=1 
INFO: [HLS 200-10] Analyzing design file '/localhdd/zyx/rodinia-hls/Benchmarks/hotspot/hotspot_0_baseline/src/hotspot.cpp' ... 
INFO-FLOW: Compiling one TU...
Execute       get_config_compile -pragma_strict_mode 
INFO-FLOW: Handling /localhdd/zyx/rodinia-hls/Benchmarks/hotspot/hotspot_0_baseline/src/hotspot.cpp as C++
Execute       ap_part_info -name xcu200-fsgd2104-2-e -data info 
INFO-FLOW: Running: GCC PP 39
INFO-FLOW: Source preprocessing
Execute       ap_eval exec -ignorestderr /local-scratch/Xilinx/Vitis/2020.1/lnx64/tools/clang-3.9-csynth/bin/clang -fsave-optimization-record -foptimization-record-file=/localhdd/zyx/rodinia-hls/Benchmarks/hotspot/hotspot_0_baseline/hotspot_0_kernel/solution/.autopilot/db/clang.hotspot.cpp.diag.yml -fno-limit-debug-info -gcc-toolchain /local-scratch/Xilinx/Vivado/2020.1/tps/lnx64/gcc-6.2.0 -fhls -fno-exceptions -E /localhdd/zyx/rodinia-hls/Benchmarks/hotspot/hotspot_0_baseline/src/hotspot.cpp -fno-math-errno -c -emit-llvm -mllvm -disable-llvm-optzns -Werror=implicit-function-declaration -Werror=implicit-hls-streams -Werror=return-type -Wpragmas -Wunused-parameter -fno-threadsafe-statics -fno-use-cxa-atexit -std=gnu++14 -target fpga64-xilinx-linux-gnu -fno-threadsafe-statics -fno-use-cxa-atexit -I /local-scratch/Xilinx/Vitis/2020.1/common/technology/autopilot/39 -DAESL_SYN -D__SYNTHESIS__ -D__HLS_SYN__ -I /local-scratch/Xilinx/Vitis/2020.1/common/technology/autopilot -I /local-scratch/Xilinx/Vitis/2020.1/common/technology/autopilot/ap_sysc -include etc/autopilot_ssdm_op.h -D__DSP48E2__ -o /localhdd/zyx/rodinia-hls/Benchmarks/hotspot/hotspot_0_baseline/hotspot_0_kernel/solution/.autopilot/db/hotspot.pp.0.cpp > /localhdd/zyx/rodinia-hls/Benchmarks/hotspot/hotspot_0_baseline/hotspot_0_kernel/solution/.autopilot/db/clang.hotspot.cpp.out.log 2> /localhdd/zyx/rodinia-hls/Benchmarks/hotspot/hotspot_0_baseline/hotspot_0_kernel/solution/.autopilot/db/clang.hotspot.cpp.err.log 
INFO-FLOW: Done: GCC PP 39 time: 0.1 seconds per iteration
Execute       set_directive_top workload -name=workload 
INFO-FLOW: Setting directive 'TOP' name=workload 
INFO-FLOW: Setting directive 'TOP' name=workload 
Execute       source /local-scratch/Xilinx/Vitis/2020.1/tps/tcl/tcllib1.11.1/yaml/huddle.tcl 
Execute       source /local-scratch/Xilinx/Vitis/2020.1/tps/tcl/tcllib1.11.1/yaml/json2huddle.tcl 
Execute         source /local-scratch/Xilinx/Vitis/2020.1/tps/tcl/tcllib1.11.1/try/try.tcl 
INFO-FLOW: Setting directive 'TOP' name=workload 
Execute       list_core -type functional_unit 
Execute       clang_tidy xilinx-systemc-detector /localhdd/zyx/rodinia-hls/Benchmarks/hotspot/hotspot_0_baseline/hotspot_0_kernel/solution/.autopilot/db/hotspot.pp.0.cpp std=gnu++14 -target fpga  -directive=/localhdd/zyx/rodinia-hls/Benchmarks/hotspot/hotspot_0_baseline/hotspot_0_kernel/solution/.autopilot/db/.systemc_flag 
INFO-FLOW: exec /local-scratch/Xilinx/Vitis/2020.1/lnx64/tools/clang-3.9-csynth/bin/clang-tidy -header-filter=.* --checks=-*,xilinx-systemc-detector -import-directive=/localhdd/zyx/rodinia-hls/Benchmarks/hotspot/hotspot_0_baseline/hotspot_0_kernel/solution/.autopilot/db/.systemc_flag -fix-errors /localhdd/zyx/rodinia-hls/Benchmarks/hotspot/hotspot_0_baseline/hotspot_0_kernel/solution/.autopilot/db/hotspot.pp.0.cpp -- -std=gnu++14 -target fpga -fhls -ferror-limit=0
INFO-FLOW: Running: clang-tidy CDT preprocess 39
Execute       clang_tidy xilinx-directive2pragma /localhdd/zyx/rodinia-hls/Benchmarks/hotspot/hotspot_0_baseline/hotspot_0_kernel/solution/.autopilot/db/hotspot.pp.0.cpp std=gnu++14 -target fpga  -directive=/localhdd/zyx/rodinia-hls/Benchmarks/hotspot/hotspot_0_baseline/hotspot_0_kernel/solution/.autopilot/db/all.directive.json 
INFO-FLOW: exec /local-scratch/Xilinx/Vitis/2020.1/lnx64/tools/clang-3.9-csynth/bin/clang-tidy -header-filter=.* --checks=-*,xilinx-directive2pragma -import-directive=/localhdd/zyx/rodinia-hls/Benchmarks/hotspot/hotspot_0_baseline/hotspot_0_kernel/solution/.autopilot/db/all.directive.json -fix-errors /localhdd/zyx/rodinia-hls/Benchmarks/hotspot/hotspot_0_baseline/hotspot_0_kernel/solution/.autopilot/db/hotspot.pp.0.cpp -- -std=gnu++14 -target fpga -fhls -ferror-limit=0
Execute       clang_tidy xilinx-constantarray-param,xilinx-remove-assert /localhdd/zyx/rodinia-hls/Benchmarks/hotspot/hotspot_0_baseline/hotspot_0_kernel/solution/.autopilot/db/hotspot.pp.0.cpp std=gnu++14 -target fpga  
INFO-FLOW: exec /local-scratch/Xilinx/Vitis/2020.1/lnx64/tools/clang-3.9-csynth/bin/clang-tidy -header-filter=.* --checks=-*,xilinx-constantarray-param,xilinx-remove-assert -fix-errors /localhdd/zyx/rodinia-hls/Benchmarks/hotspot/hotspot_0_baseline/hotspot_0_kernel/solution/.autopilot/db/hotspot.pp.0.cpp -- -std=gnu++14 -target fpga -fhls -ferror-limit=0
INFO-FLOW: Done: clang-tidy CDT preprocess 39 time: 0.1 seconds per iteration
INFO-FLOW: Calling xilinx-label-all-loops ... 
Execute       clang_tidy -errorcheck xilinx-label-all-loops /localhdd/zyx/rodinia-hls/Benchmarks/hotspot/hotspot_0_baseline/hotspot_0_kernel/solution/.autopilot/db/hotspot.pp.0.cpp std=gnu++14 -target fpga  
Execute         ap_eval exec -ignorestderr /local-scratch/Xilinx/Vitis/2020.1/lnx64/tools/clang-3.9-csynth/bin/clang-tidy -export-fixes=/localhdd/zyx/rodinia-hls/Benchmarks/hotspot/hotspot_0_baseline/hotspot_0_kernel/solution/.autopilot/db/clang-tidy.hotspot.pp.0.cpp.diag.yml -header-filter=.* --checks=-*,xilinx-label-all-loops -fix-errors /localhdd/zyx/rodinia-hls/Benchmarks/hotspot/hotspot_0_baseline/hotspot_0_kernel/solution/.autopilot/db/hotspot.pp.0.cpp -- -std=gnu++14 -target fpga -fhls -ferror-limit=0 > /localhdd/zyx/rodinia-hls/Benchmarks/hotspot/hotspot_0_baseline/hotspot_0_kernel/solution/.autopilot/db/clang-tidy.hotspot.pp.0.cpp.out.log 2> /localhdd/zyx/rodinia-hls/Benchmarks/hotspot/hotspot_0_baseline/hotspot_0_kernel/solution/.autopilot/db/clang-tidy.hotspot.pp.0.cpp.err.log 
Execute         source /local-scratch/Xilinx/Vitis/2020.1/tps/tcl/tcllib1.11.1/yaml/yaml.tcl 
Execute           source /local-scratch/Xilinx/Vitis/2020.1/tps/tcl/tcllib1.11.1/cmdline/cmdline.tcl 
Execute       clang_tidy -errorcheck xilinx-top-parameters /localhdd/zyx/rodinia-hls/Benchmarks/hotspot/hotspot_0_baseline/hotspot_0_kernel/solution/.autopilot/db/hotspot.pp.0.cpp std=gnu++14 -target fpga  
Execute         ap_eval exec -ignorestderr /local-scratch/Xilinx/Vitis/2020.1/lnx64/tools/clang-3.9-csynth/bin/clang-tidy -export-fixes=/localhdd/zyx/rodinia-hls/Benchmarks/hotspot/hotspot_0_baseline/hotspot_0_kernel/solution/.autopilot/db/clang-tidy.hotspot.pp.0.cpp.diag.yml -header-filter=.* --checks=-*,xilinx-top-parameters -fix-errors /localhdd/zyx/rodinia-hls/Benchmarks/hotspot/hotspot_0_baseline/hotspot_0_kernel/solution/.autopilot/db/hotspot.pp.0.cpp -- -std=gnu++14 -target fpga -fhls -ferror-limit=0 > /localhdd/zyx/rodinia-hls/Benchmarks/hotspot/hotspot_0_baseline/hotspot_0_kernel/solution/.autopilot/db/clang-tidy.hotspot.pp.0.cpp.out.log 2> /localhdd/zyx/rodinia-hls/Benchmarks/hotspot/hotspot_0_baseline/hotspot_0_kernel/solution/.autopilot/db/clang-tidy.hotspot.pp.0.cpp.err.log 
Execute       clang_tidy -errorcheck xilinx-array-stream-check /localhdd/zyx/rodinia-hls/Benchmarks/hotspot/hotspot_0_baseline/hotspot_0_kernel/solution/.autopilot/db/hotspot.pp.0.cpp std=gnu++14 -target fpga  
Execute         ap_eval exec -ignorestderr /local-scratch/Xilinx/Vitis/2020.1/lnx64/tools/clang-3.9-csynth/bin/clang-tidy -export-fixes=/localhdd/zyx/rodinia-hls/Benchmarks/hotspot/hotspot_0_baseline/hotspot_0_kernel/solution/.autopilot/db/clang-tidy.hotspot.pp.0.cpp.diag.yml -header-filter=.* --checks=-*,xilinx-array-stream-check -fix-errors /localhdd/zyx/rodinia-hls/Benchmarks/hotspot/hotspot_0_baseline/hotspot_0_kernel/solution/.autopilot/db/hotspot.pp.0.cpp -- -std=gnu++14 -target fpga -fhls -ferror-limit=0 > /localhdd/zyx/rodinia-hls/Benchmarks/hotspot/hotspot_0_baseline/hotspot_0_kernel/solution/.autopilot/db/clang-tidy.hotspot.pp.0.cpp.out.log 2> /localhdd/zyx/rodinia-hls/Benchmarks/hotspot/hotspot_0_baseline/hotspot_0_kernel/solution/.autopilot/db/clang-tidy.hotspot.pp.0.cpp.err.log 
Execute       get_config_dataflow -strict_mode 
Execute       ap_eval exec -ignorestderr /local-scratch/Xilinx/Vitis/2020.1/lnx64/tools/clang-3.9-csynth/bin/xilinx-dataflow-lawyer -export-fixes=/localhdd/zyx/rodinia-hls/Benchmarks/hotspot/hotspot_0_baseline/hotspot_0_kernel/solution/.autopilot/db/xilinx-dataflow-lawyer.hotspot.pp.0.cpp.diag.yml /localhdd/zyx/rodinia-hls/Benchmarks/hotspot/hotspot_0_baseline/hotspot_0_kernel/solution/.autopilot/db/hotspot.pp.0.cpp -- -std=gnu++14 -target fpga -fhls -ferror-limit=0 -fstrict-dataflow > /localhdd/zyx/rodinia-hls/Benchmarks/hotspot/hotspot_0_baseline/hotspot_0_kernel/solution/.autopilot/db/xilinx-dataflow-lawyer.hotspot.pp.0.cpp.out.log 2> /localhdd/zyx/rodinia-hls/Benchmarks/hotspot/hotspot_0_baseline/hotspot_0_kernel/solution/.autopilot/db/xilinx-dataflow-lawyer.hotspot.pp.0.cpp.err.log 
Execute       clang_tidy -errorcheck xilinx-warn-mayneed-no-ctor-attribute /localhdd/zyx/rodinia-hls/Benchmarks/hotspot/hotspot_0_baseline/hotspot_0_kernel/solution/.autopilot/db/hotspot.pp.0.cpp std=gnu++14 -target fpga  
Execute         ap_eval exec -ignorestderr /local-scratch/Xilinx/Vitis/2020.1/lnx64/tools/clang-3.9-csynth/bin/clang-tidy -export-fixes=/localhdd/zyx/rodinia-hls/Benchmarks/hotspot/hotspot_0_baseline/hotspot_0_kernel/solution/.autopilot/db/clang-tidy.hotspot.pp.0.cpp.diag.yml -header-filter=.* --checks=-*,xilinx-warn-mayneed-no-ctor-attribute -fix-errors /localhdd/zyx/rodinia-hls/Benchmarks/hotspot/hotspot_0_baseline/hotspot_0_kernel/solution/.autopilot/db/hotspot.pp.0.cpp -- -std=gnu++14 -target fpga -fhls -ferror-limit=0 > /localhdd/zyx/rodinia-hls/Benchmarks/hotspot/hotspot_0_baseline/hotspot_0_kernel/solution/.autopilot/db/clang-tidy.hotspot.pp.0.cpp.out.log 2> /localhdd/zyx/rodinia-hls/Benchmarks/hotspot/hotspot_0_baseline/hotspot_0_kernel/solution/.autopilot/db/clang-tidy.hotspot.pp.0.cpp.err.log 
Execute       ap_part_info -name xcu200-fsgd2104-2-e -data info 
INFO-FLOW: compiling source code to llvm bc
Execute       ap_eval exec -ignorestderr /local-scratch/Xilinx/Vitis/2020.1/lnx64/tools/clang-3.9-csynth/bin/clang -fsave-optimization-record -foptimization-record-file=/localhdd/zyx/rodinia-hls/Benchmarks/hotspot/hotspot_0_baseline/hotspot_0_kernel/solution/.autopilot/db/clang.hotspot.pragma.2.cpp.diag.yml -fno-limit-debug-info -fhls -flto -fno-exceptions -Wno-error=c++11-narrowing /localhdd/zyx/rodinia-hls/Benchmarks/hotspot/hotspot_0_baseline/hotspot_0_kernel/solution/.autopilot/db/hotspot.pragma.2.cpp -fno-math-errno -c -emit-llvm -mllvm -disable-llvm-optzns -Werror=implicit-function-declaration -Werror=implicit-hls-streams -Werror=return-type -Wpragmas -Wunused-parameter -fno-threadsafe-statics -fno-use-cxa-atexit -std=gnu++14 -target fpga64-xilinx-linux-gnu -DAESL_SYN -D__SYNTHESIS__ -D__HLS_SYN__ -I /local-scratch/Xilinx/Vitis/2020.1/common/technology/autopilot -I /local-scratch/Xilinx/Vitis/2020.1/common/technology/autopilot/ap_sysc -include etc/autopilot_ssdm_op.h -D__DSP48E2__ -g -o /localhdd/zyx/rodinia-hls/Benchmarks/hotspot/hotspot_0_baseline/hotspot_0_kernel/solution/.autopilot/db/hotspot.bc > /localhdd/zyx/rodinia-hls/Benchmarks/hotspot/hotspot_0_baseline/hotspot_0_kernel/solution/.autopilot/db/clang.hotspot.pragma.2.cpp.out.log 2> /localhdd/zyx/rodinia-hls/Benchmarks/hotspot/hotspot_0_baseline/hotspot_0_kernel/solution/.autopilot/db/clang.hotspot.pragma.2.cpp.err.log 
INFO-FLOW: Linking Debug ...
INFO-FLOW: Linking dut bc code.
Execute       run_link_or_opt -out /localhdd/zyx/rodinia-hls/Benchmarks/hotspot/hotspot_0_baseline/hotspot_0_kernel/solution/.autopilot/db/a.g.ld.0.bc -args  "/localhdd/zyx/rodinia-hls/Benchmarks/hotspot/hotspot_0_baseline/hotspot_0_kernel/solution/.autopilot/db/hotspot.g.bc"  
Execute         ap_eval exec -ignorestderr /local-scratch/Xilinx/Vitis/2020.1/lnx64/tools/clang-3.9-csynth/bin/llvm-link /localhdd/zyx/rodinia-hls/Benchmarks/hotspot/hotspot_0_baseline/hotspot_0_kernel/solution/.autopilot/db/hotspot.g.bc -o /localhdd/zyx/rodinia-hls/Benchmarks/hotspot/hotspot_0_baseline/hotspot_0_kernel/solution/.autopilot/db/a.g.ld.0.bc > /localhdd/zyx/rodinia-hls/Benchmarks/hotspot/hotspot_0_baseline/hotspot_0_kernel/solution/.autopilot/db/llvm-link.a.g.ld.0.bc.out.log 2> /localhdd/zyx/rodinia-hls/Benchmarks/hotspot/hotspot_0_baseline/hotspot_0_kernel/solution/.autopilot/db/llvm-link.a.g.ld.0.bc.err.log 
INFO-FLOW: 
Execute       run_link_or_opt -opt -out /localhdd/zyx/rodinia-hls/Benchmarks/hotspot/hotspot_0_baseline/hotspot_0_kernel/solution/.autopilot/db/a.g.ld.1.lower.bc -args /localhdd/zyx/rodinia-hls/Benchmarks/hotspot/hotspot_0_baseline/hotspot_0_kernel/solution/.autopilot/db/a.g.ld.0.bc -reflow-lower-math-intrinsics 
Execute         ap_eval exec -ignorestderr /local-scratch/Xilinx/Vitis/2020.1/lnx64/tools/clang-3.9-csynth/bin/opt -pass-remarks-missed=.* -pass-remarks-output=/localhdd/zyx/rodinia-hls/Benchmarks/hotspot/hotspot_0_baseline/hotspot_0_kernel/solution/.autopilot/db/opt.a.g.ld.1.lower.bc.diag.yml /localhdd/zyx/rodinia-hls/Benchmarks/hotspot/hotspot_0_baseline/hotspot_0_kernel/solution/.autopilot/db/a.g.ld.0.bc -reflow-lower-math-intrinsics -o /localhdd/zyx/rodinia-hls/Benchmarks/hotspot/hotspot_0_baseline/hotspot_0_kernel/solution/.autopilot/db/a.g.ld.1.lower.bc > /localhdd/zyx/rodinia-hls/Benchmarks/hotspot/hotspot_0_baseline/hotspot_0_kernel/solution/.autopilot/db/opt.a.g.ld.1.lower.bc.out.log 2> /localhdd/zyx/rodinia-hls/Benchmarks/hotspot/hotspot_0_baseline/hotspot_0_kernel/solution/.autopilot/db/opt.a.g.ld.1.lower.bc.err.log 
INFO-FLOW: 
INFO-FLOW: Linking math bc lib
Execute       run_link_or_opt -out /localhdd/zyx/rodinia-hls/Benchmarks/hotspot/hotspot_0_baseline/hotspot_0_kernel/solution/.autopilot/db/a.g.ld.2.m1.bc -args /localhdd/zyx/rodinia-hls/Benchmarks/hotspot/hotspot_0_baseline/hotspot_0_kernel/solution/.autopilot/db/a.g.ld.1.lower.bc -only-needed /local-scratch/Xilinx/Vitis/2020.1/lnx64/lib/libhlsm_39.bc /local-scratch/Xilinx/Vitis/2020.1/lnx64/lib/libhlsmc++_39.bc 
Execute         ap_eval exec -ignorestderr /local-scratch/Xilinx/Vitis/2020.1/lnx64/tools/clang-3.9-csynth/bin/llvm-link /localhdd/zyx/rodinia-hls/Benchmarks/hotspot/hotspot_0_baseline/hotspot_0_kernel/solution/.autopilot/db/a.g.ld.1.lower.bc -only-needed /local-scratch/Xilinx/Vitis/2020.1/lnx64/lib/libhlsm_39.bc /local-scratch/Xilinx/Vitis/2020.1/lnx64/lib/libhlsmc++_39.bc -o /localhdd/zyx/rodinia-hls/Benchmarks/hotspot/hotspot_0_baseline/hotspot_0_kernel/solution/.autopilot/db/a.g.ld.2.m1.bc > /localhdd/zyx/rodinia-hls/Benchmarks/hotspot/hotspot_0_baseline/hotspot_0_kernel/solution/.autopilot/db/llvm-link.a.g.ld.2.m1.bc.out.log 2> /localhdd/zyx/rodinia-hls/Benchmarks/hotspot/hotspot_0_baseline/hotspot_0_kernel/solution/.autopilot/db/llvm-link.a.g.ld.2.m1.bc.err.log 
Command         ap_eval done; 2.46 sec.
INFO-FLOW: 
Command       run_link_or_opt done; 2.47 sec.
Execute       run_link_or_opt -opt -out /localhdd/zyx/rodinia-hls/Benchmarks/hotspot/hotspot_0_baseline/hotspot_0_kernel/solution/.autopilot/db/a.g.ld.3.fpc.bc -args /localhdd/zyx/rodinia-hls/Benchmarks/hotspot/hotspot_0_baseline/hotspot_0_kernel/solution/.autopilot/db/a.g.ld.2.m1.bc -reflow-globaldce -hls-top-function-name=workload -reflow-float-conversion 
Execute         ap_eval exec -ignorestderr /local-scratch/Xilinx/Vitis/2020.1/lnx64/tools/clang-3.9-csynth/bin/opt -pass-remarks-missed=.* -pass-remarks-output=/localhdd/zyx/rodinia-hls/Benchmarks/hotspot/hotspot_0_baseline/hotspot_0_kernel/solution/.autopilot/db/opt.a.g.ld.3.fpc.bc.diag.yml /localhdd/zyx/rodinia-hls/Benchmarks/hotspot/hotspot_0_baseline/hotspot_0_kernel/solution/.autopilot/db/a.g.ld.2.m1.bc -reflow-globaldce -hls-top-function-name=workload -reflow-float-conversion -o /localhdd/zyx/rodinia-hls/Benchmarks/hotspot/hotspot_0_baseline/hotspot_0_kernel/solution/.autopilot/db/a.g.ld.3.fpc.bc > /localhdd/zyx/rodinia-hls/Benchmarks/hotspot/hotspot_0_baseline/hotspot_0_kernel/solution/.autopilot/db/opt.a.g.ld.3.fpc.bc.out.log 2> /localhdd/zyx/rodinia-hls/Benchmarks/hotspot/hotspot_0_baseline/hotspot_0_kernel/solution/.autopilot/db/opt.a.g.ld.3.fpc.bc.err.log 
Command         ap_eval done; 0.87 sec.
INFO-FLOW: 
Command       run_link_or_opt done; 0.87 sec.
Execute       run_link_or_opt -out /localhdd/zyx/rodinia-hls/Benchmarks/hotspot/hotspot_0_baseline/hotspot_0_kernel/solution/.autopilot/db/a.g.ld.4.m2.bc -args /localhdd/zyx/rodinia-hls/Benchmarks/hotspot/hotspot_0_baseline/hotspot_0_kernel/solution/.autopilot/db/a.g.ld.3.fpc.bc -only-needed /local-scratch/Xilinx/Vitis/2020.1/lnx64/lib/libfloatconversion_39.bc 
Execute         ap_eval exec -ignorestderr /local-scratch/Xilinx/Vitis/2020.1/lnx64/tools/clang-3.9-csynth/bin/llvm-link /localhdd/zyx/rodinia-hls/Benchmarks/hotspot/hotspot_0_baseline/hotspot_0_kernel/solution/.autopilot/db/a.g.ld.3.fpc.bc -only-needed /local-scratch/Xilinx/Vitis/2020.1/lnx64/lib/libfloatconversion_39.bc -o /localhdd/zyx/rodinia-hls/Benchmarks/hotspot/hotspot_0_baseline/hotspot_0_kernel/solution/.autopilot/db/a.g.ld.4.m2.bc > /localhdd/zyx/rodinia-hls/Benchmarks/hotspot/hotspot_0_baseline/hotspot_0_kernel/solution/.autopilot/db/llvm-link.a.g.ld.4.m2.bc.out.log 2> /localhdd/zyx/rodinia-hls/Benchmarks/hotspot/hotspot_0_baseline/hotspot_0_kernel/solution/.autopilot/db/llvm-link.a.g.ld.4.m2.bc.err.log 
INFO-FLOW: 
Execute       run_link_or_opt -opt -out /localhdd/zyx/rodinia-hls/Benchmarks/hotspot/hotspot_0_baseline/hotspot_0_kernel/solution/.autopilot/db/a.g.ld.5.gdce.bc -args /localhdd/zyx/rodinia-hls/Benchmarks/hotspot/hotspot_0_baseline/hotspot_0_kernel/solution/.autopilot/db/a.g.ld.4.m2.bc -reflow-globaldce -hls-top-function-name=workload 
Execute         ap_eval exec -ignorestderr /local-scratch/Xilinx/Vitis/2020.1/lnx64/tools/clang-3.9-csynth/bin/opt -pass-remarks-missed=.* -pass-remarks-output=/localhdd/zyx/rodinia-hls/Benchmarks/hotspot/hotspot_0_baseline/hotspot_0_kernel/solution/.autopilot/db/opt.a.g.ld.5.gdce.bc.diag.yml /localhdd/zyx/rodinia-hls/Benchmarks/hotspot/hotspot_0_baseline/hotspot_0_kernel/solution/.autopilot/db/a.g.ld.4.m2.bc -reflow-globaldce -hls-top-function-name=workload -o /localhdd/zyx/rodinia-hls/Benchmarks/hotspot/hotspot_0_baseline/hotspot_0_kernel/solution/.autopilot/db/a.g.ld.5.gdce.bc > /localhdd/zyx/rodinia-hls/Benchmarks/hotspot/hotspot_0_baseline/hotspot_0_kernel/solution/.autopilot/db/opt.a.g.ld.5.gdce.bc.out.log 2> /localhdd/zyx/rodinia-hls/Benchmarks/hotspot/hotspot_0_baseline/hotspot_0_kernel/solution/.autopilot/db/opt.a.g.ld.5.gdce.bc.err.log 
INFO-FLOW: 
Execute       get_solution -flow_target 
Execute       get_config_rtl -module_prefix 
Execute       get_config_interface -default_interface 
Execute       send_msg_by_id INFO @200-777@%s Vitis 
INFO: [HLS 200-777] Using interface defaults for 'Vitis' target.
Execute       get_config_interface -default_slave_interface 
Execute       get_solution -flow_target 
Execute       get_config_interface -m_axi_offset 
Execute       get_config_interface -m_axi_latency 
Execute       get_config_interface -m_axi_alignment_byte_size 
Execute       get_config_interface -m_axi_min_bitwidth 
Execute       get_config_interface -m_axi_max_bitwidth 
Execute       get_config_interface -m_axi_max_widen_bitwidth 
Execute       get_config_interface -m_axi_num_read_outstanding 
Execute       get_config_interface -m_axi_num_write_outstanding 
Execute       get_config_interface -m_axi_max_read_burst_length 
Execute       get_config_interface -m_axi_max_write_burst_length 
Execute       get_config_interface -m_axi_min_bitwidth 
Execute       get_config_interface -m_axi_max_bitwidth 
Execute       get_config_interface -m_axi_latency 
Execute       get_config_interface -m_axi_min_bitwidth 
Execute       get_config_interface -m_axi_max_bitwidth 
Execute       get_config_interface -m_axi_max_widen_bitwidth 
Execute       get_config_interface -m_axi_auto_max_ports 
Execute       get_config_interface -m_axi_num_read_outstanding 
Execute       get_config_interface -m_axi_num_write_outstanding 
Execute       get_config_interface -m_axi_max_read_burst_length 
Execute       get_config_interface -m_axi_max_write_burst_length 
Execute       get_config_interface -s_axilite_data64 
Execute       get_config_interface -m_axi_alignment_byte_size 
Execute       get_config_compile -pragma_strict_mode 
INFO-FLOW: Doing LTO.
Execute       ap_eval exec -ignorestderr /local-scratch/Xilinx/Vitis/2020.1/lnx64/tools/clang-3.9-csynth/bin/clang -fsave-optimization-record -foptimization-record-file=/localhdd/zyx/rodinia-hls/Benchmarks/hotspot/hotspot_0_baseline/hotspot_0_kernel/solution/.autopilot/db/clang.a.g.ld.0.bc.diag.yml -fhls -mllvm -hls-top-function-name=workload -mllvm -hls-db-dir -mllvm /localhdd/zyx/rodinia-hls/Benchmarks/hotspot/hotspot_0_baseline/hotspot_0_kernel/solution/.autopilot/db -emit-llvm -c -mllvm -hls-bitcode-version=3.1 -target fpga64-xilinx-none -mllvm -xcl-xmlinfo=/localhdd/zyx/rodinia-hls/Benchmarks/hotspot/hotspot_0_baseline/hotspot_0_kernel/solution/.autopilot/db/../../../kernel.xml -mllvm -top-io-mapping-info=/localhdd/zyx/rodinia-hls/Benchmarks/hotspot/hotspot_0_baseline/hotspot_0_kernel/solution/.autopilot/db/top-io-fe.xml -mllvm -pass-remarks=supported-subset -mllvm -reflow-enable-interface-default-setting=true -mllvm -reflow-enable-slave-interface-default-setting=true -mllvm -gen-kernel-xml=true -mllvm -maxi-latency=64 -mllvm -hls-maxi-data-size-in-bits=8 -mllvm -hls-maxi-max-data-size-in-bits=1024 -mllvm -hls-max-widen-size-in-bits=512 -mllvm -xcl-kernel-max-mem-ports=0 -mllvm -maxi-read-trans=16 -mllvm -maxi-write-trans=16 -mllvm -maxi-read-burst-len=16 -mllvm -maxi-write-burst-len=16 -mllvm -reflow-enable-saxi-64bits=0 -mllvm -assume-maxi-align=64 -mllvm -no-unaligned-maxi-accesses=false -x ir /localhdd/zyx/rodinia-hls/Benchmarks/hotspot/hotspot_0_baseline/hotspot_0_kernel/solution/.autopilot/db/a.g.ld.5.gdce.bc -o /localhdd/zyx/rodinia-hls/Benchmarks/hotspot/hotspot_0_baseline/hotspot_0_kernel/solution/.autopilot/db/a.g.lto.bc > /localhdd/zyx/rodinia-hls/Benchmarks/hotspot/hotspot_0_baseline/hotspot_0_kernel/solution/.autopilot/db/clang.a.g.ld.0.bc.out.log 2> /localhdd/zyx/rodinia-hls/Benchmarks/hotspot/hotspot_0_baseline/hotspot_0_kernel/solution/.autopilot/db/clang.a.g.ld.0.bc.err.log 
Command       ap_eval done; 0.14 sec.
INFO: [HLS 214-115] Burst write of length 16384 and bit width 512 has been inferred on port 'gmem' (/localhdd/zyx/rodinia-hls/Benchmarks/hotspot/hotspot_0_baseline/src/hotspot.cpp:9:21)
INFO: [HLS 214-115] Burst read of variable length and bit width 512 has been inferred on port 'gmem' (/localhdd/zyx/rodinia-hls/Benchmarks/hotspot/hotspot_0_baseline/src/hotspot.cpp:48:26)
INFO: [HLS 214-115] Burst read of variable length and bit width 512 has been inferred on port 'gmem' (/localhdd/zyx/rodinia-hls/Benchmarks/hotspot/hotspot_0_baseline/src/hotspot.cpp:64:26)
INFO-FLOW: DBG:CMD: copy_raw_kernel_xml ap_link_39: copying raw kernel.xml: /localhdd/zyx/rodinia-hls/Benchmarks/hotspot/hotspot_0_baseline/hotspot_0_kernel/solution/.autopilot/db/../../../kernel.xml -> /localhdd/zyx/rodinia-hls/Benchmarks/hotspot/hotspot_0_baseline/hotspot_0_kernel/solution/.autopilot/db/kernel.internal.xml
INFO: [HLS 200-111] Finished Linking Time (s): cpu = 00:00:08 ; elapsed = 00:00:08 . Memory (MB): peak = 1684.457 ; gain = 1235.910 ; free physical = 38539 ; free virtual = 186855
INFO: [HLS 200-111] Finished Checking Pragmas Time (s): cpu = 00:00:08 ; elapsed = 00:00:08 . Memory (MB): peak = 1684.457 ; gain = 1235.910 ; free physical = 38539 ; free virtual = 186855
Execute       opt_and_import_c a -opt_level=2 -skip_syncheck=0 -ng=0 -keep_printf=0 
Execute         cleanup_all_models 
INFO: [HLS 200-10] Starting code transformations ...
INFO-FLOW: Running Standard Transforms...
Execute         transform -hls -share-std-xform -demangle-name -inline-byval-memcpy -always-inline -promote-dbg-pointer -interface-preproc -mem2reg -scalarrepl -mem2reg -keep-read-access -instcombine -dce -promote-dbg-pointer -bitop-raise -loop-simplify -indvarspre -indvars -loop-simplify -xunroll -constprop -instcombine -simplifycfg -indvars -simplifycfg -dce -globaldce -basicaa -simplifycfg -mem2reg -globalopt -global-constprop -deadargelim -instcombine -simplifycfg -scalarrepl -instcombine -reassociate -licm -simplifycfg -loop-simplify -indvars -instcombine -simplifycfg -mem2reg -loop-simplify -indvars -instcombine -gvn -gvn -instcombine -adce -break-crit-edges -simplifycfg -loop-delete -global-array-opt -dce -dse -adce -find-syn-modules -top workload -deadargelim -mem2reg -instcombine -dce -presyn-prepare -auto-rom-infer -interface-preproc -syn-check -check-rec-only -find-region -simplifycfg -func-extr -function-inline -globaldce -mem2reg -instcombine -dce -gvn -globaldce -adce -adse -constprop -instcombine -bit-constprop -instcombine -dce -simplifycfg -bitop-raise -simplifycfg -dce -loop-delete -reassociate -globalopt -global-privatize -mem2reg -dce -global-constprop -pointer-simplify -constprop -dce -func-inst -deadargelim -auto-shift-reg-idiom -promote-dbg-pointer -norm-name /localhdd/zyx/rodinia-hls/Benchmarks/hotspot/hotspot_0_baseline/hotspot_0_kernel/solution/.autopilot/db/a.g.0.bc -o /localhdd/zyx/rodinia-hls/Benchmarks/hotspot/hotspot_0_baseline/hotspot_0_kernel/solution/.autopilot/db/a.g.1.bc -f -phase std-opt 
INFO: [HLS 200-111] Finished Standard Transforms Time (s): cpu = 00:00:08 ; elapsed = 00:00:08 . Memory (MB): peak = 1684.457 ; gain = 1235.910 ; free physical = 38537 ; free virtual = 186853
INFO: [HLS 200-10] Checking synthesizability ...
INFO-FLOW: Checking Synthesizability 1/2..
Execute         transform -hls -syn-check -check-rec-only -disaggr -scalarrepl -norm-name -dce -mem2reg -instcombine -function-uniquify -directive-preproc -mem2reg -dse -dce -auto-rom-infer -dce -pag -array-normalize -instcombine -dce -warn-fifo-pointer -array-seg-normalize -instcombine -dce -data-pack -instcombine -dce -inst-simplify -array-flatten -instcombine -dce -array-burst -dce -deadargelim -promote-global-argument -simplifycfg -mem2reg -globaldce -dce -deadargelim -dce -instcombine -function-inline -globaldce -dce -doublePtrSimplify -doublePtrElim -dce -doublePtrSimplify -promote-dbg-pointer -dce -scalarrepl -dse -adse -instcombine -ptrLegalization -simplifycfg -dce -instcombine -pointer-simplify -ptrArgReplace -dce -instcombine -resolve-double-ptr -disaggr -scalarrepl -norm-name -dce -mem2reg -instcombine -ptrLegalization -simplifycfg -deadargelim -instcombine -dce -inst-simplify -function-uniquify -directive-preproc -mem2reg -dse -dce -globaldce -check-dspbuiltin /localhdd/zyx/rodinia-hls/Benchmarks/hotspot/hotspot_0_baseline/hotspot_0_kernel/solution/.autopilot/db/a.g.1.bc -o /localhdd/zyx/rodinia-hls/Benchmarks/hotspot/hotspot_0_baseline/hotspot_0_kernel/solution/.autopilot/db/a.g.2.prechk.bc -f 
INFO-FLOW: Checking Synthesizability 2/2..
Execute         transform -syn-check /localhdd/zyx/rodinia-hls/Benchmarks/hotspot/hotspot_0_baseline/hotspot_0_kernel/solution/.autopilot/db/a.g.2.prechk.bc -o /localhdd/zyx/rodinia-hls/Benchmarks/hotspot/hotspot_0_baseline/hotspot_0_kernel/solution/.autopilot/db/a.g.2.bc -f -phase syn-check 
INFO: [HLS 200-111] Finished Checking Synthesizability Time (s): cpu = 00:00:08 ; elapsed = 00:00:08 . Memory (MB): peak = 1684.457 ; gain = 1235.910 ; free physical = 38537 ; free virtual = 186853
INFO-FLOW: Compiler optimizing ...
INFO-FLOW: Share syncheck's 1.bc for syn flow: copy /localhdd/zyx/rodinia-hls/Benchmarks/hotspot/hotspot_0_baseline/hotspot_0_kernel/solution/.autopilot/db/a.g.1.bc to /localhdd/zyx/rodinia-hls/Benchmarks/hotspot/hotspot_0_baseline/hotspot_0_kernel/solution/.autopilot/db/a.o.1.bc
INFO-FLOW: Presyn 1...
Execute         transform -hls -tmp /localhdd/zyx/rodinia-hls/Benchmarks/hotspot/hotspot_0_baseline/hotspot_0_kernel/solution/.autopilot/db -interface-port-rename -function-uniquify -directive-preproc -mem2reg -dse -dce -disaggr -scalarrepl -norm-name -deadargelim -mem2reg -instcombine -dce -simplifycfg -auto-rom-infer -dce -function-uniquify -resource-proc -clib-intrinsic-prepare -dce -func-buffer -dce -pag -array-normalize -func-legal -instcombine -gvn -constprop -dce -simplifycfg -mem2reg -globaldce -resolve-double-ptr -dce -deadargelim -dce -instcombine -ptrArgReplace -mem2reg -dce -array-seg-normalize -deadargelim -instcombine -dce -function-uniquify -directive-preproc -mem2reg -dse -dce -pointer-simplify -dce -port-alignment -dce -interface-preproc -data-pack -instcombine -dce -basicaa -aggr-aa -aggrmodref-aa -aggr-aa -gvn -gvn -basicaa -aggr-aa -aggrmodref-aa -aggr-aa -dse -adse -adce -loop-simplify -indvars -instcombine -gvn -loop-simplify -mem2reg -dce -find-region -instcombine -auto-loop-pipeline -inst-simplify -interface-preproc -cfgopt -instcombine -indvars -auto-loop-unroll -loop-simplify -loop-bound -xunroll -constprop -instcombine -simplifycfg -indvars -simplifycfg -dce -globaldce -clean-region -attach-range -gvn -inst-simplify -constprop -simplifycfg -dce -pointer-simplify -dce -globalopt -constprop -dce -array-promote -constprop -dce -ptrArgReplace -mem2reg -simplifycfg -dce -auto-par -instcombine -dce -array-transform-check -array-reshape -instcombine -simplifycfg -dce -ptrArgReplace -deadargelim -mem2reg -instcombine -simplifycfg -dce -indvars -loop-simplify -loop-bound -xunroll -constprop -instcombine -simplifycfg -indvars -simplifycfg -dce -globaldce -basicaa -aggr-aa -aggrmodref-aa -aggr-aa -dse -duplicate-dataflow-processes -globaldce -instcombine -array-partition -instcombine -simplifycfg -dce -ptrArgReplace -global-constprop -deadargelim -mem2reg -func-legal -dce -global-constprop -deadargelim -mem2reg -simplifycfg -dce -merge-param -deadargelim -globalopt -constprop -dce -array-promote -constprop -dce -ptrArgReplace -mem2reg -simplifycfg -dce -mem-intrinsic-preproc -dce -global-internalize -global-privatize -mem2reg -globaldce -promote-global-argument -ptrArgReplace -mem2reg -dce -globalopt -mergereturn -simplify-global-access -mem2reg -dce -pointer-simplify -dce -functionattrs -basicaa -aggr-aa -aggrmodref-aa -aggr-aa -gvn -gvn -basicaa -aggr-aa -aggrmodref-aa -aggr-aa -dse -adse -adce -dce -norm-name -function-inline -complex-op-raise -inst-simplify -globaldce -func-inst -constprop -instcombine -simplifycfg -dce -func-legal -dce -loop-bound -arraycheck -bitwidthmin2 -bitwidthmin2 -on-by-dataflow -loop-delete -instcombine -simplifycfg -globaldce -dce -gvn -deadargelim -dce -loop-simplify -clean-region -simplifycfg -propagate-stable-arguments -loop-stream -instcombine -simplifycfg -dce -globaldce -duplicate-dataflow-processes -stream-intrinsic-preproc -dce -check-ap-stream -loop-simplify -eliminate-keepreads -extract-dataflow-in-loop -loop-simplify -dce -gvn -deadargelim -dse -check-dataflow-syntax -legalize-stream-variable -legalize-global -extract-subproc -dce -dead-channel-elimination -canonicalize-gep -globaldce -dce -gvn -deadargelim -directive-preproc -annotate-dataflow-channels -scalar-propagation -deadargelim -globaldce -mem2reg -check-dataflow-channels -function-stream -dce -globaldce -prop-fifo-spec -internal-stream-gen -canonicalize-gep -globaldce -dce -gvn -deadargelim -mergereturn -indvars -loop-simplify -instcombine -array-stream -array-seg-normalize -array-partition -func-legal -instcombine -simplifycfg -dce -bundle-memfifo-ops -deadargelim -function-uniquify -directive-preproc -mem2reg -dse -dce -group-axi-access -licm -simplifycfg -dce -loop-delete -norm-name /localhdd/zyx/rodinia-hls/Benchmarks/hotspot/hotspot_0_baseline/hotspot_0_kernel/solution/.autopilot/db/a.o.1.bc -o /localhdd/zyx/rodinia-hls/Benchmarks/hotspot/hotspot_0_baseline/hotspot_0_kernel/solution/.autopilot/db/a.o.1.tmp.bc -f 
INFO: [XFORM 203-510] Pipelining loop 'VITIS_LOOP_10_2' (/localhdd/zyx/rodinia-hls/Benchmarks/hotspot/hotspot_0_baseline/src/hotspot.cpp:7) in function 'hotspot.1' automatically.
Command         transform done; 0.19 sec.
INFO-FLOW: Presyn 2...
Execute         transform -hls -keep-callgraph -scalarrepl -mem2reg -port-alignment -attach-range -dce -pipe-mux-gen -indvars -loop-bound -inst-simplify -instcombine -dce -merge-array-access -mem2reg -dce -clean-region -mergereturn -if-conv -instcombine -dce -constprop -basicaa -aggr-aa -aggrmodref-aa -aggr-aa -gvn -gvn -basicaa -aggr-aa -aggrmodref-aa -aggr-aa -dse -adse -adce -scalarrepl -mem2reg -global-constprop -deadargelim -deadargelim -instcombine -dce -simplifycfg -ptrArgReplace -mem2reg -function-inline -globaldce -mem2reg -instcombine -dce -expr-balance -instcombine -dce -bitwidthmin2 -bitwidthmin2 -interface-preproc -directive-preproc -inst-rectify -instcombine -dce -functionattrs -constprop -instcombine -bit-constprop -simplify-global-access -globalopt -globaldce -inst-simplify -instcombine -elimdeaddata -dce -loop-delete -simplifycfg -loop-simplify -auto-burst -barrier -norm-name /localhdd/zyx/rodinia-hls/Benchmarks/hotspot/hotspot_0_baseline/hotspot_0_kernel/solution/.autopilot/db/a.o.1.tmp.bc -o /localhdd/zyx/rodinia-hls/Benchmarks/hotspot/hotspot_0_baseline/hotspot_0_kernel/solution/.autopilot/db/a.o.2.bc -f -phase presyn 
INFO: [XFORM 203-11] Balancing expressions in function 'hotspot.1' (/localhdd/zyx/rodinia-hls/Benchmarks/hotspot/hotspot_0_baseline/src/hotspot.cpp:7:17)...3 expression(s) balanced.
INFO: [HLS 200-111] Finished Pre-synthesis Time (s): cpu = 00:00:09 ; elapsed = 00:00:09 . Memory (MB): peak = 1684.457 ; gain = 1235.910 ; free physical = 38515 ; free virtual = 186831
Execute         get_config_compile -enable_loop_extract 
INFO-FLOW: Building ssdm...
Execute         transform -hls -function-uniquify -auto-function-inline -globaldce -ptrArgReplace -mem2reg -dce -reset-lda -loop-simplify -indvars -aggr-aa -licm -loop-dep -loop-bound -licm -loop-simplify -flattenloopnest -array-flatten -gvn -instcombine -dce -array-map -dce -func-legal -gvn -adce -instcombine -cfgopt -simplifycfg -loop-simplify -array-burst -promote-global-argument -dce -array-seg-normalize -basicaa -aggrmodref-aa -globalsmodref-aa -aggr-aa -gvn -gvn -basicaa -aggrmodref-aa -globalsmodref-aa -aggr-aa -dse -adse -adce -licm -inst-simplify -dce -globaldce -instcombine -array-stream -eliminate-keepreads -instcombine -dce -deadargelim -doublePtrSimplify -doublePtrElim -dce -doublePtrSimplify -promote-dbg-pointer -dce -scalarrepl -mem2reg -disaggr -norm-name -mem2reg -instcombine -dse -adse -adce -ptrLegalization -dce -auto-rom-infer -array-flatten -dce -instcombine -check-doubleptr -loop-rot -constprop -cfgopt -simplifycfg -loop-simplify -indvars -pointer-simplify -dce -loop-bound -loop-simplify -loop-preproc -constprop -global-constprop -gvn -mem2reg -instcombine -dce -loop-bound -loop-merge -dce -bitwidthmin2 -bitwidthmin2 -deadargelim -dce -canonicalize-dataflow -dce -scalar-propagation -deadargelim -globaldce -mem2reg -read-loop-dep -interface-preproc -directive-preproc -interface-gen -bram-byte-enable -deadargelim -inst-simplify -dce -gvn -mem2reg -instcombine -dce -adse -loop-bound -instcombine -cfgopt -simplifycfg -loop-simplify -clean-region -io-protocol -find-region -mem2reg -bitop-raise -complex-op-raise -inst-simplify -inst-rectify -instcombine -adce -deadargelim -loop-simplify -phi-opt -bitop-raise -cfgopt -simplifycfg -strip-dead-prototypes -interface-lower -bitop-lower -intrinsic-lower -auto-function-inline -basicaa -aggrmodref-aa -globalsmodref-aa -aggr-aa -inst-simplify -simplifycfg -loop-simplify -mergereturn -inst-simplify -inst-rectify -dce -load-elim -bitop-lower -loop-rewind -pointer-simplify -dce -cfgopt -dce -loop-bound -loop-dep -read-loop-dep -dce -check-stream -norm-name -legalize -validate-dataflow -inst-clarity -bitwidth -dump-loop-dep-to-ir -check-all-ssdm -cdfg-build /localhdd/zyx/rodinia-hls/Benchmarks/hotspot/hotspot_0_baseline/hotspot_0_kernel/solution/.autopilot/db/a.o.2.bc -o /localhdd/zyx/rodinia-hls/Benchmarks/hotspot/hotspot_0_baseline/hotspot_0_kernel/solution/.autopilot/db/a.o.3.bc -f -phase build-ssdm 
INFO: [XFORM 203-541] Flattening a loop nest 'VITIS_LOOP_9_1' (/localhdd/zyx/rodinia-hls/Benchmarks/hotspot/hotspot_0_baseline/src/hotspot.cpp:7:11) in function 'hotspot.1'.
Command         transform done; 0.56 sec.
INFO: [HLS 200-111] Finished Architecture Synthesis Time (s): cpu = 00:00:09 ; elapsed = 00:00:09 . Memory (MB): peak = 1684.457 ; gain = 1235.910 ; free physical = 38513 ; free virtual = 186828
INFO-FLOW: Finish building internal data model.
Command       opt_and_import_c done; 0.95 sec.
Command     elaborate done; 7.44 sec.
Execute     autosyn -from_csynth_design=1 
INFO: [HLS 200-10] Starting hardware synthesis ...
INFO-FLOW: Synthesizing C/C++ design ...
INFO: [HLS 200-10] Synthesizing 'workload' ...
Execute       ap_set_top_model workload 
WARNING: [SYN 201-103] Legalizing function name 'hotspot.1' to 'hotspot_1'.
Execute       get_model_list workload -filter all-wo-channel -topdown 
Execute       preproc_iomode -model workload 
Execute       preproc_iomode -model hotspot.1 
Execute       get_model_list workload -filter all-wo-channel 
INFO-FLOW: Model list for configure: hotspot.1 workload
INFO-FLOW: Configuring Module : hotspot.1 ...
Execute       set_default_model hotspot.1 
Execute       apply_spec_resource_limit hotspot.1 
INFO-FLOW: Configuring Module : workload ...
Execute       set_default_model workload 
Execute       apply_spec_resource_limit workload 
INFO-FLOW: Model list for preprocess: hotspot.1 workload
INFO-FLOW: Preprocessing Module: hotspot.1 ...
Execute       set_default_model hotspot.1 
Execute       cdfg_preprocess -model hotspot.1 
Execute       rtl_gen_preprocess hotspot.1 
INFO-FLOW: Preprocessing Module: workload ...
Execute       set_default_model workload 
Execute       cdfg_preprocess -model workload 
Execute       rtl_gen_preprocess workload 
INFO-FLOW: Model list for synthesis: hotspot.1 workload
INFO: [HLS 200-10] ----------------------------------------------------------------
INFO: [HLS 200-42] -- Implementing module 'hotspot_1' 
INFO: [HLS 200-10] ----------------------------------------------------------------
Execute       set_default_model hotspot.1 
Execute       schedule -model hotspot.1 
INFO: [SCHED 204-11] Starting scheduling ...
INFO: [SCHED 204-61] Pipelining loop 'VITIS_LOOP_9_1_VITIS_LOOP_10_2'.
WARNING: [HLS 200-880] The II Violation in module 'hotspot_1' (Loop: VITIS_LOOP_9_1_VITIS_LOOP_10_2): Unable to enforce a carried dependence constraint (II = 1, distance = 1, offset = 1) between bus read on port 'gmem' (/localhdd/zyx/rodinia-hls/Benchmarks/hotspot/hotspot_0_baseline/src/hotspot.cpp:64) and bus read on port 'gmem' (/localhdd/zyx/rodinia-hls/Benchmarks/hotspot/hotspot_0_baseline/src/hotspot.cpp:64).
WARNING: [HLS 200-885] Unable to schedule bus request on port 'gmem' (/localhdd/zyx/rodinia-hls/Benchmarks/hotspot/hotspot_0_baseline/src/hotspot.cpp:33) due to limited memory ports. Please consider using a memory core with more ports or partitioning the array.
INFO: [SCHED 204-61] Discarding stage scheduling solution.
INFO: [HLS 200-1470] Pipelining result : Target II = 1, Final II = 22, Depth = 163.
WARNING: [HLS 200-871] Estimated clock period (12.4146ns) exceeds the target (target clock period: 3.333ns, clock uncertainty: 0.9ns, effective delay budget: 2.433ns).
WARNING: [HLS 200-1016] The critical path in module 'hotspot_1' consists of the following:	bus request on port 'gmem' (/localhdd/zyx/rodinia-hls/Benchmarks/hotspot/hotspot_0_baseline/src/hotspot.cpp:31) [132]  (2.43 ns)
	blocking operation 9.98 ns on control path)

INFO: [SCHED 204-11] Finished scheduling.
Command       schedule done; 1.37 sec.
INFO: [HLS 200-111]  Elapsed time: 10.54 seconds; current allocated memory: 168.085 MB.
Execute       syn_report -verbosereport -o /localhdd/zyx/rodinia-hls/Benchmarks/hotspot/hotspot_0_baseline/hotspot_0_kernel/solution/.autopilot/db/hotspot_1.verbose.sched.rpt 
Execute         AP::get_flow_target_display_name
Execute           get_solution -flow_target 
Command       syn_report done; 0.95 sec.
Execute       db_write -o /localhdd/zyx/rodinia-hls/Benchmarks/hotspot/hotspot_0_baseline/hotspot_0_kernel/solution/.autopilot/db/hotspot_1.sched.adb -f 
INFO-FLOW: Finish scheduling hotspot.1.
Execute       set_default_model hotspot.1 
Execute       bind -model hotspot.1 
INFO: [BIND 205-100] Starting micro-architecture generation ...
INFO: [BIND 205-101] Performing variable lifetime analysis.
INFO: [BIND 205-101] Exploring resource sharing.
INFO: [BIND 205-101] Binding ...
INFO: [BIND 205-100] Finished micro-architecture generation.
Command       bind done; 0.37 sec.
INFO: [HLS 200-111]  Elapsed time: 1.38 seconds; current allocated memory: 177.656 MB.
Execute       syn_report -verbosereport -o /localhdd/zyx/rodinia-hls/Benchmarks/hotspot/hotspot_0_baseline/hotspot_0_kernel/solution/.autopilot/db/hotspot_1.verbose.bind.rpt 
Execute         AP::get_flow_target_display_name
Execute           get_solution -flow_target 
Command       syn_report done; 0.88 sec.
Execute       db_write -o /localhdd/zyx/rodinia-hls/Benchmarks/hotspot/hotspot_0_baseline/hotspot_0_kernel/solution/.autopilot/db/hotspot_1.bind.adb -f 
INFO-FLOW: Finish binding hotspot.1.
INFO: [HLS 200-10] ----------------------------------------------------------------
INFO: [HLS 200-42] -- Implementing module 'workload' 
INFO: [HLS 200-10] ----------------------------------------------------------------
Execute       set_default_model workload 
Execute       schedule -model workload 
INFO: [SCHED 204-11] Starting scheduling ...
INFO: [SCHED 204-11] Finished scheduling.
INFO: [HLS 200-111]  Elapsed time: 0.99 seconds; current allocated memory: 177.935 MB.
Execute       syn_report -verbosereport -o /localhdd/zyx/rodinia-hls/Benchmarks/hotspot/hotspot_0_baseline/hotspot_0_kernel/solution/.autopilot/db/workload.verbose.sched.rpt 
Execute         AP::get_flow_target_display_name
Execute           get_solution -flow_target 
Execute       db_write -o /localhdd/zyx/rodinia-hls/Benchmarks/hotspot/hotspot_0_baseline/hotspot_0_kernel/solution/.autopilot/db/workload.sched.adb -f 
INFO-FLOW: Finish scheduling workload.
Execute       set_default_model workload 
Execute       bind -model workload 
INFO: [BIND 205-100] Starting micro-architecture generation ...
INFO: [BIND 205-101] Performing variable lifetime analysis.
INFO: [BIND 205-101] Exploring resource sharing.
INFO: [BIND 205-101] Binding ...
INFO: [BIND 205-100] Finished micro-architecture generation.
INFO: [HLS 200-111]  Elapsed time: 0.07 seconds; current allocated memory: 178.109 MB.
Execute       syn_report -verbosereport -o /localhdd/zyx/rodinia-hls/Benchmarks/hotspot/hotspot_0_baseline/hotspot_0_kernel/solution/.autopilot/db/workload.verbose.bind.rpt 
Execute         AP::get_flow_target_display_name
Execute           get_solution -flow_target 
Command       syn_report done; 0.17 sec.
Execute       db_write -o /localhdd/zyx/rodinia-hls/Benchmarks/hotspot/hotspot_0_baseline/hotspot_0_kernel/solution/.autopilot/db/workload.bind.adb -f 
INFO-FLOW: Finish binding workload.
Execute       get_model_list workload -filter all-wo-channel 
INFO-FLOW: Preprocessing for RTLGen ...
Execute       rtl_gen_preprocess hotspot.1 
Execute       rtl_gen_preprocess workload 
INFO-FLOW: Model list for RTL generation: hotspot.1 workload
INFO: [HLS 200-10] ----------------------------------------------------------------
INFO: [HLS 200-10] -- Generating RTL for module 'hotspot_1' 
INFO: [HLS 200-10] ----------------------------------------------------------------
Execute       get_config_rtl -module_prefix 
Execute       get_config_rtl -module_auto_prefix 
Execute       get_config_rtl -module_prefix 
Execute       get_config_rtl -module_auto_prefix 
Execute       create_rtl_model hotspot.1 -top_prefix workload_ -sub_prefix workload_ -mg_file /localhdd/zyx/rodinia-hls/Benchmarks/hotspot/hotspot_0_baseline/hotspot_0_kernel/solution/.autopilot/db/hotspot_1.compgen.tcl 
INFO: [RTGEN 206-100] Generating core module 'dadddsub_64ns_64ns_64_8_full_dsp_1': 1 instance(s).
INFO: [RTGEN 206-100] Generating core module 'dmul_64ns_64ns_64_8_max_dsp_1': 1 instance(s).
INFO: [RTGEN 206-100] Generating core module 'dsub_64ns_64ns_64_8_full_dsp_1': 1 instance(s).
INFO: [RTGEN 206-100] Generating core module 'faddfsub_32ns_32ns_32_7_full_dsp_1': 2 instance(s).
INFO: [RTGEN 206-100] Generating core module 'fmul_32ns_32ns_32_4_max_dsp_1': 2 instance(s).
INFO: [RTGEN 206-100] Generating core module 'fpext_32ns_64_2_no_dsp_1': 2 instance(s).
INFO: [RTGEN 206-100] Generating core module 'fptrunc_64ns_32_2_no_dsp_1': 1 instance(s).
INFO: [RTGEN 206-100] Finished creating RTL model for 'hotspot_1'.
Command       create_rtl_model done; 0.41 sec.
INFO: [HLS 200-111]  Elapsed time: 0.59 seconds; current allocated memory: 188.269 MB.
Execute       source /localhdd/zyx/rodinia-hls/Benchmarks/hotspot/hotspot_0_baseline/hotspot_0_kernel/solution/.autopilot/db/workload.rtl_wrap.cfg.tcl 
Execute       gen_rtl hotspot.1 -style xilinx -f -lang vhdl -o /localhdd/zyx/rodinia-hls/Benchmarks/hotspot/hotspot_0_baseline/hotspot_0_kernel/solution/syn/vhdl/workload_hotspot_1 
Execute       gen_rtl hotspot.1 -style xilinx -f -lang vlog -o /localhdd/zyx/rodinia-hls/Benchmarks/hotspot/hotspot_0_baseline/hotspot_0_kernel/solution/syn/verilog/workload_hotspot_1 
Execute       syn_report -csynth -model hotspot.1 -o /localhdd/zyx/rodinia-hls/Benchmarks/hotspot/hotspot_0_baseline/hotspot_0_kernel/solution/syn/report/hotspot_1_csynth.rpt 
Execute         AP::get_flow_target_display_name
Execute           get_solution -flow_target 
Command       syn_report done; 0.17 sec.
Execute       syn_report -rtlxml -model hotspot.1 -o /localhdd/zyx/rodinia-hls/Benchmarks/hotspot/hotspot_0_baseline/hotspot_0_kernel/solution/syn/report/hotspot_1_csynth.xml 
Execute         get_solution -flow_target
Execute           get_solution -flow_target 
Execute       syn_report -verbosereport -model hotspot.1 -o /localhdd/zyx/rodinia-hls/Benchmarks/hotspot/hotspot_0_baseline/hotspot_0_kernel/solution/.autopilot/db/hotspot_1.verbose.rpt 
Execute         AP::get_flow_target_display_name
Execute           get_solution -flow_target 
Command       syn_report done; 0.98 sec.
Execute       db_write -model hotspot.1 -f -o /localhdd/zyx/rodinia-hls/Benchmarks/hotspot/hotspot_0_baseline/hotspot_0_kernel/solution/.autopilot/db/hotspot_1.adb 
Command       db_write done; 0.28 sec.
Execute       gen_tb_info hotspot.1 -p /localhdd/zyx/rodinia-hls/Benchmarks/hotspot/hotspot_0_baseline/hotspot_0_kernel/solution/.autopilot/db -o /localhdd/zyx/rodinia-hls/Benchmarks/hotspot/hotspot_0_baseline/hotspot_0_kernel/solution/.autopilot/db/hotspot_1 
INFO: [HLS 200-10] ----------------------------------------------------------------
INFO: [HLS 200-10] -- Generating RTL for module 'workload' 
INFO: [HLS 200-10] ----------------------------------------------------------------
Execute       get_config_rtl -module_prefix 
Execute       get_config_rtl -module_prefix 
Execute       get_config_rtl -module_auto_prefix 
Execute       create_rtl_model workload -top_prefix  -sub_prefix workload_ -mg_file /localhdd/zyx/rodinia-hls/Benchmarks/hotspot/hotspot_0_baseline/hotspot_0_kernel/solution/.autopilot/db/workload.compgen.tcl 
WARNING: [RTGEN 206-101] Design contains AXI ports. Reset is fixed to synchronous and active low.
INFO: [RTGEN 206-500] Setting interface mode on port 'workload/gmem' to 'm_axi'.
INFO: [RTGEN 206-500] Setting interface mode on port 'workload/result' to 's_axilite & ap_none'.
INFO: [RTGEN 206-500] Setting interface mode on port 'workload/temp' to 's_axilite & ap_none'.
INFO: [RTGEN 206-500] Setting interface mode on port 'workload/power' to 's_axilite & ap_none'.
INFO: [RTGEN 206-500] Setting interface mode on function 'workload' to 's_axilite & ap_ctrl_chain'.
INFO: [RTGEN 206-100] Bundling port 'result', 'temp', 'power' to AXI-Lite port control.
INFO: [RTGEN 206-100] Finished creating RTL model for 'workload'.
INFO: [HLS 200-111]  Elapsed time: 1.73 seconds; current allocated memory: 204.659 MB.
Execute       source /localhdd/zyx/rodinia-hls/Benchmarks/hotspot/hotspot_0_baseline/hotspot_0_kernel/solution/.autopilot/db/workload.rtl_wrap.cfg.tcl 
Execute       gen_rtl workload -istop -style xilinx -f -lang vhdl -o /localhdd/zyx/rodinia-hls/Benchmarks/hotspot/hotspot_0_baseline/hotspot_0_kernel/solution/syn/vhdl/workload 
Execute       gen_rtl workload -istop -style xilinx -f -lang vlog -o /localhdd/zyx/rodinia-hls/Benchmarks/hotspot/hotspot_0_baseline/hotspot_0_kernel/solution/syn/verilog/workload 
Execute       syn_report -csynth -model workload -o /localhdd/zyx/rodinia-hls/Benchmarks/hotspot/hotspot_0_baseline/hotspot_0_kernel/solution/syn/report/workload_csynth.rpt 
Execute         AP::get_flow_target_display_name
Execute           get_solution -flow_target 
Execute       syn_report -rtlxml -model workload -o /localhdd/zyx/rodinia-hls/Benchmarks/hotspot/hotspot_0_baseline/hotspot_0_kernel/solution/syn/report/workload_csynth.xml 
Execute         get_solution -flow_target
Execute           get_solution -flow_target 
Execute       syn_report -verbosereport -model workload -o /localhdd/zyx/rodinia-hls/Benchmarks/hotspot/hotspot_0_baseline/hotspot_0_kernel/solution/.autopilot/db/workload.verbose.rpt 
Execute         AP::get_flow_target_display_name
Execute           get_solution -flow_target 
Command       syn_report done; 0.18 sec.
Execute       db_write -model workload -f -o /localhdd/zyx/rodinia-hls/Benchmarks/hotspot/hotspot_0_baseline/hotspot_0_kernel/solution/.autopilot/db/workload.adb 
Execute       gen_tb_info workload -p /localhdd/zyx/rodinia-hls/Benchmarks/hotspot/hotspot_0_baseline/hotspot_0_kernel/solution/.autopilot/db -o /localhdd/zyx/rodinia-hls/Benchmarks/hotspot/hotspot_0_baseline/hotspot_0_kernel/solution/.autopilot/db/workload 
Execute       export_constraint_db -f -tool general -o /localhdd/zyx/rodinia-hls/Benchmarks/hotspot/hotspot_0_baseline/hotspot_0_kernel/solution/.autopilot/db/workload.constraint.tcl 
Execute       syn_report -designview -model workload -o /localhdd/zyx/rodinia-hls/Benchmarks/hotspot/hotspot_0_baseline/hotspot_0_kernel/solution/.autopilot/db/workload.design.xml 
Command       syn_report done; 0.16 sec.
Execute       get_config_rtl -disable_wave_debug 
Execute       syn_report -wcfg -model workload -o /localhdd/zyx/rodinia-hls/Benchmarks/hotspot/hotspot_0_baseline/hotspot_0_kernel/solution/.autopilot/db/workload_dataflow_ana.wcfg 
Execute       syn_report -protoinst -model workload -o /localhdd/zyx/rodinia-hls/Benchmarks/hotspot/hotspot_0_baseline/hotspot_0_kernel/solution/.autopilot/db/workload.protoinst 
Execute       get_config_debug -directory 
Execute       sc_get_clocks workload 
Execute       get_config_export -vivado_clock 
Execute       get_config_rtl -module_prefix 
Execute       get_config_rtl -module_prefix 
Execute       get_config_rtl -module_auto_prefix 
Execute       sc_get_portdomain workload 
INFO-FLOW: Model list for RTL component generation: hotspot.1 workload
INFO-FLOW: Handling components in module [hotspot_1] ... 
Execute       source /localhdd/zyx/rodinia-hls/Benchmarks/hotspot/hotspot_0_baseline/hotspot_0_kernel/solution/.autopilot/db/hotspot_1.compgen.tcl 
INFO-FLOW: Found component workload_faddfsub_32ns_32ns_32_7_full_dsp_1.
INFO-FLOW: Append model workload_faddfsub_32ns_32ns_32_7_full_dsp_1
INFO-FLOW: Found component workload_fmul_32ns_32ns_32_4_max_dsp_1.
INFO-FLOW: Append model workload_fmul_32ns_32ns_32_4_max_dsp_1
INFO-FLOW: Found component workload_fptrunc_64ns_32_2_no_dsp_1.
INFO-FLOW: Append model workload_fptrunc_64ns_32_2_no_dsp_1
INFO-FLOW: Found component workload_fpext_32ns_64_2_no_dsp_1.
INFO-FLOW: Append model workload_fpext_32ns_64_2_no_dsp_1
INFO-FLOW: Found component workload_dadddsub_64ns_64ns_64_8_full_dsp_1.
INFO-FLOW: Append model workload_dadddsub_64ns_64ns_64_8_full_dsp_1
INFO-FLOW: Found component workload_dsub_64ns_64ns_64_8_full_dsp_1.
INFO-FLOW: Append model workload_dsub_64ns_64ns_64_8_full_dsp_1
INFO-FLOW: Found component workload_dmul_64ns_64ns_64_8_max_dsp_1.
INFO-FLOW: Append model workload_dmul_64ns_64ns_64_8_max_dsp_1
INFO-FLOW: Handling components in module [workload] ... 
Execute       source /localhdd/zyx/rodinia-hls/Benchmarks/hotspot/hotspot_0_baseline/hotspot_0_kernel/solution/.autopilot/db/workload.compgen.tcl 
INFO-FLOW: Found component workload_control_s_axi.
INFO-FLOW: Append model workload_control_s_axi
INFO-FLOW: Found component workload_gmem_m_axi.
INFO-FLOW: Append model workload_gmem_m_axi
INFO-FLOW: Append model hotspot_1
INFO-FLOW: Append model workload
INFO-FLOW: Generating RTL model list ...
INFO-FLOW: All models in this session: workload_faddfsub_32ns_32ns_32_7_full_dsp_1 workload_fmul_32ns_32ns_32_4_max_dsp_1 workload_fptrunc_64ns_32_2_no_dsp_1 workload_fpext_32ns_64_2_no_dsp_1 workload_dadddsub_64ns_64ns_64_8_full_dsp_1 workload_dsub_64ns_64ns_64_8_full_dsp_1 workload_dmul_64ns_64ns_64_8_max_dsp_1 workload_control_s_axi workload_gmem_m_axi hotspot_1 workload
INFO-FLOW: To file: write model workload_faddfsub_32ns_32ns_32_7_full_dsp_1
INFO-FLOW: To file: write model workload_fmul_32ns_32ns_32_4_max_dsp_1
INFO-FLOW: To file: write model workload_fptrunc_64ns_32_2_no_dsp_1
INFO-FLOW: To file: write model workload_fpext_32ns_64_2_no_dsp_1
INFO-FLOW: To file: write model workload_dadddsub_64ns_64ns_64_8_full_dsp_1
INFO-FLOW: To file: write model workload_dsub_64ns_64ns_64_8_full_dsp_1
INFO-FLOW: To file: write model workload_dmul_64ns_64ns_64_8_max_dsp_1
INFO-FLOW: To file: write model workload_control_s_axi
INFO-FLOW: To file: write model workload_gmem_m_axi
INFO-FLOW: To file: write model hotspot_1
INFO-FLOW: To file: write model workload
INFO-FLOW: Finished generating RTL model list.


INFO-FLOW: RTL Generation done.
INFO-FLOW: CAS Generation done.
INFO-FLOW: CBC Generation done.
Execute       get_top 
Execute       get_config_export -ipname 
INFO-FLOW: DBG:CMD: auto_generate_csynth_design
INFO-FLOW: DBG:CMD:     auto_generate --sim-model -phase csynth_design -d /localhdd/zyx/rodinia-hls/Benchmarks/hotspot/hotspot_0_baseline/hotspot_0_kernel/solution
Execute       get_solution -flow_target 
Execute       source /localhdd/zyx/rodinia-hls/Benchmarks/hotspot/hotspot_0_baseline/hotspot_0_kernel/solution/.autopilot/db/global.setting.tcl 
INFO-FLOW: DBG:CMD: read_platform_lib /localhdd/zyx/rodinia-hls/Benchmarks/hotspot/hotspot_0_baseline/hotspot_0_kernel/solution/.autopilot/db/global.setting.tcl
Execute       source /local-scratch/Xilinx/Vitis/2020.1/common/technology/generic/autopilot/common.gen 
Execute         source /local-scratch/Xilinx/Vitis/2020.1/common/technology/generic/autopilot/APCoreGen.gen 
Execute       source /local-scratch/Xilinx/Vitis/2020.1/common/technology/generic/autopilot/op.gen 
Execute       source /local-scratch/Xilinx/Vitis/2020.1/common/technology/generic/autopilot/op_simcore.gen 
Execute       source /local-scratch/Xilinx/Vitis/2020.1/common/technology/generic/autopilot/interface.gen 
Execute       source /localhdd/zyx/rodinia-hls/Benchmarks/hotspot/hotspot_0_baseline/hotspot_0_kernel/solution/.autopilot/db/global.setting.tcl 
Execute       source /local-scratch/Xilinx/Vitis/2020.1/common/technology/xilinx/virtexuplus/virtexuplus.gen 
Execute         source /local-scratch/Xilinx/Vitis/2020.1/common/technology/xilinx/common/xilinx.gen 
Execute           source /local-scratch/Xilinx/Vitis/2020.1/common/technology/xilinx/interface/plb46.gen 
Execute           source /local-scratch/Xilinx/Vitis/2020.1/common/technology/xilinx/interface/axi4.gen 
Execute           source /local-scratch/Xilinx/Vitis/2020.1/common/technology/xilinx/interface/nativeAXI4.gen 
Execute             source /local-scratch/Xilinx/Vitis/2020.1/common/technology/xilinx/interface/saxilite.gen 
Execute             source /local-scratch/Xilinx/Vitis/2020.1/common/technology/xilinx/interface/maxi.gen 
Execute           source /local-scratch/Xilinx/Vitis/2020.1/common/technology/xilinx/scripts/xilinxcoregen.gen 
Execute           source /local-scratch/Xilinx/Vitis/2020.1/common/technology/xilinx/interface/XilEDKCoreGen.gen 
Execute           source /local-scratch/Xilinx/Vitis/2020.1/common/technology/xilinx/ip/dds_compiler.gen 
Execute           source /local-scratch/Xilinx/Vitis/2020.1/common/technology/xilinx/ip/util.gen 
Execute           source /local-scratch/Xilinx/Vitis/2020.1/common/technology/xilinx/ip/xfft.gen 
Execute           source /local-scratch/Xilinx/Vitis/2020.1/common/technology/xilinx/ip/xfir.gen 
Execute           source /local-scratch/Xilinx/Vitis/2020.1/common/technology/xilinx/common/dsp48.gen 
Command         ap_source done; 0.12 sec.
Command       ap_source done; 0.12 sec.
Execute       source /local-scratch/Xilinx/Vitis/2020.1/common/technology/xilinx/virtexuplus/virtexuplus_fpv7.gen 
Execute         source /local-scratch/Xilinx/Vitis/2020.1/common/technology/xilinx/common/xilinx_fp.gen 
INFO-FLOW: DBG:CMD:   using AESL_AUTOCG::g_clock_period=3.333 (was NA)
INFO-FLOW: DBG:CMD:       generate_ip_cores sim=1 export=0 expOnly=0 dstVlogDir=syn/verilog
Execute       source /localhdd/zyx/rodinia-hls/Benchmarks/hotspot/hotspot_0_baseline/hotspot_0_kernel/solution/.autopilot/db/global.setting.tcl 
Execute       ap_part_info -name xcu200-fsgd2104-2-e -data names -quiet 
Execute       ap_part_info -name xcu200-fsgd2104-2-e -data info -quiet 
Execute       source /localhdd/zyx/rodinia-hls/Benchmarks/hotspot/hotspot_0_baseline/hotspot_0_kernel/solution/.autopilot/db/global.setting.tcl 
Execute       source /localhdd/zyx/rodinia-hls/Benchmarks/hotspot/hotspot_0_baseline/hotspot_0_kernel/solution/.autopilot/db/global.setting.tcl 
Execute       source /localhdd/zyx/rodinia-hls/Benchmarks/hotspot/hotspot_0_baseline/hotspot_0_kernel/solution/.autopilot/db/hotspot_1.compgen.tcl 
Execute         ap_part_info -name xcu200-fsgd2104-2-e -data names -quiet 
Execute         ap_part_info -name xcu200-fsgd2104-2-e -data info -quiet 
Execute         ap_part_info -name xcu200-fsgd2104-2-e -data names -quiet 
Execute         ap_part_info -name xcu200-fsgd2104-2-e -data info -quiet 
Execute         ap_part_info -name xcu200-fsgd2104-2-e -data names -quiet 
Execute         ap_part_info -name xcu200-fsgd2104-2-e -data info -quiet 
Execute         ap_part_info -name xcu200-fsgd2104-2-e -data names -quiet 
Execute         ap_part_info -name xcu200-fsgd2104-2-e -data info -quiet 
Execute         ap_part_info -name xcu200-fsgd2104-2-e -data names -quiet 
Execute         ap_part_info -name xcu200-fsgd2104-2-e -data info -quiet 
Execute         ap_part_info -name xcu200-fsgd2104-2-e -data names -quiet 
Execute         ap_part_info -name xcu200-fsgd2104-2-e -data info -quiet 
Execute         ap_part_info -name xcu200-fsgd2104-2-e -data names -quiet 
Execute         ap_part_info -name xcu200-fsgd2104-2-e -data info -quiet 
Command       ap_source done; 0.23 sec.
Execute       source /localhdd/zyx/rodinia-hls/Benchmarks/hotspot/hotspot_0_baseline/hotspot_0_kernel/solution/.autopilot/db/workload.compgen.tcl 
Execute         source ./control.slave.tcl 
Execute         is_m_axi_addr64 
Execute         ap_part_info -name xcu200-fsgd2104-2-e -data names -quiet 
Execute         ap_part_info -name xcu200-fsgd2104-2-e -data info -quiet 
Execute       get_solution -flow_target 
Execute       source /localhdd/zyx/rodinia-hls/Benchmarks/hotspot/hotspot_0_baseline/hotspot_0_kernel/solution/.autopilot/db/global.setting.tcl 
INFO-FLOW: DBG:CMD:       kernel.xml check internal_kernel_xml(1)=/localhdd/zyx/rodinia-hls/Benchmarks/hotspot/hotspot_0_baseline/hotspot_0_kernel/solution/.autopilot/db/kernel.internal.xml srclang=c top=workload
INFO-FLOW: DBG:CMD:       kernel.xml check proj_kernel_xml    (1)=/localhdd/zyx/rodinia-hls/Benchmarks/hotspot/hotspot_0_baseline/hotspot_0_kernel/solution/.autopilot/db/../../../kernel.xml use_proj_kernel_xml=false
INFO-FLOW: DBG:CMD:       copy internal kernel.xml to project: /localhdd/zyx/rodinia-hls/Benchmarks/hotspot/hotspot_0_baseline/hotspot_0_kernel/solution/.autopilot/db/../../../kernel.xml
INFO-FLOW: DBG:CMD:       update_final_kernel_xml /localhdd/zyx/rodinia-hls/Benchmarks/hotspot/hotspot_0_baseline/hotspot_0_kernel/solution/.autopilot/db/../../../kernel.xml
Execute       get_config_debug -enable 
Execute       ap_part_info -name xcu200-fsgd2104-2-e -data names -quiet 
Execute       ap_part_info -name xcu200-fsgd2104-2-e -data info -quiet 
INFO-FLOW: DBG:CMD: Updating /localhdd/zyx/rodinia-hls/Benchmarks/hotspot/hotspot_0_baseline/hotspot_0_kernel/solution/.autopilot/db/../../../kernel.xml with values: interrupt true debug false compileOptions {} name workload vlnv xilinx.com:hls:workload:1.0
INFO-FLOW: DBG:CMD:     auto_generate -export -impltomg_flag -rtl both -tool Vivado -pcore_version 1.00.a -phase csynth_design -d /localhdd/zyx/rodinia-hls/Benchmarks/hotspot/hotspot_0_baseline/hotspot_0_kernel/solution
Execute       get_solution -flow_target 
Execute       source /localhdd/zyx/rodinia-hls/Benchmarks/hotspot/hotspot_0_baseline/hotspot_0_kernel/solution/.autopilot/db/global.setting.tcl 
INFO-FLOW: DBG:CMD: read_platform_lib /localhdd/zyx/rodinia-hls/Benchmarks/hotspot/hotspot_0_baseline/hotspot_0_kernel/solution/.autopilot/db/global.setting.tcl
Execute       source /local-scratch/Xilinx/Vitis/2020.1/common/technology/generic/autopilot/common.gen 
Execute         source /local-scratch/Xilinx/Vitis/2020.1/common/technology/generic/autopilot/APCoreGen.gen 
Execute       source /local-scratch/Xilinx/Vitis/2020.1/common/technology/generic/autopilot/op.gen 
Execute       source /local-scratch/Xilinx/Vitis/2020.1/common/technology/generic/autopilot/op_simcore.gen 
Execute       source /local-scratch/Xilinx/Vitis/2020.1/common/technology/generic/autopilot/interface.gen 
Execute       source /localhdd/zyx/rodinia-hls/Benchmarks/hotspot/hotspot_0_baseline/hotspot_0_kernel/solution/.autopilot/db/global.setting.tcl 
Execute       source /local-scratch/Xilinx/Vitis/2020.1/common/technology/xilinx/virtexuplus/virtexuplus.gen 
Execute         source /local-scratch/Xilinx/Vitis/2020.1/common/technology/xilinx/common/xilinx.gen 
Execute           source /local-scratch/Xilinx/Vitis/2020.1/common/technology/xilinx/interface/plb46.gen 
Execute           source /local-scratch/Xilinx/Vitis/2020.1/common/technology/xilinx/interface/axi4.gen 
Execute           source /local-scratch/Xilinx/Vitis/2020.1/common/technology/xilinx/interface/nativeAXI4.gen 
Execute             source /local-scratch/Xilinx/Vitis/2020.1/common/technology/xilinx/interface/saxilite.gen 
Execute             source /local-scratch/Xilinx/Vitis/2020.1/common/technology/xilinx/interface/maxi.gen 
Execute           source /local-scratch/Xilinx/Vitis/2020.1/common/technology/xilinx/scripts/xilinxcoregen.gen 
Execute           source /local-scratch/Xilinx/Vitis/2020.1/common/technology/xilinx/interface/XilEDKCoreGen.gen 
Execute           source /local-scratch/Xilinx/Vitis/2020.1/common/technology/xilinx/ip/dds_compiler.gen 
Execute           source /local-scratch/Xilinx/Vitis/2020.1/common/technology/xilinx/ip/util.gen 
Execute           source /local-scratch/Xilinx/Vitis/2020.1/common/technology/xilinx/ip/xfft.gen 
Execute           source /local-scratch/Xilinx/Vitis/2020.1/common/technology/xilinx/ip/xfir.gen 
Execute           source /local-scratch/Xilinx/Vitis/2020.1/common/technology/xilinx/common/dsp48.gen 
Execute       source /local-scratch/Xilinx/Vitis/2020.1/common/technology/xilinx/virtexuplus/virtexuplus_fpv7.gen 
Execute         source /local-scratch/Xilinx/Vitis/2020.1/common/technology/xilinx/common/xilinx_fp.gen 
INFO-FLOW: DBG:CMD:       initCTypeInfo top_module=workload xml_exists=0
Execute       source /localhdd/zyx/rodinia-hls/Benchmarks/hotspot/hotspot_0_baseline/hotspot_0_kernel/solution/.autopilot/db/workload.rtl_wrap.cfg.tcl 
Execute       source /localhdd/zyx/rodinia-hls/Benchmarks/hotspot/hotspot_0_baseline/hotspot_0_kernel/solution/.autopilot/db/workload.rtl_wrap.cfg.tcl 
Execute       source /localhdd/zyx/rodinia-hls/Benchmarks/hotspot/hotspot_0_baseline/hotspot_0_kernel/solution/.autopilot/db/workload.rtl_wrap.cfg.tcl 
Execute       source /localhdd/zyx/rodinia-hls/Benchmarks/hotspot/hotspot_0_baseline/hotspot_0_kernel/solution/.autopilot/db/workload.tbgen.tcl 
Execute       source /localhdd/zyx/rodinia-hls/Benchmarks/hotspot/hotspot_0_baseline/hotspot_0_kernel/solution/.autopilot/db/workload.tbgen.tcl 
INFO-FLOW: DBG:CMD:       export_impl_rtl
INFO-FLOW: DBG:CMD:       generate_ip_cores sim=0 export=0 expOnly=0 dstVlogDir=impl/.verilog
Execute       source /localhdd/zyx/rodinia-hls/Benchmarks/hotspot/hotspot_0_baseline/hotspot_0_kernel/solution/.autopilot/db/global.setting.tcl 
Execute       source /localhdd/zyx/rodinia-hls/Benchmarks/hotspot/hotspot_0_baseline/hotspot_0_kernel/solution/.autopilot/db/hotspot_1.compgen.tcl 
Execute         ap_part_info -name xcu200-fsgd2104-2-e -data names -quiet 
Execute         ap_part_info -name xcu200-fsgd2104-2-e -data info -quiet 
Execute         ap_part_info -name xcu200-fsgd2104-2-e -data names -quiet 
Execute         ap_part_info -name xcu200-fsgd2104-2-e -data info -quiet 
Execute         ap_part_info -name xcu200-fsgd2104-2-e -data names -quiet 
Execute         ap_part_info -name xcu200-fsgd2104-2-e -data info -quiet 
Execute         ap_part_info -name xcu200-fsgd2104-2-e -data names -quiet 
Execute         ap_part_info -name xcu200-fsgd2104-2-e -data info -quiet 
Execute         ap_part_info -name xcu200-fsgd2104-2-e -data names -quiet 
Execute         ap_part_info -name xcu200-fsgd2104-2-e -data info -quiet 
Execute         ap_part_info -name xcu200-fsgd2104-2-e -data names -quiet 
Execute         ap_part_info -name xcu200-fsgd2104-2-e -data info -quiet 
Execute         ap_part_info -name xcu200-fsgd2104-2-e -data names -quiet 
Execute         ap_part_info -name xcu200-fsgd2104-2-e -data info -quiet 
Command       ap_source done; 0.18 sec.
Execute       source /localhdd/zyx/rodinia-hls/Benchmarks/hotspot/hotspot_0_baseline/hotspot_0_kernel/solution/.autopilot/db/workload.compgen.tcl 
INFO-FLOW: DBG:CMD:       generate_ip_cores sim=0 export=1 expOnly=1 dstVlogDir=impl/.pcores/verilog
Execute       source /localhdd/zyx/rodinia-hls/Benchmarks/hotspot/hotspot_0_baseline/hotspot_0_kernel/solution/.autopilot/db/global.setting.tcl 
Execute       source /localhdd/zyx/rodinia-hls/Benchmarks/hotspot/hotspot_0_baseline/hotspot_0_kernel/solution/.autopilot/db/hotspot_1.compgen.tcl 
Execute       source /localhdd/zyx/rodinia-hls/Benchmarks/hotspot/hotspot_0_baseline/hotspot_0_kernel/solution/.autopilot/db/workload.compgen.tcl 
Execute         ap_part_info -name xcu200-fsgd2104-2-e -data names -quiet 
Execute         ap_part_info -name xcu200-fsgd2104-2-e -data info -quiet 
Execute         ap_part_info -name xcu200-fsgd2104-2-e -data names -quiet 
Execute         ap_part_info -name xcu200-fsgd2104-2-e -data info -quiet 
Execute         ap_part_info -name xcu200-fsgd2104-2-e -data names -quiet 
Execute         ap_part_info -name xcu200-fsgd2104-2-e -data info -quiet 
Execute         ap_part_info -name xcu200-fsgd2104-2-e -data names -quiet 
Execute         ap_part_info -name xcu200-fsgd2104-2-e -data info -quiet 
Execute         ap_part_info -name xcu200-fsgd2104-2-e -data names -quiet 
Execute         ap_part_info -name xcu200-fsgd2104-2-e -data info -quiet 
Execute         ap_part_info -name xcu200-fsgd2104-2-e -data names -quiet 
Execute         ap_part_info -name xcu200-fsgd2104-2-e -data info -quiet 
Execute       ap_part_info -name xcu200-fsgd2104-2-e -data names -quiet 
Execute       ap_part_info -name xcu200-fsgd2104-2-e -data info -quiet 
INFO-FLOW: DBG:CMD:       generate_ip_cores sim=0 export=0 expOnly=0 dstVlogDir=impl/.pcores/verilog_sim
Execute       source /localhdd/zyx/rodinia-hls/Benchmarks/hotspot/hotspot_0_baseline/hotspot_0_kernel/solution/.autopilot/db/global.setting.tcl 
Execute       source /localhdd/zyx/rodinia-hls/Benchmarks/hotspot/hotspot_0_baseline/hotspot_0_kernel/solution/.autopilot/db/hotspot_1.compgen.tcl 
Execute       source /localhdd/zyx/rodinia-hls/Benchmarks/hotspot/hotspot_0_baseline/hotspot_0_kernel/solution/.autopilot/db/workload.compgen.tcl 
Execute       ap_part_info -name xcu200-fsgd2104-2-e -data names -quiet 
Execute       ap_part_info -name xcu200-fsgd2104-2-e -data info -quiet 
Execute       ap_part_info -name xcu200-fsgd2104-2-e -data names -quiet 
Execute       ap_part_info -name xcu200-fsgd2104-2-e -data info -quiet 
Execute       source /localhdd/zyx/rodinia-hls/Benchmarks/hotspot/hotspot_0_baseline/hotspot_0_kernel/solution/.autopilot/db/global.setting.tcl 
Execute       ap_part_info -name xcu200-fsgd2104-2-e -data names -quiet 
Execute       ap_part_info -name xcu200-fsgd2104-2-e -data info -quiet 
Execute       source /localhdd/zyx/rodinia-hls/Benchmarks/hotspot/hotspot_0_baseline/hotspot_0_kernel/solution/.autopilot/db/workload.constraint.tcl 
Execute       source /localhdd/zyx/rodinia-hls/Benchmarks/hotspot/hotspot_0_baseline/hotspot_0_kernel/solution/.autopilot/db/workload.tbgen.tcl 
INFO-FLOW: DBG:CMD:       hasPcoreIpAdapter=false #gSsdmPorts=0
Execute       get_solution -flow_target 
Execute       source /localhdd/zyx/rodinia-hls/Benchmarks/hotspot/hotspot_0_baseline/hotspot_0_kernel/solution/.autopilot/db/global.setting.tcl 
INFO-FLOW: DBG:CMD:       kernel.xml check internal_kernel_xml(1)=/localhdd/zyx/rodinia-hls/Benchmarks/hotspot/hotspot_0_baseline/hotspot_0_kernel/solution/.autopilot/db/kernel.internal.xml srclang=c top=workload
INFO-FLOW: DBG:CMD:       kernel.xml check proj_kernel_xml    (1)=/localhdd/zyx/rodinia-hls/Benchmarks/hotspot/hotspot_0_baseline/hotspot_0_kernel/solution/.autopilot/db/../../../kernel.xml use_proj_kernel_xml=false
INFO-FLOW: DBG:CMD:       copy internal kernel.xml to project: /localhdd/zyx/rodinia-hls/Benchmarks/hotspot/hotspot_0_baseline/hotspot_0_kernel/solution/.autopilot/db/../../../kernel.xml
INFO-FLOW: DBG:CMD:       update_final_kernel_xml /localhdd/zyx/rodinia-hls/Benchmarks/hotspot/hotspot_0_baseline/hotspot_0_kernel/solution/.autopilot/db/../../../kernel.xml
Execute       get_config_debug -enable 
Execute       ap_part_info -name xcu200-fsgd2104-2-e -data names -quiet 
Execute       ap_part_info -name xcu200-fsgd2104-2-e -data info -quiet 
INFO-FLOW: DBG:CMD: Updating /localhdd/zyx/rodinia-hls/Benchmarks/hotspot/hotspot_0_baseline/hotspot_0_kernel/solution/.autopilot/db/../../../kernel.xml with values: interrupt true debug false compileOptions {} name workload vlnv xilinx.com:hls:workload:1.0
INFO-FLOW: DBG:CMD: Skipping loadAnalyze_DB, #g_database=4
INFO-FLOW: DBG:CMD:       generate_json is_phase_csynth=1 g_has_adaptors=false generate_bd_files=0 #modelList=11 #gSsdmPorts=0
Execute       source /local-scratch/Xilinx/Vitis/2020.1/tps/tcl/tcllib1.11.1/fileutil/fileutil.tcl 
Execute       source /localhdd/zyx/rodinia-hls/Benchmarks/hotspot/hotspot_0_baseline/hotspot_0_kernel/solution/.autopilot/db/global.setting.tcl 
Execute       source /localhdd/zyx/rodinia-hls/Benchmarks/hotspot/hotspot_0_baseline/hotspot_0_kernel/solution/.autopilot/db/global.setting.tcl 
Execute       source /localhdd/zyx/rodinia-hls/Benchmarks/hotspot/hotspot_0_baseline/hotspot_0_kernel/solution/.autopilot/db/top-io-be.tcl 
Execute       source /localhdd/zyx/rodinia-hls/Benchmarks/hotspot/hotspot_0_baseline/hotspot_0_kernel/solution/.autopilot/db/workload.tbgen.tcl 
Execute       source /localhdd/zyx/rodinia-hls/Benchmarks/hotspot/hotspot_0_baseline/hotspot_0_kernel/solution/.autopilot/db/workload.compgen.dataonly.tcl 
Execute       source /localhdd/zyx/rodinia-hls/Benchmarks/hotspot/hotspot_0_baseline/hotspot_0_kernel/solution/.autopilot/db/workload.compgen.dataonly.tcl 
Execute       source /localhdd/zyx/rodinia-hls/Benchmarks/hotspot/hotspot_0_baseline/hotspot_0_kernel/solution/.autopilot/db/workload.tbgen.tcl 
Execute       source /localhdd/zyx/rodinia-hls/Benchmarks/hotspot/hotspot_0_baseline/hotspot_0_kernel/solution/.autopilot/db/workload.rtl_wrap.cfg.tcl 
Execute       source /localhdd/zyx/rodinia-hls/Benchmarks/hotspot/hotspot_0_baseline/hotspot_0_kernel/solution/.autopilot/db/workload.compgen.dataonly.tcl 
Execute       get_config_export -format 
Execute       ap_part_info -name xcu200-fsgd2104-2-e -data names -quiet 
Execute       ap_part_info -name xcu200-fsgd2104-2-e -data info -quiet 
Execute       source /localhdd/zyx/rodinia-hls/Benchmarks/hotspot/hotspot_0_baseline/hotspot_0_kernel/solution/.autopilot/db/hotspot_1.tbgen.tcl 
Execute       source /localhdd/zyx/rodinia-hls/Benchmarks/hotspot/hotspot_0_baseline/hotspot_0_kernel/solution/.autopilot/db/workload.tbgen.tcl 
Execute       source /localhdd/zyx/rodinia-hls/Benchmarks/hotspot/hotspot_0_baseline/hotspot_0_kernel/solution/.autopilot/db/global.setting.tcl 
Execute       ap_part_info -name xcu200-fsgd2104-2-e -data names -quiet 
Execute       ap_part_info -name xcu200-fsgd2104-2-e -data info -quiet 
Execute       get_solution -flow_target 
Execute       get_config_rtl -kernel_profile 
Execute       get_config_rtl -kernel_profile 
Execute       get_config_rtl -stall_sig_gen 
Execute       get_config_rtl -profile 
Execute       source /localhdd/zyx/rodinia-hls/Benchmarks/hotspot/hotspot_0_baseline/hotspot_0_kernel/solution/.autopilot/db/workload.constraint.tcl 
Execute       sc_get_clocks workload 
Execute       source /localhdd/zyx/rodinia-hls/Benchmarks/hotspot/hotspot_0_baseline/hotspot_0_kernel/solution/.autopilot/db/global.setting.tcl 
Execute       get_config_debug -directory 
Execute       source /localhdd/zyx/rodinia-hls/Benchmarks/hotspot/hotspot_0_baseline/hotspot_0_kernel/solution/impl/misc/workload_ap_dadddsub_6_full_dsp_64_ip.tcl 
Execute       source /localhdd/zyx/rodinia-hls/Benchmarks/hotspot/hotspot_0_baseline/hotspot_0_kernel/solution/impl/misc/workload_ap_dmul_6_max_dsp_64_ip.tcl 
Execute       source /localhdd/zyx/rodinia-hls/Benchmarks/hotspot/hotspot_0_baseline/hotspot_0_kernel/solution/impl/misc/workload_ap_dsub_6_full_dsp_64_ip.tcl 
Execute       source /localhdd/zyx/rodinia-hls/Benchmarks/hotspot/hotspot_0_baseline/hotspot_0_kernel/solution/impl/misc/workload_ap_faddfsub_5_full_dsp_32_ip.tcl 
Execute       source /localhdd/zyx/rodinia-hls/Benchmarks/hotspot/hotspot_0_baseline/hotspot_0_kernel/solution/impl/misc/workload_ap_fmul_2_max_dsp_32_ip.tcl 
Execute       source /localhdd/zyx/rodinia-hls/Benchmarks/hotspot/hotspot_0_baseline/hotspot_0_kernel/solution/impl/misc/workload_ap_fpext_0_no_dsp_32_ip.tcl 
Execute       source /localhdd/zyx/rodinia-hls/Benchmarks/hotspot/hotspot_0_baseline/hotspot_0_kernel/solution/impl/misc/workload_ap_fptrunc_0_no_dsp_64_ip.tcl 
INFO-FLOW: DBG:CMD:       delete-temp-dirs (skipped for debug)
INFO: [HLS 200-111] Finished generating all RTL models Time (s): cpu = 00:00:16 ; elapsed = 00:00:17 . Memory (MB): peak = 1684.457 ; gain = 1235.910 ; free physical = 38423 ; free virtual = 186773
INFO: [VHDL 208-304] Generating VHDL RTL for workload.
INFO: [VLOG 209-307] Generating Verilog RTL for workload.
Execute       syn_report -model workload -printsummary 
INFO: [HLS 200-790] **** Loop Constraint Status: All loop constraints were NOT satisfied.
INFO: [HLS 200-789] **** Estimated Fmax: 80.55 MHz
Command     autosyn done; 8.04 sec.
Command   csynth_design done; 15.48 sec.
Execute   close_project 
Execute     cleanup_all -project 
Execute   cleanup_all 
