

================================================================
== Vitis HLS Report for 'buffer_store_1'
================================================================
* Date:           Tue May 18 19:50:45 2021

* Version:        2020.1 (Build 2902540 on Wed May 27 20:16:15 MDT 2020)
* Project:        hotspot_5_kernel
* Solution:       solution (Vitis Kernel Flow Target)
* Product family: virtexuplus
* Target device:  xcu200-fsgd2104-2-e


================================================================
== Performance Estimates
================================================================
+ Timing: 
    * Summary: 
    +--------+---------+----------+------------+
    |  Clock |  Target | Estimated| Uncertainty|
    +--------+---------+----------+------------+
    |ap_clk  | 3.33 ns | 2.433 ns |   0.90 ns  |
    +--------+---------+----------+------------+

+ Latency: 
    * Summary: 
    +---------+---------+----------+----------+-----+------+---------+
    |  Latency (cycles) |  Latency (absolute) |  Interval  | Pipeline|
    |   min   |   max   |    min   |    max   | min |  max |   Type  |
    +---------+---------+----------+----------+-----+------+---------+
    |        1|     2119| 3.333 ns | 7.063 us |    1|  2119|   none  |
    +---------+---------+----------+----------+-----+------+---------+

    + Detail: 
        * Instance: 
        N/A

        * Loop: 
        +---------------------+---------+---------+----------+-----------+-----------+------+----------+
        |                     |  Latency (cycles) | Iteration|  Initiation Interval  | Trip |          |
        |      Loop Name      |   min   |   max   |  Latency |  achieved |   target  | Count| Pipelined|
        +---------------------+---------+---------+----------+-----------+-----------+------+----------+
        |- VITIS_LOOP_2095_3  |     2049|     2049|         3|          1|          1|  2048|    yes   |
        +---------------------+---------+---------+----------+-----------+-----------+------+----------+

============================================================
+ Verbose Summary: Synthesis Manager
============================================================
InlineROM: 1
ExposeGlobal: 0
============================================================
+ Verbose Summary: CDFG Model
============================================================
IsTopModel: 0
ResetActiveHigh: 1
IsCombinational: 0
IsDatapathOnly: 0
HasWiredReturn: 1
HasMFsm: 0
HasVarLatency: 1
IsPipeline: 0
IsRtlPipelined: 0
IsInstanceOverlapped: 0
IsDontTouch: 0
HasImplIP: 0
IsGatedGlobalClock: 0

+ Individual pipeline summary: 
  * Pipeline-0: initiation interval (II) = 1, depth = 3


============================================================
+ Verbose Summary: Schedule
============================================================
* Number of FSM states : 73
* Pipeline : 1
  Pipeline-0 : II = 1, D = 3, States = { 3 4 5 }
* Dataflow Pipeline: 0

* FSM state transitions: 
1 --> 2 73 
2 --> 3 
3 --> 6 4 
4 --> 5 
5 --> 3 
6 --> 7 
7 --> 8 
8 --> 9 
9 --> 10 
10 --> 11 
11 --> 12 
12 --> 13 
13 --> 14 
14 --> 15 
15 --> 16 
16 --> 17 
17 --> 18 
18 --> 19 
19 --> 20 
20 --> 21 
21 --> 22 
22 --> 23 
23 --> 24 
24 --> 25 
25 --> 26 
26 --> 27 
27 --> 28 
28 --> 29 
29 --> 30 
30 --> 31 
31 --> 32 
32 --> 33 
33 --> 34 
34 --> 35 
35 --> 36 
36 --> 37 
37 --> 38 
38 --> 39 
39 --> 40 
40 --> 41 
41 --> 42 
42 --> 43 
43 --> 44 
44 --> 45 
45 --> 46 
46 --> 47 
47 --> 48 
48 --> 49 
49 --> 50 
50 --> 51 
51 --> 52 
52 --> 53 
53 --> 54 
54 --> 55 
55 --> 56 
56 --> 57 
57 --> 58 
58 --> 59 
59 --> 60 
60 --> 61 
61 --> 62 
62 --> 63 
63 --> 64 
64 --> 65 
65 --> 66 
66 --> 67 
67 --> 68 
68 --> 69 
69 --> 70 
70 --> 71 
71 --> 72 
72 --> 73 
73 --> 

* FSM state operations: 

State 1 <SV = 0> <Delay = 1.14>
ST_1 : Operation 74 [1/1] (0.00ns)   --->   "%result_dest_read = read i64 @_ssdm_op_Read.ap_auto.i64, i64 %result_dest"   --->   Operation 74 'read' 'result_dest_read' <Predicate = true> <Delay = 0.00>
ST_1 : Operation 75 [1/1] (0.00ns)   --->   "%k_read = read i4 @_ssdm_op_Read.ap_auto.i4, i4 %k"   --->   Operation 75 'read' 'k_read' <Predicate = true> <Delay = 0.00>
ST_1 : Operation 76 [1/1] (0.00ns)   --->   "%flag_read = read i1 @_ssdm_op_Read.ap_auto.i1, i1 %flag"   --->   Operation 76 'read' 'flag_read' <Predicate = true> <Delay = 0.00>
ST_1 : Operation 77 [1/1] (0.00ns)   --->   "%specinterface_ln0 = specinterface void @_ssdm_op_SpecInterface, i512 %result1, void @empty_13, i32, i32, void @empty_15, i32, i32, void @empty_15, void @empty_15, void @empty_15, i32, i32, i32, i32, void @empty_15, void @empty_15"   --->   Operation 77 'specinterface' 'specinterface_ln0' <Predicate = true> <Delay = 0.00>
ST_1 : Operation 78 [1/1] (0.00ns)   --->   "%br_ln77 = br i1 %flag_read, void %_ZL27memcpy_wide_bus_write_floatP7ap_uintILi512EEPfmm.exit, void" [/localhdd/zyx/rodinia-hls/Benchmarks/hotspot/hotspot_5_coalescing/src/hotspot.cpp:77]   --->   Operation 78 'br' 'br_ln77' <Predicate = true> <Delay = 0.00>
ST_1 : Operation 79 [1/1] (0.00ns)   --->   "%tmp = bitconcatenate i21 @_ssdm_op_BitConcatenate.i21.i4.i17, i4 %k_read, i17"   --->   Operation 79 'bitconcatenate' 'tmp' <Predicate = (flag_read)> <Delay = 0.00>
ST_1 : Operation 80 [1/1] (0.00ns)   --->   "%p_cast = sext i21 %tmp"   --->   Operation 80 'sext' 'p_cast' <Predicate = (flag_read)> <Delay = 0.00>
ST_1 : Operation 81 [1/1] (1.14ns)   --->   "%empty = add i64 %p_cast, i64 %result_dest_read"   --->   Operation 81 'add' 'empty' <Predicate = (flag_read)> <Delay = 1.14> <CoreInst = "Adder">   --->   Core 1 'Adder' <Latency = 0> <II = 1> <Delay = 1.14> <FuncUnit> <Opcode : 'add' 'sub'> <InPorts = 2> <OutPorts = 1>
ST_1 : Operation 82 [1/1] (0.00ns)   --->   "%trunc_ln = partselect i58 @_ssdm_op_PartSelect.i58.i64.i32.i32, i64 %empty, i32, i32" [/localhdd/zyx/rodinia-hls/Benchmarks/hotspot/hotspot_5_coalescing/src/../../../common/mars_wide_bus.h:2095]   --->   Operation 82 'partselect' 'trunc_ln' <Predicate = (flag_read)> <Delay = 0.00>

State 2 <SV = 1> <Delay = 2.43>
ST_2 : Operation 83 [1/1] (0.00ns)   --->   "%sext_ln2095 = sext i58 %trunc_ln" [/localhdd/zyx/rodinia-hls/Benchmarks/hotspot/hotspot_5_coalescing/src/../../../common/mars_wide_bus.h:2095]   --->   Operation 83 'sext' 'sext_ln2095' <Predicate = true> <Delay = 0.00>
ST_2 : Operation 84 [1/1] (0.00ns)   --->   "%result1_addr = getelementptr i512 %result1, i64 %sext_ln2095" [/localhdd/zyx/rodinia-hls/Benchmarks/hotspot/hotspot_5_coalescing/src/../../../common/mars_wide_bus.h:2095]   --->   Operation 84 'getelementptr' 'result1_addr' <Predicate = true> <Delay = 0.00>
ST_2 : Operation 85 [1/1] (2.43ns)   --->   "%empty_1151 = writereq i1 @_ssdm_op_WriteReq.m_axi.p1i512, i512 %result1_addr, i32" [/localhdd/zyx/rodinia-hls/Benchmarks/hotspot/hotspot_5_coalescing/src/../../../common/mars_wide_bus.h:2095]   --->   Operation 85 'writereq' 'empty_1151' <Predicate = true> <Delay = 2.43> <CoreInst = "m_axi">   --->   Core 55 'm_axi' <Latency = 6> <II = 1> <Delay = 1.00> <Adapter> <Opcode : 'read' 'write' 'readreq' 'writereq' 'writeresp'>
ST_2 : Operation 86 [1/1] (0.60ns)   --->   "%br_ln2095 = br void" [/localhdd/zyx/rodinia-hls/Benchmarks/hotspot/hotspot_5_coalescing/src/../../../common/mars_wide_bus.h:2095]   --->   Operation 86 'br' 'br_ln2095' <Predicate = true> <Delay = 0.60>

State 3 <SV = 2> <Delay = 1.15>
ST_3 : Operation 87 [1/1] (0.00ns)   --->   "%i = phi i12, void, i12 %i_3, void %.split"   --->   Operation 87 'phi' 'i' <Predicate = true> <Delay = 0.00>
ST_3 : Operation 88 [1/1] (0.62ns)   --->   "%icmp_ln2095 = icmp_eq  i12 %i, i12" [/localhdd/zyx/rodinia-hls/Benchmarks/hotspot/hotspot_5_coalescing/src/../../../common/mars_wide_bus.h:2095]   --->   Operation 88 'icmp' 'icmp_ln2095' <Predicate = true> <Delay = 0.62> <CoreInst = "Cmp">   --->   Core 10 'Cmp' <Latency = 0> <II = 1> <Delay = 0.62> <FuncUnit> <Opcode : 'icmp'> <InPorts = 2> <OutPorts = 1>
ST_3 : Operation 89 [1/1] (0.00ns)   --->   "%empty_1152 = speclooptripcount i32 @_ssdm_op_SpecLoopTripCount, i64, i64, i64"   --->   Operation 89 'speclooptripcount' 'empty_1152' <Predicate = true> <Delay = 0.00>
ST_3 : Operation 90 [1/1] (0.74ns)   --->   "%i_3 = add i12 %i, i12" [/localhdd/zyx/rodinia-hls/Benchmarks/hotspot/hotspot_5_coalescing/src/../../../common/mars_wide_bus.h:2095]   --->   Operation 90 'add' 'i_3' <Predicate = true> <Delay = 0.74> <CoreInst = "Adder">   --->   Core 1 'Adder' <Latency = 0> <II = 1> <Delay = 1.14> <FuncUnit> <Opcode : 'add' 'sub'> <InPorts = 2> <OutPorts = 1>
ST_3 : Operation 91 [1/1] (0.00ns)   --->   "%br_ln2095 = br i1 %icmp_ln2095, void %.split, void %_ZL27memcpy_wide_bus_write_floatP7ap_uintILi512EEPfmm.exit.loopexit" [/localhdd/zyx/rodinia-hls/Benchmarks/hotspot/hotspot_5_coalescing/src/../../../common/mars_wide_bus.h:2095]   --->   Operation 91 'br' 'br_ln2095' <Predicate = true> <Delay = 0.00>
ST_3 : Operation 92 [1/1] (0.00ns)   --->   "%zext_ln2095 = zext i12 %i" [/localhdd/zyx/rodinia-hls/Benchmarks/hotspot/hotspot_5_coalescing/src/../../../common/mars_wide_bus.h:2095]   --->   Operation 92 'zext' 'zext_ln2095' <Predicate = (!icmp_ln2095)> <Delay = 0.00>
ST_3 : Operation 93 [1/1] (0.00ns)   --->   "%result_src_0_addr = getelementptr i32 %result_src_0, i64, i64 %zext_ln2095" [/localhdd/zyx/rodinia-hls/Benchmarks/hotspot/hotspot_5_coalescing/src/../../../common/mars_wide_bus.h:2100]   --->   Operation 93 'getelementptr' 'result_src_0_addr' <Predicate = (!icmp_ln2095)> <Delay = 0.00>
ST_3 : Operation 94 [2/2] (1.15ns)   --->   "%result_src_0_load = load i11 %result_src_0_addr" [/localhdd/zyx/rodinia-hls/Benchmarks/hotspot/hotspot_5_coalescing/src/../../../common/mars_wide_bus.h:2100]   --->   Operation 94 'load' 'result_src_0_load' <Predicate = (!icmp_ln2095)> <Delay = 1.15> <CoreInst = "RAM">   --->   Core 23 'RAM' <Latency = 1> <II = 1> <Delay = 1.15> <Storage> <Opcode : 'load' 'store'> <Ports = 2> <Width = 32> <Depth = 2048> <RAM>
ST_3 : Operation 95 [1/1] (0.00ns)   --->   "%result_src_1_addr = getelementptr i32 %result_src_1, i64, i64 %zext_ln2095" [/localhdd/zyx/rodinia-hls/Benchmarks/hotspot/hotspot_5_coalescing/src/../../../common/mars_wide_bus.h:2100]   --->   Operation 95 'getelementptr' 'result_src_1_addr' <Predicate = (!icmp_ln2095)> <Delay = 0.00>
ST_3 : Operation 96 [2/2] (1.15ns)   --->   "%result_src_1_load = load i11 %result_src_1_addr" [/localhdd/zyx/rodinia-hls/Benchmarks/hotspot/hotspot_5_coalescing/src/../../../common/mars_wide_bus.h:2100]   --->   Operation 96 'load' 'result_src_1_load' <Predicate = (!icmp_ln2095)> <Delay = 1.15> <CoreInst = "RAM">   --->   Core 23 'RAM' <Latency = 1> <II = 1> <Delay = 1.15> <Storage> <Opcode : 'load' 'store'> <Ports = 2> <Width = 32> <Depth = 2048> <RAM>
ST_3 : Operation 97 [1/1] (0.00ns)   --->   "%result_src_2_addr = getelementptr i32 %result_src_2, i64, i64 %zext_ln2095" [/localhdd/zyx/rodinia-hls/Benchmarks/hotspot/hotspot_5_coalescing/src/../../../common/mars_wide_bus.h:2100]   --->   Operation 97 'getelementptr' 'result_src_2_addr' <Predicate = (!icmp_ln2095)> <Delay = 0.00>
ST_3 : Operation 98 [2/2] (1.15ns)   --->   "%result_src_2_load = load i11 %result_src_2_addr" [/localhdd/zyx/rodinia-hls/Benchmarks/hotspot/hotspot_5_coalescing/src/../../../common/mars_wide_bus.h:2100]   --->   Operation 98 'load' 'result_src_2_load' <Predicate = (!icmp_ln2095)> <Delay = 1.15> <CoreInst = "RAM">   --->   Core 23 'RAM' <Latency = 1> <II = 1> <Delay = 1.15> <Storage> <Opcode : 'load' 'store'> <Ports = 2> <Width = 32> <Depth = 2048> <RAM>
ST_3 : Operation 99 [1/1] (0.00ns)   --->   "%result_src_3_addr = getelementptr i32 %result_src_3, i64, i64 %zext_ln2095" [/localhdd/zyx/rodinia-hls/Benchmarks/hotspot/hotspot_5_coalescing/src/../../../common/mars_wide_bus.h:2100]   --->   Operation 99 'getelementptr' 'result_src_3_addr' <Predicate = (!icmp_ln2095)> <Delay = 0.00>
ST_3 : Operation 100 [2/2] (1.15ns)   --->   "%result_src_3_load = load i11 %result_src_3_addr" [/localhdd/zyx/rodinia-hls/Benchmarks/hotspot/hotspot_5_coalescing/src/../../../common/mars_wide_bus.h:2100]   --->   Operation 100 'load' 'result_src_3_load' <Predicate = (!icmp_ln2095)> <Delay = 1.15> <CoreInst = "RAM">   --->   Core 23 'RAM' <Latency = 1> <II = 1> <Delay = 1.15> <Storage> <Opcode : 'load' 'store'> <Ports = 2> <Width = 32> <Depth = 2048> <RAM>
ST_3 : Operation 101 [1/1] (0.00ns)   --->   "%result_src_4_addr = getelementptr i32 %result_src_4, i64, i64 %zext_ln2095" [/localhdd/zyx/rodinia-hls/Benchmarks/hotspot/hotspot_5_coalescing/src/../../../common/mars_wide_bus.h:2100]   --->   Operation 101 'getelementptr' 'result_src_4_addr' <Predicate = (!icmp_ln2095)> <Delay = 0.00>
ST_3 : Operation 102 [2/2] (1.15ns)   --->   "%result_src_4_load = load i11 %result_src_4_addr" [/localhdd/zyx/rodinia-hls/Benchmarks/hotspot/hotspot_5_coalescing/src/../../../common/mars_wide_bus.h:2100]   --->   Operation 102 'load' 'result_src_4_load' <Predicate = (!icmp_ln2095)> <Delay = 1.15> <CoreInst = "RAM">   --->   Core 23 'RAM' <Latency = 1> <II = 1> <Delay = 1.15> <Storage> <Opcode : 'load' 'store'> <Ports = 2> <Width = 32> <Depth = 2048> <RAM>
ST_3 : Operation 103 [1/1] (0.00ns)   --->   "%result_src_5_addr = getelementptr i32 %result_src_5, i64, i64 %zext_ln2095" [/localhdd/zyx/rodinia-hls/Benchmarks/hotspot/hotspot_5_coalescing/src/../../../common/mars_wide_bus.h:2100]   --->   Operation 103 'getelementptr' 'result_src_5_addr' <Predicate = (!icmp_ln2095)> <Delay = 0.00>
ST_3 : Operation 104 [2/2] (1.15ns)   --->   "%result_src_5_load = load i11 %result_src_5_addr" [/localhdd/zyx/rodinia-hls/Benchmarks/hotspot/hotspot_5_coalescing/src/../../../common/mars_wide_bus.h:2100]   --->   Operation 104 'load' 'result_src_5_load' <Predicate = (!icmp_ln2095)> <Delay = 1.15> <CoreInst = "RAM">   --->   Core 23 'RAM' <Latency = 1> <II = 1> <Delay = 1.15> <Storage> <Opcode : 'load' 'store'> <Ports = 2> <Width = 32> <Depth = 2048> <RAM>
ST_3 : Operation 105 [1/1] (0.00ns)   --->   "%result_src_6_addr = getelementptr i32 %result_src_6, i64, i64 %zext_ln2095" [/localhdd/zyx/rodinia-hls/Benchmarks/hotspot/hotspot_5_coalescing/src/../../../common/mars_wide_bus.h:2100]   --->   Operation 105 'getelementptr' 'result_src_6_addr' <Predicate = (!icmp_ln2095)> <Delay = 0.00>
ST_3 : Operation 106 [2/2] (1.15ns)   --->   "%result_src_6_load = load i11 %result_src_6_addr" [/localhdd/zyx/rodinia-hls/Benchmarks/hotspot/hotspot_5_coalescing/src/../../../common/mars_wide_bus.h:2100]   --->   Operation 106 'load' 'result_src_6_load' <Predicate = (!icmp_ln2095)> <Delay = 1.15> <CoreInst = "RAM">   --->   Core 23 'RAM' <Latency = 1> <II = 1> <Delay = 1.15> <Storage> <Opcode : 'load' 'store'> <Ports = 2> <Width = 32> <Depth = 2048> <RAM>
ST_3 : Operation 107 [1/1] (0.00ns)   --->   "%result_src_7_addr = getelementptr i32 %result_src_7, i64, i64 %zext_ln2095" [/localhdd/zyx/rodinia-hls/Benchmarks/hotspot/hotspot_5_coalescing/src/../../../common/mars_wide_bus.h:2100]   --->   Operation 107 'getelementptr' 'result_src_7_addr' <Predicate = (!icmp_ln2095)> <Delay = 0.00>
ST_3 : Operation 108 [2/2] (1.15ns)   --->   "%result_src_7_load = load i11 %result_src_7_addr" [/localhdd/zyx/rodinia-hls/Benchmarks/hotspot/hotspot_5_coalescing/src/../../../common/mars_wide_bus.h:2100]   --->   Operation 108 'load' 'result_src_7_load' <Predicate = (!icmp_ln2095)> <Delay = 1.15> <CoreInst = "RAM">   --->   Core 23 'RAM' <Latency = 1> <II = 1> <Delay = 1.15> <Storage> <Opcode : 'load' 'store'> <Ports = 2> <Width = 32> <Depth = 2048> <RAM>
ST_3 : Operation 109 [1/1] (0.00ns)   --->   "%result_src_8_addr = getelementptr i32 %result_src_8, i64, i64 %zext_ln2095" [/localhdd/zyx/rodinia-hls/Benchmarks/hotspot/hotspot_5_coalescing/src/../../../common/mars_wide_bus.h:2100]   --->   Operation 109 'getelementptr' 'result_src_8_addr' <Predicate = (!icmp_ln2095)> <Delay = 0.00>
ST_3 : Operation 110 [2/2] (1.15ns)   --->   "%result_src_8_load = load i11 %result_src_8_addr" [/localhdd/zyx/rodinia-hls/Benchmarks/hotspot/hotspot_5_coalescing/src/../../../common/mars_wide_bus.h:2100]   --->   Operation 110 'load' 'result_src_8_load' <Predicate = (!icmp_ln2095)> <Delay = 1.15> <CoreInst = "RAM">   --->   Core 23 'RAM' <Latency = 1> <II = 1> <Delay = 1.15> <Storage> <Opcode : 'load' 'store'> <Ports = 2> <Width = 32> <Depth = 2048> <RAM>
ST_3 : Operation 111 [1/1] (0.00ns)   --->   "%result_src_9_addr = getelementptr i32 %result_src_9, i64, i64 %zext_ln2095" [/localhdd/zyx/rodinia-hls/Benchmarks/hotspot/hotspot_5_coalescing/src/../../../common/mars_wide_bus.h:2100]   --->   Operation 111 'getelementptr' 'result_src_9_addr' <Predicate = (!icmp_ln2095)> <Delay = 0.00>
ST_3 : Operation 112 [2/2] (1.15ns)   --->   "%result_src_9_load = load i11 %result_src_9_addr" [/localhdd/zyx/rodinia-hls/Benchmarks/hotspot/hotspot_5_coalescing/src/../../../common/mars_wide_bus.h:2100]   --->   Operation 112 'load' 'result_src_9_load' <Predicate = (!icmp_ln2095)> <Delay = 1.15> <CoreInst = "RAM">   --->   Core 23 'RAM' <Latency = 1> <II = 1> <Delay = 1.15> <Storage> <Opcode : 'load' 'store'> <Ports = 2> <Width = 32> <Depth = 2048> <RAM>
ST_3 : Operation 113 [1/1] (0.00ns)   --->   "%result_src_10_addr = getelementptr i32 %result_src_10, i64, i64 %zext_ln2095" [/localhdd/zyx/rodinia-hls/Benchmarks/hotspot/hotspot_5_coalescing/src/../../../common/mars_wide_bus.h:2100]   --->   Operation 113 'getelementptr' 'result_src_10_addr' <Predicate = (!icmp_ln2095)> <Delay = 0.00>
ST_3 : Operation 114 [2/2] (1.15ns)   --->   "%result_src_10_load = load i11 %result_src_10_addr" [/localhdd/zyx/rodinia-hls/Benchmarks/hotspot/hotspot_5_coalescing/src/../../../common/mars_wide_bus.h:2100]   --->   Operation 114 'load' 'result_src_10_load' <Predicate = (!icmp_ln2095)> <Delay = 1.15> <CoreInst = "RAM">   --->   Core 23 'RAM' <Latency = 1> <II = 1> <Delay = 1.15> <Storage> <Opcode : 'load' 'store'> <Ports = 2> <Width = 32> <Depth = 2048> <RAM>
ST_3 : Operation 115 [1/1] (0.00ns)   --->   "%result_src_11_addr = getelementptr i32 %result_src_11, i64, i64 %zext_ln2095" [/localhdd/zyx/rodinia-hls/Benchmarks/hotspot/hotspot_5_coalescing/src/../../../common/mars_wide_bus.h:2100]   --->   Operation 115 'getelementptr' 'result_src_11_addr' <Predicate = (!icmp_ln2095)> <Delay = 0.00>
ST_3 : Operation 116 [2/2] (1.15ns)   --->   "%result_src_11_load = load i11 %result_src_11_addr" [/localhdd/zyx/rodinia-hls/Benchmarks/hotspot/hotspot_5_coalescing/src/../../../common/mars_wide_bus.h:2100]   --->   Operation 116 'load' 'result_src_11_load' <Predicate = (!icmp_ln2095)> <Delay = 1.15> <CoreInst = "RAM">   --->   Core 23 'RAM' <Latency = 1> <II = 1> <Delay = 1.15> <Storage> <Opcode : 'load' 'store'> <Ports = 2> <Width = 32> <Depth = 2048> <RAM>
ST_3 : Operation 117 [1/1] (0.00ns)   --->   "%result_src_12_addr = getelementptr i32 %result_src_12, i64, i64 %zext_ln2095" [/localhdd/zyx/rodinia-hls/Benchmarks/hotspot/hotspot_5_coalescing/src/../../../common/mars_wide_bus.h:2100]   --->   Operation 117 'getelementptr' 'result_src_12_addr' <Predicate = (!icmp_ln2095)> <Delay = 0.00>
ST_3 : Operation 118 [2/2] (1.15ns)   --->   "%result_src_12_load = load i11 %result_src_12_addr" [/localhdd/zyx/rodinia-hls/Benchmarks/hotspot/hotspot_5_coalescing/src/../../../common/mars_wide_bus.h:2100]   --->   Operation 118 'load' 'result_src_12_load' <Predicate = (!icmp_ln2095)> <Delay = 1.15> <CoreInst = "RAM">   --->   Core 23 'RAM' <Latency = 1> <II = 1> <Delay = 1.15> <Storage> <Opcode : 'load' 'store'> <Ports = 2> <Width = 32> <Depth = 2048> <RAM>
ST_3 : Operation 119 [1/1] (0.00ns)   --->   "%result_src_13_addr = getelementptr i32 %result_src_13, i64, i64 %zext_ln2095" [/localhdd/zyx/rodinia-hls/Benchmarks/hotspot/hotspot_5_coalescing/src/../../../common/mars_wide_bus.h:2100]   --->   Operation 119 'getelementptr' 'result_src_13_addr' <Predicate = (!icmp_ln2095)> <Delay = 0.00>
ST_3 : Operation 120 [2/2] (1.15ns)   --->   "%result_src_13_load = load i11 %result_src_13_addr" [/localhdd/zyx/rodinia-hls/Benchmarks/hotspot/hotspot_5_coalescing/src/../../../common/mars_wide_bus.h:2100]   --->   Operation 120 'load' 'result_src_13_load' <Predicate = (!icmp_ln2095)> <Delay = 1.15> <CoreInst = "RAM">   --->   Core 23 'RAM' <Latency = 1> <II = 1> <Delay = 1.15> <Storage> <Opcode : 'load' 'store'> <Ports = 2> <Width = 32> <Depth = 2048> <RAM>
ST_3 : Operation 121 [1/1] (0.00ns)   --->   "%result_src_14_addr = getelementptr i32 %result_src_14, i64, i64 %zext_ln2095" [/localhdd/zyx/rodinia-hls/Benchmarks/hotspot/hotspot_5_coalescing/src/../../../common/mars_wide_bus.h:2100]   --->   Operation 121 'getelementptr' 'result_src_14_addr' <Predicate = (!icmp_ln2095)> <Delay = 0.00>
ST_3 : Operation 122 [2/2] (1.15ns)   --->   "%result_src_14_load = load i11 %result_src_14_addr" [/localhdd/zyx/rodinia-hls/Benchmarks/hotspot/hotspot_5_coalescing/src/../../../common/mars_wide_bus.h:2100]   --->   Operation 122 'load' 'result_src_14_load' <Predicate = (!icmp_ln2095)> <Delay = 1.15> <CoreInst = "RAM">   --->   Core 23 'RAM' <Latency = 1> <II = 1> <Delay = 1.15> <Storage> <Opcode : 'load' 'store'> <Ports = 2> <Width = 32> <Depth = 2048> <RAM>
ST_3 : Operation 123 [1/1] (0.00ns)   --->   "%result_src_15_addr = getelementptr i32 %result_src_15, i64, i64 %zext_ln2095" [/localhdd/zyx/rodinia-hls/Benchmarks/hotspot/hotspot_5_coalescing/src/../../../common/mars_wide_bus.h:2100]   --->   Operation 123 'getelementptr' 'result_src_15_addr' <Predicate = (!icmp_ln2095)> <Delay = 0.00>
ST_3 : Operation 124 [2/2] (1.15ns)   --->   "%result_src_15_load = load i11 %result_src_15_addr" [/localhdd/zyx/rodinia-hls/Benchmarks/hotspot/hotspot_5_coalescing/src/../../../common/mars_wide_bus.h:2100]   --->   Operation 124 'load' 'result_src_15_load' <Predicate = (!icmp_ln2095)> <Delay = 1.15> <CoreInst = "RAM">   --->   Core 23 'RAM' <Latency = 1> <II = 1> <Delay = 1.15> <Storage> <Opcode : 'load' 'store'> <Ports = 2> <Width = 32> <Depth = 2048> <RAM>

State 4 <SV = 3> <Delay = 1.15>
ST_4 : Operation 125 [1/2] (1.15ns)   --->   "%result_src_0_load = load i11 %result_src_0_addr" [/localhdd/zyx/rodinia-hls/Benchmarks/hotspot/hotspot_5_coalescing/src/../../../common/mars_wide_bus.h:2100]   --->   Operation 125 'load' 'result_src_0_load' <Predicate = (!icmp_ln2095)> <Delay = 1.15> <CoreInst = "RAM">   --->   Core 23 'RAM' <Latency = 1> <II = 1> <Delay = 1.15> <Storage> <Opcode : 'load' 'store'> <Ports = 2> <Width = 32> <Depth = 2048> <RAM>
ST_4 : Operation 126 [1/2] (1.15ns)   --->   "%result_src_1_load = load i11 %result_src_1_addr" [/localhdd/zyx/rodinia-hls/Benchmarks/hotspot/hotspot_5_coalescing/src/../../../common/mars_wide_bus.h:2100]   --->   Operation 126 'load' 'result_src_1_load' <Predicate = (!icmp_ln2095)> <Delay = 1.15> <CoreInst = "RAM">   --->   Core 23 'RAM' <Latency = 1> <II = 1> <Delay = 1.15> <Storage> <Opcode : 'load' 'store'> <Ports = 2> <Width = 32> <Depth = 2048> <RAM>
ST_4 : Operation 127 [1/2] (1.15ns)   --->   "%result_src_2_load = load i11 %result_src_2_addr" [/localhdd/zyx/rodinia-hls/Benchmarks/hotspot/hotspot_5_coalescing/src/../../../common/mars_wide_bus.h:2100]   --->   Operation 127 'load' 'result_src_2_load' <Predicate = (!icmp_ln2095)> <Delay = 1.15> <CoreInst = "RAM">   --->   Core 23 'RAM' <Latency = 1> <II = 1> <Delay = 1.15> <Storage> <Opcode : 'load' 'store'> <Ports = 2> <Width = 32> <Depth = 2048> <RAM>
ST_4 : Operation 128 [1/2] (1.15ns)   --->   "%result_src_3_load = load i11 %result_src_3_addr" [/localhdd/zyx/rodinia-hls/Benchmarks/hotspot/hotspot_5_coalescing/src/../../../common/mars_wide_bus.h:2100]   --->   Operation 128 'load' 'result_src_3_load' <Predicate = (!icmp_ln2095)> <Delay = 1.15> <CoreInst = "RAM">   --->   Core 23 'RAM' <Latency = 1> <II = 1> <Delay = 1.15> <Storage> <Opcode : 'load' 'store'> <Ports = 2> <Width = 32> <Depth = 2048> <RAM>
ST_4 : Operation 129 [1/2] (1.15ns)   --->   "%result_src_4_load = load i11 %result_src_4_addr" [/localhdd/zyx/rodinia-hls/Benchmarks/hotspot/hotspot_5_coalescing/src/../../../common/mars_wide_bus.h:2100]   --->   Operation 129 'load' 'result_src_4_load' <Predicate = (!icmp_ln2095)> <Delay = 1.15> <CoreInst = "RAM">   --->   Core 23 'RAM' <Latency = 1> <II = 1> <Delay = 1.15> <Storage> <Opcode : 'load' 'store'> <Ports = 2> <Width = 32> <Depth = 2048> <RAM>
ST_4 : Operation 130 [1/2] (1.15ns)   --->   "%result_src_5_load = load i11 %result_src_5_addr" [/localhdd/zyx/rodinia-hls/Benchmarks/hotspot/hotspot_5_coalescing/src/../../../common/mars_wide_bus.h:2100]   --->   Operation 130 'load' 'result_src_5_load' <Predicate = (!icmp_ln2095)> <Delay = 1.15> <CoreInst = "RAM">   --->   Core 23 'RAM' <Latency = 1> <II = 1> <Delay = 1.15> <Storage> <Opcode : 'load' 'store'> <Ports = 2> <Width = 32> <Depth = 2048> <RAM>
ST_4 : Operation 131 [1/2] (1.15ns)   --->   "%result_src_6_load = load i11 %result_src_6_addr" [/localhdd/zyx/rodinia-hls/Benchmarks/hotspot/hotspot_5_coalescing/src/../../../common/mars_wide_bus.h:2100]   --->   Operation 131 'load' 'result_src_6_load' <Predicate = (!icmp_ln2095)> <Delay = 1.15> <CoreInst = "RAM">   --->   Core 23 'RAM' <Latency = 1> <II = 1> <Delay = 1.15> <Storage> <Opcode : 'load' 'store'> <Ports = 2> <Width = 32> <Depth = 2048> <RAM>
ST_4 : Operation 132 [1/2] (1.15ns)   --->   "%result_src_7_load = load i11 %result_src_7_addr" [/localhdd/zyx/rodinia-hls/Benchmarks/hotspot/hotspot_5_coalescing/src/../../../common/mars_wide_bus.h:2100]   --->   Operation 132 'load' 'result_src_7_load' <Predicate = (!icmp_ln2095)> <Delay = 1.15> <CoreInst = "RAM">   --->   Core 23 'RAM' <Latency = 1> <II = 1> <Delay = 1.15> <Storage> <Opcode : 'load' 'store'> <Ports = 2> <Width = 32> <Depth = 2048> <RAM>
ST_4 : Operation 133 [1/2] (1.15ns)   --->   "%result_src_8_load = load i11 %result_src_8_addr" [/localhdd/zyx/rodinia-hls/Benchmarks/hotspot/hotspot_5_coalescing/src/../../../common/mars_wide_bus.h:2100]   --->   Operation 133 'load' 'result_src_8_load' <Predicate = (!icmp_ln2095)> <Delay = 1.15> <CoreInst = "RAM">   --->   Core 23 'RAM' <Latency = 1> <II = 1> <Delay = 1.15> <Storage> <Opcode : 'load' 'store'> <Ports = 2> <Width = 32> <Depth = 2048> <RAM>
ST_4 : Operation 134 [1/2] (1.15ns)   --->   "%result_src_9_load = load i11 %result_src_9_addr" [/localhdd/zyx/rodinia-hls/Benchmarks/hotspot/hotspot_5_coalescing/src/../../../common/mars_wide_bus.h:2100]   --->   Operation 134 'load' 'result_src_9_load' <Predicate = (!icmp_ln2095)> <Delay = 1.15> <CoreInst = "RAM">   --->   Core 23 'RAM' <Latency = 1> <II = 1> <Delay = 1.15> <Storage> <Opcode : 'load' 'store'> <Ports = 2> <Width = 32> <Depth = 2048> <RAM>
ST_4 : Operation 135 [1/2] (1.15ns)   --->   "%result_src_10_load = load i11 %result_src_10_addr" [/localhdd/zyx/rodinia-hls/Benchmarks/hotspot/hotspot_5_coalescing/src/../../../common/mars_wide_bus.h:2100]   --->   Operation 135 'load' 'result_src_10_load' <Predicate = (!icmp_ln2095)> <Delay = 1.15> <CoreInst = "RAM">   --->   Core 23 'RAM' <Latency = 1> <II = 1> <Delay = 1.15> <Storage> <Opcode : 'load' 'store'> <Ports = 2> <Width = 32> <Depth = 2048> <RAM>
ST_4 : Operation 136 [1/2] (1.15ns)   --->   "%result_src_11_load = load i11 %result_src_11_addr" [/localhdd/zyx/rodinia-hls/Benchmarks/hotspot/hotspot_5_coalescing/src/../../../common/mars_wide_bus.h:2100]   --->   Operation 136 'load' 'result_src_11_load' <Predicate = (!icmp_ln2095)> <Delay = 1.15> <CoreInst = "RAM">   --->   Core 23 'RAM' <Latency = 1> <II = 1> <Delay = 1.15> <Storage> <Opcode : 'load' 'store'> <Ports = 2> <Width = 32> <Depth = 2048> <RAM>
ST_4 : Operation 137 [1/2] (1.15ns)   --->   "%result_src_12_load = load i11 %result_src_12_addr" [/localhdd/zyx/rodinia-hls/Benchmarks/hotspot/hotspot_5_coalescing/src/../../../common/mars_wide_bus.h:2100]   --->   Operation 137 'load' 'result_src_12_load' <Predicate = (!icmp_ln2095)> <Delay = 1.15> <CoreInst = "RAM">   --->   Core 23 'RAM' <Latency = 1> <II = 1> <Delay = 1.15> <Storage> <Opcode : 'load' 'store'> <Ports = 2> <Width = 32> <Depth = 2048> <RAM>
ST_4 : Operation 138 [1/2] (1.15ns)   --->   "%result_src_13_load = load i11 %result_src_13_addr" [/localhdd/zyx/rodinia-hls/Benchmarks/hotspot/hotspot_5_coalescing/src/../../../common/mars_wide_bus.h:2100]   --->   Operation 138 'load' 'result_src_13_load' <Predicate = (!icmp_ln2095)> <Delay = 1.15> <CoreInst = "RAM">   --->   Core 23 'RAM' <Latency = 1> <II = 1> <Delay = 1.15> <Storage> <Opcode : 'load' 'store'> <Ports = 2> <Width = 32> <Depth = 2048> <RAM>
ST_4 : Operation 139 [1/2] (1.15ns)   --->   "%result_src_14_load = load i11 %result_src_14_addr" [/localhdd/zyx/rodinia-hls/Benchmarks/hotspot/hotspot_5_coalescing/src/../../../common/mars_wide_bus.h:2100]   --->   Operation 139 'load' 'result_src_14_load' <Predicate = (!icmp_ln2095)> <Delay = 1.15> <CoreInst = "RAM">   --->   Core 23 'RAM' <Latency = 1> <II = 1> <Delay = 1.15> <Storage> <Opcode : 'load' 'store'> <Ports = 2> <Width = 32> <Depth = 2048> <RAM>
ST_4 : Operation 140 [1/2] (1.15ns)   --->   "%result_src_15_load = load i11 %result_src_15_addr" [/localhdd/zyx/rodinia-hls/Benchmarks/hotspot/hotspot_5_coalescing/src/../../../common/mars_wide_bus.h:2100]   --->   Operation 140 'load' 'result_src_15_load' <Predicate = (!icmp_ln2095)> <Delay = 1.15> <CoreInst = "RAM">   --->   Core 23 'RAM' <Latency = 1> <II = 1> <Delay = 1.15> <Storage> <Opcode : 'load' 'store'> <Ports = 2> <Width = 32> <Depth = 2048> <RAM>

State 5 <SV = 4> <Delay = 2.43>
ST_5 : Operation 141 [1/1] (0.00ns)   --->   "%specpipeline_ln2058 = specpipeline void @_ssdm_op_SpecPipeline, i32, i32, i32, i32, void @empty_15" [/localhdd/zyx/rodinia-hls/Benchmarks/hotspot/hotspot_5_coalescing/src/../../../common/mars_wide_bus.h:2058]   --->   Operation 141 'specpipeline' 'specpipeline_ln2058' <Predicate = (!icmp_ln2095)> <Delay = 0.00>
ST_5 : Operation 142 [1/1] (0.00ns)   --->   "%specloopname_ln2058 = specloopname void @_ssdm_op_SpecLoopName, void @empty_11" [/localhdd/zyx/rodinia-hls/Benchmarks/hotspot/hotspot_5_coalescing/src/../../../common/mars_wide_bus.h:2058]   --->   Operation 142 'specloopname' 'specloopname_ln2058' <Predicate = (!icmp_ln2095)> <Delay = 0.00>
ST_5 : Operation 143 [1/1] (0.00ns)   --->   "%bitcast_ln2101 = bitcast i32 %result_src_0_load" [/localhdd/zyx/rodinia-hls/Benchmarks/hotspot/hotspot_5_coalescing/src/../../../common/mars_wide_bus.h:2101]   --->   Operation 143 'bitcast' 'bitcast_ln2101' <Predicate = (!icmp_ln2095)> <Delay = 0.00>
ST_5 : Operation 144 [1/1] (0.00ns)   --->   "%bitcast_ln2101_1 = bitcast i32 %result_src_1_load" [/localhdd/zyx/rodinia-hls/Benchmarks/hotspot/hotspot_5_coalescing/src/../../../common/mars_wide_bus.h:2101]   --->   Operation 144 'bitcast' 'bitcast_ln2101_1' <Predicate = (!icmp_ln2095)> <Delay = 0.00>
ST_5 : Operation 145 [1/1] (0.00ns)   --->   "%bitcast_ln2101_2 = bitcast i32 %result_src_2_load" [/localhdd/zyx/rodinia-hls/Benchmarks/hotspot/hotspot_5_coalescing/src/../../../common/mars_wide_bus.h:2101]   --->   Operation 145 'bitcast' 'bitcast_ln2101_2' <Predicate = (!icmp_ln2095)> <Delay = 0.00>
ST_5 : Operation 146 [1/1] (0.00ns)   --->   "%bitcast_ln2101_3 = bitcast i32 %result_src_3_load" [/localhdd/zyx/rodinia-hls/Benchmarks/hotspot/hotspot_5_coalescing/src/../../../common/mars_wide_bus.h:2101]   --->   Operation 146 'bitcast' 'bitcast_ln2101_3' <Predicate = (!icmp_ln2095)> <Delay = 0.00>
ST_5 : Operation 147 [1/1] (0.00ns)   --->   "%bitcast_ln2101_4 = bitcast i32 %result_src_4_load" [/localhdd/zyx/rodinia-hls/Benchmarks/hotspot/hotspot_5_coalescing/src/../../../common/mars_wide_bus.h:2101]   --->   Operation 147 'bitcast' 'bitcast_ln2101_4' <Predicate = (!icmp_ln2095)> <Delay = 0.00>
ST_5 : Operation 148 [1/1] (0.00ns)   --->   "%bitcast_ln2101_5 = bitcast i32 %result_src_5_load" [/localhdd/zyx/rodinia-hls/Benchmarks/hotspot/hotspot_5_coalescing/src/../../../common/mars_wide_bus.h:2101]   --->   Operation 148 'bitcast' 'bitcast_ln2101_5' <Predicate = (!icmp_ln2095)> <Delay = 0.00>
ST_5 : Operation 149 [1/1] (0.00ns)   --->   "%bitcast_ln2101_6 = bitcast i32 %result_src_6_load" [/localhdd/zyx/rodinia-hls/Benchmarks/hotspot/hotspot_5_coalescing/src/../../../common/mars_wide_bus.h:2101]   --->   Operation 149 'bitcast' 'bitcast_ln2101_6' <Predicate = (!icmp_ln2095)> <Delay = 0.00>
ST_5 : Operation 150 [1/1] (0.00ns)   --->   "%bitcast_ln2101_7 = bitcast i32 %result_src_7_load" [/localhdd/zyx/rodinia-hls/Benchmarks/hotspot/hotspot_5_coalescing/src/../../../common/mars_wide_bus.h:2101]   --->   Operation 150 'bitcast' 'bitcast_ln2101_7' <Predicate = (!icmp_ln2095)> <Delay = 0.00>
ST_5 : Operation 151 [1/1] (0.00ns)   --->   "%bitcast_ln2101_8 = bitcast i32 %result_src_8_load" [/localhdd/zyx/rodinia-hls/Benchmarks/hotspot/hotspot_5_coalescing/src/../../../common/mars_wide_bus.h:2101]   --->   Operation 151 'bitcast' 'bitcast_ln2101_8' <Predicate = (!icmp_ln2095)> <Delay = 0.00>
ST_5 : Operation 152 [1/1] (0.00ns)   --->   "%bitcast_ln2101_9 = bitcast i32 %result_src_9_load" [/localhdd/zyx/rodinia-hls/Benchmarks/hotspot/hotspot_5_coalescing/src/../../../common/mars_wide_bus.h:2101]   --->   Operation 152 'bitcast' 'bitcast_ln2101_9' <Predicate = (!icmp_ln2095)> <Delay = 0.00>
ST_5 : Operation 153 [1/1] (0.00ns)   --->   "%bitcast_ln2101_10 = bitcast i32 %result_src_10_load" [/localhdd/zyx/rodinia-hls/Benchmarks/hotspot/hotspot_5_coalescing/src/../../../common/mars_wide_bus.h:2101]   --->   Operation 153 'bitcast' 'bitcast_ln2101_10' <Predicate = (!icmp_ln2095)> <Delay = 0.00>
ST_5 : Operation 154 [1/1] (0.00ns)   --->   "%bitcast_ln2101_11 = bitcast i32 %result_src_11_load" [/localhdd/zyx/rodinia-hls/Benchmarks/hotspot/hotspot_5_coalescing/src/../../../common/mars_wide_bus.h:2101]   --->   Operation 154 'bitcast' 'bitcast_ln2101_11' <Predicate = (!icmp_ln2095)> <Delay = 0.00>
ST_5 : Operation 155 [1/1] (0.00ns)   --->   "%bitcast_ln2101_12 = bitcast i32 %result_src_12_load" [/localhdd/zyx/rodinia-hls/Benchmarks/hotspot/hotspot_5_coalescing/src/../../../common/mars_wide_bus.h:2101]   --->   Operation 155 'bitcast' 'bitcast_ln2101_12' <Predicate = (!icmp_ln2095)> <Delay = 0.00>
ST_5 : Operation 156 [1/1] (0.00ns)   --->   "%bitcast_ln2101_13 = bitcast i32 %result_src_13_load" [/localhdd/zyx/rodinia-hls/Benchmarks/hotspot/hotspot_5_coalescing/src/../../../common/mars_wide_bus.h:2101]   --->   Operation 156 'bitcast' 'bitcast_ln2101_13' <Predicate = (!icmp_ln2095)> <Delay = 0.00>
ST_5 : Operation 157 [1/1] (0.00ns)   --->   "%bitcast_ln2101_14 = bitcast i32 %result_src_14_load" [/localhdd/zyx/rodinia-hls/Benchmarks/hotspot/hotspot_5_coalescing/src/../../../common/mars_wide_bus.h:2101]   --->   Operation 157 'bitcast' 'bitcast_ln2101_14' <Predicate = (!icmp_ln2095)> <Delay = 0.00>
ST_5 : Operation 158 [1/1] (0.00ns)   --->   "%bitcast_ln2101_15 = bitcast i32 %result_src_15_load" [/localhdd/zyx/rodinia-hls/Benchmarks/hotspot/hotspot_5_coalescing/src/../../../common/mars_wide_bus.h:2101]   --->   Operation 158 'bitcast' 'bitcast_ln2101_15' <Predicate = (!icmp_ln2095)> <Delay = 0.00>
ST_5 : Operation 159 [1/1] (0.00ns)   --->   "%p_Result_s = bitconcatenate i512 @_ssdm_op_BitConcatenate.i512.i32.i32.i32.i32.i32.i32.i32.i32.i32.i32.i32.i32.i32.i32.i32.i32, i32 %bitcast_ln2101_15, i32 %bitcast_ln2101_14, i32 %bitcast_ln2101_13, i32 %bitcast_ln2101_12, i32 %bitcast_ln2101_11, i32 %bitcast_ln2101_10, i32 %bitcast_ln2101_9, i32 %bitcast_ln2101_8, i32 %bitcast_ln2101_7, i32 %bitcast_ln2101_6, i32 %bitcast_ln2101_5, i32 %bitcast_ln2101_4, i32 %bitcast_ln2101_3, i32 %bitcast_ln2101_2, i32 %bitcast_ln2101_1, i32 %bitcast_ln2101"   --->   Operation 159 'bitconcatenate' 'p_Result_s' <Predicate = (!icmp_ln2095)> <Delay = 0.00>
ST_5 : Operation 160 [1/1] (2.43ns)   --->   "%write_ln324 = write void @_ssdm_op_Write.m_axi.p1i512, i512 %result1_addr, i512 %p_Result_s, i64, i1 %empty_1151"   --->   Operation 160 'write' 'write_ln324' <Predicate = (!icmp_ln2095)> <Delay = 2.43> <CoreInst = "m_axi">   --->   Core 55 'm_axi' <Latency = 5> <II = 1> <Delay = 1.00> <Adapter> <Opcode : 'read' 'write' 'readreq' 'writereq' 'writeresp'>
ST_5 : Operation 161 [1/1] (0.00ns)   --->   "%br_ln0 = br void"   --->   Operation 161 'br' 'br_ln0' <Predicate = (!icmp_ln2095)> <Delay = 0.00>

State 6 <SV = 3> <Delay = 2.43>
ST_6 : Operation 162 [68/68] (2.43ns)   --->   "%empty_1153 = writeresp i1 @_ssdm_op_WriteResp.m_axi.p1i512, i512 %result1_addr" [/localhdd/zyx/rodinia-hls/Benchmarks/hotspot/hotspot_5_coalescing/src/hotspot.cpp:78]   --->   Operation 162 'writeresp' 'empty_1153' <Predicate = true> <Delay = 2.43> <CoreInst = "m_axi">   --->   Core 55 'm_axi' <Latency = 6> <II = 1> <Delay = 1.00> <Adapter> <Opcode : 'read' 'write' 'readreq' 'writereq' 'writeresp'>

State 7 <SV = 4> <Delay = 2.43>
ST_7 : Operation 163 [67/68] (2.43ns)   --->   "%empty_1153 = writeresp i1 @_ssdm_op_WriteResp.m_axi.p1i512, i512 %result1_addr" [/localhdd/zyx/rodinia-hls/Benchmarks/hotspot/hotspot_5_coalescing/src/hotspot.cpp:78]   --->   Operation 163 'writeresp' 'empty_1153' <Predicate = true> <Delay = 2.43> <CoreInst = "m_axi">   --->   Core 55 'm_axi' <Latency = 6> <II = 1> <Delay = 1.00> <Adapter> <Opcode : 'read' 'write' 'readreq' 'writereq' 'writeresp'>

State 8 <SV = 5> <Delay = 2.43>
ST_8 : Operation 164 [66/68] (2.43ns)   --->   "%empty_1153 = writeresp i1 @_ssdm_op_WriteResp.m_axi.p1i512, i512 %result1_addr" [/localhdd/zyx/rodinia-hls/Benchmarks/hotspot/hotspot_5_coalescing/src/hotspot.cpp:78]   --->   Operation 164 'writeresp' 'empty_1153' <Predicate = true> <Delay = 2.43> <CoreInst = "m_axi">   --->   Core 55 'm_axi' <Latency = 6> <II = 1> <Delay = 1.00> <Adapter> <Opcode : 'read' 'write' 'readreq' 'writereq' 'writeresp'>

State 9 <SV = 6> <Delay = 2.43>
ST_9 : Operation 165 [65/68] (2.43ns)   --->   "%empty_1153 = writeresp i1 @_ssdm_op_WriteResp.m_axi.p1i512, i512 %result1_addr" [/localhdd/zyx/rodinia-hls/Benchmarks/hotspot/hotspot_5_coalescing/src/hotspot.cpp:78]   --->   Operation 165 'writeresp' 'empty_1153' <Predicate = true> <Delay = 2.43> <CoreInst = "m_axi">   --->   Core 55 'm_axi' <Latency = 6> <II = 1> <Delay = 1.00> <Adapter> <Opcode : 'read' 'write' 'readreq' 'writereq' 'writeresp'>

State 10 <SV = 7> <Delay = 2.43>
ST_10 : Operation 166 [64/68] (2.43ns)   --->   "%empty_1153 = writeresp i1 @_ssdm_op_WriteResp.m_axi.p1i512, i512 %result1_addr" [/localhdd/zyx/rodinia-hls/Benchmarks/hotspot/hotspot_5_coalescing/src/hotspot.cpp:78]   --->   Operation 166 'writeresp' 'empty_1153' <Predicate = true> <Delay = 2.43> <CoreInst = "m_axi">   --->   Core 55 'm_axi' <Latency = 6> <II = 1> <Delay = 1.00> <Adapter> <Opcode : 'read' 'write' 'readreq' 'writereq' 'writeresp'>

State 11 <SV = 8> <Delay = 2.43>
ST_11 : Operation 167 [63/68] (2.43ns)   --->   "%empty_1153 = writeresp i1 @_ssdm_op_WriteResp.m_axi.p1i512, i512 %result1_addr" [/localhdd/zyx/rodinia-hls/Benchmarks/hotspot/hotspot_5_coalescing/src/hotspot.cpp:78]   --->   Operation 167 'writeresp' 'empty_1153' <Predicate = true> <Delay = 2.43> <CoreInst = "m_axi">   --->   Core 55 'm_axi' <Latency = 6> <II = 1> <Delay = 1.00> <Adapter> <Opcode : 'read' 'write' 'readreq' 'writereq' 'writeresp'>

State 12 <SV = 9> <Delay = 2.43>
ST_12 : Operation 168 [62/68] (2.43ns)   --->   "%empty_1153 = writeresp i1 @_ssdm_op_WriteResp.m_axi.p1i512, i512 %result1_addr" [/localhdd/zyx/rodinia-hls/Benchmarks/hotspot/hotspot_5_coalescing/src/hotspot.cpp:78]   --->   Operation 168 'writeresp' 'empty_1153' <Predicate = true> <Delay = 2.43> <CoreInst = "m_axi">   --->   Core 55 'm_axi' <Latency = 6> <II = 1> <Delay = 1.00> <Adapter> <Opcode : 'read' 'write' 'readreq' 'writereq' 'writeresp'>

State 13 <SV = 10> <Delay = 2.43>
ST_13 : Operation 169 [61/68] (2.43ns)   --->   "%empty_1153 = writeresp i1 @_ssdm_op_WriteResp.m_axi.p1i512, i512 %result1_addr" [/localhdd/zyx/rodinia-hls/Benchmarks/hotspot/hotspot_5_coalescing/src/hotspot.cpp:78]   --->   Operation 169 'writeresp' 'empty_1153' <Predicate = true> <Delay = 2.43> <CoreInst = "m_axi">   --->   Core 55 'm_axi' <Latency = 6> <II = 1> <Delay = 1.00> <Adapter> <Opcode : 'read' 'write' 'readreq' 'writereq' 'writeresp'>

State 14 <SV = 11> <Delay = 2.43>
ST_14 : Operation 170 [60/68] (2.43ns)   --->   "%empty_1153 = writeresp i1 @_ssdm_op_WriteResp.m_axi.p1i512, i512 %result1_addr" [/localhdd/zyx/rodinia-hls/Benchmarks/hotspot/hotspot_5_coalescing/src/hotspot.cpp:78]   --->   Operation 170 'writeresp' 'empty_1153' <Predicate = true> <Delay = 2.43> <CoreInst = "m_axi">   --->   Core 55 'm_axi' <Latency = 6> <II = 1> <Delay = 1.00> <Adapter> <Opcode : 'read' 'write' 'readreq' 'writereq' 'writeresp'>

State 15 <SV = 12> <Delay = 2.43>
ST_15 : Operation 171 [59/68] (2.43ns)   --->   "%empty_1153 = writeresp i1 @_ssdm_op_WriteResp.m_axi.p1i512, i512 %result1_addr" [/localhdd/zyx/rodinia-hls/Benchmarks/hotspot/hotspot_5_coalescing/src/hotspot.cpp:78]   --->   Operation 171 'writeresp' 'empty_1153' <Predicate = true> <Delay = 2.43> <CoreInst = "m_axi">   --->   Core 55 'm_axi' <Latency = 6> <II = 1> <Delay = 1.00> <Adapter> <Opcode : 'read' 'write' 'readreq' 'writereq' 'writeresp'>

State 16 <SV = 13> <Delay = 2.43>
ST_16 : Operation 172 [58/68] (2.43ns)   --->   "%empty_1153 = writeresp i1 @_ssdm_op_WriteResp.m_axi.p1i512, i512 %result1_addr" [/localhdd/zyx/rodinia-hls/Benchmarks/hotspot/hotspot_5_coalescing/src/hotspot.cpp:78]   --->   Operation 172 'writeresp' 'empty_1153' <Predicate = true> <Delay = 2.43> <CoreInst = "m_axi">   --->   Core 55 'm_axi' <Latency = 6> <II = 1> <Delay = 1.00> <Adapter> <Opcode : 'read' 'write' 'readreq' 'writereq' 'writeresp'>

State 17 <SV = 14> <Delay = 2.43>
ST_17 : Operation 173 [57/68] (2.43ns)   --->   "%empty_1153 = writeresp i1 @_ssdm_op_WriteResp.m_axi.p1i512, i512 %result1_addr" [/localhdd/zyx/rodinia-hls/Benchmarks/hotspot/hotspot_5_coalescing/src/hotspot.cpp:78]   --->   Operation 173 'writeresp' 'empty_1153' <Predicate = true> <Delay = 2.43> <CoreInst = "m_axi">   --->   Core 55 'm_axi' <Latency = 6> <II = 1> <Delay = 1.00> <Adapter> <Opcode : 'read' 'write' 'readreq' 'writereq' 'writeresp'>

State 18 <SV = 15> <Delay = 2.43>
ST_18 : Operation 174 [56/68] (2.43ns)   --->   "%empty_1153 = writeresp i1 @_ssdm_op_WriteResp.m_axi.p1i512, i512 %result1_addr" [/localhdd/zyx/rodinia-hls/Benchmarks/hotspot/hotspot_5_coalescing/src/hotspot.cpp:78]   --->   Operation 174 'writeresp' 'empty_1153' <Predicate = true> <Delay = 2.43> <CoreInst = "m_axi">   --->   Core 55 'm_axi' <Latency = 6> <II = 1> <Delay = 1.00> <Adapter> <Opcode : 'read' 'write' 'readreq' 'writereq' 'writeresp'>

State 19 <SV = 16> <Delay = 2.43>
ST_19 : Operation 175 [55/68] (2.43ns)   --->   "%empty_1153 = writeresp i1 @_ssdm_op_WriteResp.m_axi.p1i512, i512 %result1_addr" [/localhdd/zyx/rodinia-hls/Benchmarks/hotspot/hotspot_5_coalescing/src/hotspot.cpp:78]   --->   Operation 175 'writeresp' 'empty_1153' <Predicate = true> <Delay = 2.43> <CoreInst = "m_axi">   --->   Core 55 'm_axi' <Latency = 6> <II = 1> <Delay = 1.00> <Adapter> <Opcode : 'read' 'write' 'readreq' 'writereq' 'writeresp'>

State 20 <SV = 17> <Delay = 2.43>
ST_20 : Operation 176 [54/68] (2.43ns)   --->   "%empty_1153 = writeresp i1 @_ssdm_op_WriteResp.m_axi.p1i512, i512 %result1_addr" [/localhdd/zyx/rodinia-hls/Benchmarks/hotspot/hotspot_5_coalescing/src/hotspot.cpp:78]   --->   Operation 176 'writeresp' 'empty_1153' <Predicate = true> <Delay = 2.43> <CoreInst = "m_axi">   --->   Core 55 'm_axi' <Latency = 6> <II = 1> <Delay = 1.00> <Adapter> <Opcode : 'read' 'write' 'readreq' 'writereq' 'writeresp'>

State 21 <SV = 18> <Delay = 2.43>
ST_21 : Operation 177 [53/68] (2.43ns)   --->   "%empty_1153 = writeresp i1 @_ssdm_op_WriteResp.m_axi.p1i512, i512 %result1_addr" [/localhdd/zyx/rodinia-hls/Benchmarks/hotspot/hotspot_5_coalescing/src/hotspot.cpp:78]   --->   Operation 177 'writeresp' 'empty_1153' <Predicate = true> <Delay = 2.43> <CoreInst = "m_axi">   --->   Core 55 'm_axi' <Latency = 6> <II = 1> <Delay = 1.00> <Adapter> <Opcode : 'read' 'write' 'readreq' 'writereq' 'writeresp'>

State 22 <SV = 19> <Delay = 2.43>
ST_22 : Operation 178 [52/68] (2.43ns)   --->   "%empty_1153 = writeresp i1 @_ssdm_op_WriteResp.m_axi.p1i512, i512 %result1_addr" [/localhdd/zyx/rodinia-hls/Benchmarks/hotspot/hotspot_5_coalescing/src/hotspot.cpp:78]   --->   Operation 178 'writeresp' 'empty_1153' <Predicate = true> <Delay = 2.43> <CoreInst = "m_axi">   --->   Core 55 'm_axi' <Latency = 6> <II = 1> <Delay = 1.00> <Adapter> <Opcode : 'read' 'write' 'readreq' 'writereq' 'writeresp'>

State 23 <SV = 20> <Delay = 2.43>
ST_23 : Operation 179 [51/68] (2.43ns)   --->   "%empty_1153 = writeresp i1 @_ssdm_op_WriteResp.m_axi.p1i512, i512 %result1_addr" [/localhdd/zyx/rodinia-hls/Benchmarks/hotspot/hotspot_5_coalescing/src/hotspot.cpp:78]   --->   Operation 179 'writeresp' 'empty_1153' <Predicate = true> <Delay = 2.43> <CoreInst = "m_axi">   --->   Core 55 'm_axi' <Latency = 6> <II = 1> <Delay = 1.00> <Adapter> <Opcode : 'read' 'write' 'readreq' 'writereq' 'writeresp'>

State 24 <SV = 21> <Delay = 2.43>
ST_24 : Operation 180 [50/68] (2.43ns)   --->   "%empty_1153 = writeresp i1 @_ssdm_op_WriteResp.m_axi.p1i512, i512 %result1_addr" [/localhdd/zyx/rodinia-hls/Benchmarks/hotspot/hotspot_5_coalescing/src/hotspot.cpp:78]   --->   Operation 180 'writeresp' 'empty_1153' <Predicate = true> <Delay = 2.43> <CoreInst = "m_axi">   --->   Core 55 'm_axi' <Latency = 6> <II = 1> <Delay = 1.00> <Adapter> <Opcode : 'read' 'write' 'readreq' 'writereq' 'writeresp'>

State 25 <SV = 22> <Delay = 2.43>
ST_25 : Operation 181 [49/68] (2.43ns)   --->   "%empty_1153 = writeresp i1 @_ssdm_op_WriteResp.m_axi.p1i512, i512 %result1_addr" [/localhdd/zyx/rodinia-hls/Benchmarks/hotspot/hotspot_5_coalescing/src/hotspot.cpp:78]   --->   Operation 181 'writeresp' 'empty_1153' <Predicate = true> <Delay = 2.43> <CoreInst = "m_axi">   --->   Core 55 'm_axi' <Latency = 6> <II = 1> <Delay = 1.00> <Adapter> <Opcode : 'read' 'write' 'readreq' 'writereq' 'writeresp'>

State 26 <SV = 23> <Delay = 2.43>
ST_26 : Operation 182 [48/68] (2.43ns)   --->   "%empty_1153 = writeresp i1 @_ssdm_op_WriteResp.m_axi.p1i512, i512 %result1_addr" [/localhdd/zyx/rodinia-hls/Benchmarks/hotspot/hotspot_5_coalescing/src/hotspot.cpp:78]   --->   Operation 182 'writeresp' 'empty_1153' <Predicate = true> <Delay = 2.43> <CoreInst = "m_axi">   --->   Core 55 'm_axi' <Latency = 6> <II = 1> <Delay = 1.00> <Adapter> <Opcode : 'read' 'write' 'readreq' 'writereq' 'writeresp'>

State 27 <SV = 24> <Delay = 2.43>
ST_27 : Operation 183 [47/68] (2.43ns)   --->   "%empty_1153 = writeresp i1 @_ssdm_op_WriteResp.m_axi.p1i512, i512 %result1_addr" [/localhdd/zyx/rodinia-hls/Benchmarks/hotspot/hotspot_5_coalescing/src/hotspot.cpp:78]   --->   Operation 183 'writeresp' 'empty_1153' <Predicate = true> <Delay = 2.43> <CoreInst = "m_axi">   --->   Core 55 'm_axi' <Latency = 6> <II = 1> <Delay = 1.00> <Adapter> <Opcode : 'read' 'write' 'readreq' 'writereq' 'writeresp'>

State 28 <SV = 25> <Delay = 2.43>
ST_28 : Operation 184 [46/68] (2.43ns)   --->   "%empty_1153 = writeresp i1 @_ssdm_op_WriteResp.m_axi.p1i512, i512 %result1_addr" [/localhdd/zyx/rodinia-hls/Benchmarks/hotspot/hotspot_5_coalescing/src/hotspot.cpp:78]   --->   Operation 184 'writeresp' 'empty_1153' <Predicate = true> <Delay = 2.43> <CoreInst = "m_axi">   --->   Core 55 'm_axi' <Latency = 6> <II = 1> <Delay = 1.00> <Adapter> <Opcode : 'read' 'write' 'readreq' 'writereq' 'writeresp'>

State 29 <SV = 26> <Delay = 2.43>
ST_29 : Operation 185 [45/68] (2.43ns)   --->   "%empty_1153 = writeresp i1 @_ssdm_op_WriteResp.m_axi.p1i512, i512 %result1_addr" [/localhdd/zyx/rodinia-hls/Benchmarks/hotspot/hotspot_5_coalescing/src/hotspot.cpp:78]   --->   Operation 185 'writeresp' 'empty_1153' <Predicate = true> <Delay = 2.43> <CoreInst = "m_axi">   --->   Core 55 'm_axi' <Latency = 6> <II = 1> <Delay = 1.00> <Adapter> <Opcode : 'read' 'write' 'readreq' 'writereq' 'writeresp'>

State 30 <SV = 27> <Delay = 2.43>
ST_30 : Operation 186 [44/68] (2.43ns)   --->   "%empty_1153 = writeresp i1 @_ssdm_op_WriteResp.m_axi.p1i512, i512 %result1_addr" [/localhdd/zyx/rodinia-hls/Benchmarks/hotspot/hotspot_5_coalescing/src/hotspot.cpp:78]   --->   Operation 186 'writeresp' 'empty_1153' <Predicate = true> <Delay = 2.43> <CoreInst = "m_axi">   --->   Core 55 'm_axi' <Latency = 6> <II = 1> <Delay = 1.00> <Adapter> <Opcode : 'read' 'write' 'readreq' 'writereq' 'writeresp'>

State 31 <SV = 28> <Delay = 2.43>
ST_31 : Operation 187 [43/68] (2.43ns)   --->   "%empty_1153 = writeresp i1 @_ssdm_op_WriteResp.m_axi.p1i512, i512 %result1_addr" [/localhdd/zyx/rodinia-hls/Benchmarks/hotspot/hotspot_5_coalescing/src/hotspot.cpp:78]   --->   Operation 187 'writeresp' 'empty_1153' <Predicate = true> <Delay = 2.43> <CoreInst = "m_axi">   --->   Core 55 'm_axi' <Latency = 6> <II = 1> <Delay = 1.00> <Adapter> <Opcode : 'read' 'write' 'readreq' 'writereq' 'writeresp'>

State 32 <SV = 29> <Delay = 2.43>
ST_32 : Operation 188 [42/68] (2.43ns)   --->   "%empty_1153 = writeresp i1 @_ssdm_op_WriteResp.m_axi.p1i512, i512 %result1_addr" [/localhdd/zyx/rodinia-hls/Benchmarks/hotspot/hotspot_5_coalescing/src/hotspot.cpp:78]   --->   Operation 188 'writeresp' 'empty_1153' <Predicate = true> <Delay = 2.43> <CoreInst = "m_axi">   --->   Core 55 'm_axi' <Latency = 6> <II = 1> <Delay = 1.00> <Adapter> <Opcode : 'read' 'write' 'readreq' 'writereq' 'writeresp'>

State 33 <SV = 30> <Delay = 2.43>
ST_33 : Operation 189 [41/68] (2.43ns)   --->   "%empty_1153 = writeresp i1 @_ssdm_op_WriteResp.m_axi.p1i512, i512 %result1_addr" [/localhdd/zyx/rodinia-hls/Benchmarks/hotspot/hotspot_5_coalescing/src/hotspot.cpp:78]   --->   Operation 189 'writeresp' 'empty_1153' <Predicate = true> <Delay = 2.43> <CoreInst = "m_axi">   --->   Core 55 'm_axi' <Latency = 6> <II = 1> <Delay = 1.00> <Adapter> <Opcode : 'read' 'write' 'readreq' 'writereq' 'writeresp'>

State 34 <SV = 31> <Delay = 2.43>
ST_34 : Operation 190 [40/68] (2.43ns)   --->   "%empty_1153 = writeresp i1 @_ssdm_op_WriteResp.m_axi.p1i512, i512 %result1_addr" [/localhdd/zyx/rodinia-hls/Benchmarks/hotspot/hotspot_5_coalescing/src/hotspot.cpp:78]   --->   Operation 190 'writeresp' 'empty_1153' <Predicate = true> <Delay = 2.43> <CoreInst = "m_axi">   --->   Core 55 'm_axi' <Latency = 6> <II = 1> <Delay = 1.00> <Adapter> <Opcode : 'read' 'write' 'readreq' 'writereq' 'writeresp'>

State 35 <SV = 32> <Delay = 2.43>
ST_35 : Operation 191 [39/68] (2.43ns)   --->   "%empty_1153 = writeresp i1 @_ssdm_op_WriteResp.m_axi.p1i512, i512 %result1_addr" [/localhdd/zyx/rodinia-hls/Benchmarks/hotspot/hotspot_5_coalescing/src/hotspot.cpp:78]   --->   Operation 191 'writeresp' 'empty_1153' <Predicate = true> <Delay = 2.43> <CoreInst = "m_axi">   --->   Core 55 'm_axi' <Latency = 6> <II = 1> <Delay = 1.00> <Adapter> <Opcode : 'read' 'write' 'readreq' 'writereq' 'writeresp'>

State 36 <SV = 33> <Delay = 2.43>
ST_36 : Operation 192 [38/68] (2.43ns)   --->   "%empty_1153 = writeresp i1 @_ssdm_op_WriteResp.m_axi.p1i512, i512 %result1_addr" [/localhdd/zyx/rodinia-hls/Benchmarks/hotspot/hotspot_5_coalescing/src/hotspot.cpp:78]   --->   Operation 192 'writeresp' 'empty_1153' <Predicate = true> <Delay = 2.43> <CoreInst = "m_axi">   --->   Core 55 'm_axi' <Latency = 6> <II = 1> <Delay = 1.00> <Adapter> <Opcode : 'read' 'write' 'readreq' 'writereq' 'writeresp'>

State 37 <SV = 34> <Delay = 2.43>
ST_37 : Operation 193 [37/68] (2.43ns)   --->   "%empty_1153 = writeresp i1 @_ssdm_op_WriteResp.m_axi.p1i512, i512 %result1_addr" [/localhdd/zyx/rodinia-hls/Benchmarks/hotspot/hotspot_5_coalescing/src/hotspot.cpp:78]   --->   Operation 193 'writeresp' 'empty_1153' <Predicate = true> <Delay = 2.43> <CoreInst = "m_axi">   --->   Core 55 'm_axi' <Latency = 6> <II = 1> <Delay = 1.00> <Adapter> <Opcode : 'read' 'write' 'readreq' 'writereq' 'writeresp'>

State 38 <SV = 35> <Delay = 2.43>
ST_38 : Operation 194 [36/68] (2.43ns)   --->   "%empty_1153 = writeresp i1 @_ssdm_op_WriteResp.m_axi.p1i512, i512 %result1_addr" [/localhdd/zyx/rodinia-hls/Benchmarks/hotspot/hotspot_5_coalescing/src/hotspot.cpp:78]   --->   Operation 194 'writeresp' 'empty_1153' <Predicate = true> <Delay = 2.43> <CoreInst = "m_axi">   --->   Core 55 'm_axi' <Latency = 6> <II = 1> <Delay = 1.00> <Adapter> <Opcode : 'read' 'write' 'readreq' 'writereq' 'writeresp'>

State 39 <SV = 36> <Delay = 2.43>
ST_39 : Operation 195 [35/68] (2.43ns)   --->   "%empty_1153 = writeresp i1 @_ssdm_op_WriteResp.m_axi.p1i512, i512 %result1_addr" [/localhdd/zyx/rodinia-hls/Benchmarks/hotspot/hotspot_5_coalescing/src/hotspot.cpp:78]   --->   Operation 195 'writeresp' 'empty_1153' <Predicate = true> <Delay = 2.43> <CoreInst = "m_axi">   --->   Core 55 'm_axi' <Latency = 6> <II = 1> <Delay = 1.00> <Adapter> <Opcode : 'read' 'write' 'readreq' 'writereq' 'writeresp'>

State 40 <SV = 37> <Delay = 2.43>
ST_40 : Operation 196 [34/68] (2.43ns)   --->   "%empty_1153 = writeresp i1 @_ssdm_op_WriteResp.m_axi.p1i512, i512 %result1_addr" [/localhdd/zyx/rodinia-hls/Benchmarks/hotspot/hotspot_5_coalescing/src/hotspot.cpp:78]   --->   Operation 196 'writeresp' 'empty_1153' <Predicate = true> <Delay = 2.43> <CoreInst = "m_axi">   --->   Core 55 'm_axi' <Latency = 6> <II = 1> <Delay = 1.00> <Adapter> <Opcode : 'read' 'write' 'readreq' 'writereq' 'writeresp'>

State 41 <SV = 38> <Delay = 2.43>
ST_41 : Operation 197 [33/68] (2.43ns)   --->   "%empty_1153 = writeresp i1 @_ssdm_op_WriteResp.m_axi.p1i512, i512 %result1_addr" [/localhdd/zyx/rodinia-hls/Benchmarks/hotspot/hotspot_5_coalescing/src/hotspot.cpp:78]   --->   Operation 197 'writeresp' 'empty_1153' <Predicate = true> <Delay = 2.43> <CoreInst = "m_axi">   --->   Core 55 'm_axi' <Latency = 6> <II = 1> <Delay = 1.00> <Adapter> <Opcode : 'read' 'write' 'readreq' 'writereq' 'writeresp'>

State 42 <SV = 39> <Delay = 2.43>
ST_42 : Operation 198 [32/68] (2.43ns)   --->   "%empty_1153 = writeresp i1 @_ssdm_op_WriteResp.m_axi.p1i512, i512 %result1_addr" [/localhdd/zyx/rodinia-hls/Benchmarks/hotspot/hotspot_5_coalescing/src/hotspot.cpp:78]   --->   Operation 198 'writeresp' 'empty_1153' <Predicate = true> <Delay = 2.43> <CoreInst = "m_axi">   --->   Core 55 'm_axi' <Latency = 6> <II = 1> <Delay = 1.00> <Adapter> <Opcode : 'read' 'write' 'readreq' 'writereq' 'writeresp'>

State 43 <SV = 40> <Delay = 2.43>
ST_43 : Operation 199 [31/68] (2.43ns)   --->   "%empty_1153 = writeresp i1 @_ssdm_op_WriteResp.m_axi.p1i512, i512 %result1_addr" [/localhdd/zyx/rodinia-hls/Benchmarks/hotspot/hotspot_5_coalescing/src/hotspot.cpp:78]   --->   Operation 199 'writeresp' 'empty_1153' <Predicate = true> <Delay = 2.43> <CoreInst = "m_axi">   --->   Core 55 'm_axi' <Latency = 6> <II = 1> <Delay = 1.00> <Adapter> <Opcode : 'read' 'write' 'readreq' 'writereq' 'writeresp'>

State 44 <SV = 41> <Delay = 2.43>
ST_44 : Operation 200 [30/68] (2.43ns)   --->   "%empty_1153 = writeresp i1 @_ssdm_op_WriteResp.m_axi.p1i512, i512 %result1_addr" [/localhdd/zyx/rodinia-hls/Benchmarks/hotspot/hotspot_5_coalescing/src/hotspot.cpp:78]   --->   Operation 200 'writeresp' 'empty_1153' <Predicate = true> <Delay = 2.43> <CoreInst = "m_axi">   --->   Core 55 'm_axi' <Latency = 6> <II = 1> <Delay = 1.00> <Adapter> <Opcode : 'read' 'write' 'readreq' 'writereq' 'writeresp'>

State 45 <SV = 42> <Delay = 2.43>
ST_45 : Operation 201 [29/68] (2.43ns)   --->   "%empty_1153 = writeresp i1 @_ssdm_op_WriteResp.m_axi.p1i512, i512 %result1_addr" [/localhdd/zyx/rodinia-hls/Benchmarks/hotspot/hotspot_5_coalescing/src/hotspot.cpp:78]   --->   Operation 201 'writeresp' 'empty_1153' <Predicate = true> <Delay = 2.43> <CoreInst = "m_axi">   --->   Core 55 'm_axi' <Latency = 6> <II = 1> <Delay = 1.00> <Adapter> <Opcode : 'read' 'write' 'readreq' 'writereq' 'writeresp'>

State 46 <SV = 43> <Delay = 2.43>
ST_46 : Operation 202 [28/68] (2.43ns)   --->   "%empty_1153 = writeresp i1 @_ssdm_op_WriteResp.m_axi.p1i512, i512 %result1_addr" [/localhdd/zyx/rodinia-hls/Benchmarks/hotspot/hotspot_5_coalescing/src/hotspot.cpp:78]   --->   Operation 202 'writeresp' 'empty_1153' <Predicate = true> <Delay = 2.43> <CoreInst = "m_axi">   --->   Core 55 'm_axi' <Latency = 6> <II = 1> <Delay = 1.00> <Adapter> <Opcode : 'read' 'write' 'readreq' 'writereq' 'writeresp'>

State 47 <SV = 44> <Delay = 2.43>
ST_47 : Operation 203 [27/68] (2.43ns)   --->   "%empty_1153 = writeresp i1 @_ssdm_op_WriteResp.m_axi.p1i512, i512 %result1_addr" [/localhdd/zyx/rodinia-hls/Benchmarks/hotspot/hotspot_5_coalescing/src/hotspot.cpp:78]   --->   Operation 203 'writeresp' 'empty_1153' <Predicate = true> <Delay = 2.43> <CoreInst = "m_axi">   --->   Core 55 'm_axi' <Latency = 6> <II = 1> <Delay = 1.00> <Adapter> <Opcode : 'read' 'write' 'readreq' 'writereq' 'writeresp'>

State 48 <SV = 45> <Delay = 2.43>
ST_48 : Operation 204 [26/68] (2.43ns)   --->   "%empty_1153 = writeresp i1 @_ssdm_op_WriteResp.m_axi.p1i512, i512 %result1_addr" [/localhdd/zyx/rodinia-hls/Benchmarks/hotspot/hotspot_5_coalescing/src/hotspot.cpp:78]   --->   Operation 204 'writeresp' 'empty_1153' <Predicate = true> <Delay = 2.43> <CoreInst = "m_axi">   --->   Core 55 'm_axi' <Latency = 6> <II = 1> <Delay = 1.00> <Adapter> <Opcode : 'read' 'write' 'readreq' 'writereq' 'writeresp'>

State 49 <SV = 46> <Delay = 2.43>
ST_49 : Operation 205 [25/68] (2.43ns)   --->   "%empty_1153 = writeresp i1 @_ssdm_op_WriteResp.m_axi.p1i512, i512 %result1_addr" [/localhdd/zyx/rodinia-hls/Benchmarks/hotspot/hotspot_5_coalescing/src/hotspot.cpp:78]   --->   Operation 205 'writeresp' 'empty_1153' <Predicate = true> <Delay = 2.43> <CoreInst = "m_axi">   --->   Core 55 'm_axi' <Latency = 6> <II = 1> <Delay = 1.00> <Adapter> <Opcode : 'read' 'write' 'readreq' 'writereq' 'writeresp'>

State 50 <SV = 47> <Delay = 2.43>
ST_50 : Operation 206 [24/68] (2.43ns)   --->   "%empty_1153 = writeresp i1 @_ssdm_op_WriteResp.m_axi.p1i512, i512 %result1_addr" [/localhdd/zyx/rodinia-hls/Benchmarks/hotspot/hotspot_5_coalescing/src/hotspot.cpp:78]   --->   Operation 206 'writeresp' 'empty_1153' <Predicate = true> <Delay = 2.43> <CoreInst = "m_axi">   --->   Core 55 'm_axi' <Latency = 6> <II = 1> <Delay = 1.00> <Adapter> <Opcode : 'read' 'write' 'readreq' 'writereq' 'writeresp'>

State 51 <SV = 48> <Delay = 2.43>
ST_51 : Operation 207 [23/68] (2.43ns)   --->   "%empty_1153 = writeresp i1 @_ssdm_op_WriteResp.m_axi.p1i512, i512 %result1_addr" [/localhdd/zyx/rodinia-hls/Benchmarks/hotspot/hotspot_5_coalescing/src/hotspot.cpp:78]   --->   Operation 207 'writeresp' 'empty_1153' <Predicate = true> <Delay = 2.43> <CoreInst = "m_axi">   --->   Core 55 'm_axi' <Latency = 6> <II = 1> <Delay = 1.00> <Adapter> <Opcode : 'read' 'write' 'readreq' 'writereq' 'writeresp'>

State 52 <SV = 49> <Delay = 2.43>
ST_52 : Operation 208 [22/68] (2.43ns)   --->   "%empty_1153 = writeresp i1 @_ssdm_op_WriteResp.m_axi.p1i512, i512 %result1_addr" [/localhdd/zyx/rodinia-hls/Benchmarks/hotspot/hotspot_5_coalescing/src/hotspot.cpp:78]   --->   Operation 208 'writeresp' 'empty_1153' <Predicate = true> <Delay = 2.43> <CoreInst = "m_axi">   --->   Core 55 'm_axi' <Latency = 6> <II = 1> <Delay = 1.00> <Adapter> <Opcode : 'read' 'write' 'readreq' 'writereq' 'writeresp'>

State 53 <SV = 50> <Delay = 2.43>
ST_53 : Operation 209 [21/68] (2.43ns)   --->   "%empty_1153 = writeresp i1 @_ssdm_op_WriteResp.m_axi.p1i512, i512 %result1_addr" [/localhdd/zyx/rodinia-hls/Benchmarks/hotspot/hotspot_5_coalescing/src/hotspot.cpp:78]   --->   Operation 209 'writeresp' 'empty_1153' <Predicate = true> <Delay = 2.43> <CoreInst = "m_axi">   --->   Core 55 'm_axi' <Latency = 6> <II = 1> <Delay = 1.00> <Adapter> <Opcode : 'read' 'write' 'readreq' 'writereq' 'writeresp'>

State 54 <SV = 51> <Delay = 2.43>
ST_54 : Operation 210 [20/68] (2.43ns)   --->   "%empty_1153 = writeresp i1 @_ssdm_op_WriteResp.m_axi.p1i512, i512 %result1_addr" [/localhdd/zyx/rodinia-hls/Benchmarks/hotspot/hotspot_5_coalescing/src/hotspot.cpp:78]   --->   Operation 210 'writeresp' 'empty_1153' <Predicate = true> <Delay = 2.43> <CoreInst = "m_axi">   --->   Core 55 'm_axi' <Latency = 6> <II = 1> <Delay = 1.00> <Adapter> <Opcode : 'read' 'write' 'readreq' 'writereq' 'writeresp'>

State 55 <SV = 52> <Delay = 2.43>
ST_55 : Operation 211 [19/68] (2.43ns)   --->   "%empty_1153 = writeresp i1 @_ssdm_op_WriteResp.m_axi.p1i512, i512 %result1_addr" [/localhdd/zyx/rodinia-hls/Benchmarks/hotspot/hotspot_5_coalescing/src/hotspot.cpp:78]   --->   Operation 211 'writeresp' 'empty_1153' <Predicate = true> <Delay = 2.43> <CoreInst = "m_axi">   --->   Core 55 'm_axi' <Latency = 6> <II = 1> <Delay = 1.00> <Adapter> <Opcode : 'read' 'write' 'readreq' 'writereq' 'writeresp'>

State 56 <SV = 53> <Delay = 2.43>
ST_56 : Operation 212 [18/68] (2.43ns)   --->   "%empty_1153 = writeresp i1 @_ssdm_op_WriteResp.m_axi.p1i512, i512 %result1_addr" [/localhdd/zyx/rodinia-hls/Benchmarks/hotspot/hotspot_5_coalescing/src/hotspot.cpp:78]   --->   Operation 212 'writeresp' 'empty_1153' <Predicate = true> <Delay = 2.43> <CoreInst = "m_axi">   --->   Core 55 'm_axi' <Latency = 6> <II = 1> <Delay = 1.00> <Adapter> <Opcode : 'read' 'write' 'readreq' 'writereq' 'writeresp'>

State 57 <SV = 54> <Delay = 2.43>
ST_57 : Operation 213 [17/68] (2.43ns)   --->   "%empty_1153 = writeresp i1 @_ssdm_op_WriteResp.m_axi.p1i512, i512 %result1_addr" [/localhdd/zyx/rodinia-hls/Benchmarks/hotspot/hotspot_5_coalescing/src/hotspot.cpp:78]   --->   Operation 213 'writeresp' 'empty_1153' <Predicate = true> <Delay = 2.43> <CoreInst = "m_axi">   --->   Core 55 'm_axi' <Latency = 6> <II = 1> <Delay = 1.00> <Adapter> <Opcode : 'read' 'write' 'readreq' 'writereq' 'writeresp'>

State 58 <SV = 55> <Delay = 2.43>
ST_58 : Operation 214 [16/68] (2.43ns)   --->   "%empty_1153 = writeresp i1 @_ssdm_op_WriteResp.m_axi.p1i512, i512 %result1_addr" [/localhdd/zyx/rodinia-hls/Benchmarks/hotspot/hotspot_5_coalescing/src/hotspot.cpp:78]   --->   Operation 214 'writeresp' 'empty_1153' <Predicate = true> <Delay = 2.43> <CoreInst = "m_axi">   --->   Core 55 'm_axi' <Latency = 6> <II = 1> <Delay = 1.00> <Adapter> <Opcode : 'read' 'write' 'readreq' 'writereq' 'writeresp'>

State 59 <SV = 56> <Delay = 2.43>
ST_59 : Operation 215 [15/68] (2.43ns)   --->   "%empty_1153 = writeresp i1 @_ssdm_op_WriteResp.m_axi.p1i512, i512 %result1_addr" [/localhdd/zyx/rodinia-hls/Benchmarks/hotspot/hotspot_5_coalescing/src/hotspot.cpp:78]   --->   Operation 215 'writeresp' 'empty_1153' <Predicate = true> <Delay = 2.43> <CoreInst = "m_axi">   --->   Core 55 'm_axi' <Latency = 6> <II = 1> <Delay = 1.00> <Adapter> <Opcode : 'read' 'write' 'readreq' 'writereq' 'writeresp'>

State 60 <SV = 57> <Delay = 2.43>
ST_60 : Operation 216 [14/68] (2.43ns)   --->   "%empty_1153 = writeresp i1 @_ssdm_op_WriteResp.m_axi.p1i512, i512 %result1_addr" [/localhdd/zyx/rodinia-hls/Benchmarks/hotspot/hotspot_5_coalescing/src/hotspot.cpp:78]   --->   Operation 216 'writeresp' 'empty_1153' <Predicate = true> <Delay = 2.43> <CoreInst = "m_axi">   --->   Core 55 'm_axi' <Latency = 6> <II = 1> <Delay = 1.00> <Adapter> <Opcode : 'read' 'write' 'readreq' 'writereq' 'writeresp'>

State 61 <SV = 58> <Delay = 2.43>
ST_61 : Operation 217 [13/68] (2.43ns)   --->   "%empty_1153 = writeresp i1 @_ssdm_op_WriteResp.m_axi.p1i512, i512 %result1_addr" [/localhdd/zyx/rodinia-hls/Benchmarks/hotspot/hotspot_5_coalescing/src/hotspot.cpp:78]   --->   Operation 217 'writeresp' 'empty_1153' <Predicate = true> <Delay = 2.43> <CoreInst = "m_axi">   --->   Core 55 'm_axi' <Latency = 6> <II = 1> <Delay = 1.00> <Adapter> <Opcode : 'read' 'write' 'readreq' 'writereq' 'writeresp'>

State 62 <SV = 59> <Delay = 2.43>
ST_62 : Operation 218 [12/68] (2.43ns)   --->   "%empty_1153 = writeresp i1 @_ssdm_op_WriteResp.m_axi.p1i512, i512 %result1_addr" [/localhdd/zyx/rodinia-hls/Benchmarks/hotspot/hotspot_5_coalescing/src/hotspot.cpp:78]   --->   Operation 218 'writeresp' 'empty_1153' <Predicate = true> <Delay = 2.43> <CoreInst = "m_axi">   --->   Core 55 'm_axi' <Latency = 6> <II = 1> <Delay = 1.00> <Adapter> <Opcode : 'read' 'write' 'readreq' 'writereq' 'writeresp'>

State 63 <SV = 60> <Delay = 2.43>
ST_63 : Operation 219 [11/68] (2.43ns)   --->   "%empty_1153 = writeresp i1 @_ssdm_op_WriteResp.m_axi.p1i512, i512 %result1_addr" [/localhdd/zyx/rodinia-hls/Benchmarks/hotspot/hotspot_5_coalescing/src/hotspot.cpp:78]   --->   Operation 219 'writeresp' 'empty_1153' <Predicate = true> <Delay = 2.43> <CoreInst = "m_axi">   --->   Core 55 'm_axi' <Latency = 6> <II = 1> <Delay = 1.00> <Adapter> <Opcode : 'read' 'write' 'readreq' 'writereq' 'writeresp'>

State 64 <SV = 61> <Delay = 2.43>
ST_64 : Operation 220 [10/68] (2.43ns)   --->   "%empty_1153 = writeresp i1 @_ssdm_op_WriteResp.m_axi.p1i512, i512 %result1_addr" [/localhdd/zyx/rodinia-hls/Benchmarks/hotspot/hotspot_5_coalescing/src/hotspot.cpp:78]   --->   Operation 220 'writeresp' 'empty_1153' <Predicate = true> <Delay = 2.43> <CoreInst = "m_axi">   --->   Core 55 'm_axi' <Latency = 6> <II = 1> <Delay = 1.00> <Adapter> <Opcode : 'read' 'write' 'readreq' 'writereq' 'writeresp'>

State 65 <SV = 62> <Delay = 2.43>
ST_65 : Operation 221 [9/68] (2.43ns)   --->   "%empty_1153 = writeresp i1 @_ssdm_op_WriteResp.m_axi.p1i512, i512 %result1_addr" [/localhdd/zyx/rodinia-hls/Benchmarks/hotspot/hotspot_5_coalescing/src/hotspot.cpp:78]   --->   Operation 221 'writeresp' 'empty_1153' <Predicate = true> <Delay = 2.43> <CoreInst = "m_axi">   --->   Core 55 'm_axi' <Latency = 6> <II = 1> <Delay = 1.00> <Adapter> <Opcode : 'read' 'write' 'readreq' 'writereq' 'writeresp'>

State 66 <SV = 63> <Delay = 2.43>
ST_66 : Operation 222 [8/68] (2.43ns)   --->   "%empty_1153 = writeresp i1 @_ssdm_op_WriteResp.m_axi.p1i512, i512 %result1_addr" [/localhdd/zyx/rodinia-hls/Benchmarks/hotspot/hotspot_5_coalescing/src/hotspot.cpp:78]   --->   Operation 222 'writeresp' 'empty_1153' <Predicate = true> <Delay = 2.43> <CoreInst = "m_axi">   --->   Core 55 'm_axi' <Latency = 6> <II = 1> <Delay = 1.00> <Adapter> <Opcode : 'read' 'write' 'readreq' 'writereq' 'writeresp'>

State 67 <SV = 64> <Delay = 2.43>
ST_67 : Operation 223 [7/68] (2.43ns)   --->   "%empty_1153 = writeresp i1 @_ssdm_op_WriteResp.m_axi.p1i512, i512 %result1_addr" [/localhdd/zyx/rodinia-hls/Benchmarks/hotspot/hotspot_5_coalescing/src/hotspot.cpp:78]   --->   Operation 223 'writeresp' 'empty_1153' <Predicate = true> <Delay = 2.43> <CoreInst = "m_axi">   --->   Core 55 'm_axi' <Latency = 6> <II = 1> <Delay = 1.00> <Adapter> <Opcode : 'read' 'write' 'readreq' 'writereq' 'writeresp'>

State 68 <SV = 65> <Delay = 2.43>
ST_68 : Operation 224 [6/68] (2.43ns)   --->   "%empty_1153 = writeresp i1 @_ssdm_op_WriteResp.m_axi.p1i512, i512 %result1_addr" [/localhdd/zyx/rodinia-hls/Benchmarks/hotspot/hotspot_5_coalescing/src/hotspot.cpp:78]   --->   Operation 224 'writeresp' 'empty_1153' <Predicate = true> <Delay = 2.43> <CoreInst = "m_axi">   --->   Core 55 'm_axi' <Latency = 6> <II = 1> <Delay = 1.00> <Adapter> <Opcode : 'read' 'write' 'readreq' 'writereq' 'writeresp'>

State 69 <SV = 66> <Delay = 2.43>
ST_69 : Operation 225 [5/68] (2.43ns)   --->   "%empty_1153 = writeresp i1 @_ssdm_op_WriteResp.m_axi.p1i512, i512 %result1_addr" [/localhdd/zyx/rodinia-hls/Benchmarks/hotspot/hotspot_5_coalescing/src/hotspot.cpp:78]   --->   Operation 225 'writeresp' 'empty_1153' <Predicate = true> <Delay = 2.43> <CoreInst = "m_axi">   --->   Core 55 'm_axi' <Latency = 6> <II = 1> <Delay = 1.00> <Adapter> <Opcode : 'read' 'write' 'readreq' 'writereq' 'writeresp'>

State 70 <SV = 67> <Delay = 2.43>
ST_70 : Operation 226 [4/68] (2.43ns)   --->   "%empty_1153 = writeresp i1 @_ssdm_op_WriteResp.m_axi.p1i512, i512 %result1_addr" [/localhdd/zyx/rodinia-hls/Benchmarks/hotspot/hotspot_5_coalescing/src/hotspot.cpp:78]   --->   Operation 226 'writeresp' 'empty_1153' <Predicate = true> <Delay = 2.43> <CoreInst = "m_axi">   --->   Core 55 'm_axi' <Latency = 6> <II = 1> <Delay = 1.00> <Adapter> <Opcode : 'read' 'write' 'readreq' 'writereq' 'writeresp'>

State 71 <SV = 68> <Delay = 2.43>
ST_71 : Operation 227 [3/68] (2.43ns)   --->   "%empty_1153 = writeresp i1 @_ssdm_op_WriteResp.m_axi.p1i512, i512 %result1_addr" [/localhdd/zyx/rodinia-hls/Benchmarks/hotspot/hotspot_5_coalescing/src/hotspot.cpp:78]   --->   Operation 227 'writeresp' 'empty_1153' <Predicate = true> <Delay = 2.43> <CoreInst = "m_axi">   --->   Core 55 'm_axi' <Latency = 6> <II = 1> <Delay = 1.00> <Adapter> <Opcode : 'read' 'write' 'readreq' 'writereq' 'writeresp'>

State 72 <SV = 69> <Delay = 2.43>
ST_72 : Operation 228 [2/68] (2.43ns)   --->   "%empty_1153 = writeresp i1 @_ssdm_op_WriteResp.m_axi.p1i512, i512 %result1_addr" [/localhdd/zyx/rodinia-hls/Benchmarks/hotspot/hotspot_5_coalescing/src/hotspot.cpp:78]   --->   Operation 228 'writeresp' 'empty_1153' <Predicate = true> <Delay = 2.43> <CoreInst = "m_axi">   --->   Core 55 'm_axi' <Latency = 6> <II = 1> <Delay = 1.00> <Adapter> <Opcode : 'read' 'write' 'readreq' 'writereq' 'writeresp'>

State 73 <SV = 70> <Delay = 2.43>
ST_73 : Operation 229 [1/68] (2.43ns)   --->   "%empty_1153 = writeresp i1 @_ssdm_op_WriteResp.m_axi.p1i512, i512 %result1_addr" [/localhdd/zyx/rodinia-hls/Benchmarks/hotspot/hotspot_5_coalescing/src/hotspot.cpp:78]   --->   Operation 229 'writeresp' 'empty_1153' <Predicate = (flag_read)> <Delay = 2.43> <CoreInst = "m_axi">   --->   Core 55 'm_axi' <Latency = 6> <II = 1> <Delay = 1.00> <Adapter> <Opcode : 'read' 'write' 'readreq' 'writereq' 'writeresp'>
ST_73 : Operation 230 [1/1] (0.00ns)   --->   "%br_ln78 = br void %_ZL27memcpy_wide_bus_write_floatP7ap_uintILi512EEPfmm.exit" [/localhdd/zyx/rodinia-hls/Benchmarks/hotspot/hotspot_5_coalescing/src/hotspot.cpp:78]   --->   Operation 230 'br' 'br_ln78' <Predicate = (flag_read)> <Delay = 0.00>
ST_73 : Operation 231 [1/1] (0.00ns)   --->   "%ret_ln78 = ret" [/localhdd/zyx/rodinia-hls/Benchmarks/hotspot/hotspot_5_coalescing/src/hotspot.cpp:78]   --->   Operation 231 'ret' 'ret_ln78' <Predicate = true> <Delay = 0.00>


============================================================
+ Verbose Summary: Timing violations
============================================================
Target clock period: 3.33ns, clock uncertainty: 0.9ns.

 <State 1>: 1.15ns
The critical path consists of the following:
	wire read on port 'result_dest' [21]  (0 ns)
	'add' operation ('empty') [29]  (1.15 ns)

 <State 2>: 2.43ns
The critical path consists of the following:
	'getelementptr' operation ('result1_addr', /localhdd/zyx/rodinia-hls/Benchmarks/hotspot/hotspot_5_coalescing/src/../../../common/mars_wide_bus.h:2095) [32]  (0 ns)
	bus request on port 'result1' (/localhdd/zyx/rodinia-hls/Benchmarks/hotspot/hotspot_5_coalescing/src/../../../common/mars_wide_bus.h:2095) [33]  (2.43 ns)

 <State 3>: 1.16ns
The critical path consists of the following:
	'phi' operation ('i') with incoming values : ('i', /localhdd/zyx/rodinia-hls/Benchmarks/hotspot/hotspot_5_coalescing/src/../../../common/mars_wide_bus.h:2095) [36]  (0 ns)
	'getelementptr' operation ('result_src_0_addr', /localhdd/zyx/rodinia-hls/Benchmarks/hotspot/hotspot_5_coalescing/src/../../../common/mars_wide_bus.h:2100) [45]  (0 ns)
	'load' operation ('result_src_0_load', /localhdd/zyx/rodinia-hls/Benchmarks/hotspot/hotspot_5_coalescing/src/../../../common/mars_wide_bus.h:2100) on array 'result_src_0' [46]  (1.16 ns)

 <State 4>: 1.16ns
The critical path consists of the following:
	'load' operation ('result_src_0_load', /localhdd/zyx/rodinia-hls/Benchmarks/hotspot/hotspot_5_coalescing/src/../../../common/mars_wide_bus.h:2100) on array 'result_src_0' [46]  (1.16 ns)

 <State 5>: 2.43ns
The critical path consists of the following:
	bus write on port 'result1' [94]  (2.43 ns)

 <State 6>: 2.43ns
The critical path consists of the following:
	bus access on port 'result1' (/localhdd/zyx/rodinia-hls/Benchmarks/hotspot/hotspot_5_coalescing/src/hotspot.cpp:78) [97]  (2.43 ns)

 <State 7>: 2.43ns
The critical path consists of the following:
	bus access on port 'result1' (/localhdd/zyx/rodinia-hls/Benchmarks/hotspot/hotspot_5_coalescing/src/hotspot.cpp:78) [97]  (2.43 ns)

 <State 8>: 2.43ns
The critical path consists of the following:
	bus access on port 'result1' (/localhdd/zyx/rodinia-hls/Benchmarks/hotspot/hotspot_5_coalescing/src/hotspot.cpp:78) [97]  (2.43 ns)

 <State 9>: 2.43ns
The critical path consists of the following:
	bus access on port 'result1' (/localhdd/zyx/rodinia-hls/Benchmarks/hotspot/hotspot_5_coalescing/src/hotspot.cpp:78) [97]  (2.43 ns)

 <State 10>: 2.43ns
The critical path consists of the following:
	bus access on port 'result1' (/localhdd/zyx/rodinia-hls/Benchmarks/hotspot/hotspot_5_coalescing/src/hotspot.cpp:78) [97]  (2.43 ns)

 <State 11>: 2.43ns
The critical path consists of the following:
	bus access on port 'result1' (/localhdd/zyx/rodinia-hls/Benchmarks/hotspot/hotspot_5_coalescing/src/hotspot.cpp:78) [97]  (2.43 ns)

 <State 12>: 2.43ns
The critical path consists of the following:
	bus access on port 'result1' (/localhdd/zyx/rodinia-hls/Benchmarks/hotspot/hotspot_5_coalescing/src/hotspot.cpp:78) [97]  (2.43 ns)

 <State 13>: 2.43ns
The critical path consists of the following:
	bus access on port 'result1' (/localhdd/zyx/rodinia-hls/Benchmarks/hotspot/hotspot_5_coalescing/src/hotspot.cpp:78) [97]  (2.43 ns)

 <State 14>: 2.43ns
The critical path consists of the following:
	bus access on port 'result1' (/localhdd/zyx/rodinia-hls/Benchmarks/hotspot/hotspot_5_coalescing/src/hotspot.cpp:78) [97]  (2.43 ns)

 <State 15>: 2.43ns
The critical path consists of the following:
	bus access on port 'result1' (/localhdd/zyx/rodinia-hls/Benchmarks/hotspot/hotspot_5_coalescing/src/hotspot.cpp:78) [97]  (2.43 ns)

 <State 16>: 2.43ns
The critical path consists of the following:
	bus access on port 'result1' (/localhdd/zyx/rodinia-hls/Benchmarks/hotspot/hotspot_5_coalescing/src/hotspot.cpp:78) [97]  (2.43 ns)

 <State 17>: 2.43ns
The critical path consists of the following:
	bus access on port 'result1' (/localhdd/zyx/rodinia-hls/Benchmarks/hotspot/hotspot_5_coalescing/src/hotspot.cpp:78) [97]  (2.43 ns)

 <State 18>: 2.43ns
The critical path consists of the following:
	bus access on port 'result1' (/localhdd/zyx/rodinia-hls/Benchmarks/hotspot/hotspot_5_coalescing/src/hotspot.cpp:78) [97]  (2.43 ns)

 <State 19>: 2.43ns
The critical path consists of the following:
	bus access on port 'result1' (/localhdd/zyx/rodinia-hls/Benchmarks/hotspot/hotspot_5_coalescing/src/hotspot.cpp:78) [97]  (2.43 ns)

 <State 20>: 2.43ns
The critical path consists of the following:
	bus access on port 'result1' (/localhdd/zyx/rodinia-hls/Benchmarks/hotspot/hotspot_5_coalescing/src/hotspot.cpp:78) [97]  (2.43 ns)

 <State 21>: 2.43ns
The critical path consists of the following:
	bus access on port 'result1' (/localhdd/zyx/rodinia-hls/Benchmarks/hotspot/hotspot_5_coalescing/src/hotspot.cpp:78) [97]  (2.43 ns)

 <State 22>: 2.43ns
The critical path consists of the following:
	bus access on port 'result1' (/localhdd/zyx/rodinia-hls/Benchmarks/hotspot/hotspot_5_coalescing/src/hotspot.cpp:78) [97]  (2.43 ns)

 <State 23>: 2.43ns
The critical path consists of the following:
	bus access on port 'result1' (/localhdd/zyx/rodinia-hls/Benchmarks/hotspot/hotspot_5_coalescing/src/hotspot.cpp:78) [97]  (2.43 ns)

 <State 24>: 2.43ns
The critical path consists of the following:
	bus access on port 'result1' (/localhdd/zyx/rodinia-hls/Benchmarks/hotspot/hotspot_5_coalescing/src/hotspot.cpp:78) [97]  (2.43 ns)

 <State 25>: 2.43ns
The critical path consists of the following:
	bus access on port 'result1' (/localhdd/zyx/rodinia-hls/Benchmarks/hotspot/hotspot_5_coalescing/src/hotspot.cpp:78) [97]  (2.43 ns)

 <State 26>: 2.43ns
The critical path consists of the following:
	bus access on port 'result1' (/localhdd/zyx/rodinia-hls/Benchmarks/hotspot/hotspot_5_coalescing/src/hotspot.cpp:78) [97]  (2.43 ns)

 <State 27>: 2.43ns
The critical path consists of the following:
	bus access on port 'result1' (/localhdd/zyx/rodinia-hls/Benchmarks/hotspot/hotspot_5_coalescing/src/hotspot.cpp:78) [97]  (2.43 ns)

 <State 28>: 2.43ns
The critical path consists of the following:
	bus access on port 'result1' (/localhdd/zyx/rodinia-hls/Benchmarks/hotspot/hotspot_5_coalescing/src/hotspot.cpp:78) [97]  (2.43 ns)

 <State 29>: 2.43ns
The critical path consists of the following:
	bus access on port 'result1' (/localhdd/zyx/rodinia-hls/Benchmarks/hotspot/hotspot_5_coalescing/src/hotspot.cpp:78) [97]  (2.43 ns)

 <State 30>: 2.43ns
The critical path consists of the following:
	bus access on port 'result1' (/localhdd/zyx/rodinia-hls/Benchmarks/hotspot/hotspot_5_coalescing/src/hotspot.cpp:78) [97]  (2.43 ns)

 <State 31>: 2.43ns
The critical path consists of the following:
	bus access on port 'result1' (/localhdd/zyx/rodinia-hls/Benchmarks/hotspot/hotspot_5_coalescing/src/hotspot.cpp:78) [97]  (2.43 ns)

 <State 32>: 2.43ns
The critical path consists of the following:
	bus access on port 'result1' (/localhdd/zyx/rodinia-hls/Benchmarks/hotspot/hotspot_5_coalescing/src/hotspot.cpp:78) [97]  (2.43 ns)

 <State 33>: 2.43ns
The critical path consists of the following:
	bus access on port 'result1' (/localhdd/zyx/rodinia-hls/Benchmarks/hotspot/hotspot_5_coalescing/src/hotspot.cpp:78) [97]  (2.43 ns)

 <State 34>: 2.43ns
The critical path consists of the following:
	bus access on port 'result1' (/localhdd/zyx/rodinia-hls/Benchmarks/hotspot/hotspot_5_coalescing/src/hotspot.cpp:78) [97]  (2.43 ns)

 <State 35>: 2.43ns
The critical path consists of the following:
	bus access on port 'result1' (/localhdd/zyx/rodinia-hls/Benchmarks/hotspot/hotspot_5_coalescing/src/hotspot.cpp:78) [97]  (2.43 ns)

 <State 36>: 2.43ns
The critical path consists of the following:
	bus access on port 'result1' (/localhdd/zyx/rodinia-hls/Benchmarks/hotspot/hotspot_5_coalescing/src/hotspot.cpp:78) [97]  (2.43 ns)

 <State 37>: 2.43ns
The critical path consists of the following:
	bus access on port 'result1' (/localhdd/zyx/rodinia-hls/Benchmarks/hotspot/hotspot_5_coalescing/src/hotspot.cpp:78) [97]  (2.43 ns)

 <State 38>: 2.43ns
The critical path consists of the following:
	bus access on port 'result1' (/localhdd/zyx/rodinia-hls/Benchmarks/hotspot/hotspot_5_coalescing/src/hotspot.cpp:78) [97]  (2.43 ns)

 <State 39>: 2.43ns
The critical path consists of the following:
	bus access on port 'result1' (/localhdd/zyx/rodinia-hls/Benchmarks/hotspot/hotspot_5_coalescing/src/hotspot.cpp:78) [97]  (2.43 ns)

 <State 40>: 2.43ns
The critical path consists of the following:
	bus access on port 'result1' (/localhdd/zyx/rodinia-hls/Benchmarks/hotspot/hotspot_5_coalescing/src/hotspot.cpp:78) [97]  (2.43 ns)

 <State 41>: 2.43ns
The critical path consists of the following:
	bus access on port 'result1' (/localhdd/zyx/rodinia-hls/Benchmarks/hotspot/hotspot_5_coalescing/src/hotspot.cpp:78) [97]  (2.43 ns)

 <State 42>: 2.43ns
The critical path consists of the following:
	bus access on port 'result1' (/localhdd/zyx/rodinia-hls/Benchmarks/hotspot/hotspot_5_coalescing/src/hotspot.cpp:78) [97]  (2.43 ns)

 <State 43>: 2.43ns
The critical path consists of the following:
	bus access on port 'result1' (/localhdd/zyx/rodinia-hls/Benchmarks/hotspot/hotspot_5_coalescing/src/hotspot.cpp:78) [97]  (2.43 ns)

 <State 44>: 2.43ns
The critical path consists of the following:
	bus access on port 'result1' (/localhdd/zyx/rodinia-hls/Benchmarks/hotspot/hotspot_5_coalescing/src/hotspot.cpp:78) [97]  (2.43 ns)

 <State 45>: 2.43ns
The critical path consists of the following:
	bus access on port 'result1' (/localhdd/zyx/rodinia-hls/Benchmarks/hotspot/hotspot_5_coalescing/src/hotspot.cpp:78) [97]  (2.43 ns)

 <State 46>: 2.43ns
The critical path consists of the following:
	bus access on port 'result1' (/localhdd/zyx/rodinia-hls/Benchmarks/hotspot/hotspot_5_coalescing/src/hotspot.cpp:78) [97]  (2.43 ns)

 <State 47>: 2.43ns
The critical path consists of the following:
	bus access on port 'result1' (/localhdd/zyx/rodinia-hls/Benchmarks/hotspot/hotspot_5_coalescing/src/hotspot.cpp:78) [97]  (2.43 ns)

 <State 48>: 2.43ns
The critical path consists of the following:
	bus access on port 'result1' (/localhdd/zyx/rodinia-hls/Benchmarks/hotspot/hotspot_5_coalescing/src/hotspot.cpp:78) [97]  (2.43 ns)

 <State 49>: 2.43ns
The critical path consists of the following:
	bus access on port 'result1' (/localhdd/zyx/rodinia-hls/Benchmarks/hotspot/hotspot_5_coalescing/src/hotspot.cpp:78) [97]  (2.43 ns)

 <State 50>: 2.43ns
The critical path consists of the following:
	bus access on port 'result1' (/localhdd/zyx/rodinia-hls/Benchmarks/hotspot/hotspot_5_coalescing/src/hotspot.cpp:78) [97]  (2.43 ns)

 <State 51>: 2.43ns
The critical path consists of the following:
	bus access on port 'result1' (/localhdd/zyx/rodinia-hls/Benchmarks/hotspot/hotspot_5_coalescing/src/hotspot.cpp:78) [97]  (2.43 ns)

 <State 52>: 2.43ns
The critical path consists of the following:
	bus access on port 'result1' (/localhdd/zyx/rodinia-hls/Benchmarks/hotspot/hotspot_5_coalescing/src/hotspot.cpp:78) [97]  (2.43 ns)

 <State 53>: 2.43ns
The critical path consists of the following:
	bus access on port 'result1' (/localhdd/zyx/rodinia-hls/Benchmarks/hotspot/hotspot_5_coalescing/src/hotspot.cpp:78) [97]  (2.43 ns)

 <State 54>: 2.43ns
The critical path consists of the following:
	bus access on port 'result1' (/localhdd/zyx/rodinia-hls/Benchmarks/hotspot/hotspot_5_coalescing/src/hotspot.cpp:78) [97]  (2.43 ns)

 <State 55>: 2.43ns
The critical path consists of the following:
	bus access on port 'result1' (/localhdd/zyx/rodinia-hls/Benchmarks/hotspot/hotspot_5_coalescing/src/hotspot.cpp:78) [97]  (2.43 ns)

 <State 56>: 2.43ns
The critical path consists of the following:
	bus access on port 'result1' (/localhdd/zyx/rodinia-hls/Benchmarks/hotspot/hotspot_5_coalescing/src/hotspot.cpp:78) [97]  (2.43 ns)

 <State 57>: 2.43ns
The critical path consists of the following:
	bus access on port 'result1' (/localhdd/zyx/rodinia-hls/Benchmarks/hotspot/hotspot_5_coalescing/src/hotspot.cpp:78) [97]  (2.43 ns)

 <State 58>: 2.43ns
The critical path consists of the following:
	bus access on port 'result1' (/localhdd/zyx/rodinia-hls/Benchmarks/hotspot/hotspot_5_coalescing/src/hotspot.cpp:78) [97]  (2.43 ns)

 <State 59>: 2.43ns
The critical path consists of the following:
	bus access on port 'result1' (/localhdd/zyx/rodinia-hls/Benchmarks/hotspot/hotspot_5_coalescing/src/hotspot.cpp:78) [97]  (2.43 ns)

 <State 60>: 2.43ns
The critical path consists of the following:
	bus access on port 'result1' (/localhdd/zyx/rodinia-hls/Benchmarks/hotspot/hotspot_5_coalescing/src/hotspot.cpp:78) [97]  (2.43 ns)

 <State 61>: 2.43ns
The critical path consists of the following:
	bus access on port 'result1' (/localhdd/zyx/rodinia-hls/Benchmarks/hotspot/hotspot_5_coalescing/src/hotspot.cpp:78) [97]  (2.43 ns)

 <State 62>: 2.43ns
The critical path consists of the following:
	bus access on port 'result1' (/localhdd/zyx/rodinia-hls/Benchmarks/hotspot/hotspot_5_coalescing/src/hotspot.cpp:78) [97]  (2.43 ns)

 <State 63>: 2.43ns
The critical path consists of the following:
	bus access on port 'result1' (/localhdd/zyx/rodinia-hls/Benchmarks/hotspot/hotspot_5_coalescing/src/hotspot.cpp:78) [97]  (2.43 ns)

 <State 64>: 2.43ns
The critical path consists of the following:
	bus access on port 'result1' (/localhdd/zyx/rodinia-hls/Benchmarks/hotspot/hotspot_5_coalescing/src/hotspot.cpp:78) [97]  (2.43 ns)

 <State 65>: 2.43ns
The critical path consists of the following:
	bus access on port 'result1' (/localhdd/zyx/rodinia-hls/Benchmarks/hotspot/hotspot_5_coalescing/src/hotspot.cpp:78) [97]  (2.43 ns)

 <State 66>: 2.43ns
The critical path consists of the following:
	bus access on port 'result1' (/localhdd/zyx/rodinia-hls/Benchmarks/hotspot/hotspot_5_coalescing/src/hotspot.cpp:78) [97]  (2.43 ns)

 <State 67>: 2.43ns
The critical path consists of the following:
	bus access on port 'result1' (/localhdd/zyx/rodinia-hls/Benchmarks/hotspot/hotspot_5_coalescing/src/hotspot.cpp:78) [97]  (2.43 ns)

 <State 68>: 2.43ns
The critical path consists of the following:
	bus access on port 'result1' (/localhdd/zyx/rodinia-hls/Benchmarks/hotspot/hotspot_5_coalescing/src/hotspot.cpp:78) [97]  (2.43 ns)

 <State 69>: 2.43ns
The critical path consists of the following:
	bus access on port 'result1' (/localhdd/zyx/rodinia-hls/Benchmarks/hotspot/hotspot_5_coalescing/src/hotspot.cpp:78) [97]  (2.43 ns)

 <State 70>: 2.43ns
The critical path consists of the following:
	bus access on port 'result1' (/localhdd/zyx/rodinia-hls/Benchmarks/hotspot/hotspot_5_coalescing/src/hotspot.cpp:78) [97]  (2.43 ns)

 <State 71>: 2.43ns
The critical path consists of the following:
	bus access on port 'result1' (/localhdd/zyx/rodinia-hls/Benchmarks/hotspot/hotspot_5_coalescing/src/hotspot.cpp:78) [97]  (2.43 ns)

 <State 72>: 2.43ns
The critical path consists of the following:
	bus access on port 'result1' (/localhdd/zyx/rodinia-hls/Benchmarks/hotspot/hotspot_5_coalescing/src/hotspot.cpp:78) [97]  (2.43 ns)

 <State 73>: 2.43ns
The critical path consists of the following:
	bus access on port 'result1' (/localhdd/zyx/rodinia-hls/Benchmarks/hotspot/hotspot_5_coalescing/src/hotspot.cpp:78) [97]  (2.43 ns)


============================================================
+ Verbose Summary: Binding
============================================================
N/A
* FSMD analyzer results:
  - Output states:
 - Input state : 
  - Chain level:
	State 1
	State 2
	State 3
	State 4
	State 5
	State 6
	State 7
	State 8
	State 9
	State 10
	State 11
	State 12
	State 13
	State 14
	State 15
	State 16
	State 17
	State 18
	State 19
	State 20
	State 21
	State 22
	State 23
	State 24
	State 25
	State 26
	State 27
	State 28
	State 29
	State 30
	State 31
	State 32
	State 33
	State 34
	State 35
	State 36
	State 37
	State 38
	State 39
	State 40
	State 41
	State 42
	State 43
	State 44
	State 45
	State 46
	State 47
	State 48
	State 49
	State 50
	State 51
	State 52
	State 53
	State 54
	State 55
	State 56
	State 57
	State 58
	State 59
	State 60
	State 61
	State 62
	State 63
	State 64
	State 65
	State 66
	State 67
	State 68
	State 69
	State 70
	State 71
	State 72
	State 73


============================================================
+ Verbose Summary: Datapath Resource usage 
============================================================
N/A
